
Showing logs for build [32mentando-k8s-entando-k8s-custom-qszjq-2[0m stage [32mfrom-build-pack[0m and container [32mcredential-initializer[0m
{"level":"info","ts":1639779261.7793305,"caller":"creds-init/main.go:44","msg":"Credentials initialized."}

Showing logs for build [32mentando-k8s-entando-k8s-custom-qszjq-2[0m stage [32mfrom-build-pack[0m and container [32mworking-dir-initializer[0m

Showing logs for build [32mentando-k8s-entando-k8s-custom-qszjq-2[0m stage [32mfrom-build-pack[0m and container [32mplace-tools[0m

Showing logs for build [32mentando-k8s-entando-k8s-custom-qszjq-2[0m stage [32mfrom-build-pack[0m and container [32mstep-git-source-entando-k8s-entando-k8s-custom-qszjq-b9zkw[0m
{"level":"info","ts":1639779392.8244717,"caller":"git/git.go:105","msg":"Successfully cloned https://github.com/entando-k8s/entando-k8s-custom-model.git @ master in path /workspace/source"}
{"level":"warn","ts":1639779392.824725,"caller":"git/git.go:152","msg":"Unexpected error: creating symlink: symlink /tekton/home/.ssh /****/.ssh: file exists"}
{"level":"info","ts":1639779392.8976922,"caller":"git/git.go:133","msg":"Successfully initialized and updated submodules in path /workspace/source"}

Showing logs for build [32mentando-k8s-entando-k8s-custom-qszjq-2[0m stage [32mfrom-build-pack[0m and container [32mstep-setup-builder-home[0m

Showing logs for build [32mentando-k8s-entando-k8s-custom-qszjq-2[0m stage [32mfrom-build-pack[0m and container [32mstep-git-merge[0m
Using SHAs from PULL_REFS=master:2629adb16cf77f430006ae1aafcfa557f3c28d65,46:1392daf360224602f4e5e0ef44472d21415602cf
DEBUG: LC_ALL=C JX_LOG_LEVEL=error git fetch origin --unshallow 1392daf360224602f4e5e0ef44472d21415602cf: 2629adb16cf77f430006ae1aafcfa557f3c28d65:
DEBUG: ran git fetch --unshallow origin 1392daf360224602f4e5e0ef44472d21415602cf: 2629adb16cf77f430006ae1aafcfa557f3c28d65: in 
DEBUG: LC_ALL=C JX_LOG_LEVEL=error git branch
DEBUG: LC_ALL=C JX_LOG_LEVEL=error git checkout master
DEBUG: ran git checkout master in 
DEBUG: LC_ALL=C JX_LOG_LEVEL=error git reset --hard 2629adb16cf77f430006ae1aafcfa557f3c28d65
DEBUG: ran git reset --hard 2629adb16cf77f430006ae1aafcfa557f3c28d65 in 
DEBUG: LC_ALL=C JX_LOG_LEVEL=error git clean -fd .
DEBUG: ran clean --force -d . in 
DEBUG: LC_ALL=C JX_LOG_LEVEL=error git merge 1392daf360224602f4e5e0ef44472d21415602cf
DEBUG: ran git merge 1392daf360224602f4e5e0ef44472d21415602cf in 
DEBUG: JX_LOG_LEVEL=error LC_ALL=C git log --format=%H%x1f%an%x1f%ae%x1f%cn%x1f%ce%x1f%s%n%b%x1e 2629adb16cf77f430006ae1aafcfa557f3c28d65..HEAD
Merged SHA 1392daf360224602f4e5e0ef44472d21415602cf with commit message 'ENG-3060 Updating pom license' into base branch master
Merged SHA 51f49f28d609b94a140dc0db9a8107ffea1f3198 with commit message 'ENG-3007 Updating parent version' into base branch master

Showing logs for build [32mentando-k8s-entando-k8s-custom-qszjq-2[0m stage [32mfrom-build-pack[0m and container [32mstep-build-set-version[0m
Picked up _JAVA_OPTIONS: -XX:+UnlockExperimentalVMOptions -Dsun.zip.disableMemoryMapping=**** -XX:+UseParallelGC -XX:MinHeapFreeRatio=5 -XX:MaxHeapFreeRatio=10 -XX:GCTimeRatio=4 -XX:AdaptiveSizePolicyWeight=90 -Xms10m -Xmx8000m
[INFO] Scanning for projects...
[WARNING] 
[WARNING] Some problems were encountered while building the effective model for org.entando:entando-k8s-custom-model:jar:7.0.0-SNAPSHOT
[WARNING] 'dependencies.dependency.scope' for com.fasterxml.jackson:jackson-bom:pom must be one of [provided, compile, runtime, test, ******] but is 'import'. @ org.entando:entando-quarkus-parent:7.0.3, /home/jenkins/.mvnrepository/org/entando/entando-quarkus-parent/7.0.3/entando-quarkus-parent-7.0.3.pom, line 403, column 20
[WARNING] 'dependencies.dependency.scope' for org.jboss.resteasy:resteasy-bom:pom must be one of [provided, compile, runtime, test, ******] but is 'import'. @ org.entando:entando-quarkus-parent:7.0.3, /home/jenkins/.mvnrepository/org/entando/entando-quarkus-parent/7.0.3/entando-quarkus-parent-7.0.3.pom, line 410, column 20
[WARNING] 'dependencies.dependency.scope' for org.junit:junit-bom:pom must be one of [provided, compile, runtime, test, ******] but is 'import'. @ org.entando:entando-quarkus-parent:7.0.3, /home/jenkins/.mvnrepository/org/entando/entando-quarkus-parent/7.0.3/entando-quarkus-parent-7.0.3.pom, line 417, column 20
[WARNING] 'dependencies.dependency.scope' for io.quarkus:quarkus-bom:pom must be one of [provided, compile, runtime, test, ******] but is 'import'. @ org.entando:entando-quarkus-parent:7.0.3, /home/jenkins/.mvnrepository/org/entando/entando-quarkus-parent/7.0.3/entando-quarkus-parent-7.0.3.pom, line 424, column 20
[WARNING] 
[WARNING] It is highly recommended to fix these problems because they threaten the stability of your build.
[WARNING] 
[WARNING] For this reason, future Maven versions might no longer support building such malformed projects.
[WARNING] 
[INFO] 
[INFO] ----------------< org.entando:entando-k8s-custom-model >----------------
[INFO] Building Entando Kubernetes Custom Model 7.0.0-SNAPSHOT
[INFO] --------------------------------[ jar ]---------------------------------
[INFO] 
[INFO] --- versions-maven-plugin:2.8.1:set (default-cli) @ entando-k8s-custom-model ---
[INFO] Local aggregation ****: /workspace/source
[INFO] Processing change of org.entando:entando-k8s-custom-model:7.0.0-SNAPSHOT -> 0.0.0-SNAPSHOT-PR-46-2
[INFO] Processing org.entando:entando-k8s-custom-model
[INFO]     Updating project org.entando:entando-k8s-custom-model
[INFO]         from version 7.0.0-SNAPSHOT to 0.0.0-SNAPSHOT-PR-46-2
[INFO] 
[INFO] ------------------------------------------------------------------------
[INFO] BUILD SUCCESS
[INFO] ------------------------------------------------------------------------
[INFO] Total time:  16.726 s
[INFO] Finished at: 2021-12-17T22:16:54Z
[INFO] ------------------------------------------------------------------------

Showing logs for build [32mentando-k8s-entando-k8s-custom-qszjq-2[0m stage [32mfrom-build-pack[0m and container [32mstep-build-fix-git-for-sonar[0m
Switched to a new branch 'PR-46'
M	pom.xml
Deleted branch master (was 1392daf).
From https://github.com/entando-k8s/entando-k8s-custom-model
 * [new branch]      master     -> master

Showing logs for build [32mentando-k8s-entando-k8s-custom-qszjq-2[0m stage [32mfrom-build-pack[0m and container [32mstep-build-mvn-verify-pr[0m
Picked up _JAVA_OPTIONS: -XX:+UnlockExperimentalVMOptions -Dsun.zip.disableMemoryMapping=**** -XX:+UseParallelGC -XX:MinHeapFreeRatio=5 -XX:MaxHeapFreeRatio=10 -XX:GCTimeRatio=4 -XX:AdaptiveSizePolicyWeight=90 -Xms10m -Xmx8000m
[INFO] Scanning for projects...
[WARNING] 
[WARNING] Some problems were encountered while building the effective model for org.entando:entando-k8s-custom-model:jar:0.0.0-SNAPSHOT-PR-46-2
[WARNING] 'dependencies.dependency.scope' for com.fasterxml.jackson:jackson-bom:pom must be one of [provided, compile, runtime, test, ******] but is 'import'. @ org.entando:entando-quarkus-parent:7.0.3, /home/jenkins/.mvnrepository/org/entando/entando-quarkus-parent/7.0.3/entando-quarkus-parent-7.0.3.pom, line 403, column 20
[WARNING] 'dependencies.dependency.scope' for org.jboss.resteasy:resteasy-bom:pom must be one of [provided, compile, runtime, test, ******] but is 'import'. @ org.entando:entando-quarkus-parent:7.0.3, /home/jenkins/.mvnrepository/org/entando/entando-quarkus-parent/7.0.3/entando-quarkus-parent-7.0.3.pom, line 410, column 20
[WARNING] 'dependencies.dependency.scope' for org.junit:junit-bom:pom must be one of [provided, compile, runtime, test, ******] but is 'import'. @ org.entando:entando-quarkus-parent:7.0.3, /home/jenkins/.mvnrepository/org/entando/entando-quarkus-parent/7.0.3/entando-quarkus-parent-7.0.3.pom, line 417, column 20
[WARNING] 'dependencies.dependency.scope' for io.quarkus:quarkus-bom:pom must be one of [provided, compile, runtime, test, ******] but is 'import'. @ org.entando:entando-quarkus-parent:7.0.3, /home/jenkins/.mvnrepository/org/entando/entando-quarkus-parent/7.0.3/entando-quarkus-parent-7.0.3.pom, line 424, column 20
[WARNING] 
[WARNING] It is highly recommended to fix these problems because they threaten the stability of your build.
[WARNING] 
[WARNING] For this reason, future Maven versions might no longer support building such malformed projects.
[WARNING] 
[INFO] 
[INFO] ----------------< org.entando:entando-k8s-custom-model >----------------
[INFO] Building Entando Kubernetes Custom Model 0.0.0-SNAPSHOT-PR-46-2
[INFO] --------------------------------[ jar ]---------------------------------
[INFO] 
[INFO] --- maven-checkstyle-plugin:3.1.1:check (validate) @ entando-k8s-custom-model ---
[INFO] Starting audit...
Audit done.
[INFO] You have 0 Checkstyle violations.
[INFO] 
[INFO] --- maven-checkstyle-plugin:3.1.1:checkstyle (validate) @ entando-k8s-custom-model ---
[INFO] Starting audit...
Audit done.
[INFO] 
[INFO] --- jacoco-maven-plugin:0.8.7:prepare-agent (prepare-agent) @ entando-k8s-custom-model ---
[INFO] argLine set to -javaagent:/home/jenkins/.mvnrepository/org/jacoco/org.jacoco.agent/0.8.7/org.jacoco.agent-0.8.7-runtime.jar=destfile=/workspace/source/target/jacoco.e**c
[INFO] 
[INFO] --- maven-resources-plugin:2.6:resources (default-resources) @ entando-k8s-custom-model ---
[INFO] Using 'UTF-8' encoding to copy filtered resources.
[INFO] Copying 18 resources
[INFO] 
[INFO] --- maven-compiler-plugin:3.8.1:compile (default-compile) @ entando-k8s-custom-model ---
[INFO] Changes detected - recompiling the module!
[INFO] Compiling 108 source files to /workspace/source/target/classes
[INFO] 
[INFO] --- maven-resources-plugin:2.6:testResources (default-testResources) @ entando-k8s-custom-model ---
[INFO] Using 'UTF-8' encoding to copy filtered resources.
[INFO] Copying 3 resources
[INFO] 
[INFO] --- maven-compiler-plugin:3.8.1:testCompile (default-testCompile) @ entando-k8s-custom-model ---
[INFO] Changes detected - recompiling the module!
[INFO] Compiling 30 source files to /workspace/source/target/test-classes
[INFO] 
[INFO] --- maven-surefire-plugin:3.0.0-M1:test (default-test) @ entando-k8s-custom-model ---
[INFO] 
[INFO] -------------------------------------------------------
[INFO]  T E S T S
[INFO] -------------------------------------------------------
[INFO] Running org.entando.kubernetes.model.inprocesstest.EntandoCustomResourceStatusTest
[INFO] Tests run: 1, Failures: 0, Errors: 0, Skipped: 0, Time elapsed: 2.991 s - in org.entando.kubernetes.model.inprocesstest.EntandoCustomResourceStatusTest
[INFO] Running org.entando.kubernetes.model.inprocesstest.EntandoPluginMockedTest
Dec 17, 2021 10:17:57 PM okhttp3.mockwebserver.MockWebServer$2 e**cute
INFO: MockWebServer[37813] starting to accept connections
Dec 17, 2021 10:17:57 PM okhttp3.mockwebserver.MockWebServer$3 processOneRequest
INFO: MockWebServer[37813] received request: GET /api/v1/namespaces/entando-k8s-custom-model-cupr46 HTTP/1.1 and responded: HTTP/1.1 404 Client Error
Dec 17, 2021 10:17:58 PM okhttp3.mockwebserver.MockWebServer$3 processOneRequest
INFO: MockWebServer[37813] received request: POST /api/v1/namespaces HTTP/1.1 and responded: HTTP/1.1 200 OK
Dec 17, 2021 10:17:58 PM okhttp3.mockwebserver.MockWebServer$3 processOneRequest
INFO: MockWebServer[37813] received request: POST /apis/entando.org/v1/namespaces/entando-k8s-custom-model-cupr46/entandoplugins HTTP/1.1 and responded: HTTP/1.1 200 OK
Dec 17, 2021 10:17:58 PM okhttp3.mockwebserver.MockWebServer$3 processOneRequest
INFO: MockWebServer[37813] received request: GET /apis/entando.org/v1/namespaces/entando-k8s-custom-model-cupr46/entandoplugins/my-plugin HTTP/1.1 and responded: HTTP/1.1 200 OK
Dec 17, 2021 10:17:58 PM okhttp3.mockwebserver.MockWebServer$3 processOneRequest
INFO: MockWebServer[37813] received request: PATCH /apis/entando.org/v1/namespaces/entando-k8s-custom-model-cupr46/entandoplugins/my-plugin HTTP/1.1 and responded: HTTP/1.1 202 OK
Dec 17, 2021 10:17:58 PM okhttp3.mockwebserver.MockWebServer$3 processOneRequest
INFO: MockWebServer[37813] received request: PUT /apis/entando.org/v1/namespaces/entando-k8s-custom-model-cupr46/entandoplugins/my-plugin/status HTTP/1.1 and responded: HTTP/1.1 200 OK
Dec 17, 2021 10:17:58 PM okhttp3.mockwebserver.MockWebServer$2 acceptConnections
INFO: MockWebServer[37813] done accepting connections: Socket closed
Dec 17, 2021 10:17:58 PM okhttp3.mockwebserver.MockWebServer$2 e**cute
INFO: MockWebServer[33294] starting to accept connections
Dec 17, 2021 10:17:58 PM okhttp3.mockwebserver.MockWebServer$3 processOneRequest
INFO: MockWebServer[33294] received request: GET /api/v1/namespaces/entando-k8s-custom-model-cupr46 HTTP/1.1 and responded: HTTP/1.1 404 Client Error
Dec 17, 2021 10:17:58 PM okhttp3.mockwebserver.MockWebServer$3 processOneRequest
INFO: MockWebServer[33294] received request: POST /api/v1/namespaces HTTP/1.1 and responded: HTTP/1.1 200 OK
Dec 17, 2021 10:17:58 PM okhttp3.mockwebserver.MockWebServer$3 processOneRequest
INFO: MockWebServer[33294] received request: POST /apis/entando.org/v1/namespaces/entando-k8s-custom-model-cupr46/entandoplugins HTTP/1.1 and responded: HTTP/1.1 200 OK
Dec 17, 2021 10:17:58 PM okhttp3.mockwebserver.MockWebServer$3 processOneRequest
INFO: MockWebServer[33294] received request: GET /apis/entando.org/v1/namespaces/entando-k8s-custom-model-cupr46/entandoplugins/my-plugin HTTP/1.1 and responded: HTTP/1.1 200 OK
Dec 17, 2021 10:17:58 PM okhttp3.mockwebserver.MockWebServer$2 acceptConnections
INFO: MockWebServer[33294] done accepting connections: Socket closed
Dec 17, 2021 10:17:58 PM okhttp3.mockwebserver.MockWebServer$2 e**cute
INFO: MockWebServer[43249] starting to accept connections
Dec 17, 2021 10:17:58 PM okhttp3.mockwebserver.MockWebServer$3 processOneRequest
INFO: MockWebServer[43249] received request: GET /api/v1/namespaces/entando-k8s-custom-model-cupr46 HTTP/1.1 and responded: HTTP/1.1 404 Client Error
Dec 17, 2021 10:17:58 PM okhttp3.mockwebserver.MockWebServer$3 processOneRequest
INFO: MockWebServer[43249] received request: POST /api/v1/namespaces HTTP/1.1 and responded: HTTP/1.1 200 OK
Dec 17, 2021 10:17:58 PM okhttp3.mockwebserver.MockWebServer$2 acceptConnections
INFO: MockWebServer[43249] done accepting connections: Socket closed
[INFO] Tests run: 3, Failures: 0, Errors: 0, Skipped: 0, Time elapsed: 1.761 s - in org.entando.kubernetes.model.inprocesstest.EntandoPluginMockedTest
[INFO] Running org.entando.kubernetes.model.inprocesstest.ProvidedCapabilityMockedTest
Dec 17, 2021 10:17:58 PM okhttp3.mockwebserver.MockWebServer$2 e**cute
INFO: MockWebServer[35650] starting to accept connections
Dec 17, 2021 10:17:58 PM okhttp3.mockwebserver.MockWebServer$3 processOneRequest
INFO: MockWebServer[35650] received request: GET /api/v1/namespaces/entando-k8s-custom-model-cupr46 HTTP/1.1 and responded: HTTP/1.1 404 Client Error
Dec 17, 2021 10:17:58 PM okhttp3.mockwebserver.MockWebServer$3 processOneRequest
INFO: MockWebServer[35650] received request: POST /api/v1/namespaces HTTP/1.1 and responded: HTTP/1.1 200 OK
Dec 17, 2021 10:17:59 PM okhttp3.mockwebserver.MockWebServer$3 processOneRequest
INFO: MockWebServer[35650] received request: POST /apis/entando.org/v1/namespaces/entando-k8s-custom-model-cupr46/providedcapabilities HTTP/1.1 and responded: HTTP/1.1 200 OK
Dec 17, 2021 10:17:59 PM okhttp3.mockwebserver.MockWebServer$3 processOneRequest
INFO: MockWebServer[35650] received request: GET /apis/entando.org/v1/namespaces/entando-k8s-custom-model-cupr46/providedcapabilities/my-capability HTTP/1.1 and responded: HTTP/1.1 200 OK
Dec 17, 2021 10:17:59 PM okhttp3.mockwebserver.MockWebServer$3 processOneRequest
INFO: MockWebServer[35650] received request: GET /apis/entando.org/v1/namespaces/entando-k8s-custom-model-cupr46/providedcapabilities/my-capability HTTP/1.1 and responded: HTTP/1.1 200 OK
Dec 17, 2021 10:17:59 PM okhttp3.mockwebserver.MockWebServer$3 processOneRequest
INFO: MockWebServer[35650] received request: PATCH /apis/entando.org/v1/namespaces/entando-k8s-custom-model-cupr46/providedcapabilities/my-capability HTTP/1.1 and responded: HTTP/1.1 202 OK
Dec 17, 2021 10:17:59 PM okhttp3.mockwebserver.MockWebServer$2 acceptConnections
INFO: MockWebServer[35650] done accepting connections: Socket closed
Dec 17, 2021 10:17:59 PM okhttp3.mockwebserver.MockWebServer$2 e**cute
INFO: MockWebServer[53651] starting to accept connections
Dec 17, 2021 10:17:59 PM okhttp3.mockwebserver.MockWebServer$3 processOneRequest
INFO: MockWebServer[53651] received request: GET /api/v1/namespaces/entando-k8s-custom-model-cupr46 HTTP/1.1 and responded: HTTP/1.1 404 Client Error
Dec 17, 2021 10:17:59 PM okhttp3.mockwebserver.MockWebServer$3 processOneRequest
INFO: MockWebServer[53651] received request: POST /api/v1/namespaces HTTP/1.1 and responded: HTTP/1.1 200 OK
Dec 17, 2021 10:17:59 PM okhttp3.mockwebserver.MockWebServer$3 processOneRequest
INFO: MockWebServer[53651] received request: POST /apis/entando.org/v1/namespaces/entando-k8s-custom-model-cupr46/providedcapabilities HTTP/1.1 and responded: HTTP/1.1 200 OK
Dec 17, 2021 10:17:59 PM okhttp3.mockwebserver.MockWebServer$3 processOneRequest
INFO: MockWebServer[53651] received request: GET /apis/entando.org/v1/namespaces/entando-k8s-custom-model-cupr46/providedcapabilities/my-capability HTTP/1.1 and responded: HTTP/1.1 200 OK
Dec 17, 2021 10:17:59 PM okhttp3.mockwebserver.MockWebServer$2 acceptConnections
INFO: MockWebServer[53651] done accepting connections: Socket closed
Dec 17, 2021 10:17:59 PM okhttp3.mockwebserver.MockWebServer$2 e**cute
INFO: MockWebServer[39405] starting to accept connections
[INFO] Tests run: 2, Failures: 0, Errors: 0, Skipped: 0, Time elapsed: 0.654 s - in org.entando.kubernetes.model.inprocesstest.ProvidedCapabilityMockedTest
[INFO] Running org.entando.kubernetes.model.inprocesstest.EntandoKeycloakServerMockedTest
Dec 17, 2021 10:17:59 PM okhttp3.mockwebserver.MockWebServer$3 processOneRequest
INFO: MockWebServer[39405] received request: GET /api/v1/namespaces/entando-k8s-custom-model-cupr46 HTTP/1.1 and responded: HTTP/1.1 404 Client Error
Dec 17, 2021 10:17:59 PM okhttp3.mockwebserver.MockWebServer$3 processOneRequest
INFO: MockWebServer[39405] received request: POST /api/v1/namespaces HTTP/1.1 and responded: HTTP/1.1 200 OK
Dec 17, 2021 10:17:59 PM okhttp3.mockwebserver.MockWebServer$3 processOneRequest
INFO: MockWebServer[39405] received request: POST /apis/entando.org/v1/namespaces/entando-k8s-custom-model-cupr46/entandokeycloakservers HTTP/1.1 and responded: HTTP/1.1 200 OK
Dec 17, 2021 10:17:59 PM okhttp3.mockwebserver.MockWebServer$3 processOneRequest
INFO: MockWebServer[39405] received request: GET /apis/entando.org/v1/namespaces/entando-k8s-custom-model-cupr46/entandokeycloakservers/my-keycloak HTTP/1.1 and responded: HTTP/1.1 200 OK
Dec 17, 2021 10:17:59 PM okhttp3.mockwebserver.MockWebServer$2 acceptConnections
INFO: MockWebServer[39405] done accepting connections: Socket closed
Dec 17, 2021 10:17:59 PM okhttp3.mockwebserver.MockWebServer$2 e**cute
INFO: MockWebServer[47451] starting to accept connections
Dec 17, 2021 10:17:59 PM okhttp3.mockwebserver.MockWebServer$3 processOneRequest
INFO: MockWebServer[47451] received request: GET /api/v1/namespaces/entando-k8s-custom-model-cupr46 HTTP/1.1 and responded: HTTP/1.1 404 Client Error
Dec 17, 2021 10:17:59 PM okhttp3.mockwebserver.MockWebServer$3 processOneRequest
INFO: MockWebServer[47451] received request: POST /api/v1/namespaces HTTP/1.1 and responded: HTTP/1.1 200 OK
Dec 17, 2021 10:17:59 PM okhttp3.mockwebserver.MockWebServer$3 processOneRequest
INFO: MockWebServer[47451] received request: POST /apis/entando.org/v1/namespaces/entando-k8s-custom-model-cupr46/entandokeycloakservers HTTP/1.1 and responded: HTTP/1.1 200 OK
Dec 17, 2021 10:17:59 PM okhttp3.mockwebserver.MockWebServer$3 processOneRequest
INFO: MockWebServer[47451] received request: GET /apis/entando.org/v1/namespaces/entando-k8s-custom-model-cupr46/entandokeycloakservers/my-keycloak HTTP/1.1 and responded: HTTP/1.1 200 OK
Dec 17, 2021 10:17:59 PM okhttp3.mockwebserver.MockWebServer$3 processOneRequest
INFO: MockWebServer[47451] received request: PATCH /apis/entando.org/v1/namespaces/entando-k8s-custom-model-cupr46/entandokeycloakservers/my-keycloak HTTP/1.1 and responded: HTTP/1.1 202 OK
Dec 17, 2021 10:17:59 PM okhttp3.mockwebserver.MockWebServer$3 processOneRequest
INFO: MockWebServer[47451] received request: PUT /apis/entando.org/v1/namespaces/entando-k8s-custom-model-cupr46/entandokeycloakservers/my-keycloak/status HTTP/1.1 and responded: HTTP/1.1 200 OK
Dec 17, 2021 10:17:59 PM okhttp3.mockwebserver.MockWebServer$2 acceptConnections
INFO: MockWebServer[47451] done accepting connections: Socket closed
Dec 17, 2021 10:17:59 PM okhttp3.mockwebserver.MockWebServer$2 e**cute
INFO: MockWebServer[35248] starting to accept connections
Dec 17, 2021 10:17:59 PM okhttp3.mockwebserver.MockWebServer$3 processOneRequest
INFO: MockWebServer[35248] received request: GET /api/v1/namespaces/entando-k8s-custom-model-cupr46 HTTP/1.1 and responded: HTTP/1.1 404 Client Error
Dec 17, 2021 10:17:59 PM okhttp3.mockwebserver.MockWebServer$3 processOneRequest
INFO: MockWebServer[35248] received request: POST /api/v1/namespaces HTTP/1.1 and responded: HTTP/1.1 200 OK
Dec 17, 2021 10:17:59 PM okhttp3.mockwebserver.MockWebServer$2 acceptConnections
INFO: MockWebServer[35248] done accepting connections: Socket closed
[INFO] Tests run: 3, Failures: 0, Errors: 0, Skipped: 0, Time elapsed: 0.579 s - in org.entando.kubernetes.model.inprocesstest.EntandoKeycloakServerMockedTest
[INFO] Running org.entando.kubernetes.model.inprocesstest.EntandoDeBundleMockedTest
Dec 17, 2021 10:18:00 PM okhttp3.mockwebserver.MockWebServer$2 e**cute
INFO: MockWebServer[57560] starting to accept connections
Dec 17, 2021 10:18:00 PM okhttp3.mockwebserver.MockWebServer$3 processOneRequest
INFO: MockWebServer[57560] received request: GET /api/v1/namespaces/entando-k8s-custom-model-cupr46 HTTP/1.1 and responded: HTTP/1.1 404 Client Error
Dec 17, 2021 10:18:00 PM okhttp3.mockwebserver.MockWebServer$3 processOneRequest
INFO: MockWebServer[57560] received request: POST /api/v1/namespaces HTTP/1.1 and responded: HTTP/1.1 200 OK
Dec 17, 2021 10:18:00 PM okhttp3.mockwebserver.MockWebServer$3 processOneRequest
INFO: MockWebServer[57560] received request: POST /apis/entando.org/v1/namespaces/entando-k8s-custom-model-cupr46/entandodebundles HTTP/1.1 and responded: HTTP/1.1 200 OK
Dec 17, 2021 10:18:00 PM okhttp3.mockwebserver.MockWebServer$3 processOneRequest
INFO: MockWebServer[57560] received request: GET /apis/entando.org/v1/namespaces/entando-k8s-custom-model-cupr46/entandodebundles/my-bundle HTTP/1.1 and responded: HTTP/1.1 200 OK
Dec 17, 2021 10:18:00 PM okhttp3.mockwebserver.MockWebServer$3 processOneRequest
INFO: MockWebServer[57560] received request: PATCH /apis/entando.org/v1/namespaces/entando-k8s-custom-model-cupr46/entandodebundles/my-bundle HTTP/1.1 and responded: HTTP/1.1 202 OK
Dec 17, 2021 10:18:00 PM okhttp3.mockwebserver.MockWebServer$2 acceptConnections
INFO: MockWebServer[57560] done accepting connections: Socket closed
Dec 17, 2021 10:18:00 PM okhttp3.mockwebserver.MockWebServer$2 e**cute
INFO: MockWebServer[49612] starting to accept connections
Dec 17, 2021 10:18:00 PM okhttp3.mockwebserver.MockWebServer$3 processOneRequest
INFO: MockWebServer[49612] received request: GET /api/v1/namespaces/entando-k8s-custom-model-cupr46 HTTP/1.1 and responded: HTTP/1.1 404 Client Error
Dec 17, 2021 10:18:00 PM okhttp3.mockwebserver.MockWebServer$3 processOneRequest
INFO: MockWebServer[49612] received request: POST /api/v1/namespaces HTTP/1.1 and responded: HTTP/1.1 200 OK
Dec 17, 2021 10:18:00 PM okhttp3.mockwebserver.MockWebServer$3 processOneRequest
INFO: MockWebServer[49612] received request: POST /apis/entando.org/v1/namespaces/entando-k8s-custom-model-cupr46/entandodebundles HTTP/1.1 and responded: HTTP/1.1 200 OK
Dec 17, 2021 10:18:00 PM okhttp3.mockwebserver.MockWebServer$3 processOneRequest
INFO: MockWebServer[49612] received request: GET /apis/entando.org/v1/namespaces/entando-k8s-custom-model-cupr46/entandodebundles/my-bundle HTTP/1.1 and responded: HTTP/1.1 200 OK
Dec 17, 2021 10:18:00 PM okhttp3.mockwebserver.MockWebServer$2 acceptConnections
INFO: MockWebServer[49612] done accepting connections: Socket closed
Dec 17, 2021 10:18:00 PM okhttp3.mockwebserver.MockWebServer$2 e**cute
INFO: MockWebServer[42851] starting to accept connections
Dec 17, 2021 10:18:00 PM okhttp3.mockwebserver.MockWebServer$3 processOneRequest
INFO: MockWebServer[42851] received request: GET /api/v1/namespaces/entando-k8s-custom-model-cupr46 HTTP/1.1 and responded: HTTP/1.1 404 Client Error
Dec 17, 2021 10:18:00 PM okhttp3.mockwebserver.MockWebServer$3 processOneRequest
INFO: MockWebServer[42851] received request: POST /api/v1/namespaces HTTP/1.1 and responded: HTTP/1.1 200 OK
Dec 17, 2021 10:18:00 PM okhttp3.mockwebserver.MockWebServer$2 acceptConnections
INFO: MockWebServer[42851] done accepting connections: Socket closed
[INFO] Tests run: 3, Failures: 0, Errors: 0, Skipped: 0, Time elapsed: 0.517 s - in org.entando.kubernetes.model.inprocesstest.EntandoDeBundleMockedTest
[INFO] Running org.entando.kubernetes.model.inprocesstest.EntandoAppPluginLinkMockedTest
Dec 17, 2021 10:18:00 PM okhttp3.mockwebserver.MockWebServer$2 e**cute
INFO: MockWebServer[44336] starting to accept connections
Dec 17, 2021 10:18:00 PM okhttp3.mockwebserver.MockWebServer$3 processOneRequest
INFO: MockWebServer[44336] received request: GET /api/v1/namespaces/entando-k8s-custom-model-cupr46 HTTP/1.1 and responded: HTTP/1.1 404 Client Error
Dec 17, 2021 10:18:00 PM okhttp3.mockwebserver.MockWebServer$3 processOneRequest
INFO: MockWebServer[44336] received request: POST /api/v1/namespaces HTTP/1.1 and responded: HTTP/1.1 200 OK
Dec 17, 2021 10:18:00 PM okhttp3.mockwebserver.MockWebServer$3 processOneRequest
INFO: MockWebServer[44336] received request: POST /apis/entando.org/v1/namespaces/entando-k8s-custom-model-cupr46/entandoapppluginlinks HTTP/1.1 and responded: HTTP/1.1 200 OK
Dec 17, 2021 10:18:00 PM okhttp3.mockwebserver.MockWebServer$3 processOneRequest
INFO: MockWebServer[44336] received request: GET /apis/entando.org/v1/namespaces/entando-k8s-custom-model-cupr46/entandoapppluginlinks/my-app-plugin-link HTTP/1.1 and responded: HTTP/1.1 200 OK
Dec 17, 2021 10:18:00 PM okhttp3.mockwebserver.MockWebServer$3 processOneRequest
INFO: MockWebServer[44336] received request: GET /apis/entando.org/v1/namespaces/entando-k8s-custom-model-cupr46/entandoapppluginlinks/my-app-plugin-link HTTP/1.1 and responded: HTTP/1.1 200 OK
Dec 17, 2021 10:18:00 PM okhttp3.mockwebserver.MockWebServer$3 processOneRequest
INFO: MockWebServer[44336] received request: PATCH /apis/entando.org/v1/namespaces/entando-k8s-custom-model-cupr46/entandoapppluginlinks/my-app-plugin-link HTTP/1.1 and responded: HTTP/1.1 202 OK
Dec 17, 2021 10:18:00 PM okhttp3.mockwebserver.MockWebServer$2 acceptConnections
INFO: MockWebServer[44336] done accepting connections: Socket closed
Dec 17, 2021 10:18:00 PM okhttp3.mockwebserver.MockWebServer$2 e**cute
INFO: MockWebServer[54703] starting to accept connections
Dec 17, 2021 10:18:00 PM okhttp3.mockwebserver.MockWebServer$3 processOneRequest
INFO: MockWebServer[54703] received request: GET /api/v1/namespaces/entando-k8s-custom-model-cupr46 HTTP/1.1 and responded: HTTP/1.1 404 Client Error
Dec 17, 2021 10:18:00 PM okhttp3.mockwebserver.MockWebServer$3 processOneRequest
INFO: MockWebServer[54703] received request: POST /api/v1/namespaces HTTP/1.1 and responded: HTTP/1.1 200 OK
Dec 17, 2021 10:18:00 PM okhttp3.mockwebserver.MockWebServer$3 processOneRequest
INFO: MockWebServer[54703] received request: POST /apis/entando.org/v1/namespaces/entando-k8s-custom-model-cupr46/entandoapppluginlinks HTTP/1.1 and responded: HTTP/1.1 200 OK
Dec 17, 2021 10:18:00 PM okhttp3.mockwebserver.MockWebServer$3 processOneRequest
INFO: MockWebServer[54703] received request: GET /apis/entando.org/v1/namespaces/entando-k8s-custom-model-cupr46/entandoapppluginlinks/my-app-plugin-link HTTP/1.1 and responded: HTTP/1.1 200 OK
Dec 17, 2021 10:18:00 PM okhttp3.mockwebserver.MockWebServer$2 acceptConnections
INFO: MockWebServer[54703] done accepting connections: Socket closed
Dec 17, 2021 10:18:00 PM okhttp3.mockwebserver.MockWebServer$2 e**cute
INFO: MockWebServer[45387] starting to accept connections
Dec 17, 2021 10:18:00 PM okhttp3.mockwebserver.MockWebServer$3 processOneRequest
INFO: MockWebServer[45387] received request: GET /api/v1/namespaces/entando-k8s-custom-model-cupr46 HTTP/1.1 and responded: HTTP/1.1 404 Client Error
Dec 17, 2021 10:18:01 PM okhttp3.mockwebserver.MockWebServer$3 processOneRequest
INFO: MockWebServer[45387] received request: POST /api/v1/namespaces HTTP/1.1 and responded: HTTP/1.1 200 OK
Dec 17, 2021 10:18:01 PM okhttp3.mockwebserver.MockWebServer$2 acceptConnections
INFO: MockWebServer[45387] done accepting connections: Socket closed
[INFO] Tests run: 3, Failures: 0, Errors: 0, Skipped: 0, Time elapsed: 0.516 s - in org.entando.kubernetes.model.inprocesstest.EntandoAppPluginLinkMockedTest
[INFO] Running org.entando.kubernetes.model.inprocesstest.EntandoCompositeAppMockedTest
Dec 17, 2021 10:18:01 PM okhttp3.mockwebserver.MockWebServer$2 e**cute
INFO: MockWebServer[55765] starting to accept connections
Dec 17, 2021 10:18:01 PM okhttp3.mockwebserver.MockWebServer$3 processOneRequest
INFO: MockWebServer[55765] received request: GET /api/v1/namespaces/entando-k8s-custom-model-cupr46 HTTP/1.1 and responded: HTTP/1.1 404 Client Error
Dec 17, 2021 10:18:01 PM okhttp3.mockwebserver.MockWebServer$3 processOneRequest
INFO: MockWebServer[55765] received request: POST /api/v1/namespaces HTTP/1.1 and responded: HTTP/1.1 200 OK
Dec 17, 2021 10:18:01 PM okhttp3.mockwebserver.MockWebServer$3 processOneRequest
INFO: MockWebServer[55765] received request: POST /apis/entando.org/v1/namespaces/entando-k8s-custom-model-cupr46/entandocompositeapps HTTP/1.1 and responded: HTTP/1.1 200 OK
Dec 17, 2021 10:18:01 PM okhttp3.mockwebserver.MockWebServer$3 processOneRequest
INFO: MockWebServer[55765] received request: GET /apis/entando.org/v1/namespaces/entando-k8s-custom-model-cupr46/entandocompositeapps/my-comnposite-app HTTP/1.1 and responded: HTTP/1.1 200 OK
Dec 17, 2021 10:18:01 PM okhttp3.mockwebserver.MockWebServer$2 acceptConnections
INFO: MockWebServer[55765] done accepting connections: Socket closed
Dec 17, 2021 10:18:01 PM okhttp3.mockwebserver.MockWebServer$2 e**cute
INFO: MockWebServer[58955] starting to accept connections
Dec 17, 2021 10:18:01 PM okhttp3.mockwebserver.MockWebServer$3 processOneRequest
INFO: MockWebServer[58955] received request: GET /api/v1/namespaces/entando-k8s-custom-model-cupr46 HTTP/1.1 and responded: HTTP/1.1 404 Client Error
Dec 17, 2021 10:18:01 PM okhttp3.mockwebserver.MockWebServer$3 processOneRequest
INFO: MockWebServer[58955] received request: POST /api/v1/namespaces HTTP/1.1 and responded: HTTP/1.1 200 OK
Dec 17, 2021 10:18:01 PM okhttp3.mockwebserver.MockWebServer$3 processOneRequest
INFO: MockWebServer[58955] received request: POST /apis/entando.org/v1/namespaces/entando-k8s-custom-model-cupr46/entandocompositeapps HTTP/1.1 and responded: HTTP/1.1 200 OK
Dec 17, 2021 10:18:01 PM okhttp3.mockwebserver.MockWebServer$3 processOneRequest
INFO: MockWebServer[58955] received request: GET /apis/entando.org/v1/namespaces/entando-k8s-custom-model-cupr46/entandocompositeapps/my-comnposite-app HTTP/1.1 and responded: HTTP/1.1 200 OK
Dec 17, 2021 10:18:01 PM okhttp3.mockwebserver.MockWebServer$3 processOneRequest
INFO: MockWebServer[58955] received request: PATCH /apis/entando.org/v1/namespaces/entando-k8s-custom-model-cupr46/entandocompositeapps/my-comnposite-app HTTP/1.1 and responded: HTTP/1.1 202 OK
Dec 17, 2021 10:18:01 PM okhttp3.mockwebserver.MockWebServer$3 processOneRequest
INFO: MockWebServer[58955] received request: PUT /apis/entando.org/v1/namespaces/entando-k8s-custom-model-cupr46/entandocompositeapps/my-comnposite-app/status HTTP/1.1 and responded: HTTP/1.1 200 OK
Dec 17, 2021 10:18:01 PM okhttp3.mockwebserver.MockWebServer$2 acceptConnections
INFO: MockWebServer[58955] done accepting connections: Socket closed
[INFO] Tests run: 2, Failures: 0, Errors: 0, Skipped: 0, Time elapsed: 0.525 s - in org.entando.kubernetes.model.inprocesstest.EntandoCompositeAppMockedTest
[INFO] Running org.entando.kubernetes.model.inprocesstest.EntandoAppMockedTest
Dec 17, 2021 10:18:01 PM okhttp3.mockwebserver.MockWebServer$2 e**cute
INFO: MockWebServer[55543] starting to accept connections
Dec 17, 2021 10:18:01 PM okhttp3.mockwebserver.MockWebServer$3 processOneRequest
INFO: MockWebServer[55543] received request: GET /api/v1/namespaces/entando-k8s-custom-model-cupr46 HTTP/1.1 and responded: HTTP/1.1 404 Client Error
Dec 17, 2021 10:18:01 PM okhttp3.mockwebserver.MockWebServer$3 processOneRequest
INFO: MockWebServer[55543] received request: POST /api/v1/namespaces HTTP/1.1 and responded: HTTP/1.1 200 OK
Dec 17, 2021 10:18:01 PM okhttp3.mockwebserver.MockWebServer$3 processOneRequest
INFO: MockWebServer[55543] received request: POST /apis/entando.org/v1/namespaces/entando-k8s-custom-model-cupr46/entandoapps HTTP/1.1 and responded: HTTP/1.1 200 OK
Dec 17, 2021 10:18:01 PM okhttp3.mockwebserver.MockWebServer$3 processOneRequest
INFO: MockWebServer[55543] received request: GET /apis/entando.org/v1/namespaces/entando-k8s-custom-model-cupr46/entandoapps/my-app HTTP/1.1 and responded: HTTP/1.1 200 OK
Dec 17, 2021 10:18:01 PM okhttp3.mockwebserver.MockWebServer$3 processOneRequest
INFO: MockWebServer[55543] received request: PATCH /apis/entando.org/v1/namespaces/entando-k8s-custom-model-cupr46/entandoapps/my-app HTTP/1.1 and responded: HTTP/1.1 202 OK
Dec 17, 2021 10:18:01 PM okhttp3.mockwebserver.MockWebServer$2 acceptConnections
INFO: MockWebServer[55543] done accepting connections: Socket closed
Dec 17, 2021 10:18:01 PM okhttp3.mockwebserver.MockWebServer$2 e**cute
INFO: MockWebServer[45034] starting to accept connections
Dec 17, 2021 10:18:01 PM okhttp3.mockwebserver.MockWebServer$3 processOneRequest
INFO: MockWebServer[45034] received request: GET /api/v1/namespaces/entando-k8s-custom-model-cupr46 HTTP/1.1 and responded: HTTP/1.1 404 Client Error
Dec 17, 2021 10:18:01 PM okhttp3.mockwebserver.MockWebServer$3 processOneRequest
INFO: MockWebServer[45034] received request: POST /api/v1/namespaces HTTP/1.1 and responded: HTTP/1.1 200 OK
Dec 17, 2021 10:18:01 PM okhttp3.mockwebserver.MockWebServer$3 processOneRequest
INFO: MockWebServer[45034] received request: POST /apis/entando.org/v1/namespaces/entando-k8s-custom-model-cupr46/entandoapps HTTP/1.1 and responded: HTTP/1.1 200 OK
Dec 17, 2021 10:18:01 PM okhttp3.mockwebserver.MockWebServer$3 processOneRequest
INFO: MockWebServer[45034] received request: GET /apis/entando.org/v1/namespaces/entando-k8s-custom-model-cupr46/entandoapps/my-app HTTP/1.1 and responded: HTTP/1.1 200 OK
Dec 17, 2021 10:18:01 PM okhttp3.mockwebserver.MockWebServer$2 acceptConnections
INFO: MockWebServer[45034] done accepting connections: Socket closed
Dec 17, 2021 10:18:02 PM okhttp3.mockwebserver.MockWebServer$2 e**cute
INFO: MockWebServer[59643] starting to accept connections
Dec 17, 2021 10:18:02 PM okhttp3.mockwebserver.MockWebServer$3 processOneRequest
INFO: MockWebServer[59643] received request: GET /api/v1/namespaces/entando-k8s-custom-model-cupr46 HTTP/1.1 and responded: HTTP/1.1 404 Client Error
Dec 17, 2021 10:18:02 PM okhttp3.mockwebserver.MockWebServer$3 processOneRequest
INFO: MockWebServer[59643] received request: POST /api/v1/namespaces HTTP/1.1 and responded: HTTP/1.1 200 OK
Dec 17, 2021 10:18:02 PM okhttp3.mockwebserver.MockWebServer$2 acceptConnections
INFO: MockWebServer[59643] done accepting connections: Socket closed
[INFO] Tests run: 3, Failures: 0, Errors: 0, Skipped: 0, Time elapsed: 0.536 s - in org.entando.kubernetes.model.inprocesstest.EntandoAppMockedTest
[INFO] Running org.entando.kubernetes.model.inprocesstest.EntandoDatabaseServiceMockedTest
Dec 17, 2021 10:18:02 PM okhttp3.mockwebserver.MockWebServer$2 e**cute
INFO: MockWebServer[40269] starting to accept connections
Dec 17, 2021 10:18:02 PM okhttp3.mockwebserver.MockWebServer$3 processOneRequest
INFO: MockWebServer[40269] received request: GET /api/v1/namespaces/entando-k8s-custom-model-cupr46 HTTP/1.1 and responded: HTTP/1.1 404 Client Error
Dec 17, 2021 10:18:02 PM okhttp3.mockwebserver.MockWebServer$3 processOneRequest
INFO: MockWebServer[40269] received request: POST /api/v1/namespaces HTTP/1.1 and responded: HTTP/1.1 200 OK
Dec 17, 2021 10:18:02 PM okhttp3.mockwebserver.MockWebServer$3 processOneRequest
INFO: MockWebServer[40269] received request: POST /apis/entando.org/v1/namespaces/entando-k8s-custom-model-cupr46/entandodatabaseservices HTTP/1.1 and responded: HTTP/1.1 200 OK
Dec 17, 2021 10:18:02 PM okhttp3.mockwebserver.MockWebServer$3 processOneRequest
INFO: MockWebServer[40269] received request: GET /apis/entando.org/v1/namespaces/entando-k8s-custom-model-cupr46/entandodatabaseservices/my-external-database HTTP/1.1 and responded: HTTP/1.1 200 OK
Dec 17, 2021 10:18:02 PM okhttp3.mockwebserver.MockWebServer$2 acceptConnections
INFO: MockWebServer[40269] done accepting connections: Socket closed
Dec 17, 2021 10:18:02 PM okhttp3.mockwebserver.MockWebServer$2 e**cute
INFO: MockWebServer[44927] starting to accept connections
Dec 17, 2021 10:18:02 PM okhttp3.mockwebserver.MockWebServer$3 processOneRequest
INFO: MockWebServer[44927] received request: GET /api/v1/namespaces/entando-k8s-custom-model-cupr46 HTTP/1.1 and responded: HTTP/1.1 404 Client Error
Dec 17, 2021 10:18:02 PM okhttp3.mockwebserver.MockWebServer$3 processOneRequest
INFO: MockWebServer[44927] received request: POST /api/v1/namespaces HTTP/1.1 and responded: HTTP/1.1 200 OK
Dec 17, 2021 10:18:02 PM okhttp3.mockwebserver.MockWebServer$3 processOneRequest
INFO: MockWebServer[44927] received request: POST /apis/entando.org/v1/namespaces/entando-k8s-custom-model-cupr46/entandodatabaseservices HTTP/1.1 and responded: HTTP/1.1 200 OK
Dec 17, 2021 10:18:02 PM okhttp3.mockwebserver.MockWebServer$3 processOneRequest
INFO: MockWebServer[44927] received request: GET /apis/entando.org/v1/namespaces/entando-k8s-custom-model-cupr46/entandodatabaseservices/my-external-database HTTP/1.1 and responded: HTTP/1.1 200 OK
Dec 17, 2021 10:18:02 PM okhttp3.mockwebserver.MockWebServer$3 processOneRequest
INFO: MockWebServer[44927] received request: PATCH /apis/entando.org/v1/namespaces/entando-k8s-custom-model-cupr46/entandodatabaseservices/my-external-database HTTP/1.1 and responded: HTTP/1.1 202 OK
Dec 17, 2021 10:18:02 PM okhttp3.mockwebserver.MockWebServer$2 acceptConnections
INFO: MockWebServer[44927] done accepting connections: Socket closed
Dec 17, 2021 10:18:02 PM okhttp3.mockwebserver.MockWebServer$2 e**cute
INFO: MockWebServer[45054] starting to accept connections
Dec 17, 2021 10:18:02 PM okhttp3.mockwebserver.MockWebServer$3 processOneRequest
INFO: MockWebServer[45054] received request: GET /api/v1/namespaces/entando-k8s-custom-model-cupr46 HTTP/1.1 and responded: HTTP/1.1 404 Client Error
Dec 17, 2021 10:18:02 PM okhttp3.mockwebserver.MockWebServer$3 processOneRequest
INFO: MockWebServer[45054] received request: POST /api/v1/namespaces HTTP/1.1 and responded: HTTP/1.1 200 OK
Dec 17, 2021 10:18:02 PM okhttp3.mockwebserver.MockWebServer$2 acceptConnections
INFO: MockWebServer[45054] done accepting connections: Socket closed
[INFO] Tests run: 3, Failures: 0, Errors: 0, Skipped: 0, Time elapsed: 0.498 s - in org.entando.kubernetes.model.inprocesstest.EntandoDatabaseServiceMockedTest
[INFO] Running org.entando.kubernetes.model.NamedEnumTest
[INFO] Tests run: 1, Failures: 0, Errors: 0, Skipped: 0, Time elapsed: 0.001 s - in org.entando.kubernetes.model.NamedEnumTest
[INFO] Running org.entando.kubernetes.model.interprocesstest.EntandoKeycloakServerIntegratedTest
[INFO] Tests run: 2, Failures: 0, Errors: 0, Skipped: 0, Time elapsed: 1.827 s - in org.entando.kubernetes.model.interprocesstest.EntandoKeycloakServerIntegratedTest
[INFO] Running org.entando.kubernetes.model.interprocesstest.EntandoAppPluginLinkIntegratedTest
[INFO] Tests run: 2, Failures: 0, Errors: 0, Skipped: 0, Time elapsed: 1.67 s - in org.entando.kubernetes.model.interprocesstest.EntandoAppPluginLinkIntegratedTest
[INFO] Running org.entando.kubernetes.model.interprocesstest.EntandoDatabaseServiceIntegratedTest
[INFO] Tests run: 2, Failures: 0, Errors: 0, Skipped: 0, Time elapsed: 1.129 s - in org.entando.kubernetes.model.interprocesstest.EntandoDatabaseServiceIntegratedTest
[INFO] Running org.entando.kubernetes.model.interprocesstest.ProvidedCapabilityIntegratedTest
[INFO] Tests run: 2, Failures: 0, Errors: 0, Skipped: 0, Time elapsed: 1.165 s - in org.entando.kubernetes.model.interprocesstest.ProvidedCapabilityIntegratedTest
[INFO] Running org.entando.kubernetes.model.interprocesstest.EntandoPluginIntegratedTest
[INFO] Tests run: 2, Failures: 0, Errors: 0, Skipped: 0, Time elapsed: 0.988 s - in org.entando.kubernetes.model.interprocesstest.EntandoPluginIntegratedTest
[INFO] Running org.entando.kubernetes.model.interprocesstest.EntandoAppIntegratedTest
[INFO] Tests run: 2, Failures: 0, Errors: 0, Skipped: 0, Time elapsed: 0.912 s - in org.entando.kubernetes.model.interprocesstest.EntandoAppIntegratedTest
[INFO] Running org.entando.kubernetes.model.interprocesstest.EntandoDeBundleIntegratedTest
[INFO] Tests run: 2, Failures: 0, Errors: 0, Skipped: 0, Time elapsed: 1.312 s - in org.entando.kubernetes.model.interprocesstest.EntandoDeBundleIntegratedTest
[INFO] Running org.entando.kubernetes.model.interprocesstest.EntandoCompositeAppIntegratedTest
[INFO] Tests run: 2, Failures: 0, Errors: 0, Skipped: 0, Time elapsed: 0.834 s - in org.entando.kubernetes.model.interprocesstest.EntandoCompositeAppIntegratedTest
[INFO] 
[INFO] Results:
[INFO] 
[INFO] Tests run: 40, Failures: 0, Errors: 0, Skipped: 0
[INFO] 
[INFO] 
[INFO] --- maven-jar-plugin:3.2.0:jar (default-jar) @ entando-k8s-custom-model ---
[INFO] Building jar: /workspace/source/target/entando-k8s-custom-model-0.0.0-SNAPSHOT-PR-46-2.jar
[INFO] 
[INFO] --- maven-jar-plugin:3.2.0:test-jar (build-test-jar) @ entando-k8s-custom-model ---
[INFO] Building jar: /workspace/source/target/entando-k8s-custom-model-0.0.0-SNAPSHOT-PR-46-2-tests.jar
[INFO] 
[INFO] --- maven-javadoc-plugin:3.2.0:jar (attach-javadocs) @ entando-k8s-custom-model ---
[INFO] Skipping javadoc generation
[INFO] 
[INFO] --- maven-surefire-report-plugin:3.0.0-M4:failsafe-report-only (integration-tests) @ entando-k8s-custom-model ---
[INFO] 
[INFO] --- dependency-check-maven:6.1.5:aggregate (default) @ entando-k8s-custom-model ---
[INFO] Checking for updates
[INFO] NVD CVE requires several updates; this could take a couple of minutes.
[INFO] Download Started for NVD CVE - 2006
[INFO] Download Started for NVD CVE - 2007
[INFO] Download Complete for NVD CVE - 2007  (1098 ms)
[INFO] Download Started for NVD CVE - 2010
[INFO] Processing Started for NVD CVE - 2007
[INFO] Download Complete for NVD CVE - 2006  (1203 ms)
[INFO] Download Started for NVD CVE - 2012
[INFO] Processing Started for NVD CVE - 2006
WARNING: An illegal reflective access operation has occurred
WARNING: Illegal reflective access by com.fasterxml.jackson.module.afterburner.util.MyClassLoader (file:/home/jenkins/.mvnrepository/com/fasterxml/jackson/module/jackson-module-afterburner/2.12.2/jackson-module-afterburner-2.12.2.jar) to method java.lang.ClassLoader.findLoadedClass(java.lang.String)
WARNING: Please consider reporting this to the maintainers of com.fasterxml.jackson.module.afterburner.util.MyClassLoader
WARNING: Use --illegal-access=warn to enable warnings of further illegal reflective access operations
WARNING: All illegal access operations will be denied in a future release
[INFO] Download Complete for NVD CVE - 2010  (1220 ms)
[INFO] Download Started for NVD CVE - 2014
[INFO] Processing Started for NVD CVE - 2010
[INFO] Download Complete for NVD CVE - 2012  (1353 ms)
[INFO] Download Started for NVD CVE - 2015
[INFO] Processing Started for NVD CVE - 2012
[INFO] Download Complete for NVD CVE - 2014  (1685 ms)
[INFO] Processing Started for NVD CVE - 2014
[INFO] Download Started for NVD CVE - 2016
[INFO] Download Complete for NVD CVE - 2015  (1572 ms)
[INFO] Download Started for NVD CVE - 2017
[INFO] Processing Started for NVD CVE - 2015
[INFO] Download Complete for NVD CVE - 2016  (1264 ms)
[INFO] Download Started for NVD CVE - 2018
[INFO] Processing Started for NVD CVE - 2016
[INFO] Download Complete for NVD CVE - 2017  (1716 ms)
[INFO] Download Started for NVD CVE - 2019
[INFO] Processing Started for NVD CVE - 2017
[INFO] Download Complete for NVD CVE - 2018  (1525 ms)
[INFO] Download Started for NVD CVE - 2020
[INFO] Download Complete for NVD CVE - 2019  (1705 ms)
[INFO] Download Started for NVD CVE - 2021
[INFO] Download Complete for NVD CVE - 2020  (2000 ms)
[INFO] Download Complete for NVD CVE - 2021  (1554 ms)
[INFO] Processing Complete for NVD CVE - 2010  (3310014 ms)
[INFO] Processing Started for NVD CVE - 2018
[INFO] Processing Complete for NVD CVE - 2007  (3319431 ms)
[INFO] Processing Started for NVD CVE - 2019
[INFO] Processing Complete for NVD CVE - 2006  (3388770 ms)
[INFO] Processing Started for NVD CVE - 2020
[INFO] Processing Complete for NVD CVE - 2012  (3405329 ms)
[INFO] Processing Started for NVD CVE - 2021
[INFO] Processing Complete for NVD CVE - 2015  (3433743 ms)
[INFO] Processing Complete for NVD CVE - 2014  (3474734 ms)
[INFO] Processing Complete for NVD CVE - 2016  (3510901 ms)
[INFO] Processing Complete for NVD CVE - 2017  (3739056 ms)
[INFO] Processing Complete for NVD CVE - 2018  (651647 ms)
[INFO] Processing Complete for NVD CVE - 2019  (650719 ms)
[INFO] Processing Complete for NVD CVE - 2021  (574798 ms)
[INFO] Processing Complete for NVD CVE - 2020  (608809 ms)
[INFO] Download Started for NVD CVE - Modified
[INFO] Download Complete for NVD CVE - Modified  (1126 ms)
[INFO] Processing Started for NVD CVE - Modified
[INFO] Processing Complete for NVD CVE - Modified  (8802 ms)
[INFO] Begin database maintenance
[INFO] Updated the CPE eco****** on 12 NVD records
[INFO] Removed the CPE eco****** on 2 NVD records
[ERROR] An unexpected SQL Exception occurred; please see the verbose log for more details.
[ERROR] Unexpected SQL Exception
org.*****.dependencycheck.data.update.exception.UpdateException: Unexpected SQL Exception
    at org.*****.dependencycheck.data.update.NvdCveUpdater.performUpdate (NvdCveUpdater.java:324)
    at org.*****.dependencycheck.data.update.NvdCveUpdater.update (NvdCveUpdater.java:125)
    at org.*****.dependencycheck.Engine.doUpdates (Engine.java:860)
    at org.*****.dependencycheck.Engine.initializeAndUpdateDatabase (Engine.java:667)
    at org.*****.dependencycheck.Engine.analyzeDependencies (Engine.java:593)
    at org.*****.dependencycheck.maven.BaseDependencyCheckMojo.runCheck (BaseDependencyCheckMojo.java:1660)
    at org.*****.dependencycheck.maven.BaseDependencyCheckMojo.e**cute (BaseDependencyCheckMojo.java:929)
    at org.apache.maven.plugin.DefaultBuildPluginManager.e**cuteMojo (DefaultBuildPluginManager.java:137)
    at org.apache.maven.lifecycle.internal.MojoE**cutor.e**cute (MojoE**cutor.java:210)
    at org.apache.maven.lifecycle.internal.MojoE**cutor.e**cute (MojoE**cutor.java:156)
    at org.apache.maven.lifecycle.internal.MojoE**cutor.e**cute (MojoE**cutor.java:148)
    at org.apache.maven.lifecycle.internal.LifecycleModuleBuilder.buildProject (LifecycleModuleBuilder.java:117)
    at org.apache.maven.lifecycle.internal.LifecycleModuleBuilder.buildProject (LifecycleModuleBuilder.java:81)
    at org.apache.maven.lifecycle.internal.builder.singlethreaded.SingleThreadedBuilder.build (SingleThreadedBuilder.java:56)
    at org.apache.maven.lifecycle.internal.LifecycleStarter.e**cute (LifecycleStarter.java:128)
    at org.apache.maven.DefaultMaven.doE**cute (DefaultMaven.java:305)
    at org.apache.maven.DefaultMaven.doE**cute (DefaultMaven.java:192)
    at org.apache.maven.DefaultMaven.e**cute (DefaultMaven.java:105)
    at org.apache.maven.cli.MavenCli.e**cute (MavenCli.java:957)
    at org.apache.maven.cli.MavenCli.doMain (MavenCli.java:289)
    at org.apache.maven.cli.MavenCli.main (MavenCli.java:193)
    at jdk.internal.reflect.NativeMethodAccessorImpl.invoke0 (Native Method)
    at jdk.internal.reflect.NativeMethodAccessorImpl.invoke (NativeMethodAccessorImpl.java:62)
    at jdk.internal.reflect.DelegatingMethodAccessorImpl.invoke (DelegatingMethodAccessorImpl.java:43)
    at java.lang.reflect.Method.invoke (Method.java:566)
    at org.codehaus.plexus.classworlds.launcher.Launcher.launchEnhanced (Launcher.java:282)
    at org.codehaus.plexus.classworlds.launcher.Launcher.launch (Launcher.java:225)
    at org.codehaus.plexus.classworlds.launcher.Launcher.mainWithExitCode (Launcher.java:406)
    at org.codehaus.plexus.classworlds.launcher.Launcher.main (Launcher.java:347)
Caused by: org.********ql.util.PSQLException: ERROR: update or delete on table "cpeentry" violates foreign key constraint "fksoftwarecpeproduct" on table "software"
  Detail: Key (id)=(202436) is still referenced from table "software".
    at org.********ql.core.v3.QueryE**cutorImpl.receiveErrorResponse (QueryE**cutorImpl.java:2532)
    at org.********ql.core.v3.QueryE**cutorImpl.processResults (QueryE**cutorImpl.java:2267)
    at org.********ql.core.v3.QueryE**cutorImpl.e**cute (QueryE**cutorImpl.java:312)
    at org.********ql.jdbc.PgStatement.e**cuteInternal (PgStatement.java:448)
    at org.********ql.jdbc.PgStatement.e**cute (PgStatement.java:369)
    at org.********ql.jdbc.PgPreparedStatement.e**cuteWithFlags (PgPreparedStatement.java:153)
    at org.********ql.jdbc.PgPreparedStatement.e**cuteUpdate (PgPreparedStatement.java:119)
    at org.*****.dependencycheck.data.nvdcve.CveDB.cleanupDatabase (CveDB.java:1378)
    at org.*****.dependencycheck.data.update.NvdCveUpdater.performUpdate (NvdCveUpdater.java:322)
    at org.*****.dependencycheck.data.update.NvdCveUpdater.update (NvdCveUpdater.java:125)
    at org.*****.dependencycheck.Engine.doUpdates (Engine.java:860)
    at org.*****.dependencycheck.Engine.initializeAndUpdateDatabase (Engine.java:667)
    at org.*****.dependencycheck.Engine.analyzeDependencies (Engine.java:593)
    at org.*****.dependencycheck.maven.BaseDependencyCheckMojo.runCheck (BaseDependencyCheckMojo.java:1660)
    at org.*****.dependencycheck.maven.BaseDependencyCheckMojo.e**cute (BaseDependencyCheckMojo.java:929)
    at org.apache.maven.plugin.DefaultBuildPluginManager.e**cuteMojo (DefaultBuildPluginManager.java:137)
    at org.apache.maven.lifecycle.internal.MojoE**cutor.e**cute (MojoE**cutor.java:210)
    at org.apache.maven.lifecycle.internal.MojoE**cutor.e**cute (MojoE**cutor.java:156)
    at org.apache.maven.lifecycle.internal.MojoE**cutor.e**cute (MojoE**cutor.java:148)
    at org.apache.maven.lifecycle.internal.LifecycleModuleBuilder.buildProject (LifecycleModuleBuilder.java:117)
    at org.apache.maven.lifecycle.internal.LifecycleModuleBuilder.buildProject (LifecycleModuleBuilder.java:81)
    at org.apache.maven.lifecycle.internal.builder.singlethreaded.SingleThreadedBuilder.build (SingleThreadedBuilder.java:56)
    at org.apache.maven.lifecycle.internal.LifecycleStarter.e**cute (LifecycleStarter.java:128)
    at org.apache.maven.DefaultMaven.doE**cute (DefaultMaven.java:305)
    at org.apache.maven.DefaultMaven.doE**cute (DefaultMaven.java:192)
    at org.apache.maven.DefaultMaven.e**cute (DefaultMaven.java:105)
    at org.apache.maven.cli.MavenCli.e**cute (MavenCli.java:957)
    at org.apache.maven.cli.MavenCli.doMain (MavenCli.java:289)
    at org.apache.maven.cli.MavenCli.main (MavenCli.java:193)
    at jdk.internal.reflect.NativeMethodAccessorImpl.invoke0 (Native Method)
    at jdk.internal.reflect.NativeMethodAccessorImpl.invoke (NativeMethodAccessorImpl.java:62)
    at jdk.internal.reflect.DelegatingMethodAccessorImpl.invoke (DelegatingMethodAccessorImpl.java:43)
    at java.lang.reflect.Method.invoke (Method.java:566)
    at org.codehaus.plexus.classworlds.launcher.Launcher.launchEnhanced (Launcher.java:282)
    at org.codehaus.plexus.classworlds.launcher.Launcher.launch (Launcher.java:225)
    at org.codehaus.plexus.classworlds.launcher.Launcher.mainWithExitCode (Launcher.java:406)
    at org.codehaus.plexus.classworlds.launcher.Launcher.main (Launcher.java:347)
[WARNING] Unable to update 1 or more Cached Web DataSource, using local data instead. Results may not include recent vulnerabilities.
[ERROR] Unable to continue dependency-check analysis.
[INFO] 
[INFO] ------------------------------------------------------------------------
[INFO] Skipping Entando Kubernetes Custom Model
[INFO] This project has been banned from the build due to previous failures.
[INFO] ------------------------------------------------------------------------
[INFO] ------------------------------------------------------------------------
[INFO] BUILD FAILURE
[INFO] ------------------------------------------------------------------------
[INFO] Total time:  01:08 h
[INFO] Finished at: 2021-12-17T23:25:28Z
[INFO] ------------------------------------------------------------------------
[ERROR] Failed to e**cute goal org.*****:dependency-check-maven:6.1.5:aggregate (default) on project entando-k8s-custom-model: Fatal exception(s) analyzing Entando Kubernetes Custom Model: One or more exceptions occurred during analysis:
[ERROR] 	UpdateException: Unexpected SQL Exception
[ERROR] 		caused by PSQLException: ERROR: update or delete on table "cpeentry" violates foreign key constraint "fksoftwarecpeproduct" on table "software"
[ERROR]   Detail: Key (id)=(202436) is still referenced from table "software".
[ERROR] 	NoDataException: No documents exist
[ERROR] -> [Help 1]
[ERROR] 
[ERROR] To see the full stack trace of the errors, re-run Maven with the -e switch.
[ERROR] Re-run Maven using the -X switch to enable full debug logging.
[ERROR] 
[ERROR] For more information about the errors and possible solutions, please read the following articles:
[ERROR] [Help 1] http://cwiki.apache.org/confluence/display/MAVEN/MojoE**cutionException
Picked up _JAVA_OPTIONS: -XX:+UnlockExperimentalVMOptions -Dsun.zip.disableMemoryMapping=**** -XX:+UseParallelGC -XX:MinHeapFreeRatio=5 -XX:MaxHeapFreeRatio=10 -XX:GCTimeRatio=4 -XX:AdaptiveSizePolicyWeight=90 -Xms10m -Xmx8000m
[INFO] Scanning for projects...
[WARNING] 
[WARNING] Some problems were encountered while building the effective model for org.entando:entando-k8s-custom-model:jar:0.0.0-SNAPSHOT-PR-46-2
[WARNING] 'dependencies.dependency.scope' for com.fasterxml.jackson:jackson-bom:pom must be one of [provided, compile, runtime, test, ******] but is 'import'. @ org.entando:entando-quarkus-parent:7.0.3, /home/jenkins/.mvnrepository/org/entando/entando-quarkus-parent/7.0.3/entando-quarkus-parent-7.0.3.pom, line 403, column 20
[WARNING] 'dependencies.dependency.scope' for org.jboss.resteasy:resteasy-bom:pom must be one of [provided, compile, runtime, test, ******] but is 'import'. @ org.entando:entando-quarkus-parent:7.0.3, /home/jenkins/.mvnrepository/org/entando/entando-quarkus-parent/7.0.3/entando-quarkus-parent-7.0.3.pom, line 410, column 20
[WARNING] 'dependencies.dependency.scope' for org.junit:junit-bom:pom must be one of [provided, compile, runtime, test, ******] but is 'import'. @ org.entando:entando-quarkus-parent:7.0.3, /home/jenkins/.mvnrepository/org/entando/entando-quarkus-parent/7.0.3/entando-quarkus-parent-7.0.3.pom, line 417, column 20
[WARNING] 'dependencies.dependency.scope' for io.quarkus:quarkus-bom:pom must be one of [provided, compile, runtime, test, ******] but is 'import'. @ org.entando:entando-quarkus-parent:7.0.3, /home/jenkins/.mvnrepository/org/entando/entando-quarkus-parent/7.0.3/entando-quarkus-parent-7.0.3.pom, line 424, column 20
[WARNING] 
[WARNING] It is highly recommended to fix these problems because they threaten the stability of your build.
[WARNING] 
[WARNING] For this reason, future Maven versions might no longer support building such malformed projects.
[WARNING] 
[INFO] 
[INFO] ----------------< org.entando:entando-k8s-custom-model >----------------
[INFO] Building Entando Kubernetes Custom Model 0.0.0-SNAPSHOT-PR-46-2
[INFO] --------------------------------[ jar ]---------------------------------
[INFO] 
[INFO] --- maven-site-plugin:3.9.0:site (default-site) @ entando-k8s-custom-model ---
[INFO] configuring report plugin org.apache.maven.plugins:maven-project-info-reports-plugin:3.0.0
[INFO] 9 reports configured for maven-project-info-reports-plugin:3.0.0: dependency-info, distribution-management, index, ci-management, issue-management, licenses, plugins, scm, summary
[INFO] Rendering site with default locale English (en)
[WARNING] Unable to find a URL to the parent project. The parent menu will NOT be added.
[INFO] Relativizing decoration links with respect to localized project URL: https://central.entando.com
[INFO] Rendering content with org.apache.maven.skins:maven-default-skin:jar:1.3 skin.
[INFO] Generating "Dependency Information" report --- maven-project-info-reports-plugin:3.0.0:dependency-info
[INFO] Generating "About" report         --- maven-project-info-reports-plugin:3.0.0:index
[INFO] Generating "Issue Management" report --- maven-project-info-reports-plugin:3.0.0:issue-management
[INFO] Generating "Licenses" report      --- maven-project-info-reports-plugin:3.0.0:licenses
[INFO] Generating "Plugins" report       --- maven-project-info-reports-plugin:3.0.0:plugins
[INFO] Generating "Source Code Management" report --- maven-project-info-reports-plugin:3.0.0:scm
[INFO] Generating "Summary" report       --- maven-project-info-reports-plugin:3.0.0:summary
[INFO] 
[INFO] --- allure-maven:2.10.0:report (default) @ entando-k8s-custom-model ---
[INFO] Allure installation directory /workspace/source/.allure
[INFO] Try to finding out allure 2.14.0
[INFO] Downloading allure commandline...
[INFO] Proxy is not specified.
[INFO] Downloading allure commandline complete
[INFO] Generate Allure report (report) with version 2.14.0
[INFO] Generate Allure report to /workspace/source/target/site/allure-reports
[INFO] Found results directory /workspace/source/target/allure-results
[INFO] Can't find information about categories.
[INFO] Generate report to /workspace/source/target/site/allure-reports
Picked up _JAVA_OPTIONS: -XX:+UnlockExperimentalVMOptions -Dsun.zip.disableMemoryMapping=**** -XX:+UseParallelGC -XX:MinHeapFreeRatio=5 -XX:MaxHeapFreeRatio=10 -XX:GCTimeRatio=4 -XX:AdaptiveSizePolicyWeight=90 -Xms10m -Xmx8000m
Report successfully generated to /workspace/source/target/site/allure-reports
[INFO] Report generated successfully.
[INFO] ------------------------------------------------------------------------
[INFO] BUILD SUCCESS
[INFO] ------------------------------------------------------------------------
[INFO] Total time:  47.851 s
[INFO] Finished at: 2021-12-17T23:26:18Z
[INFO] ------------------------------------------------------------------------
error: etcdserver: request is too large
No OWASP dependency check found for entando-k8s-custom-model-PR-46.
The following checks failed for entando-k8s-custom-model-PR-46:
No OWASP dependency check results produced by build
[31m
Pipeline failed on stage 'from-build-pack' : container 'step-build-mvn-verify-pr'. The execution of the pipeline has stopped.[0m
