
Showing logs for build [32mentando-k8s-entando-k8s-custom-tjzr4-14[0m stage [32mfrom-build-pack[0m and container [32mcredential-initializer[0m
{"level":"info","ts":1642533668.6649592,"caller":"creds-init/main.go:44","msg":"Credentials initialized."}

Showing logs for build [32mentando-k8s-entando-k8s-custom-tjzr4-14[0m stage [32mfrom-build-pack[0m and container [32mworking-dir-initializer[0m

Showing logs for build [32mentando-k8s-entando-k8s-custom-tjzr4-14[0m stage [32mfrom-build-pack[0m and container [32mplace-tools[0m

Showing logs for build [32mentando-k8s-entando-k8s-custom-tjzr4-14[0m stage [32mfrom-build-pack[0m and container [32mstep-git-source-entando-k8s-entando-k8s-custom-tjzr4-svvb7[0m
{"level":"info","ts":1642533792.9583385,"caller":"git/git.go:105","msg":"Successfully cloned https://github.com/entando-k8s/entando-k8s-custom-model.git @ v7.0.2 in path /workspace/source"}
{"level":"warn","ts":1642533792.958519,"caller":"git/git.go:152","msg":"Unexpected error: creating symlink: symlink /tekton/home/.ssh /****/.ssh: file exists"}
{"level":"info","ts":1642533793.035808,"caller":"git/git.go:133","msg":"Successfully initialized and updated submodules in path /workspace/source"}

Showing logs for build [32mentando-k8s-entando-k8s-custom-tjzr4-14[0m stage [32mfrom-build-pack[0m and container [32mstep-setup-builder-home[0m

Showing logs for build [32mentando-k8s-entando-k8s-custom-tjzr4-14[0m stage [32mfrom-build-pack[0m and container [32mstep-git-merge[0m
Using SHAs from PULL_REFS=master:2221e5e173d3fb126ccd5a3f6c3d521c0c0e9a68
WARNING: no SHAs to merge, falling back to initial cloned commit

Showing logs for build [32mentando-k8s-entando-k8s-custom-tjzr4-14[0m stage [32mfrom-build-pack[0m and container [32mstep-setup-jx-git-credentials[0m
Generated Git credentials file /workspace/xdg_config/git/credentials

Showing logs for build [32mentando-k8s-entando-k8s-custom-tjzr4-14[0m stage [32mfrom-build-pack[0m and container [32mstep-build-fetch-history-for-sonar[0m
From https://github.com/entando-k8s/entando-k8s-custom-model
 * [new branch]      ENG-2969_start-version-7-0 -> origin/ENG-2969_start-version-7-0
 * [new branch]      ENG-3007-updating-keycloak-version -> origin/ENG-3007-updating-keycloak-version
 * [new branch]      ENG-3133_fix_openapi_validation-type -> origin/ENG-3133_fix_openapi_validation-type
 * [new branch]      master     -> origin/master
 * [new tag]         v7.0.2     -> v7.0.2

Showing logs for build [32mentando-k8s-entando-k8s-custom-tjzr4-14[0m stage [32mfrom-build-pack[0m and container [32mstep-build-mvn-deploy-release[0m
Picked up _JAVA_OPTIONS: -XX:+UnlockExperimentalVMOptions -Dsun.zip.disableMemoryMapping=**** -XX:+UseParallelGC -XX:MinHeapFreeRatio=5 -XX:MaxHeapFreeRatio=10 -XX:GCTimeRatio=4 -XX:AdaptiveSizePolicyWeight=90 -Xms10m -Xmx8000m
[INFO] Scanning for projects...
[WARNING] 
[WARNING] Some problems were encountered while building the effective model for org.entando:entando-k8s-custom-model:jar:7.0.2
[WARNING] 'dependencies.dependency.scope' for com.fasterxml.jackson:jackson-bom:pom must be one of [provided, compile, runtime, test, ******] but is 'import'. @ org.entando:entando-quarkus-parent:7.0.5, /home/jenkins/.mvnrepository/org/entando/entando-quarkus-parent/7.0.5/entando-quarkus-parent-7.0.5.pom, line 438, column 20
[WARNING] 'dependencies.dependency.scope' for org.jboss.resteasy:resteasy-bom:pom must be one of [provided, compile, runtime, test, ******] but is 'import'. @ org.entando:entando-quarkus-parent:7.0.5, /home/jenkins/.mvnrepository/org/entando/entando-quarkus-parent/7.0.5/entando-quarkus-parent-7.0.5.pom, line 445, column 20
[WARNING] 'dependencies.dependency.scope' for org.junit:junit-bom:pom must be one of [provided, compile, runtime, test, ******] but is 'import'. @ org.entando:entando-quarkus-parent:7.0.5, /home/jenkins/.mvnrepository/org/entando/entando-quarkus-parent/7.0.5/entando-quarkus-parent-7.0.5.pom, line 452, column 20
[WARNING] 'dependencies.dependency.scope' for io.quarkus:quarkus-bom:pom must be one of [provided, compile, runtime, test, ******] but is 'import'. @ org.entando:entando-quarkus-parent:7.0.5, /home/jenkins/.mvnrepository/org/entando/entando-quarkus-parent/7.0.5/entando-quarkus-parent-7.0.5.pom, line 459, column 20
[WARNING] 
[WARNING] It is highly recommended to fix these problems because they threaten the stability of your build.
[WARNING] 
[WARNING] For this reason, future Maven versions might no longer support building such malformed projects.
[WARNING] 
[INFO] 
[INFO] ----------------< org.entando:entando-k8s-custom-model >----------------
[INFO] Building Entando Kubernetes Custom Model 7.0.2
[INFO] --------------------------------[ jar ]---------------------------------
[INFO] 
[INFO] --- maven-clean-plugin:2.5:clean (default-clean) @ entando-k8s-custom-model ---
[INFO] 
[INFO] --- maven-checkstyle-plugin:3.1.1:check (validate) @ entando-k8s-custom-model ---
[INFO] Starting audit...
Audit done.
[INFO] You have 0 Checkstyle violations.
[INFO] 
[INFO] --- maven-checkstyle-plugin:3.1.1:checkstyle (validate) @ entando-k8s-custom-model ---
[INFO] Starting audit...
Audit done.
[INFO] 
[INFO] --- jacoco-maven-plugin:0.8.7:prepare-agent (prepare-agent) @ entando-k8s-custom-model ---
[INFO] argLine set to -javaagent:/home/jenkins/.mvnrepository/org/jacoco/org.jacoco.agent/0.8.7/org.jacoco.agent-0.8.7-runtime.jar=destfile=/workspace/source/target/jacoco.e**c
[INFO] 
[INFO] --- maven-resources-plugin:2.6:resources (default-resources) @ entando-k8s-custom-model ---
[INFO] Using 'UTF-8' encoding to copy filtered resources.
[INFO] Copying 18 resources
[INFO] 
[INFO] --- maven-compiler-plugin:3.8.1:compile (default-compile) @ entando-k8s-custom-model ---
[INFO] Changes detected - recompiling the module!
[INFO] Compiling 108 source files to /workspace/source/target/classes
[INFO] 
[INFO] --- maven-resources-plugin:2.6:testResources (default-testResources) @ entando-k8s-custom-model ---
[INFO] Using 'UTF-8' encoding to copy filtered resources.
[INFO] Copying 3 resources
[INFO] 
[INFO] --- maven-compiler-plugin:3.8.1:testCompile (default-testCompile) @ entando-k8s-custom-model ---
[INFO] Changes detected - recompiling the module!
[INFO] Compiling 30 source files to /workspace/source/target/test-classes
[INFO] 
[INFO] --- maven-surefire-plugin:3.0.0-M1:test (default-test) @ entando-k8s-custom-model ---
[INFO] 
[INFO] -------------------------------------------------------
[INFO]  T E S T S
[INFO] -------------------------------------------------------
[INFO] Running org.entando.kubernetes.model.inprocesstest.EntandoCustomResourceStatusTest
[INFO] Tests run: 1, Failures: 0, Errors: 0, Skipped: 0, Time elapsed: 2.634 s - in org.entando.kubernetes.model.inprocesstest.EntandoCustomResourceStatusTest
[INFO] Running org.entando.kubernetes.model.inprocesstest.EntandoPluginMockedTest
Jan 18, 2022 7:24:19 PM okhttp3.mockwebserver.MockWebServer$2 e**cute
INFO: MockWebServer[60240] starting to accept connections
Jan 18, 2022 7:24:19 PM okhttp3.mockwebserver.MockWebServer$3 processOneRequest
INFO: MockWebServer[60240] received request: GET /api/v1/namespaces/entando-k8s-custom-model-cums14 HTTP/1.1 and responded: HTTP/1.1 404 Client Error
Jan 18, 2022 7:24:19 PM okhttp3.mockwebserver.MockWebServer$3 processOneRequest
INFO: MockWebServer[60240] received request: POST /api/v1/namespaces HTTP/1.1 and responded: HTTP/1.1 200 OK
Jan 18, 2022 7:24:19 PM okhttp3.mockwebserver.MockWebServer$3 processOneRequest
INFO: MockWebServer[60240] received request: POST /apis/entando.org/v1/namespaces/entando-k8s-custom-model-cums14/entandoplugins HTTP/1.1 and responded: HTTP/1.1 200 OK
Jan 18, 2022 7:24:19 PM okhttp3.mockwebserver.MockWebServer$3 processOneRequest
INFO: MockWebServer[60240] received request: GET /apis/entando.org/v1/namespaces/entando-k8s-custom-model-cums14/entandoplugins/my-plugin HTTP/1.1 and responded: HTTP/1.1 200 OK
Jan 18, 2022 7:24:20 PM okhttp3.mockwebserver.MockWebServer$3 processOneRequest
INFO: MockWebServer[60240] received request: PATCH /apis/entando.org/v1/namespaces/entando-k8s-custom-model-cums14/entandoplugins/my-plugin HTTP/1.1 and responded: HTTP/1.1 202 OK
Jan 18, 2022 7:24:20 PM okhttp3.mockwebserver.MockWebServer$3 processOneRequest
INFO: MockWebServer[60240] received request: PUT /apis/entando.org/v1/namespaces/entando-k8s-custom-model-cums14/entandoplugins/my-plugin/status HTTP/1.1 and responded: HTTP/1.1 200 OK
Jan 18, 2022 7:24:20 PM okhttp3.mockwebserver.MockWebServer$2 acceptConnections
INFO: MockWebServer[60240] done accepting connections: Socket closed
Jan 18, 2022 7:24:20 PM okhttp3.mockwebserver.MockWebServer$2 e**cute
INFO: MockWebServer[53395] starting to accept connections
Jan 18, 2022 7:24:20 PM okhttp3.mockwebserver.MockWebServer$3 processOneRequest
INFO: MockWebServer[53395] received request: GET /api/v1/namespaces/entando-k8s-custom-model-cums14 HTTP/1.1 and responded: HTTP/1.1 404 Client Error
Jan 18, 2022 7:24:20 PM okhttp3.mockwebserver.MockWebServer$3 processOneRequest
INFO: MockWebServer[53395] received request: POST /api/v1/namespaces HTTP/1.1 and responded: HTTP/1.1 200 OK
Jan 18, 2022 7:24:20 PM okhttp3.mockwebserver.MockWebServer$3 processOneRequest
INFO: MockWebServer[53395] received request: POST /apis/entando.org/v1/namespaces/entando-k8s-custom-model-cums14/entandoplugins HTTP/1.1 and responded: HTTP/1.1 200 OK
Jan 18, 2022 7:24:20 PM okhttp3.mockwebserver.MockWebServer$3 processOneRequest
INFO: MockWebServer[53395] received request: GET /apis/entando.org/v1/namespaces/entando-k8s-custom-model-cums14/entandoplugins/my-plugin HTTP/1.1 and responded: HTTP/1.1 200 OK
Jan 18, 2022 7:24:20 PM okhttp3.mockwebserver.MockWebServer$2 acceptConnections
INFO: MockWebServer[53395] done accepting connections: Socket closed
Jan 18, 2022 7:24:20 PM okhttp3.mockwebserver.MockWebServer$2 e**cute
INFO: MockWebServer[39295] starting to accept connections
Jan 18, 2022 7:24:20 PM okhttp3.mockwebserver.MockWebServer$3 processOneRequest
INFO: MockWebServer[39295] received request: GET /api/v1/namespaces/entando-k8s-custom-model-cums14 HTTP/1.1 and responded: HTTP/1.1 404 Client Error
Jan 18, 2022 7:24:20 PM okhttp3.mockwebserver.MockWebServer$3 processOneRequest
INFO: MockWebServer[39295] received request: POST /api/v1/namespaces HTTP/1.1 and responded: HTTP/1.1 200 OK
Jan 18, 2022 7:24:20 PM okhttp3.mockwebserver.MockWebServer$2 acceptConnections
INFO: MockWebServer[39295] done accepting connections: Socket closed
[INFO] Tests run: 3, Failures: 0, Errors: 0, Skipped: 0, Time elapsed: 2.351 s - in org.entando.kubernetes.model.inprocesstest.EntandoPluginMockedTest
[INFO] Running org.entando.kubernetes.model.inprocesstest.ProvidedCapabilityMockedTest
Jan 18, 2022 7:24:20 PM okhttp3.mockwebserver.MockWebServer$2 e**cute
INFO: MockWebServer[33850] starting to accept connections
Jan 18, 2022 7:24:20 PM okhttp3.mockwebserver.MockWebServer$3 processOneRequest
INFO: MockWebServer[33850] received request: GET /api/v1/namespaces/entando-k8s-custom-model-cums14 HTTP/1.1 and responded: HTTP/1.1 404 Client Error
Jan 18, 2022 7:24:20 PM okhttp3.mockwebserver.MockWebServer$3 processOneRequest
INFO: MockWebServer[33850] received request: POST /api/v1/namespaces HTTP/1.1 and responded: HTTP/1.1 200 OK
Jan 18, 2022 7:24:20 PM okhttp3.mockwebserver.MockWebServer$3 processOneRequest
INFO: MockWebServer[33850] received request: POST /apis/entando.org/v1/namespaces/entando-k8s-custom-model-cums14/providedcapabilities HTTP/1.1 and responded: HTTP/1.1 200 OK
Jan 18, 2022 7:24:20 PM okhttp3.mockwebserver.MockWebServer$3 processOneRequest
INFO: MockWebServer[33850] received request: GET /apis/entando.org/v1/namespaces/entando-k8s-custom-model-cums14/providedcapabilities/my-capability HTTP/1.1 and responded: HTTP/1.1 200 OK
Jan 18, 2022 7:24:20 PM okhttp3.mockwebserver.MockWebServer$3 processOneRequest
INFO: MockWebServer[33850] received request: GET /apis/entando.org/v1/namespaces/entando-k8s-custom-model-cums14/providedcapabilities/my-capability HTTP/1.1 and responded: HTTP/1.1 200 OK
Jan 18, 2022 7:24:20 PM okhttp3.mockwebserver.MockWebServer$3 processOneRequest
INFO: MockWebServer[33850] received request: PATCH /apis/entando.org/v1/namespaces/entando-k8s-custom-model-cums14/providedcapabilities/my-capability HTTP/1.1 and responded: HTTP/1.1 202 OK
Jan 18, 2022 7:24:20 PM okhttp3.mockwebserver.MockWebServer$2 acceptConnections
INFO: MockWebServer[33850] done accepting connections: Socket closed
Jan 18, 2022 7:24:20 PM okhttp3.mockwebserver.MockWebServer$2 e**cute
INFO: MockWebServer[43024] starting to accept connections
Jan 18, 2022 7:24:20 PM okhttp3.mockwebserver.MockWebServer$3 processOneRequest
INFO: MockWebServer[43024] received request: GET /api/v1/namespaces/entando-k8s-custom-model-cums14 HTTP/1.1 and responded: HTTP/1.1 404 Client Error
Jan 18, 2022 7:24:20 PM okhttp3.mockwebserver.MockWebServer$3 processOneRequest
INFO: MockWebServer[43024] received request: POST /api/v1/namespaces HTTP/1.1 and responded: HTTP/1.1 200 OK
Jan 18, 2022 7:24:20 PM okhttp3.mockwebserver.MockWebServer$3 processOneRequest
INFO: MockWebServer[43024] received request: POST /apis/entando.org/v1/namespaces/entando-k8s-custom-model-cums14/providedcapabilities HTTP/1.1 and responded: HTTP/1.1 200 OK
Jan 18, 2022 7:24:21 PM okhttp3.mockwebserver.MockWebServer$3 processOneRequest
INFO: MockWebServer[43024] received request: GET /apis/entando.org/v1/namespaces/entando-k8s-custom-model-cums14/providedcapabilities/my-capability HTTP/1.1 and responded: HTTP/1.1 200 OK
Jan 18, 2022 7:24:21 PM okhttp3.mockwebserver.MockWebServer$2 acceptConnections
INFO: MockWebServer[43024] done accepting connections: Socket closed
[INFO] Tests run: 2, Failures: 0, Errors: 0, Skipped: 0, Time elapsed: 0.547 s - in org.entando.kubernetes.model.inprocesstest.ProvidedCapabilityMockedTest
[INFO] Running org.entando.kubernetes.model.inprocesstest.EntandoKeycloakServerMockedTest
Jan 18, 2022 7:24:21 PM okhttp3.mockwebserver.MockWebServer$2 e**cute
INFO: MockWebServer[39547] starting to accept connections
Jan 18, 2022 7:24:21 PM okhttp3.mockwebserver.MockWebServer$3 processOneRequest
INFO: MockWebServer[39547] received request: GET /api/v1/namespaces/entando-k8s-custom-model-cums14 HTTP/1.1 and responded: HTTP/1.1 404 Client Error
Jan 18, 2022 7:24:21 PM okhttp3.mockwebserver.MockWebServer$3 processOneRequest
INFO: MockWebServer[39547] received request: POST /api/v1/namespaces HTTP/1.1 and responded: HTTP/1.1 200 OK
Jan 18, 2022 7:24:21 PM okhttp3.mockwebserver.MockWebServer$3 processOneRequest
INFO: MockWebServer[39547] received request: POST /apis/entando.org/v1/namespaces/entando-k8s-custom-model-cums14/entandokeycloakservers HTTP/1.1 and responded: HTTP/1.1 200 OK
Jan 18, 2022 7:24:21 PM okhttp3.mockwebserver.MockWebServer$3 processOneRequest
INFO: MockWebServer[39547] received request: GET /apis/entando.org/v1/namespaces/entando-k8s-custom-model-cums14/entandokeycloakservers/my-keycloak HTTP/1.1 and responded: HTTP/1.1 200 OK
Jan 18, 2022 7:24:21 PM okhttp3.mockwebserver.MockWebServer$2 acceptConnections
INFO: MockWebServer[39547] done accepting connections: Socket closed
Jan 18, 2022 7:24:21 PM okhttp3.mockwebserver.MockWebServer$2 e**cute
INFO: MockWebServer[39825] starting to accept connections
Jan 18, 2022 7:24:21 PM okhttp3.mockwebserver.MockWebServer$3 processOneRequest
INFO: MockWebServer[39825] received request: GET /api/v1/namespaces/entando-k8s-custom-model-cums14 HTTP/1.1 and responded: HTTP/1.1 404 Client Error
Jan 18, 2022 7:24:21 PM okhttp3.mockwebserver.MockWebServer$3 processOneRequest
INFO: MockWebServer[39825] received request: POST /api/v1/namespaces HTTP/1.1 and responded: HTTP/1.1 200 OK
Jan 18, 2022 7:24:21 PM okhttp3.mockwebserver.MockWebServer$3 processOneRequest
INFO: MockWebServer[39825] received request: POST /apis/entando.org/v1/namespaces/entando-k8s-custom-model-cums14/entandokeycloakservers HTTP/1.1 and responded: HTTP/1.1 200 OK
Jan 18, 2022 7:24:21 PM okhttp3.mockwebserver.MockWebServer$3 processOneRequest
INFO: MockWebServer[39825] received request: GET /apis/entando.org/v1/namespaces/entando-k8s-custom-model-cums14/entandokeycloakservers/my-keycloak HTTP/1.1 and responded: HTTP/1.1 200 OK
Jan 18, 2022 7:24:21 PM okhttp3.mockwebserver.MockWebServer$3 processOneRequest
INFO: MockWebServer[39825] received request: PATCH /apis/entando.org/v1/namespaces/entando-k8s-custom-model-cums14/entandokeycloakservers/my-keycloak HTTP/1.1 and responded: HTTP/1.1 202 OK
Jan 18, 2022 7:24:21 PM okhttp3.mockwebserver.MockWebServer$3 processOneRequest
INFO: MockWebServer[39825] received request: PUT /apis/entando.org/v1/namespaces/entando-k8s-custom-model-cums14/entandokeycloakservers/my-keycloak/status HTTP/1.1 and responded: HTTP/1.1 200 OK
Jan 18, 2022 7:24:21 PM okhttp3.mockwebserver.MockWebServer$2 acceptConnections
INFO: MockWebServer[39825] done accepting connections: Socket closed
Jan 18, 2022 7:24:21 PM okhttp3.mockwebserver.MockWebServer$2 e**cute
INFO: MockWebServer[47690] starting to accept connections
Jan 18, 2022 7:24:21 PM okhttp3.mockwebserver.MockWebServer$3 processOneRequest
INFO: MockWebServer[47690] received request: GET /api/v1/namespaces/entando-k8s-custom-model-cums14 HTTP/1.1 and responded: HTTP/1.1 404 Client Error
Jan 18, 2022 7:24:21 PM okhttp3.mockwebserver.MockWebServer$3 processOneRequest
INFO: MockWebServer[47690] received request: POST /api/v1/namespaces HTTP/1.1 and responded: HTTP/1.1 200 OK
Jan 18, 2022 7:24:21 PM okhttp3.mockwebserver.MockWebServer$2 acceptConnections
INFO: MockWebServer[47690] done accepting connections: Socket closed
[INFO] Tests run: 3, Failures: 0, Errors: 0, Skipped: 0, Time elapsed: 0.585 s - in org.entando.kubernetes.model.inprocesstest.EntandoKeycloakServerMockedTest
[INFO] Running org.entando.kubernetes.model.inprocesstest.EntandoDeBundleMockedTest
Jan 18, 2022 7:24:21 PM okhttp3.mockwebserver.MockWebServer$2 e**cute
INFO: MockWebServer[58160] starting to accept connections
Jan 18, 2022 7:24:21 PM okhttp3.mockwebserver.MockWebServer$3 processOneRequest
INFO: MockWebServer[58160] received request: GET /api/v1/namespaces/entando-k8s-custom-model-cums14 HTTP/1.1 and responded: HTTP/1.1 404 Client Error
Jan 18, 2022 7:24:21 PM okhttp3.mockwebserver.MockWebServer$3 processOneRequest
INFO: MockWebServer[58160] received request: POST /api/v1/namespaces HTTP/1.1 and responded: HTTP/1.1 200 OK
Jan 18, 2022 7:24:21 PM okhttp3.mockwebserver.MockWebServer$3 processOneRequest
INFO: MockWebServer[58160] received request: POST /apis/entando.org/v1/namespaces/entando-k8s-custom-model-cums14/entandodebundles HTTP/1.1 and responded: HTTP/1.1 200 OK
Jan 18, 2022 7:24:21 PM okhttp3.mockwebserver.MockWebServer$3 processOneRequest
INFO: MockWebServer[58160] received request: GET /apis/entando.org/v1/namespaces/entando-k8s-custom-model-cums14/entandodebundles/my-bundle HTTP/1.1 and responded: HTTP/1.1 200 OK
Jan 18, 2022 7:24:21 PM okhttp3.mockwebserver.MockWebServer$3 processOneRequest
INFO: MockWebServer[58160] received request: PATCH /apis/entando.org/v1/namespaces/entando-k8s-custom-model-cums14/entandodebundles/my-bundle HTTP/1.1 and responded: HTTP/1.1 202 OK
Jan 18, 2022 7:24:21 PM okhttp3.mockwebserver.MockWebServer$2 acceptConnections
INFO: MockWebServer[58160] done accepting connections: Socket closed
Jan 18, 2022 7:24:21 PM okhttp3.mockwebserver.MockWebServer$2 e**cute
INFO: MockWebServer[57860] starting to accept connections
Jan 18, 2022 7:24:21 PM okhttp3.mockwebserver.MockWebServer$3 processOneRequest
INFO: MockWebServer[57860] received request: GET /api/v1/namespaces/entando-k8s-custom-model-cums14 HTTP/1.1 and responded: HTTP/1.1 404 Client Error
Jan 18, 2022 7:24:21 PM okhttp3.mockwebserver.MockWebServer$3 processOneRequest
INFO: MockWebServer[57860] received request: POST /api/v1/namespaces HTTP/1.1 and responded: HTTP/1.1 200 OK
Jan 18, 2022 7:24:22 PM okhttp3.mockwebserver.MockWebServer$3 processOneRequest
INFO: MockWebServer[57860] received request: POST /apis/entando.org/v1/namespaces/entando-k8s-custom-model-cums14/entandodebundles HTTP/1.1 and responded: HTTP/1.1 200 OK
Jan 18, 2022 7:24:22 PM okhttp3.mockwebserver.MockWebServer$3 processOneRequest
INFO: MockWebServer[57860] received request: GET /apis/entando.org/v1/namespaces/entando-k8s-custom-model-cums14/entandodebundles/my-bundle HTTP/1.1 and responded: HTTP/1.1 200 OK
Jan 18, 2022 7:24:22 PM okhttp3.mockwebserver.MockWebServer$2 acceptConnections
INFO: MockWebServer[57860] done accepting connections: Socket closed
Jan 18, 2022 7:24:22 PM okhttp3.mockwebserver.MockWebServer$2 e**cute
INFO: MockWebServer[48163] starting to accept connections
Jan 18, 2022 7:24:22 PM okhttp3.mockwebserver.MockWebServer$3 processOneRequest
INFO: MockWebServer[48163] received request: GET /api/v1/namespaces/entando-k8s-custom-model-cums14 HTTP/1.1 and responded: HTTP/1.1 404 Client Error
Jan 18, 2022 7:24:22 PM okhttp3.mockwebserver.MockWebServer$3 processOneRequest
INFO: MockWebServer[48163] received request: POST /api/v1/namespaces HTTP/1.1 and responded: HTTP/1.1 200 OK
Jan 18, 2022 7:24:22 PM okhttp3.mockwebserver.MockWebServer$2 acceptConnections
INFO: MockWebServer[48163] done accepting connections: Socket closed
[INFO] Tests run: 3, Failures: 0, Errors: 0, Skipped: 0, Time elapsed: 0.54 s - in org.entando.kubernetes.model.inprocesstest.EntandoDeBundleMockedTest
Jan 18, 2022 7:24:22 PM okhttp3.mockwebserver.MockWebServer$2 e**cute
INFO: MockWebServer[35586] starting to accept connections
Jan 18, 2022 7:24:22 PM okhttp3.mockwebserver.MockWebServer$3 processOneRequest
INFO: MockWebServer[35586] received request: GET /api/v1/namespaces/entando-k8s-custom-model-cums14 HTTP/1.1 and responded: HTTP/1.1 404 Client Error
[INFO] Running org.entando.kubernetes.model.inprocesstest.EntandoAppPluginLinkMockedTest
Jan 18, 2022 7:24:22 PM okhttp3.mockwebserver.MockWebServer$3 processOneRequest
INFO: MockWebServer[35586] received request: POST /api/v1/namespaces HTTP/1.1 and responded: HTTP/1.1 200 OK
Jan 18, 2022 7:24:22 PM okhttp3.mockwebserver.MockWebServer$3 processOneRequest
INFO: MockWebServer[35586] received request: POST /apis/entando.org/v1/namespaces/entando-k8s-custom-model-cums14/entandoapppluginlinks HTTP/1.1 and responded: HTTP/1.1 200 OK
Jan 18, 2022 7:24:22 PM okhttp3.mockwebserver.MockWebServer$3 processOneRequest
INFO: MockWebServer[35586] received request: GET /apis/entando.org/v1/namespaces/entando-k8s-custom-model-cums14/entandoapppluginlinks/my-app-plugin-link HTTP/1.1 and responded: HTTP/1.1 200 OK
Jan 18, 2022 7:24:22 PM okhttp3.mockwebserver.MockWebServer$3 processOneRequest
INFO: MockWebServer[35586] received request: GET /apis/entando.org/v1/namespaces/entando-k8s-custom-model-cums14/entandoapppluginlinks/my-app-plugin-link HTTP/1.1 and responded: HTTP/1.1 200 OK
Jan 18, 2022 7:24:22 PM okhttp3.mockwebserver.MockWebServer$3 processOneRequest
INFO: MockWebServer[35586] received request: PATCH /apis/entando.org/v1/namespaces/entando-k8s-custom-model-cums14/entandoapppluginlinks/my-app-plugin-link HTTP/1.1 and responded: HTTP/1.1 202 OK
Jan 18, 2022 7:24:22 PM okhttp3.mockwebserver.MockWebServer$2 acceptConnections
INFO: MockWebServer[35586] done accepting connections: Socket closed
Jan 18, 2022 7:24:22 PM okhttp3.mockwebserver.MockWebServer$2 e**cute
INFO: MockWebServer[55209] starting to accept connections
Jan 18, 2022 7:24:22 PM okhttp3.mockwebserver.MockWebServer$3 processOneRequest
INFO: MockWebServer[55209] received request: GET /api/v1/namespaces/entando-k8s-custom-model-cums14 HTTP/1.1 and responded: HTTP/1.1 404 Client Error
Jan 18, 2022 7:24:22 PM okhttp3.mockwebserver.MockWebServer$3 processOneRequest
INFO: MockWebServer[55209] received request: POST /api/v1/namespaces HTTP/1.1 and responded: HTTP/1.1 200 OK
Jan 18, 2022 7:24:22 PM okhttp3.mockwebserver.MockWebServer$3 processOneRequest
INFO: MockWebServer[55209] received request: POST /apis/entando.org/v1/namespaces/entando-k8s-custom-model-cums14/entandoapppluginlinks HTTP/1.1 and responded: HTTP/1.1 200 OK
Jan 18, 2022 7:24:22 PM okhttp3.mockwebserver.MockWebServer$3 processOneRequest
INFO: MockWebServer[55209] received request: GET /apis/entando.org/v1/namespaces/entando-k8s-custom-model-cums14/entandoapppluginlinks/my-app-plugin-link HTTP/1.1 and responded: HTTP/1.1 200 OK
Jan 18, 2022 7:24:22 PM okhttp3.mockwebserver.MockWebServer$2 acceptConnections
INFO: MockWebServer[55209] done accepting connections: Socket closed
Jan 18, 2022 7:24:22 PM okhttp3.mockwebserver.MockWebServer$2 e**cute
INFO: MockWebServer[53847] starting to accept connections
Jan 18, 2022 7:24:22 PM okhttp3.mockwebserver.MockWebServer$3 processOneRequest
INFO: MockWebServer[53847] received request: GET /api/v1/namespaces/entando-k8s-custom-model-cums14 HTTP/1.1 and responded: HTTP/1.1 404 Client Error
Jan 18, 2022 7:24:22 PM okhttp3.mockwebserver.MockWebServer$3 processOneRequest
INFO: MockWebServer[53847] received request: POST /api/v1/namespaces HTTP/1.1 and responded: HTTP/1.1 200 OK
Jan 18, 2022 7:24:22 PM okhttp3.mockwebserver.MockWebServer$2 acceptConnections
INFO: MockWebServer[53847] done accepting connections: Socket closed
[INFO] Tests run: 3, Failures: 0, Errors: 0, Skipped: 0, Time elapsed: 0.593 s - in org.entando.kubernetes.model.inprocesstest.EntandoAppPluginLinkMockedTest
[INFO] Running org.entando.kubernetes.model.inprocesstest.EntandoCompositeAppMockedTest
Jan 18, 2022 7:24:22 PM okhttp3.mockwebserver.MockWebServer$2 e**cute
INFO: MockWebServer[51995] starting to accept connections
Jan 18, 2022 7:24:22 PM okhttp3.mockwebserver.MockWebServer$3 processOneRequest
INFO: MockWebServer[51995] received request: GET /api/v1/namespaces/entando-k8s-custom-model-cums14 HTTP/1.1 and responded: HTTP/1.1 404 Client Error
Jan 18, 2022 7:24:22 PM okhttp3.mockwebserver.MockWebServer$3 processOneRequest
INFO: MockWebServer[51995] received request: POST /api/v1/namespaces HTTP/1.1 and responded: HTTP/1.1 200 OK
Jan 18, 2022 7:24:22 PM okhttp3.mockwebserver.MockWebServer$3 processOneRequest
INFO: MockWebServer[51995] received request: POST /apis/entando.org/v1/namespaces/entando-k8s-custom-model-cums14/entandocompositeapps HTTP/1.1 and responded: HTTP/1.1 200 OK
Jan 18, 2022 7:24:23 PM okhttp3.mockwebserver.MockWebServer$3 processOneRequest
INFO: MockWebServer[51995] received request: GET /apis/entando.org/v1/namespaces/entando-k8s-custom-model-cums14/entandocompositeapps/my-comnposite-app HTTP/1.1 and responded: HTTP/1.1 200 OK
Jan 18, 2022 7:24:23 PM okhttp3.mockwebserver.MockWebServer$2 acceptConnections
INFO: MockWebServer[51995] done accepting connections: Socket closed
Jan 18, 2022 7:24:23 PM okhttp3.mockwebserver.MockWebServer$2 e**cute
INFO: MockWebServer[47201] starting to accept connections
Jan 18, 2022 7:24:23 PM okhttp3.mockwebserver.MockWebServer$3 processOneRequest
INFO: MockWebServer[47201] received request: GET /api/v1/namespaces/entando-k8s-custom-model-cums14 HTTP/1.1 and responded: HTTP/1.1 404 Client Error
Jan 18, 2022 7:24:23 PM okhttp3.mockwebserver.MockWebServer$3 processOneRequest
INFO: MockWebServer[47201] received request: POST /api/v1/namespaces HTTP/1.1 and responded: HTTP/1.1 200 OK
Jan 18, 2022 7:24:23 PM okhttp3.mockwebserver.MockWebServer$3 processOneRequest
INFO: MockWebServer[47201] received request: POST /apis/entando.org/v1/namespaces/entando-k8s-custom-model-cums14/entandocompositeapps HTTP/1.1 and responded: HTTP/1.1 200 OK
Jan 18, 2022 7:24:23 PM okhttp3.mockwebserver.MockWebServer$3 processOneRequest
INFO: MockWebServer[47201] received request: GET /apis/entando.org/v1/namespaces/entando-k8s-custom-model-cums14/entandocompositeapps/my-comnposite-app HTTP/1.1 and responded: HTTP/1.1 200 OK
Jan 18, 2022 7:24:23 PM okhttp3.mockwebserver.MockWebServer$3 processOneRequest
INFO: MockWebServer[47201] received request: PATCH /apis/entando.org/v1/namespaces/entando-k8s-custom-model-cums14/entandocompositeapps/my-comnposite-app HTTP/1.1 and responded: HTTP/1.1 202 OK
Jan 18, 2022 7:24:23 PM okhttp3.mockwebserver.MockWebServer$3 processOneRequest
INFO: MockWebServer[47201] received request: PUT /apis/entando.org/v1/namespaces/entando-k8s-custom-model-cums14/entandocompositeapps/my-comnposite-app/status HTTP/1.1 and responded: HTTP/1.1 200 OK
Jan 18, 2022 7:24:23 PM okhttp3.mockwebserver.MockWebServer$2 acceptConnections
INFO: MockWebServer[47201] done accepting connections: Socket closed
[INFO] Tests run: 2, Failures: 0, Errors: 0, Skipped: 0, Time elapsed: 0.536 s - in org.entando.kubernetes.model.inprocesstest.EntandoCompositeAppMockedTest
[INFO] Running org.entando.kubernetes.model.inprocesstest.EntandoAppMockedTest
Jan 18, 2022 7:24:23 PM okhttp3.mockwebserver.MockWebServer$2 e**cute
INFO: MockWebServer[53129] starting to accept connections
Jan 18, 2022 7:24:23 PM okhttp3.mockwebserver.MockWebServer$3 processOneRequest
INFO: MockWebServer[53129] received request: GET /api/v1/namespaces/entando-k8s-custom-model-cums14 HTTP/1.1 and responded: HTTP/1.1 404 Client Error
Jan 18, 2022 7:24:23 PM okhttp3.mockwebserver.MockWebServer$3 processOneRequest
INFO: MockWebServer[53129] received request: POST /api/v1/namespaces HTTP/1.1 and responded: HTTP/1.1 200 OK
Jan 18, 2022 7:24:23 PM okhttp3.mockwebserver.MockWebServer$3 processOneRequest
INFO: MockWebServer[53129] received request: POST /apis/entando.org/v1/namespaces/entando-k8s-custom-model-cums14/entandoapps HTTP/1.1 and responded: HTTP/1.1 200 OK
Jan 18, 2022 7:24:23 PM okhttp3.mockwebserver.MockWebServer$3 processOneRequest
INFO: MockWebServer[53129] received request: GET /apis/entando.org/v1/namespaces/entando-k8s-custom-model-cums14/entandoapps/my-app HTTP/1.1 and responded: HTTP/1.1 200 OK
Jan 18, 2022 7:24:23 PM okhttp3.mockwebserver.MockWebServer$3 processOneRequest
INFO: MockWebServer[53129] received request: PATCH /apis/entando.org/v1/namespaces/entando-k8s-custom-model-cums14/entandoapps/my-app HTTP/1.1 and responded: HTTP/1.1 202 OK
Jan 18, 2022 7:24:23 PM okhttp3.mockwebserver.MockWebServer$2 acceptConnections
INFO: MockWebServer[53129] done accepting connections: Socket closed
Jan 18, 2022 7:24:23 PM okhttp3.mockwebserver.MockWebServer$2 e**cute
INFO: MockWebServer[34987] starting to accept connections
Jan 18, 2022 7:24:23 PM okhttp3.mockwebserver.MockWebServer$3 processOneRequest
INFO: MockWebServer[34987] received request: GET /api/v1/namespaces/entando-k8s-custom-model-cums14 HTTP/1.1 and responded: HTTP/1.1 404 Client Error
Jan 18, 2022 7:24:23 PM okhttp3.mockwebserver.MockWebServer$3 processOneRequest
INFO: MockWebServer[34987] received request: POST /api/v1/namespaces HTTP/1.1 and responded: HTTP/1.1 200 OK
Jan 18, 2022 7:24:23 PM okhttp3.mockwebserver.MockWebServer$3 processOneRequest
INFO: MockWebServer[34987] received request: POST /apis/entando.org/v1/namespaces/entando-k8s-custom-model-cums14/entandoapps HTTP/1.1 and responded: HTTP/1.1 200 OK
Jan 18, 2022 7:24:23 PM okhttp3.mockwebserver.MockWebServer$3 processOneRequest
INFO: MockWebServer[34987] received request: GET /apis/entando.org/v1/namespaces/entando-k8s-custom-model-cums14/entandoapps/my-app HTTP/1.1 and responded: HTTP/1.1 200 OK
Jan 18, 2022 7:24:23 PM okhttp3.mockwebserver.MockWebServer$2 acceptConnections
INFO: MockWebServer[34987] done accepting connections: Socket closed
Jan 18, 2022 7:24:23 PM okhttp3.mockwebserver.MockWebServer$2 e**cute
INFO: MockWebServer[40462] starting to accept connections
Jan 18, 2022 7:24:23 PM okhttp3.mockwebserver.MockWebServer$3 processOneRequest
INFO: MockWebServer[40462] received request: GET /api/v1/namespaces/entando-k8s-custom-model-cums14 HTTP/1.1 and responded: HTTP/1.1 404 Client Error
Jan 18, 2022 7:24:23 PM okhttp3.mockwebserver.MockWebServer$3 processOneRequest
INFO: MockWebServer[40462] received request: POST /api/v1/namespaces HTTP/1.1 and responded: HTTP/1.1 200 OK
Jan 18, 2022 7:24:23 PM okhttp3.mockwebserver.MockWebServer$2 acceptConnections
INFO: MockWebServer[40462] done accepting connections: Socket closed
[INFO] Tests run: 3, Failures: 0, Errors: 0, Skipped: 0, Time elapsed: 0.487 s - in org.entando.kubernetes.model.inprocesstest.EntandoAppMockedTest
[INFO] Running org.entando.kubernetes.model.inprocesstest.EntandoDatabaseServiceMockedTest
Jan 18, 2022 7:24:23 PM okhttp3.mockwebserver.MockWebServer$2 e**cute
INFO: MockWebServer[33724] starting to accept connections
Jan 18, 2022 7:24:23 PM okhttp3.mockwebserver.MockWebServer$3 processOneRequest
INFO: MockWebServer[33724] received request: GET /api/v1/namespaces/entando-k8s-custom-model-cums14 HTTP/1.1 and responded: HTTP/1.1 404 Client Error
Jan 18, 2022 7:24:23 PM okhttp3.mockwebserver.MockWebServer$3 processOneRequest
INFO: MockWebServer[33724] received request: POST /api/v1/namespaces HTTP/1.1 and responded: HTTP/1.1 200 OK
Jan 18, 2022 7:24:23 PM okhttp3.mockwebserver.MockWebServer$3 processOneRequest
INFO: MockWebServer[33724] received request: POST /apis/entando.org/v1/namespaces/entando-k8s-custom-model-cums14/entandodatabaseservices HTTP/1.1 and responded: HTTP/1.1 200 OK
Jan 18, 2022 7:24:23 PM okhttp3.mockwebserver.MockWebServer$3 processOneRequest
INFO: MockWebServer[33724] received request: GET /apis/entando.org/v1/namespaces/entando-k8s-custom-model-cums14/entandodatabaseservices/my-external-database HTTP/1.1 and responded: HTTP/1.1 200 OK
Jan 18, 2022 7:24:24 PM okhttp3.mockwebserver.MockWebServer$2 acceptConnections
INFO: MockWebServer[33724] done accepting connections: Socket closed
Jan 18, 2022 7:24:24 PM okhttp3.mockwebserver.MockWebServer$2 e**cute
INFO: MockWebServer[59207] starting to accept connections
Jan 18, 2022 7:24:24 PM okhttp3.mockwebserver.MockWebServer$3 processOneRequest
INFO: MockWebServer[59207] received request: GET /api/v1/namespaces/entando-k8s-custom-model-cums14 HTTP/1.1 and responded: HTTP/1.1 404 Client Error
Jan 18, 2022 7:24:24 PM okhttp3.mockwebserver.MockWebServer$3 processOneRequest
INFO: MockWebServer[59207] received request: POST /api/v1/namespaces HTTP/1.1 and responded: HTTP/1.1 200 OK
Jan 18, 2022 7:24:24 PM okhttp3.mockwebserver.MockWebServer$3 processOneRequest
INFO: MockWebServer[59207] received request: POST /apis/entando.org/v1/namespaces/entando-k8s-custom-model-cums14/entandodatabaseservices HTTP/1.1 and responded: HTTP/1.1 200 OK
Jan 18, 2022 7:24:24 PM okhttp3.mockwebserver.MockWebServer$3 processOneRequest
INFO: MockWebServer[59207] received request: GET /apis/entando.org/v1/namespaces/entando-k8s-custom-model-cums14/entandodatabaseservices/my-external-database HTTP/1.1 and responded: HTTP/1.1 200 OK
Jan 18, 2022 7:24:24 PM okhttp3.mockwebserver.MockWebServer$3 processOneRequest
INFO: MockWebServer[59207] received request: PATCH /apis/entando.org/v1/namespaces/entando-k8s-custom-model-cums14/entandodatabaseservices/my-external-database HTTP/1.1 and responded: HTTP/1.1 202 OK
Jan 18, 2022 7:24:24 PM okhttp3.mockwebserver.MockWebServer$2 acceptConnections
INFO: MockWebServer[59207] done accepting connections: Socket closed
Jan 18, 2022 7:24:24 PM okhttp3.mockwebserver.MockWebServer$2 e**cute
INFO: MockWebServer[38055] starting to accept connections
Jan 18, 2022 7:24:24 PM okhttp3.mockwebserver.MockWebServer$3 processOneRequest
INFO: MockWebServer[38055] received request: GET /api/v1/namespaces/entando-k8s-custom-model-cums14 HTTP/1.1 and responded: HTTP/1.1 404 Client Error
Jan 18, 2022 7:24:24 PM okhttp3.mockwebserver.MockWebServer$3 processOneRequest
INFO: MockWebServer[38055] received request: POST /api/v1/namespaces HTTP/1.1 and responded: HTTP/1.1 200 OK
Jan 18, 2022 7:24:24 PM okhttp3.mockwebserver.MockWebServer$2 acceptConnections
INFO: MockWebServer[38055] done accepting connections: Socket closed
[INFO] Tests run: 3, Failures: 0, Errors: 0, Skipped: 0, Time elapsed: 0.442 s - in org.entando.kubernetes.model.inprocesstest.EntandoDatabaseServiceMockedTest
[INFO] Running org.entando.kubernetes.model.NamedEnumTest
[INFO] Tests run: 1, Failures: 0, Errors: 0, Skipped: 0, Time elapsed: 0 s - in org.entando.kubernetes.model.NamedEnumTest
[INFO] Running org.entando.kubernetes.model.interprocesstest.EntandoKeycloakServerIntegratedTest
[INFO] Tests run: 2, Failures: 0, Errors: 0, Skipped: 0, Time elapsed: 1.806 s - in org.entando.kubernetes.model.interprocesstest.EntandoKeycloakServerIntegratedTest
[INFO] Running org.entando.kubernetes.model.interprocesstest.EntandoAppPluginLinkIntegratedTest
[INFO] Tests run: 2, Failures: 0, Errors: 0, Skipped: 0, Time elapsed: 0.974 s - in org.entando.kubernetes.model.interprocesstest.EntandoAppPluginLinkIntegratedTest
[INFO] Running org.entando.kubernetes.model.interprocesstest.EntandoDatabaseServiceIntegratedTest
[INFO] Tests run: 2, Failures: 0, Errors: 0, Skipped: 0, Time elapsed: 0.858 s - in org.entando.kubernetes.model.interprocesstest.EntandoDatabaseServiceIntegratedTest
[INFO] Running org.entando.kubernetes.model.interprocesstest.ProvidedCapabilityIntegratedTest
[INFO] Tests run: 2, Failures: 0, Errors: 0, Skipped: 0, Time elapsed: 0.916 s - in org.entando.kubernetes.model.interprocesstest.ProvidedCapabilityIntegratedTest
[INFO] Running org.entando.kubernetes.model.interprocesstest.EntandoPluginIntegratedTest
[INFO] Tests run: 2, Failures: 0, Errors: 0, Skipped: 0, Time elapsed: 0.776 s - in org.entando.kubernetes.model.interprocesstest.EntandoPluginIntegratedTest
[INFO] Running org.entando.kubernetes.model.interprocesstest.EntandoAppIntegratedTest
[INFO] Tests run: 2, Failures: 0, Errors: 0, Skipped: 0, Time elapsed: 0.813 s - in org.entando.kubernetes.model.interprocesstest.EntandoAppIntegratedTest
[INFO] Running org.entando.kubernetes.model.interprocesstest.EntandoDeBundleIntegratedTest
[INFO] Tests run: 2, Failures: 0, Errors: 0, Skipped: 0, Time elapsed: 0.965 s - in org.entando.kubernetes.model.interprocesstest.EntandoDeBundleIntegratedTest
[INFO] Running org.entando.kubernetes.model.interprocesstest.EntandoCompositeAppIntegratedTest
[INFO] Tests run: 2, Failures: 0, Errors: 0, Skipped: 0, Time elapsed: 0.994 s - in org.entando.kubernetes.model.interprocesstest.EntandoCompositeAppIntegratedTest
[INFO] 
[INFO] Results:
[INFO] 
[INFO] Tests run: 40, Failures: 0, Errors: 0, Skipped: 0
[INFO] 
[INFO] 
[INFO] --- maven-jar-plugin:3.2.0:jar (default-jar) @ entando-k8s-custom-model ---
[INFO] Building jar: /workspace/source/target/entando-k8s-custom-model-7.0.2.jar
[INFO] 
[INFO] --- license-maven-plugin:2.0.0:aggregate-download-licenses (download-licenses) @ entando-k8s-custom-model ---
[WARNING] No URL for license at index 0 in dependency com.******.ojdbc:ojdbc8:19.3.0.0
[WARNING] No URL for license at index 0 in dependency com.******.ojdbc:ons:19.3.0.0
[WARNING] No URL for license at index 0 in dependency com.******.ojdbc:******pki:19.3.0.0
[WARNING] No URL for license at index 0 in dependency com.******.ojdbc:osdt_cert:19.3.0.0
[WARNING] No URL for license at index 0 in dependency com.******.ojdbc:osdt_core:19.3.0.0
[WARNING] No URL for license at index 0 in dependency com.******.ojdbc:simplefan:19.3.0.0
[WARNING] No URL for license at index 0 in dependency com.******.ojdbc:ucp:19.3.0.0
[WARNING] No license information available for: com.sun.org.apache:jaxp-ri:1.4
[WARNING] No license information available for: javax.xml.parsers:jaxp-api:1.4
[WARNING] No URL for license at index 0 in dependency mysql:mysql-connector-java:8.0.27
[WARNING] Unable to retrieve license from URL 'https://glassfish.dev.java.net/public/CDDLv1.0.html' for dependency 'javax.activation:activation:1.1.1': Certificate for <glassfish.dev.java.net> doesn't match any of the subject alternative names: [*.java.net]
Jan 18, 2022 7:24:43 PM org.apache.http.client.protocol.ResponseProcessCookies processCookies
WARNING: Invalid cookie header: "Set-Cookie: _octo=GH1.1.235906333.1642533883; Path=/; Domain=github.com; Expires=Wed, 18 Jan 2023 19:24:43 GMT; Secure; SameSite=Lax". Invalid 'expires' attribute: Wed, 18 Jan 2023 19:24:43 GMT
Jan 18, 2022 7:24:43 PM org.apache.http.client.protocol.ResponseProcessCookies processCookies
WARNING: Invalid cookie header: "Set-Cookie: logged_in=no; Path=/; Domain=github.com; Expires=Wed, 18 Jan 2023 19:24:43 GMT; HttpOnly; Secure; SameSite=Lax". Invalid 'expires' attribute: Wed, 18 Jan 2023 19:24:43 GMT
[WARNING] Unable to retrieve license from URL 'https://glassfish.dev.java.net/nonav/public/CDDL+GPL.html' for dependency 'javax.servlet:javax.servlet-api:3.0.1': Certificate for <glassfish.dev.java.net> doesn't match any of the subject alternative names: [*.java.net]
[WARNING] Unable to retrieve license from URL 'LICENSE.txt' for dependency 'org.awaitility:awaitility:4.0.1': null
Jan 18, 2022 7:24:49 PM org.apache.http.client.protocol.ResponseProcessCookies processCookies
WARNING: Invalid cookie header: "Set-Cookie: _octo=GH1.1.1245818253.1642533889; Path=/; Domain=github.com; Expires=Wed, 18 Jan 2023 19:24:49 GMT; Secure; SameSite=Lax". Invalid 'expires' attribute: Wed, 18 Jan 2023 19:24:49 GMT
Jan 18, 2022 7:24:49 PM org.apache.http.client.protocol.ResponseProcessCookies processCookies
WARNING: Invalid cookie header: "Set-Cookie: logged_in=no; Path=/; Domain=github.com; Expires=Wed, 18 Jan 2023 19:24:49 GMT; HttpOnly; Secure; SameSite=Lax". Invalid 'expires' attribute: Wed, 18 Jan 2023 19:24:49 GMT
Jan 18, 2022 7:24:49 PM org.apache.http.client.protocol.ResponseProcessCookies processCookies
WARNING: Invalid cookie header: "Set-Cookie: _octo=GH1.1.1956567536.1642533889; Path=/; Domain=github.com; Expires=Wed, 18 Jan 2023 19:24:49 GMT; Secure; SameSite=Lax". Invalid 'expires' attribute: Wed, 18 Jan 2023 19:24:49 GMT
Jan 18, 2022 7:24:49 PM org.apache.http.client.protocol.ResponseProcessCookies processCookies
WARNING: Invalid cookie header: "Set-Cookie: logged_in=no; Path=/; Domain=github.com; Expires=Wed, 18 Jan 2023 19:24:49 GMT; HttpOnly; Secure; SameSite=Lax". Invalid 'expires' attribute: Wed, 18 Jan 2023 19:24:49 GMT
Jan 18, 2022 7:24:50 PM org.apache.http.client.protocol.ResponseProcessCookies processCookies
WARNING: Invalid cookie header: "Set-Cookie: _octo=GH1.1.1922771462.1642533889; Path=/; Domain=github.com; Expires=Wed, 18 Jan 2023 19:24:49 GMT; Secure; SameSite=Lax". Invalid 'expires' attribute: Wed, 18 Jan 2023 19:24:49 GMT
Jan 18, 2022 7:24:50 PM org.apache.http.client.protocol.ResponseProcessCookies processCookies
WARNING: Invalid cookie header: "Set-Cookie: logged_in=no; Path=/; Domain=github.com; Expires=Wed, 18 Jan 2023 19:24:49 GMT; HttpOnly; Secure; SameSite=Lax". Invalid 'expires' attribute: Wed, 18 Jan 2023 19:24:49 GMT
[WARNING] There were 13 download errors - check the warnings above
[INFO] 
[INFO] --- maven-jar-plugin:3.2.0:test-jar (build-test-jar) @ entando-k8s-custom-model ---
[INFO] Building jar: /workspace/source/target/entando-k8s-custom-model-7.0.2-tests.jar
[INFO] 
[INFO] --- maven-source-plugin:3.2.1:jar-no-fork (attach-sources) @ entando-k8s-custom-model ---
[INFO] Building jar: /workspace/source/target/entando-k8s-custom-model-7.0.2-sources.jar
[INFO] 
[INFO] >>> maven-source-plugin:3.2.1:test-jar (attach-sources) > generate-sources @ entando-k8s-custom-model >>>
[INFO] 
[INFO] --- maven-checkstyle-plugin:3.1.1:check (validate) @ entando-k8s-custom-model ---
[INFO] Starting audit...
Audit done.
[INFO] You have 0 Checkstyle violations.
[INFO] 
[INFO] --- maven-checkstyle-plugin:3.1.1:checkstyle (validate) @ entando-k8s-custom-model ---
[INFO] Starting audit...
Audit done.
[INFO] 
[INFO] --- jacoco-maven-plugin:0.8.7:prepare-agent (prepare-agent) @ entando-k8s-custom-model ---
[INFO] argLine set to -javaagent:/home/jenkins/.mvnrepository/org/jacoco/org.jacoco.agent/0.8.7/org.jacoco.agent-0.8.7-runtime.jar=destfile=/workspace/source/target/jacoco.e**c
[INFO] 
[INFO] <<< maven-source-plugin:3.2.1:test-jar (attach-sources) < generate-sources @ entando-k8s-custom-model <<<
[INFO] 
[INFO] 
[INFO] --- maven-source-plugin:3.2.1:test-jar (attach-sources) @ entando-k8s-custom-model ---
[INFO] Building jar: /workspace/source/target/entando-k8s-custom-model-7.0.2-test-sources.jar
[INFO] 
[INFO] --- maven-javadoc-plugin:3.2.0:jar (attach-javadocs) @ entando-k8s-custom-model ---
[INFO] Skipping javadoc generation
[INFO] 
[INFO] --- maven-surefire-report-plugin:3.0.0-M4:failsafe-report-only (integration-tests) @ entando-k8s-custom-model ---
[INFO] 
[INFO] --- dependency-check-maven:6.1.5:aggregate (default) @ entando-k8s-custom-model ---
[INFO] Checking for updates
[INFO] Download Started for NVD CVE - Modified
[INFO] Download Complete for NVD CVE - Modified  (764 ms)
[INFO] Processing Started for NVD CVE - Modified
WARNING: An illegal reflective access operation has occurred
WARNING: Illegal reflective access by com.fasterxml.jackson.module.afterburner.util.MyClassLoader (file:/home/jenkins/.mvnrepository/com/fasterxml/jackson/module/jackson-module-afterburner/2.12.2/jackson-module-afterburner-2.12.2.jar) to method java.lang.ClassLoader.findLoadedClass(java.lang.String)
WARNING: Please consider reporting this to the maintainers of com.fasterxml.jackson.module.afterburner.util.MyClassLoader
WARNING: Use --illegal-access=warn to enable warnings of further illegal reflective access operations
WARNING: All illegal access operations will be denied in a future release
[INFO] Processing Complete for NVD CVE - Modified  (7475 ms)
[INFO] Begin database maintenance
[INFO] Cleaned up 4 orphaned NVD records
[INFO] End database maintenance (869 ms)
[INFO] Check for updates complete (9814 ms)
[INFO] 

Dependency-Check is an open source tool performing a best effort analysis of 3rd party dependencies; false positives and false negatives may exist in the analysis performed by the tool. Use of the tool and the reporting provided constitutes acceptance for use in an AS IS condition, and there are NO warranties, implied or otherwise, with regard to the analysis or its use. Any use of the tool and the reporting provided is at the userâ€™s risk. In no event shall the copyright holder or OWASP be held liable for any damages whatsoever arising out of or in connection with the use of this tool, the analysis performed, or the resulting report.


   About ODC: https://jeremylong.github.io/DependencyCheck/general/internals.html
   False Positives: https://jeremylong.github.io/DependencyCheck/general/suppression.html

ðŸ’– Sponsor: https://github.com/sponsors/jeremylong


[INFO] Analysis Started
[INFO] Finished Archive Analyzer (0 seconds)
[INFO] Finished File Name Analyzer (0 seconds)
[INFO] Finished Jar Analyzer (1 seconds)
[INFO] Finished Dependency Merging Analyzer (0 seconds)
[INFO] Finished Version Filter Analyzer (0 seconds)
[INFO] Finished Hint Analyzer (0 seconds)
[INFO] Created CPE Index (2 seconds)
[INFO] Finished CPE Analyzer (5 seconds)
[INFO] Finished False Positive Analyzer (0 seconds)
[INFO] Finished NVD CVE Analyzer (0 seconds)
[INFO] Finished Sonatype OSS Index Analyzer (3 seconds)
[INFO] Finished Vulnerability Suppression Analyzer (0 seconds)
[INFO] Finished Dependency Bundling Analyzer (0 seconds)
[INFO] Analysis Complete (13 seconds)
[INFO] Writing report to: /workspace/source/target/site/dependency-check-junit.xml
[INFO] Writing report to: /workspace/source/target/site/dependency-check-report.xml
[INFO] Writing report to: /workspace/source/target/site/dependency-check-report.html
[INFO] 
[INFO] --- jacoco-maven-plugin:0.8.7:report (report) @ entando-k8s-custom-model ---
[INFO] Loading e**cution data file /workspace/source/target/jacoco.e**c
[INFO] Analyzed bundle 'Entando Kubernetes Custom Model' with 116 classes
[INFO] 
[INFO] --- maven-gpg-plugin:1.6:sign (sign-artifacts) @ entando-k8s-custom-model ---
[INFO] 
[INFO] --- maven-surefire-report-plugin:3.0.0-M4:report-only (unit-tests) @ entando-k8s-custom-model ---
[WARNING] Unable to locate Test Source XRef to link to - DISABLED
[INFO] 
[INFO] --- maven-install-plugin:2.4:install (default-install) @ entando-k8s-custom-model ---
[INFO] Installing /workspace/source/target/entando-k8s-custom-model-7.0.2.jar to /home/jenkins/.mvnrepository/org/entando/entando-k8s-custom-model/7.0.2/entando-k8s-custom-model-7.0.2.jar
[INFO] Installing /workspace/source/pom.xml to /home/jenkins/.mvnrepository/org/entando/entando-k8s-custom-model/7.0.2/entando-k8s-custom-model-7.0.2.pom
[INFO] Installing /workspace/source/target/entando-k8s-custom-model-7.0.2-tests.jar to /home/jenkins/.mvnrepository/org/entando/entando-k8s-custom-model/7.0.2/entando-k8s-custom-model-7.0.2-tests.jar
[INFO] Installing /workspace/source/target/entando-k8s-custom-model-7.0.2-sources.jar to /home/jenkins/.mvnrepository/org/entando/entando-k8s-custom-model/7.0.2/entando-k8s-custom-model-7.0.2-sources.jar
[INFO] Installing /workspace/source/target/entando-k8s-custom-model-7.0.2-test-sources.jar to /home/jenkins/.mvnrepository/org/entando/entando-k8s-custom-model/7.0.2/entando-k8s-custom-model-7.0.2-test-sources.jar
[INFO] 
[INFO] --- maven-deploy-plugin:2.8.2:deploy (default-deploy) @ entando-k8s-custom-model ---
[INFO] Using alternate deployment repository local-nexus::default::http://nexus/repository/maven-releases/
[INFO] 
[INFO] --- maven-site-plugin:3.9.0:site (default-site) @ entando-k8s-custom-model ---
[INFO] configuring report plugin org.apache.maven.plugins:maven-project-info-reports-plugin:3.0.0
[INFO] 9 reports configured for maven-project-info-reports-plugin:3.0.0: dependency-info, distribution-management, index, ci-management, issue-management, licenses, plugins, scm, summary
[INFO] Rendering site with default locale English (en)
[WARNING] Unable to find a URL to the parent project. The parent menu will NOT be added.
[INFO] Relativizing decoration links with respect to localized project URL: https://central.entando.com
[INFO] Rendering content with org.apache.maven.skins:maven-default-skin:jar:1.3 skin.
[INFO] Generating "Dependency Information" report --- maven-project-info-reports-plugin:3.0.0:dependency-info
[INFO] Generating "About" report         --- maven-project-info-reports-plugin:3.0.0:index
[INFO] Generating "Issue Management" report --- maven-project-info-reports-plugin:3.0.0:issue-management
[INFO] Generating "Licenses" report      --- maven-project-info-reports-plugin:3.0.0:licenses
[INFO] Generating "Plugins" report       --- maven-project-info-reports-plugin:3.0.0:plugins
[INFO] Generating "Source Code Management" report --- maven-project-info-reports-plugin:3.0.0:scm
[INFO] Generating "Summary" report       --- maven-project-info-reports-plugin:3.0.0:summary
[INFO] 
[INFO] --- allure-maven:2.10.0:report (default) @ entando-k8s-custom-model ---
[INFO] Allure installation directory /workspace/source/.allure
[INFO] Try to finding out allure 2.14.0
[INFO] Downloading allure commandline...
[INFO] Proxy is not specified.
[INFO] Downloading allure commandline complete
[INFO] Generate Allure report (report) with version 2.14.0
[INFO] Generate Allure report to /workspace/source/target/site/allure-reports
[INFO] Found results directory /workspace/source/target/allure-results
[INFO] Can't find information about categories.
[INFO] Generate report to /workspace/source/target/site/allure-reports
Picked up _JAVA_OPTIONS: -XX:+UnlockExperimentalVMOptions -Dsun.zip.disableMemoryMapping=**** -XX:+UseParallelGC -XX:MinHeapFreeRatio=5 -XX:MaxHeapFreeRatio=10 -XX:GCTimeRatio=4 -XX:AdaptiveSizePolicyWeight=90 -Xms10m -Xmx8000m
Report successfully generated to /workspace/source/target/site/allure-reports
[INFO] Report generated successfully.
[INFO] 
[INFO] ----------------< org.entando:entando-k8s-custom-model >----------------
[INFO] Building Entando Kubernetes Custom Model 7.0.2
[INFO] --------------------------------[ jar ]---------------------------------
[INFO] 
[INFO] --- sonar-maven-plugin:3.9.1.2184:sonar (default-cli) @ entando-k8s-custom-model ---
[INFO] User cache: /****/.sonar/cache
[INFO] SonarQube version: 9.0.1
[INFO] Default locale: "en", source code encoding: "UTF-8"
[INFO] Load global settings
[INFO] Load global settings (done) | time=217ms
[INFO] Server id: 1BD809FA-AWHW8ct9-T_TB3XqouNu
[INFO] User cache: /****/.sonar/cache
[INFO] Load/download plugins
[INFO] Load plugins index
[INFO] Load plugins index (done) | time=106ms
[INFO] Load/download plugins (done) | time=27506ms
[INFO] Loaded core extensions: developer-scanner
[INFO] Load project settings for component key: 'entando-k8s_entando-k8s-custom-model'
[INFO] Load project settings for component key: 'entando-k8s_entando-k8s-custom-model' (done) | time=34ms
[INFO] Process project properties
[INFO] E**cute project builders
[INFO] E**cute project builders (done) | time=2ms
[INFO] Project key: entando-k8s_entando-k8s-custom-model
[INFO] Base dir: /workspace/source
[INFO] Working dir: /workspace/source/target/sonar
[INFO] Load project branches
[INFO] Load project branches (done) | time=40ms
[INFO] Check ALM binding of project 'entando-k8s_entando-k8s-custom-model'
[INFO] Detected project binding: BOUND
[INFO] Check ALM binding of project 'entando-k8s_entando-k8s-custom-model' (done) | time=25ms
[INFO] Load project pull requests
[INFO] Load project pull requests (done) | time=41ms
[INFO] Load branch configuration
[INFO] Load branch configuration (done) | time=201ms
[INFO] Load quality profiles
[INFO] Load quality profiles (done) | time=70ms
[INFO] Load active rules
[INFO] Load active rules (done) | time=1660ms
[INFO] Organization key: entando-k8s
[INFO] Load project repositories
[INFO] Load project repositories (done) | time=123ms
[INFO] Indexing files...
[INFO] Project configuration:
[INFO]   Excluded sources: **/build-wrapper-dump.json
[WARNING] Exception caught during e**cution of command '[/usr/local/git/bin/git, config, --******, --edit]' in '/usr/local/git/bin', return code '128', error message 'fatal: Invalid path '/usr/local/git/etc': No such file or directory
'
[INFO] 139 files inde**d
[INFO] 0 files ignored because of inclusion/exclusion patterns
[INFO] 0 files ignored because of scm ignore settings
[INFO] Quality profile for java: Entando Sonar Way Java
[INFO] Quality profile for xml: Sonar way
[INFO] ------------- Run sensors on module Entando Kubernetes Custom Model
[INFO] Load metrics repository
[INFO] Load metrics repository (done) | time=39ms
[INFO] Sensor JavaSensor [java]
[INFO] Configured Java source version (sonar.java.source): 11
[INFO] JavaClasspath initialization
[INFO] JavaClasspath initialization (done) | time=11ms
[INFO] JavaTestClasspath initialization
[INFO] JavaTestClasspath initialization (done) | time=3ms
[INFO] Java "Main" source files AST scan
[INFO] 108 source files to be analyzed
[INFO] 14/108 files analyzed, current file: src/main/java/org/entando/kubernetes/model/common/EntandoResourceRequirements.java
[INFO] 44/108 files analyzed, current file: src/main/java/org/entando/kubernetes/model/compositeapp/EntandoCustomResourceReference.java
[INFO] 76/108 files analyzed, current file: src/main/java/org/entando/kubernetes/model/common/KeycloakToUseFluent.java
[INFO] 108/108 source files have been analyzed
[INFO] Slowest analyzed files:
    src/main/java/org/entando/kubernetes/model/common/EntandoCustomResource.java (2784ms, 980B)
    src/main/java/org/entando/kubernetes/model/common/KeycloakAwareSpec.java (1364ms, 1804B)
[INFO] Java "Main" source files AST scan (done) | time=38554ms
[INFO] Java "Test" source files AST scan
[INFO] 30 source files to be analyzed
[INFO] 30/30 source files have been analyzed
[INFO] Java "Test" source files AST scan (done) | time=8691ms
[INFO] No "Generated" source files to scan.
[INFO] Sensor JavaSensor [java] (done) | time=48314ms
[INFO] Sensor C# Project Type Information [csharp]
[INFO] Sensor C# Project Type Information [csharp] (done) | time=1ms
[INFO] Sensor C# Analysis Log [csharp]
[INFO] Sensor C# Analysis Log [csharp] (done) | time=20ms
[INFO] Sensor C# Properties [csharp]
[INFO] Sensor C# Properties [csharp] (done) | time=0ms
[INFO] Sensor Import of Checkstyle issues [java]
[INFO] Importing /workspace/source/target/checkstyle-result.xml
[INFO] Sensor Import of Checkstyle issues [java] (done) | time=77ms
[INFO] Sensor SurefireSensor [java]
[INFO] parsing [/workspace/source/target/surefire-reports]
[INFO] Sensor SurefireSensor [java] (done) | time=344ms
[INFO] Sensor HTML [web]
[INFO] Sensor HTML [web] (done) | time=6ms
[INFO] Sensor XML Sensor [xml]
[INFO] 1 source file to be analyzed
[INFO] 1/1 source file has been analyzed
[INFO] Sensor XML Sensor [xml] (done) | time=257ms
[INFO] Sensor VB.NET Project Type Information [vbnet]
[INFO] Sensor VB.NET Project Type Information [vbnet] (done) | time=3ms
[INFO] Sensor VB.NET Analysis Log [vbnet]
[INFO] Sensor VB.NET Analysis Log [vbnet] (done) | time=20ms
[INFO] Sensor VB.NET Properties [vbnet]
[INFO] Sensor VB.NET Properties [vbnet] (done) | time=0ms
[INFO] Sensor JaCoCo XML Report Importer [jacoco]
[INFO] Importing 1 report(s). Turn your logs in debug mode in order to see the exhaustive list.
[INFO] Sensor JaCoCo XML Report Importer [jacoco] (done) | time=103ms
[INFO] Sensor CSS Rules [javascript]
[INFO] No CSS, PHP, HTML or VueJS files are found in the project. CSS analysis is skipped.
[INFO] Sensor CSS Rules [javascript] (done) | time=3ms
[INFO] Sensor ThymeLeaf template sensor [securityjavafrontend]
[INFO] Sensor ThymeLeaf template sensor [securityjavafrontend] (done) | time=5ms
[INFO] Sensor Serverless configuration file sensor [security]
[INFO] 0 Serverless function entries were found in the project
[INFO] 0 Serverless function handlers were kept as entrypoints
[INFO] Sensor Serverless configuration file sensor [security] (done) | time=6ms
[INFO] Sensor AWS SAM template file sensor [security]
[INFO] Sensor AWS SAM template file sensor [security] (done) | time=3ms
[INFO] Sensor JavaSecuritySensor [security]
[INFO] Reading type hierarchy from: /workspace/source/target/sonar/ucfg2/java
[INFO] Read 185 type definitions
[INFO] Reading UCFGs from: /workspace/source/target/sonar/ucfg2/java
[INFO] 19:27:28.620048 Building Runtime Type propagation graph
[INFO] 19:27:28.67289 Running Tarjan on 2472 nodes
[INFO] 19:27:28.683501 Tarjan found 2454 components
[INFO] 19:27:28.696052 Variable type analysis: done
[INFO] 19:27:28.703861 Building Runtime Type propagation graph
[INFO] 19:27:28.72542 Running Tarjan on 2472 nodes
[INFO] 19:27:28.728389 Tarjan found 2454 components
[INFO] 19:27:28.738194 Variable type analysis: done
[INFO] Analyzing 681 ucfgs to detect vulnerabilities.
[INFO] All rules entrypoints : 0
[INFO] Retained UCFGs : 0
[INFO] Taint analysis starting. Entrypoints: 0
[INFO] Taint analysis: done.
[INFO] Sensor JavaSecuritySensor [security] (done) | time=3623ms
[INFO] Sensor CSharpSecuritySensor [security]
[INFO] Reading type hierarchy from: /workspace/source/target/ucfg_cs2
[INFO] Read 0 type definitions
[INFO] Reading UCFGs from: /workspace/source/target/ucfg_cs2
[INFO] No UCFGs have been included for analysis.
[INFO] Sensor CSharpSecuritySensor [security] (done) | time=1ms
[INFO] Sensor PhpSecuritySensor [security]
[INFO] Reading type hierarchy from: /workspace/source/target/sonar/ucfg2/php
[INFO] Read 0 type definitions
[INFO] Reading UCFGs from: /workspace/source/target/sonar/ucfg2/php
[INFO] No UCFGs have been included for analysis.
[INFO] Sensor PhpSecuritySensor [security] (done) | time=2ms
[INFO] Sensor PythonSecuritySensor [security]
[INFO] Reading type hierarchy from: /workspace/source/target/sonar/ucfg2/python
[INFO] Read 0 type definitions
[INFO] Reading UCFGs from: /workspace/source/target/sonar/ucfg2/python
[INFO] No UCFGs have been included for analysis.
[INFO] Sensor PythonSecuritySensor [security] (done) | time=1ms
[INFO] Sensor JsSecuritySensor [security]
[INFO] Reading type hierarchy from: /workspace/source/target/sonar/ucfg2/js
[INFO] Read 0 type definitions
[INFO] Reading UCFGs from: /workspace/source/target/sonar/ucfg2/js
[INFO] No UCFGs have been included for analysis.
[INFO] Sensor JsSecuritySensor [security] (done) | time=1ms
[INFO] ------------- Run sensors on project
[INFO] Sensor Zero Coverage Sensor
[INFO] Sensor Zero Coverage Sensor (done) | time=1ms
[INFO] Sensor Java CPD Block Inde**r
[INFO] Sensor Java CPD Block Inde**r (done) | time=405ms
[INFO] SCM Publisher SCM provider for this project is: git
[INFO] SCM Publisher 7 source files to be analyzed
[WARNING] Shallow clone detected, no blame information will be provided. You can convert to non-shallow with 'git fetch --unshallow'.
[INFO] SCM Publisher 0/7 source files have been analyzed (done) | time=8ms
[WARNING] Missing blame information for the following files:
[WARNING]   * src/main/java/org/entando/kubernetes/model/common/EntandoResourceRequirementsBuilder.java
[WARNING]   * src/main/java/org/entando/kubernetes/model/common/EntandoResourceRequirements.java
[WARNING]   * pom.xml
[WARNING]   * src/main/java/org/entando/kubernetes/model/common/ServerStatus.java
[WARNING]   * src/main/java/org/entando/kubernetes/model/common/EntandoResourceRequirementsFluent.java
[WARNING]   * src/main/java/org/entando/kubernetes/model/common/EntandoDeploymentSpecFluent.java
[WARNING]   * src/test/java/org/entando/kubernetes/model/inprocesstest/EntandoCustomResourceStatusTest.java
[WARNING] This may lead to missing/broken features in SonarCloud
[INFO] CPD E**cutor 34 files had no CPD blocks
[INFO] CPD E**cutor Calculating CPD for 74 files
[INFO] CPD E**cutor CPD calculation finished (done) | time=41ms
[INFO] Analysis report generated in 189ms, dir size=828 KB
[INFO] Analysis report compressed in 250ms, zip size=408 KB
[INFO] Analysis report uploaded in 225ms
[INFO] ANALYSIS SUCCESSFUL, you can find the results at: https://sonarcloud.io/dashboard?id=entando-k8s_entando-k8s-custom-model
[INFO] Note that you will be able to access the updated dashboard once the server has processed the submitted analysis report
[INFO] More about the report processing at https://sonarcloud.io/api/ce/task?id=AX5uqKLQWdhF5yJlpqJ6
[INFO] Analysis total time: 1:06.736 s
[INFO] ------------------------------------------------------------------------
[INFO] BUILD SUCCESS
[INFO] ------------------------------------------------------------------------
[INFO] Total time:  04:13 min
[INFO] Finished at: 2022-01-18T19:27:32Z
[INFO] ------------------------------------------------------------------------
error: etcdserver: request is too large
Congratulations! No build failures found for entando-k8s-custom-model-master.

Showing logs for build [32mentando-k8s-entando-k8s-custom-tjzr4-14[0m stage [32mfrom-build-pack[0m and container [32mstep-promote-changelog[0m
Converted /workspace/source to an unshallow repository
Generating change log from git ref 63ed7a652a42f1622d975513b9634c88f7b99988 => ffecfe70376fd84d734adf990bcead1eeb23cd14
Associating user breno-queiroz in users.jenkins.io with email BrenoQVDS to git GitProvider user with login breno-queiroz-0 as emails match
Adding label jenkins.io/git-github-userid=breno-queiroz-0 to user breno-queiroz in users.jenkins.io
Associating user breno-queiroz in users.jenkins.io with email BrenoQVDS to git GitProvider user with login breno-queiroz-0 as emails match
Adding label jenkins.io/git-github-userid=breno-queiroz-0 to user breno-queiroz in users.jenkins.io
Finding issues in commit messages using git format
Associating user breno-de-souza in users.jenkins.io with email brenoqueirozvds@gmail.com to git GitProvider user with login breno-de-souza-0 as emails match
Adding label jenkins.io/git-github-userid=breno-de-souza-0 to user breno-de-souza in users.jenkins.io
Associating user github in users.jenkins.io with email noreply@github.com to git GitProvider user with login github-0 as emails match
Adding label jenkins.io/git-github-userid=github-0 to user github in users.jenkins.io
Associating user breno-de-souza in users.jenkins.io with email brenoqueirozvds@gmail.com to git GitProvider user with login breno-de-souza-0 as emails match
Adding label jenkins.io/git-github-userid=breno-de-souza-0 to user breno-de-souza in users.jenkins.io
Associating user github in users.jenkins.io with email noreply@github.com to git GitProvider user with login github-0 as emails match
Adding label jenkins.io/git-github-userid=github-0 to user github in users.jenkins.io
Associating user breno-queiroz in users.jenkins.io with email BrenoQVDS to git GitProvider user with login breno-queiroz-0 as emails match
Adding label jenkins.io/git-github-userid=breno-queiroz-0 to user breno-queiroz in users.jenkins.io
Associating user breno-queiroz in users.jenkins.io with email BrenoQVDS to git GitProvider user with login breno-queiroz-0 as emails match
Adding label jenkins.io/git-github-userid=breno-queiroz-0 to user breno-queiroz in users.jenkins.io
WARNING: No release found for entando-k8s/entando-k8s-custom-model and tag v7.0.2 so creating a new release
Updated the release information at https://github.com/entando-k8s/entando-k8s-custom-model/releases/tag/v7.0.2
generated: /workspace/source/templates/release.yaml
Created Release entando-k8s-custom-model-7-0-2 resource in namespace **
Updating PipelineActivity entando-k8s-entando-k8s-custom-model-master-14 with version 7.0.2
Updated PipelineActivities entando-k8s-entando-k8s-custom-model-master-14 with release notes URL: https://github.com/entando-k8s/entando-k8s-custom-model/releases/tag/v7.0.2
