
Showing logs for build [32mentando-entando-plugin-jpmail-p-p66rd-1[0m stage [32mfrom-build-pack[0m and container [32mcredential-initializer[0m
{"level":"info","ts":1626354694.9385061,"caller":"creds-init/main.go:44","msg":"Credentials initialized."}

Showing logs for build [32mentando-entando-plugin-jpmail-p-p66rd-1[0m stage [32mfrom-build-pack[0m and container [32mworking-dir-initializer[0m

Showing logs for build [32mentando-entando-plugin-jpmail-p-p66rd-1[0m stage [32mfrom-build-pack[0m and container [32mplace-tools[0m

Showing logs for build [32mentando-entando-plugin-jpmail-p-p66rd-1[0m stage [32mfrom-build-pack[0m and container [32mstep-git-source-entando-entando-plugin-jpmail-p-p66rd-7p6dh[0m
{"level":"info","ts":1626354727.2178109,"caller":"git/git.go:105","msg":"Successfully cloned https://github.com/entando/entando-plugin-jpmail.git @ master in path /workspace/source"}
{"level":"warn","ts":1626354727.2181084,"caller":"git/git.go:152","msg":"Unexpected error: creating symlink: symlink /tekton/home/.ssh /****/.ssh: file exists"}
{"level":"info","ts":1626354727.2988136,"caller":"git/git.go:133","msg":"Successfully initialized and updated submodules in path /workspace/source"}

Showing logs for build [32mentando-entando-plugin-jpmail-p-p66rd-1[0m stage [32mfrom-build-pack[0m and container [32mstep-setup-builder-home[0m

Showing logs for build [32mentando-entando-plugin-jpmail-p-p66rd-1[0m stage [32mfrom-build-pack[0m and container [32mstep-git-merge[0m
Using SHAs from PULL_REFS=develop:15357410ddbf1cdd282a825cd047baadc7cc4bb7,24:54371d7f0ab9d92cd2f7c9d943ca42b3225c8872
DEBUG: LC_ALL=C JX_LOG_LEVEL=error git fetch origin --unshallow 54371d7f0ab9d92cd2f7c9d943ca42b3225c8872: 15357410ddbf1cdd282a825cd047baadc7cc4bb7:
DEBUG: ran git fetch --unshallow origin 54371d7f0ab9d92cd2f7c9d943ca42b3225c8872: 15357410ddbf1cdd282a825cd047baadc7cc4bb7: in 
DEBUG: LC_ALL=C JX_LOG_LEVEL=error git branch
DEBUG: JX_LOG_LEVEL=error LC_ALL=C git branch develop
DEBUG: LC_ALL=C JX_LOG_LEVEL=error git checkout develop
DEBUG: ran git checkout develop in 
DEBUG: LC_ALL=C JX_LOG_LEVEL=error git reset --hard 15357410ddbf1cdd282a825cd047baadc7cc4bb7
DEBUG: ran git reset --hard 15357410ddbf1cdd282a825cd047baadc7cc4bb7 in 
DEBUG: LC_ALL=C JX_LOG_LEVEL=error git clean -fd .
DEBUG: ran clean --force -d . in 
DEBUG: LC_ALL=C JX_LOG_LEVEL=error git merge 54371d7f0ab9d92cd2f7c9d943ca42b3225c8872
DEBUG: ran git merge 54371d7f0ab9d92cd2f7c9d943ca42b3225c8872 in 
DEBUG: LC_ALL=C JX_LOG_LEVEL=error git log --format=%H%x1f%an%x1f%ae%x1f%cn%x1f%ce%x1f%s%n%b%x1e 15357410ddbf1cdd282a825cd047baadc7cc4bb7..HEAD
Merged SHA 54371d7f0ab9d92cd2f7c9d943ca42b3225c8872 with commit message 'ENG-2400 Updating core-parent and core-bom version' into base branch develop
Merged SHA 52ba3910dde277c700c39c025dd9e0efb91775ce with commit message 'ENG-2400 Bumping minor version and updating core parent and bom' into base branch develop
Merged SHA cdbf797e9ae0b5cae0d1e4e58ea01a3758975fab with commit message 'ENG-2400 Updating entando-core-parent to version 6.3.16' into base branch develop
Merged SHA 0e3858372e8ab589be3490a5039bf7d930df6ca4 with commit message 'ENG-2400 Updating entando-core-parent to version 6.3.15' into base branch develop

Showing logs for build [32mentando-entando-plugin-jpmail-p-p66rd-1[0m stage [32mfrom-build-pack[0m and container [32mstep-build-set-version[0m
Picked up _JAVA_OPTIONS: -XX:+UnlockExperimentalVMOptions -Dsun.zip.disableMemoryMapping=**** -XX:+UseParallelGC -XX:MinHeapFreeRatio=5 -XX:MaxHeapFreeRatio=10 -XX:GCTimeRatio=4 -XX:AdaptiveSizePolicyWeight=90 -Xms10m -Xmx8000m
[INFO] Scanning for projects...
[WARNING] 
[WARNING] Some problems were encountered while building the effective model for org.entando.entando.plugins:entando-plugin-jpmail:war:6.4.0-SNAPSHOT
[WARNING] 'dependencyManagement.dependencies.dependency.(groupId:artifactId:type:classifier)' must be unique: org.springframework:spring-tx:jar -> version (?) vs ${spring.version} @ org.entando:entando-core-parent:6.4.2, /home/jenkins/.mvnrepository/org/entando/entando-core-parent/6.4.2/entando-core-parent-6.4.2.pom, line 625, column 25
[WARNING] 
[WARNING] It is highly recommended to fix these problems because they threaten the stability of your build.
[WARNING] 
[WARNING] For this reason, future Maven versions might no longer support building such malformed projects.
[WARNING] 
[INFO] 
[INFO] ---------< org.entando.entando.plugins:entando-plugin-jpmail >----------
[INFO] Building Entando Plugin: Email Sender 6.4.0-SNAPSHOT
[INFO] --------------------------------[ war ]---------------------------------
[INFO] 
[INFO] --- versions-maven-plugin:2.8.1:set (default-cli) @ entando-plugin-jpmail ---
[INFO] Local aggregation ****: /workspace/source
[INFO] Processing change of org.entando.entando.plugins:entando-plugin-jpmail:6.4.0-SNAPSHOT -> 0.0.0-SNAPSHOT-PR-24-1
[INFO] Processing org.entando.entando.plugins:entando-plugin-jpmail
[INFO]     Updating project org.entando.entando.plugins:entando-plugin-jpmail
[INFO]         from version 6.4.0-SNAPSHOT to 0.0.0-SNAPSHOT-PR-24-1
[INFO] 
[INFO] ------------------------------------------------------------------------
[INFO] BUILD SUCCESS
[INFO] ------------------------------------------------------------------------
[INFO] Total time:  15.772 s
[INFO] Finished at: 2021-07-15T13:12:27Z
[INFO] ------------------------------------------------------------------------

Showing logs for build [32mentando-entando-plugin-jpmail-p-p66rd-1[0m stage [32mfrom-build-pack[0m and container [32mstep-build-fix-git-for-sonar[0m
M	pom.xml
Switched to a new branch 'PR-24'
Deleted branch master (was 6a33a5e).
From https://github.com/entando/entando-plugin-jpmail
 * [new branch]      master            -> master
 * [new tag]         5.0.0.initial     -> 5.0.0.initial
 * [new tag]         pia-crs4          -> pia-crs4
 * [new tag]         v4.2.0            -> v4.2.0
 * [new tag]         v4.3.2-RC1        -> v4.3.2-RC1
 * [new tag]         v5.0.0-pre        -> v5.0.0-pre
 * [new tag]         v6.2.0-sprint1-rc -> v6.2.0-sprint1-rc
 * [new tag]         v6.2.0-sprint2-rc -> v6.2.0-sprint2-rc
 * [new tag]         v6.2.0-sprint3-rc -> v6.2.0-sprint3-rc
 * [new tag]         v6.2.0-sprint4-rc -> v6.2.0-sprint4-rc
 * [new tag]         v6.2.0-sprint5-rc -> v6.2.0-sprint5-rc

Showing logs for build [32mentando-entando-plugin-jpmail-p-p66rd-1[0m stage [32mfrom-build-pack[0m and container [32mstep-build-mvn-verify-pr[0m
Picked up _JAVA_OPTIONS: -XX:+UnlockExperimentalVMOptions -Dsun.zip.disableMemoryMapping=**** -XX:+UseParallelGC -XX:MinHeapFreeRatio=5 -XX:MaxHeapFreeRatio=10 -XX:GCTimeRatio=4 -XX:AdaptiveSizePolicyWeight=90 -Xms10m -Xmx8000m
[INFO] Scanning for projects...
[WARNING] 
[WARNING] Some problems were encountered while building the effective model for org.entando.entando.plugins:entando-plugin-jpmail:war:0.0.0-SNAPSHOT-PR-24-1
[WARNING] 'dependencyManagement.dependencies.dependency.(groupId:artifactId:type:classifier)' must be unique: org.springframework:spring-tx:jar -> version (?) vs ${spring.version} @ org.entando:entando-core-parent:6.4.2, /home/jenkins/.mvnrepository/org/entando/entando-core-parent/6.4.2/entando-core-parent-6.4.2.pom, line 625, column 25
[WARNING] 
[WARNING] It is highly recommended to fix these problems because they threaten the stability of your build.
[WARNING] 
[WARNING] For this reason, future Maven versions might no longer support building such malformed projects.
[WARNING] 
[INFO] 
[INFO] ---------< org.entando.entando.plugins:entando-plugin-jpmail >----------
[INFO] Building Entando Plugin: Email Sender 0.0.0-SNAPSHOT-PR-24-1
[INFO] --------------------------------[ war ]---------------------------------
[WARNING] The POM for com.sun.xml.bind:jaxb-impl:jar:2.2.11 is invalid, transitive dependencies (if any) will not be available, enable debug logging for more details
[INFO] 
[INFO] --- maven-checkstyle-plugin:3.1.1:check (validate) @ entando-plugin-jpmail ---
[INFO] 
[INFO] --- maven-checkstyle-plugin:3.1.1:checkstyle (validate) @ entando-plugin-jpmail ---
[INFO] 
[INFO] --- jacoco-maven-plugin:0.8.6:prepare-agent (prepare-agent) @ entando-plugin-jpmail ---
[INFO] argLine set to -javaagent:/home/jenkins/.mvnrepository/org/jacoco/org.jacoco.agent/0.8.6/org.jacoco.agent-0.8.6-runtime.jar=destfile=/workspace/source/target/jacoco.e**c
[INFO] 
[INFO] --- maven-resources-plugin:2.5:resources (default-resources) @ entando-plugin-jpmail ---
[debug] e**cute contextualize
[INFO] Using 'UTF-8' encoding to copy filtered resources.
[INFO] Copying 8 resources
[INFO] Copying 1 resource
[INFO] Copying 7 resources
[INFO] Copying 11 resources
[INFO] skip non existing resourceDirectory /workspace/source/src/main/tld
[INFO] 
[INFO] --- maven-compiler-plugin:3.8.1:compile (default-compile) @ entando-plugin-jpmail ---
[INFO] Changes detected - recompiling the module!
[INFO] Compiling 18 source files to /workspace/source/target/classes
[INFO] /workspace/source/src/main/java/com/agiletec/plugins/jpmail/aps*****/mail/MailSenderConfigAction.java: Some input files use or override a deprecated API.
[INFO] /workspace/source/src/main/java/com/agiletec/plugins/jpmail/aps*****/mail/MailSenderConfigAction.java: Recompile with -Xlint:deprecation for details.
[INFO] 
[INFO] --- maven-resources-plugin:2.5:copy-resources (copy-resources-test) @ entando-plugin-jpmail ---
[debug] e**cute contextualize
[INFO] Using 'UTF-8' encoding to copy filtered resources.
[INFO] Copying 5 resources
[INFO] 
[INFO] --- maven-resources-plugin:2.5:copy-resources (copy-resources-file-test-) @ entando-plugin-jpmail ---
[debug] e**cute contextualize
[INFO] Using 'UTF-8' encoding to copy filtered resources.
[INFO] Copying 5 resources
[INFO] 
[INFO] --- maven-resources-plugin:2.5:testResources (default-testResources) @ entando-plugin-jpmail ---
[debug] e**cute contextualize
[INFO] Using 'UTF-8' encoding to copy filtered resources.
[INFO] Copying 3 resources
[INFO] 
[INFO] --- maven-compiler-plugin:3.8.1:testCompile (default-testCompile) @ entando-plugin-jpmail ---
[INFO] Changes detected - recompiling the module!
[INFO] Compiling 18 source files to /workspace/source/target/test-classes
[INFO] /workspace/source/src/test/java/com/agiletec/plugins/jpmail/util/JpmailTestHelper.java: Some input files use or override a deprecated API.
[INFO] /workspace/source/src/test/java/com/agiletec/plugins/jpmail/util/JpmailTestHelper.java: Recompile with -Xlint:deprecation for details.
[INFO] 
[INFO] --- maven-surefire-plugin:3.0.0-M4:test (default-test) @ entando-plugin-jpmail ---
[INFO] 
[INFO] -------------------------------------------------------
[INFO]  T E S T S
[INFO] -------------------------------------------------------
[INFO] Running org.entando.entando.plugins.jpmail.ent.******.services.model.TestEmailSenderDto
13:12:57,769 |-INFO in ch.qos.logback.classic.LoggerContext[default] - Could NOT find resource [logback-test.xml]
13:12:57,769 |-INFO in ch.qos.logback.classic.LoggerContext[default] - Could NOT find resource [logback.groovy]
13:12:57,770 |-INFO in ch.qos.logback.classic.LoggerContext[default] - Found resource [logback.xml] at [jar:file:/home/jenkins/.mvnrepository/org/entando/entando/entando-engine/6.4.1/entando-engine-6.4.1.jar!/logback.xml]
13:12:57,808 |-INFO in ch.qos.logback.core.joran.spi.ConfigurationWatchList@707b38a1 - URL [jar:file:/home/jenkins/.mvnrepository/org/entando/entando/entando-engine/6.4.1/entando-engine-6.4.1.jar!/logback.xml] is not of type file
13:12:57,925 |-INFO in ch.qos.logback.classic.joran.action.ConfigurationAction - debug attribute not set
13:12:57,957 |-INFO in ch.qos.logback.core.joran.action.AppenderAction - About to instantiate appender of type [org.entando.entando.ent.logger.EntRollingFileAppender]
13:12:57,976 |-INFO in ch.qos.logback.core.joran.action.AppenderAction - Naming appender as [FILE]
13:12:58,007 |-INFO in ch.qos.logback.core.joran.action.NestedComplexPropertyIA - Assuming default type [ch.qos.logback.classic.encoder.PatternLayoutEncoder] for [encoder] property
13:12:58,063 |-INFO in c.q.l.core.rolling.SizeAndTimeBasedRollingPolicy@1059487259 - setting totalSizeCap to 2 GB
13:12:58,080 |-INFO in c.q.l.core.rolling.SizeAndTimeBasedRollingPolicy@1059487259 - Archive files will be limited to [100 MB] each.
13:12:58,140 |-INFO in c.q.l.core.rolling.SizeAndTimeBasedRollingPolicy@1059487259 - No compression will be used
13:12:58,145 |-INFO in c.q.l.core.rolling.SizeAndTimeBasedRollingPolicy@1059487259 - Will use the pattern target/log/entando-engine.%d{yyyy-MM-dd}.%i.log for the active file
13:12:58,153 |-INFO in ch.qos.logback.core.rolling.SizeAndTimeBasedFNATP@f245168 - The date pattern is 'yyyy-MM-dd' from file name pattern 'target/log/entando-engine.%d{yyyy-MM-dd}.%i.log'.
13:12:58,153 |-INFO in ch.qos.logback.core.rolling.SizeAndTimeBasedFNATP@f245168 - Roll-over at midnight.
13:12:58,163 |-INFO in ch.qos.logback.core.rolling.SizeAndTimeBasedFNATP@f245168 - Setting initial period to Thu Jul 15 13:12:58 UTC 2021
13:12:58,170 |-INFO in org.entando.entando.ent.logger.EntRollingFileAppender[FILE] - Active log file name: target/log/entando-engine.log
13:12:58,170 |-INFO in org.entando.entando.ent.logger.EntRollingFileAppender[FILE] - File property is set to [target/log/entando-engine.log]
13:12:58,170 |-INFO in org.entando.entando.ent.logger.EntRollingFileAppender[FILE] - Log Level OFF - disabled file creation
13:12:58,171 |-ERROR in org.entando.entando.ent.logger.EntRollingFileAppender[FILE] - No output stream set for the appender named "FILE".
13:12:58,171 |-INFO in ch.qos.logback.core.joran.action.AppenderAction - About to instantiate appender of type [org.entando.entando.ent.logger.EntRollingFileAppender]
13:12:58,171 |-INFO in ch.qos.logback.core.joran.action.AppenderAction - Naming appender as [JSONFILE]
13:12:58,743 |-WARN in org.entando.entando.ent.logger.EntRollingFileAppender[JSONFILE] - This appender no longer admits a layout as a sub-component, set an encoder instead.
13:12:58,743 |-WARN in org.entando.entando.ent.logger.EntRollingFileAppender[JSONFILE] - To ensure compatibility, wrapping your layout in LayoutWrappingEncoder.
13:12:58,743 |-WARN in org.entando.entando.ent.logger.EntRollingFileAppender[JSONFILE] - See also http://logback.qos.ch/codes.html#layoutInsteadOfEncoder for details
13:12:58,746 |-INFO in c.q.l.core.rolling.SizeAndTimeBasedRollingPolicy@2013187372 - setting totalSizeCap to 2 GB
13:12:58,746 |-INFO in c.q.l.core.rolling.SizeAndTimeBasedRollingPolicy@2013187372 - Archive files will be limited to [100 MB] each.
13:12:58,746 |-INFO in c.q.l.core.rolling.SizeAndTimeBasedRollingPolicy@2013187372 - No compression will be used
13:12:58,747 |-INFO in c.q.l.core.rolling.SizeAndTimeBasedRollingPolicy@2013187372 - Will use the pattern target/log/entando-engine-json.%d{yyyy-MM-dd}.%i.log for the active file
13:12:58,748 |-INFO in ch.qos.logback.core.rolling.SizeAndTimeBasedFNATP@5ee95d42 - The date pattern is 'yyyy-MM-dd' from file name pattern 'target/log/entando-engine-json.%d{yyyy-MM-dd}.%i.log'.
13:12:58,748 |-INFO in ch.qos.logback.core.rolling.SizeAndTimeBasedFNATP@5ee95d42 - Roll-over at midnight.
13:12:58,749 |-INFO in ch.qos.logback.core.rolling.SizeAndTimeBasedFNATP@5ee95d42 - Setting initial period to Thu Jul 15 13:12:58 UTC 2021
13:12:58,749 |-INFO in org.entando.entando.ent.logger.EntRollingFileAppender[JSONFILE] - Active log file name: target/log/entando-engine-json.log
13:12:58,749 |-INFO in org.entando.entando.ent.logger.EntRollingFileAppender[JSONFILE] - File property is set to [target/log/entando-engine-json.log]
13:12:58,749 |-INFO in org.entando.entando.ent.logger.EntRollingFileAppender[JSONFILE] - Log Level OFF - disabled file creation
13:12:58,749 |-ERROR in org.entando.entando.ent.logger.EntRollingFileAppender[JSONFILE] - No output stream set for the appender named "JSONFILE".
13:12:58,749 |-INFO in ch.qos.logback.core.joran.action.AppenderAction - About to instantiate appender of type [ch.qos.logback.core.ConsoleAppender]
13:12:58,753 |-INFO in ch.qos.logback.core.joran.action.AppenderAction - Naming appender as [JSONSTDOUT]
13:12:58,754 |-WARN in ch.qos.logback.core.ConsoleAppender[JSONSTDOUT] - This appender no longer admits a layout as a sub-component, set an encoder instead.
13:12:58,754 |-WARN in ch.qos.logback.core.ConsoleAppender[JSONSTDOUT] - To ensure compatibility, wrapping your layout in LayoutWrappingEncoder.
13:12:58,754 |-WARN in ch.qos.logback.core.ConsoleAppender[JSONSTDOUT] - See also http://logback.qos.ch/codes.html#layoutInsteadOfEncoder for details
13:12:58,756 |-INFO in ch.qos.logback.core.joran.action.AppenderAction - About to instantiate appender of type [ch.qos.logback.core.ConsoleAppender]
13:12:58,756 |-INFO in ch.qos.logback.core.joran.action.AppenderAction - Naming appender as [STDOUT]
13:12:58,757 |-INFO in ch.qos.logback.core.joran.action.NestedComplexPropertyIA - Assuming default type [ch.qos.logback.classic.encoder.PatternLayoutEncoder] for [encoder] property
13:12:58,759 |-INFO in ch.qos.logback.classic.joran.action.RootLoggerAction - Setting level of ROOT logger to DEBUG
13:12:58,759 |-INFO in ch.qos.logback.core.joran.action.AppenderRefAction - Attaching appender named [STDOUT] to Logger[ROOT]
13:12:58,760 |-INFO in ch.qos.logback.core.joran.action.AppenderRefAction - Attaching appender named [JSONSTDOUT] to Logger[ROOT]
13:12:58,760 |-INFO in ch.qos.logback.core.joran.action.AppenderRefAction - Attaching appender named [JSONFILE] to Logger[ROOT]
13:12:58,760 |-INFO in ch.qos.logback.core.joran.action.AppenderRefAction - Attaching appender named [FILE] to Logger[ROOT]
13:12:58,760 |-INFO in ch.qos.logback.classic.joran.action.ConfigurationAction - End of configuration.
13:12:58,762 |-INFO in ch.qos.logback.classic.joran.JoranConfigurator@52b32622 - Registering current configuration as safe fallback point

[INFO] Tests run: 2, Failures: 0, Errors: 0, Skipped: 0, Time elapsed: 29.495 s - in org.entando.entando.plugins.jpmail.ent.******.services.model.TestEmailSenderDto
[INFO] Running org.entando.entando.plugins.jpmail.ent.******.services.model.TestSMTPConfigurationServerDto
[INFO] Tests run: 2, Failures: 0, Errors: 0, Skipped: 0, Time elapsed: 11.431 s - in org.entando.entando.plugins.jpmail.ent.******.services.model.TestSMTPConfigurationServerDto
[INFO] Running org.entando.entando.plugins.jpmail.ent.******.services.SMTPServerConfigurationServiceTest
[INFO] Tests run: 6, Failures: 0, Errors: 0, Skipped: 0, Time elapsed: 1.574 s - in org.entando.entando.plugins.jpmail.ent.******.services.SMTPServerConfigurationServiceTest
[INFO] Running org.entando.entando.plugins.jpmail.web.emailconf.smtpserverconfiguration.SMTPServerConfigurationControllerTest
[INFO ] 2021-07-15 13:13:41.822 [main] Version - HV000001: Hibernate Validator 6.0.20.Final
2021-07-15 13:13:42.375 [main] WARN  o.e.e.w.c.i.EntandoOauth2Interceptor - User jack_bauer needs at least one of the required permissions [Ljava.lang.String;@23360979
2021-07-15 13:13:43.043 [main] WARN  o.e.e.w.c.i.EntandoOauth2Interceptor - User jack_bauer needs at least one of the required permissions [Ljava.lang.String;@42442615
[INFO] Tests run: 6, Failures: 0, Errors: 0, Skipped: 0, Time elapsed: 2.775 s - in org.entando.entando.plugins.jpmail.web.emailconf.smtpserverconfiguration.SMTPServerConfigurationControllerTest
[INFO] Running org.entando.entando.plugins.jpmail.web.emailconf.smtpserverconfiguration.SMTPServerConfigurationControllerIntegrationTest
2021-07-15 13:13:50.374 [main] WARN  o.e.e.w.c.i.EntandoOauth2Interceptor - User jack_bauer needs at least one of the required permissions [Ljava.lang.String;@7ed55f7e

MockHttpServletRequest:
      HTTP Method = GET
      Request URI = /plugins/emailSettings/SMTPServer
       Parameters = {}
          Headers = [Authorization:"Bearer valid_token"]
             Body = <no character encoding set>
    Session Attrs = {currentUser=jack_bauer, user=jack_bauer}

Handler:
             Type = org.entando.entando.plugins.jpmail.web.emailconfig.SMTPServerConfigurationController
           Method = org.entando.entando.plugins.jpmail.web.emailconfig.SMTPServerConfigurationController#getSMTPServerConfiguration()

Async:
    Async started = false
     Async result = null

Resolved Exception:
             Type = org.entando.entando.web.common.exceptions.EntandoAuthorizationException

ModelAndView:
        View name = null
             View = null
            Model = null

FlashMap:
       Attributes = null

MockHttpServletResponse:
           Status = 403
    Error message = null
          Headers = [Vary:"Origin", "Access-Control-Request-Method", "Access-Control-Request-Headers", Content-Type:"application/json;charset=UTF-8", X-Content-Type-Options:"nosniff", X-XSS-Protection:"1; mode=block", Cache-Control:"no-cache, no-store, max-age=0, must-revalidate", Pragma:"no-cache", Expires:"0", X-Frame-Options:"SAMEORIGIN"]
     Content type = application/json;charset=UTF-8
             Body = {"payload":[],"metaData":[],"errors":[{"code":"120","message":"jack_bauer is not allowed to /plugins/emailSettings/SMTPServer [GET]"}]}
    Forwarded URL = null
   Redirected URL = null
          Cookies = []
2021-07-15 13:13:50.449 [main] WARN  o.e.e.w.c.i.EntandoOauth2Interceptor - User jack_bauer needs at least one of the required permissions [Ljava.lang.String;@7494c29d

MockHttpServletRequest:
      HTTP Method = PUT
      Request URI = /plugins/emailSettings/SMTPServer
       Parameters = {}
          Headers = [Content-Type:"application/json", Authorization:"Bearer valid_token", Content-Length:"221"]
             Body = <no character encoding set>
    Session Attrs = {currentUser=jack_bauer, user=jack_bauer}

Handler:
             Type = org.entando.entando.plugins.jpmail.web.emailconfig.SMTPServerConfigurationController
           Method = org.entando.entando.plugins.jpmail.web.emailconfig.SMTPServerConfigurationController#updateSMTPServer(SMTPServerConfigurationDto, BindingResult)

Async:
    Async started = false
     Async result = null

Resolved Exception:
             Type = org.entando.entando.web.common.exceptions.EntandoAuthorizationException

ModelAndView:
        View name = null
             View = null
            Model = null

FlashMap:
       Attributes = null

MockHttpServletResponse:
           Status = 403
    Error message = null
          Headers = [Vary:"Origin", "Access-Control-Request-Method", "Access-Control-Request-Headers", Content-Type:"application/json;charset=UTF-8", X-Content-Type-Options:"nosniff", X-XSS-Protection:"1; mode=block", Cache-Control:"no-cache, no-store, max-age=0, must-revalidate", Pragma:"no-cache", Expires:"0", X-Frame-Options:"SAMEORIGIN"]
     Content type = application/json;charset=UTF-8
             Body = {"payload":[],"metaData":[],"errors":[{"code":"120","message":"jack_bauer is not allowed to /plugins/emailSettings/SMTPServer [PUT]"}]}
    Forwarded URL = null
   Redirected URL = null
          Cookies = []

MockHttpServletRequest:
      HTTP Method = POST
      Request URI = /plugins/emailSettings/SMTPServer/sendTestEmail
       Parameters = {}
          Headers = [Content-Type:"application/json", Authorization:"Bearer valid_token"]
             Body = <no character encoding set>
    Session Attrs = {currentUser=jack_bauer, user=jack_bauer}

Handler:
             Type = org.entando.entando.plugins.jpmail.web.emailconfig.SMTPServerConfigurationController
           Method = org.entando.entando.plugins.jpmail.web.emailconfig.SMTPServerConfigurationController#sendTestEmail(UserDetails, BindingResult)

Async:
    Async started = false
     Async result = null

Resolved Exception:
             Type = org.entando.entando.web.common.exceptions.ValidationGenericException

ModelAndView:
        View name = null
             View = null
            Model = null

FlashMap:
       Attributes = null

MockHttpServletResponse:
           Status = 400
    Error message = null
          Headers = [Vary:"Origin", "Access-Control-Request-Method", "Access-Control-Request-Headers", Content-Type:"application/json;charset=UTF-8", X-Content-Type-Options:"nosniff", X-XSS-Protection:"1; mode=block", Cache-Control:"no-cache, no-store, max-age=0, must-revalidate", Pragma:"no-cache", Expires:"0", X-Frame-Options:"SAMEORIGIN"]
     Content type = application/json;charset=UTF-8
             Body = {"payload":[],"metaData":[],"errors":[{"code":"2","message":"Invalid Email"}]}
    Forwarded URL = null
   Redirected URL = null
          Cookies = []

MockHttpServletRequest:
      HTTP Method = PUT
      Request URI = /plugins/emailSettings/SMTPServer
       Parameters = {}
          Headers = [Content-Type:"application/json", Authorization:"Bearer valid_token", Content-Length:"221"]
             Body = <no character encoding set>
    Session Attrs = {currentUser=jack_bauer, user=jack_bauer}

Handler:
             Type = org.entando.entando.plugins.jpmail.web.emailconfig.SMTPServerConfigurationController
           Method = org.entando.entando.plugins.jpmail.web.emailconfig.SMTPServerConfigurationController#updateSMTPServer(SMTPServerConfigurationDto, BindingResult)

Async:
    Async started = false
     Async result = null

Resolved Exception:
             Type = null

ModelAndView:
        View name = null
             View = null
            Model = null

FlashMap:
       Attributes = null

MockHttpServletResponse:
           Status = 200
    Error message = null
          Headers = [Vary:"Origin", "Access-Control-Request-Method", "Access-Control-Request-Headers", Content-Type:"application/json", X-Content-Type-Options:"nosniff", X-XSS-Protection:"1; mode=block", Cache-Control:"no-cache, no-store, max-age=0, must-revalidate", Pragma:"no-cache", Expires:"0", X-Frame-Options:"SAMEORIGIN"]
     Content type = application/json
             Body = {"payload":{"host":"local","port":25010,"checkServerIdentity":false,"timeout":10000,"username":"username","password":"smtp-server-pass","protocol":"SSL","active":false,"debugMode":false},"metaData":{},"errors":[]}
    Forwarded URL = null
   Redirected URL = null
          Cookies = []

MockHttpServletRequest:
      HTTP Method = PUT
      Request URI = /plugins/emailSettings/SMTPServer
       Parameters = {}
          Headers = [Content-Type:"application/json", Authorization:"Bearer valid_token", Content-Length:"221"]
             Body = <no character encoding set>
    Session Attrs = {currentUser=jack_bauer, user=jack_bauer}

Handler:
             Type = org.entando.entando.plugins.jpmail.web.emailconfig.SMTPServerConfigurationController
           Method = org.entando.entando.plugins.jpmail.web.emailconfig.SMTPServerConfigurationController#updateSMTPServer(SMTPServerConfigurationDto, BindingResult)

Async:
    Async started = false
     Async result = null

Resolved Exception:
             Type = null

ModelAndView:
        View name = null
             View = null
            Model = null

FlashMap:
       Attributes = null

MockHttpServletResponse:
           Status = 200
    Error message = null
          Headers = [Vary:"Origin", "Access-Control-Request-Method", "Access-Control-Request-Headers", Content-Type:"application/json", X-Content-Type-Options:"nosniff", X-XSS-Protection:"1; mode=block", Cache-Control:"no-cache, no-store, max-age=0, must-revalidate", Pragma:"no-cache", Expires:"0", X-Frame-Options:"SAMEORIGIN"]
     Content type = application/json
             Body = {"payload":{"host":"local","port":25010,"checkServerIdentity":false,"timeout":10000,"username":"username","password":"smtp-server-pass","protocol":"SSL","active":false,"debugMode":false},"metaData":{},"errors":[]}
    Forwarded URL = null
   Redirected URL = null
          Cookies = []

MockHttpServletRequest:
      HTTP Method = POST
      Request URI = /plugins/emailSettings/SMTPServer/sendTestEmail
       Parameters = {}
          Headers = [Content-Type:"application/json", Authorization:"Bearer valid_token"]
             Body = <no character encoding set>
    Session Attrs = {currentUser=jack_bauer, user=jack_bauer}

Handler:
             Type = org.entando.entando.plugins.jpmail.web.emailconfig.SMTPServerConfigurationController
           Method = org.entando.entando.plugins.jpmail.web.emailconfig.SMTPServerConfigurationController#sendTestEmail(UserDetails, BindingResult)

Async:
    Async started = false
     Async result = null

Resolved Exception:
             Type = org.entando.entando.web.common.exceptions.ValidationGenericException

ModelAndView:
        View name = null
             View = null
            Model = null

FlashMap:
       Attributes = null

MockHttpServletResponse:
           Status = 400
    Error message = null
          Headers = [Vary:"Origin", "Access-Control-Request-Method", "Access-Control-Request-Headers", Content-Type:"application/json;charset=UTF-8", X-Content-Type-Options:"nosniff", X-XSS-Protection:"1; mode=block", Cache-Control:"no-cache, no-store, max-age=0, must-revalidate", Pragma:"no-cache", Expires:"0", X-Frame-Options:"SAMEORIGIN"]
     Content type = application/json;charset=UTF-8
             Body = {"payload":[],"metaData":[],"errors":[{"code":"3","message":"Empty sender list"},{"code":"2","message":"Invalid Email"}]}
    Forwarded URL = null
   Redirected URL = null
          Cookies = []

MockHttpServletRequest:
      HTTP Method = PUT
      Request URI = /plugins/emailSettings/SMTPServer
       Parameters = {}
          Headers = [Content-Type:"application/json", Authorization:"Bearer valid_token", Content-Length:"197"]
             Body = <no character encoding set>
    Session Attrs = {currentUser=jack_bauer, user=jack_bauer}

Handler:
             Type = org.entando.entando.plugins.jpmail.web.emailconfig.SMTPServerConfigurationController
           Method = org.entando.entando.plugins.jpmail.web.emailconfig.SMTPServerConfigurationController#updateSMTPServer(SMTPServerConfigurationDto, BindingResult)

Async:
    Async started = false
     Async result = null

Resolved Exception:
             Type = org.entando.entando.web.common.exceptions.ValidationGenericException

ModelAndView:
        View name = null
             View = null
            Model = null

FlashMap:
       Attributes = null

MockHttpServletResponse:
           Status = 400
    Error message = null
          Headers = [Vary:"Origin", "Access-Control-Request-Method", "Access-Control-Request-Headers", Content-Type:"application/json;charset=UTF-8", X-Content-Type-Options:"nosniff", X-XSS-Protection:"1; mode=block", Cache-Control:"no-cache, no-store, max-age=0, must-revalidate", Pragma:"no-cache", Expires:"0", X-Frame-Options:"SAMEORIGIN"]
     Content type = application/json;charset=UTF-8
             Body = {"payload":[],"metaData":[],"errors":[{"code":"1","message":"Invalid protocol"}]}
    Forwarded URL = null
   Redirected URL = null
          Cookies = []

MockHttpServletRequest:
      HTTP Method = GET
      Request URI = /plugins/emailSettings/SMTPServer
       Parameters = {}
          Headers = [Authorization:"Bearer valid_token"]
             Body = <no character encoding set>
    Session Attrs = {currentUser=jack_bauer, user=jack_bauer}

Handler:
             Type = org.entando.entando.plugins.jpmail.web.emailconfig.SMTPServerConfigurationController
           Method = org.entando.entando.plugins.jpmail.web.emailconfig.SMTPServerConfigurationController#getSMTPServerConfiguration()

Async:
    Async started = false
     Async result = null

Resolved Exception:
             Type = null

ModelAndView:
        View name = null
             View = null
            Model = null

FlashMap:
       Attributes = null

MockHttpServletResponse:
           Status = 200
    Error message = null
          Headers = [Vary:"Origin", "Access-Control-Request-Method", "Access-Control-Request-Headers", Content-Type:"application/json", X-Content-Type-Options:"nosniff", X-XSS-Protection:"1; mode=block", Cache-Control:"no-cache, no-store, max-age=0, must-revalidate", Pragma:"no-cache", Expires:"0", X-Frame-Options:"SAMEORIGIN"]
     Content type = application/json
             Body = {"payload":{"host":"localhost","port":25000,"checkServerIdentity":false,"timeout":null,"username":"","password":"","protocol":"STD","active":****,"debugMode":****},"metaData":{},"errors":[]}
    Forwarded URL = null
   Redirected URL = null
          Cookies = []
[INFO] Tests run: 7, Failures: 0, Errors: 0, Skipped: 0, Time elapsed: 7.765 s - in org.entando.entando.plugins.jpmail.web.emailconf.smtpserverconfiguration.SMTPServerConfigurationControllerIntegrationTest
[INFO] Running org.entando.entando.plugins.jpmail.web.emailconf.emailsender.EmailSenderControllerIntegrationTest
2021-07-15 13:13:50.855 [main] WARN  o.e.e.w.c.i.EntandoOauth2Interceptor - User jack_bauer needs at least one of the required permissions [Ljava.lang.String;@2b11aaa1

MockHttpServletRequest:
      HTTP Method = PUT
      Request URI = /plugins/emailSettings/senders/NOT_FOUND
       Parameters = {}
          Headers = [Content-Type:"application/json", Authorization:"Bearer valid_token", Content-Length:"63"]
             Body = <no character encoding set>
    Session Attrs = {currentUser=jack_bauer, user=jack_bauer}

Handler:
             Type = org.entando.entando.plugins.jpmail.web.emailconfig.EmailSenderController
           Method = org.entando.entando.plugins.jpmail.web.emailconfig.EmailSenderController#updateEmailSender(String, EmailSenderDto, BindingResult)

Async:
    Async started = false
     Async result = null

Resolved Exception:
             Type = org.entando.entando.web.common.exceptions.ValidationGenericException

ModelAndView:
        View name = null
             View = null
            Model = null

FlashMap:
       Attributes = null

MockHttpServletResponse:
           Status = 400
    Error message = null
          Headers = [Vary:"Origin", "Access-Control-Request-Method", "Access-Control-Request-Headers", Content-Type:"application/json;charset=UTF-8", X-Content-Type-Options:"nosniff", X-XSS-Protection:"1; mode=block", Cache-Control:"no-cache, no-store, max-age=0, must-revalidate", Pragma:"no-cache", Expires:"0", X-Frame-Options:"SAMEORIGIN"]
     Content type = application/json;charset=UTF-8
             Body = {"payload":[],"metaData":[],"errors":[{"code":"1","message":"error.config.sender.notExists"}]}
    Forwarded URL = null
   Redirected URL = null
          Cookies = []

MockHttpServletRequest:
      HTTP Method = PUT
      Request URI = /plugins/emailSettings/senders/NOT_FOUND_1
       Parameters = {}
          Headers = [Content-Type:"application/json", Authorization:"Bearer valid_token", Content-Length:"63"]
             Body = <no character encoding set>
    Session Attrs = {currentUser=jack_bauer, user=jack_bauer}

Handler:
             Type = org.entando.entando.plugins.jpmail.web.emailconfig.EmailSenderController
           Method = org.entando.entando.plugins.jpmail.web.emailconfig.EmailSenderController#updateEmailSender(String, EmailSenderDto, BindingResult)

Async:
    Async started = false
     Async result = null

Resolved Exception:
             Type = org.entando.entando.web.common.exceptions.ValidationGenericException

ModelAndView:
        View name = null
             View = null
            Model = null

FlashMap:
       Attributes = null

MockHttpServletResponse:
           Status = 400
    Error message = null
          Headers = [Vary:"Origin", "Access-Control-Request-Method", "Access-Control-Request-Headers", Content-Type:"application/json;charset=UTF-8", X-Content-Type-Options:"nosniff", X-XSS-Protection:"1; mode=block", Cache-Control:"no-cache, no-store, max-age=0, must-revalidate", Pragma:"no-cache", Expires:"0", X-Frame-Options:"SAMEORIGIN"]
     Content type = application/json;charset=UTF-8
             Body = {"payload":[],"metaData":[],"errors":[{"code":"1","message":"error.config.sender.notExists"},{"code":"2","message":"Invalid sender code"}]}
    Forwarded URL = null
   Redirected URL = null
          Cookies = []

MockHttpServletRequest:
      HTTP Method = GET
      Request URI = /plugins/emailSettings/senders
       Parameters = {}
          Headers = [Authorization:"Bearer valid_token"]
             Body = <no character encoding set>
    Session Attrs = {currentUser=jack_bauer, user=jack_bauer}

Handler:
             Type = org.entando.entando.plugins.jpmail.web.emailconfig.EmailSenderController
           Method = org.entando.entando.plugins.jpmail.web.emailconfig.EmailSenderController#getEmailSenders(RestListRequest)

Async:
    Async started = false
     Async result = null

Resolved Exception:
             Type = null

ModelAndView:
        View name = null
             View = null
            Model = null

FlashMap:
       Attributes = null

MockHttpServletResponse:
           Status = 200
    Error message = null
          Headers = [Vary:"Origin", "Access-Control-Request-Method", "Access-Control-Request-Headers", Content-Type:"application/json", X-Content-Type-Options:"nosniff", X-XSS-Protection:"1; mode=block", Cache-Control:"no-cache, no-store, max-age=0, must-revalidate", Pragma:"no-cache", Expires:"0", X-Frame-Options:"SAMEORIGIN"]
     Content type = application/json
             Body = {"payload":[{"code":"CODE1","email":"EMAIL1@EMAIL.COM"},{"code":"CODE2","email":"EMAIL2@EMAIL.COM"}],"metaData":{"page":1,"pageSize":100,"lastPage":1,"totalItems":2,"sort":"code","direction":"ASC","filters":[],"additionalParams":{}},"errors":[]}
    Forwarded URL = null
   Redirected URL = null
          Cookies = []
2021-07-15 13:13:51.016 [main] WARN  o.e.e.w.c.i.EntandoOauth2Interceptor - User jack_bauer needs at least one of the required permissions [Ljava.lang.String;@2890686e

MockHttpServletRequest:
      HTTP Method = GET
      Request URI = /plugins/emailSettings/senders
       Parameters = {}
          Headers = [Authorization:"Bearer valid_token"]
             Body = <no character encoding set>
    Session Attrs = {currentUser=jack_bauer, user=jack_bauer}

Handler:
             Type = org.entando.entando.plugins.jpmail.web.emailconfig.EmailSenderController
           Method = org.entando.entando.plugins.jpmail.web.emailconfig.EmailSenderController#getEmailSenders(RestListRequest)

Async:
    Async started = false
     Async result = null

Resolved Exception:
             Type = org.entando.entando.web.common.exceptions.EntandoAuthorizationException

ModelAndView:
        View name = null
             View = null
            Model = null

FlashMap:
       Attributes = null

MockHttpServletResponse:
           Status = 403
    Error message = null
          Headers = [Vary:"Origin", "Access-Control-Request-Method", "Access-Control-Request-Headers", Content-Type:"application/json;charset=UTF-8", X-Content-Type-Options:"nosniff", X-XSS-Protection:"1; mode=block", Cache-Control:"no-cache, no-store, max-age=0, must-revalidate", Pragma:"no-cache", Expires:"0", X-Frame-Options:"SAMEORIGIN"]
     Content type = application/json;charset=UTF-8
             Body = {"payload":[],"metaData":[],"errors":[{"code":"120","message":"jack_bauer is not allowed to /plugins/emailSettings/senders [GET]"}]}
    Forwarded URL = null
   Redirected URL = null
          Cookies = []

MockHttpServletRequest:
      HTTP Method = GET
      Request URI = /plugins/emailSettings/senders
       Parameters = {}
          Headers = [Authorization:"Bearer valid_token"]
             Body = <no character encoding set>
    Session Attrs = {currentUser=jack_bauer, user=jack_bauer}

Handler:
             Type = org.entando.entando.plugins.jpmail.web.emailconfig.EmailSenderController
           Method = org.entando.entando.plugins.jpmail.web.emailconfig.EmailSenderController#getEmailSenders(RestListRequest)

Async:
    Async started = false
     Async result = null

Resolved Exception:
             Type = org.entando.entando.web.common.exceptions.EntandoAuthorizationException

ModelAndView:
        View name = null
             View = null
            Model = null

FlashMap:
       Attributes = null

MockHttpServletResponse:
           Status = 403
    Error message = null
          Headers = [Vary:"Origin", "Access-Control-Request-Method", "Access-Control-Request-Headers", Content-Type:"application/json;charset=UTF-8", X-Content-Type-Options:"nosniff", X-XSS-Protection:"1; mode=block", Cache-Control:"no-cache, no-store, max-age=0, must-revalidate", Pragma:"no-cache", Expires:"0", X-Frame-Options:"SAMEORIGIN"]
     Content type = application/json;charset=UTF-8
             Body = {"payload":[],"metaData":[],"errors":[{"code":"120","message":"jack_bauer is not allowed to /plugins/emailSettings/senders [GET]"}]}
    Forwarded URL = null
   Redirected URL = null
          Cookies = []

MockHttpServletRequest:
      HTTP Method = PUT
      Request URI = /plugins/emailSettings/senders/CODE1
       Parameters = {}
          Headers = [Content-Type:"application/json", Authorization:"Bearer valid_token", Content-Length:"66"]
             Body = <no character encoding set>
    Session Attrs = {currentUser=jack_bauer, user=jack_bauer}

Handler:
             Type = org.entando.entando.plugins.jpmail.web.emailconfig.EmailSenderController
           Method = org.entando.entando.plugins.jpmail.web.emailconfig.EmailSenderController#updateEmailSender(String, EmailSenderDto, BindingResult)

Async:
    Async started = false
     Async result = null

Resolved Exception:
             Type = null

ModelAndView:
        View name = null
             View = null
            Model = null

FlashMap:
       Attributes = null

MockHttpServletResponse:
           Status = 200
    Error message = null
          Headers = [Vary:"Origin", "Access-Control-Request-Method", "Access-Control-Request-Headers", Content-Type:"application/json", X-Content-Type-Options:"nosniff", X-XSS-Protection:"1; mode=block", Cache-Control:"no-cache, no-store, max-age=0, must-revalidate", Pragma:"no-cache", Expires:"0", X-Frame-Options:"SAMEORIGIN"]
     Content type = application/json
             Body = {"payload":{"code":"CODE1","email":"test-edit-email@entando.com"},"metaData":{},"errors":[]}
    Forwarded URL = null
   Redirected URL = null
          Cookies = []

MockHttpServletRequest:
      HTTP Method = GET
      Request URI = /plugins/emailSettings/senders/CODE1
       Parameters = {}
          Headers = [Authorization:"Bearer valid_token"]
             Body = <no character encoding set>
    Session Attrs = {currentUser=jack_bauer, user=jack_bauer}

Handler:
             Type = org.entando.entando.plugins.jpmail.web.emailconfig.EmailSenderController
           Method = org.entando.entando.plugins.jpmail.web.emailconfig.EmailSenderController#getSender(String)

Async:
    Async started = false
     Async result = null

Resolved Exception:
             Type = null

ModelAndView:
        View name = null
             View = null
            Model = null

FlashMap:
       Attributes = null

MockHttpServletResponse:
           Status = 200
    Error message = null
          Headers = [Vary:"Origin", "Access-Control-Request-Method", "Access-Control-Request-Headers", Content-Type:"application/json", X-Content-Type-Options:"nosniff", X-XSS-Protection:"1; mode=block", Cache-Control:"no-cache, no-store, max-age=0, must-revalidate", Pragma:"no-cache", Expires:"0", X-Frame-Options:"SAMEORIGIN"]
     Content type = application/json
             Body = {"payload":{"code":"CODE1","email":"EMAIL1@EMAIL.COM"},"metaData":{},"errors":[]}
    Forwarded URL = null
   Redirected URL = null
          Cookies = []

MockHttpServletRequest:
      HTTP Method = GET
      Request URI = /plugins/emailSettings/senders/CODE2
       Parameters = {}
          Headers = [Authorization:"Bearer valid_token"]
             Body = <no character encoding set>
    Session Attrs = {currentUser=jack_bauer, user=jack_bauer}

Handler:
             Type = org.entando.entando.plugins.jpmail.web.emailconfig.EmailSenderController
           Method = org.entando.entando.plugins.jpmail.web.emailconfig.EmailSenderController#getSender(String)

Async:
    Async started = false
     Async result = null

Resolved Exception:
             Type = null

ModelAndView:
        View name = null
             View = null
            Model = null

FlashMap:
       Attributes = null

MockHttpServletResponse:
           Status = 200
    Error message = null
          Headers = [Vary:"Origin", "Access-Control-Request-Method", "Access-Control-Request-Headers", Content-Type:"application/json", X-Content-Type-Options:"nosniff", X-XSS-Protection:"1; mode=block", Cache-Control:"no-cache, no-store, max-age=0, must-revalidate", Pragma:"no-cache", Expires:"0", X-Frame-Options:"SAMEORIGIN"]
     Content type = application/json
             Body = {"payload":{"code":"CODE2","email":"EMAIL2@EMAIL.COM"},"metaData":{},"errors":[]}
    Forwarded URL = null
   Redirected URL = null
          Cookies = []

MockHttpServletRequest:
      HTTP Method = DELETE
      Request URI = /plugins/emailSettings/senders/TEST
       Parameters = {}
          Headers = [Authorization:"Bearer valid_token"]
             Body = <no character encoding set>
    Session Attrs = {currentUser=jack_bauer, user=jack_bauer}

Handler:
             Type = org.entando.entando.plugins.jpmail.web.emailconfig.EmailSenderController
           Method = org.entando.entando.plugins.jpmail.web.emailconfig.EmailSenderController#deleteEmailSender(String)

Async:
    Async started = false
     Async result = null

Resolved Exception:
             Type = null

ModelAndView:
        View name = null
             View = null
            Model = null

FlashMap:
       Attributes = null

MockHttpServletResponse:
           Status = 200
    Error message = null
          Headers = [Vary:"Origin", "Access-Control-Request-Method", "Access-Control-Request-Headers", Content-Type:"application/json", X-Content-Type-Options:"nosniff", X-XSS-Protection:"1; mode=block", Cache-Control:"no-cache, no-store, max-age=0, must-revalidate", Pragma:"no-cache", Expires:"0", X-Frame-Options:"SAMEORIGIN"]
     Content type = application/json
             Body = {"payload":{"senderCode":"TEST"},"metaData":{},"errors":[]}
    Forwarded URL = null
   Redirected URL = null
          Cookies = []
2021-07-15 13:13:51.231 [main] WARN  o.e.e.w.c.i.EntandoOauth2Interceptor - User jack_bauer needs at least one of the required permissions [Ljava.lang.String;@56ad6f9c

MockHttpServletRequest:
      HTTP Method = DELETE
      Request URI = /plugins/emailSettings/senders/CODE1
       Parameters = {}
          Headers = [Authorization:"Bearer valid_token"]
             Body = <no character encoding set>
    Session Attrs = {currentUser=jack_bauer, user=jack_bauer}

Handler:
             Type = org.entando.entando.plugins.jpmail.web.emailconfig.EmailSenderController
           Method = org.entando.entando.plugins.jpmail.web.emailconfig.EmailSenderController#deleteEmailSender(String)

Async:
    Async started = false
     Async result = null

Resolved Exception:
             Type = org.entando.entando.web.common.exceptions.EntandoAuthorizationException

ModelAndView:
        View name = null
             View = null
            Model = null

FlashMap:
       Attributes = null

MockHttpServletResponse:
           Status = 403
    Error message = null
          Headers = [Vary:"Origin", "Access-Control-Request-Method", "Access-Control-Request-Headers", Content-Type:"application/json;charset=UTF-8", X-Content-Type-Options:"nosniff", X-XSS-Protection:"1; mode=block", Cache-Control:"no-cache, no-store, max-age=0, must-revalidate", Pragma:"no-cache", Expires:"0", X-Frame-Options:"SAMEORIGIN"]
     Content type = application/json;charset=UTF-8
             Body = {"payload":[],"metaData":[],"errors":[{"code":"120","message":"jack_bauer is not allowed to /plugins/emailSettings/senders/CODE1 [DELETE]"}]}
    Forwarded URL = null
   Redirected URL = null
          Cookies = []
2021-07-15 13:13:51.267 [main] WARN  o.e.e.w.c.i.EntandoOauth2Interceptor - User jack_bauer needs at least one of the required permissions [Ljava.lang.String;@5394fc4a

MockHttpServletRequest:
      HTTP Method = GET
      Request URI = /plugins/emailSettings/senders/CODE1
       Parameters = {}
          Headers = [Authorization:"Bearer valid_token"]
             Body = <no character encoding set>
    Session Attrs = {currentUser=jack_bauer, user=jack_bauer}

Handler:
             Type = org.entando.entando.plugins.jpmail.web.emailconfig.EmailSenderController
           Method = org.entando.entando.plugins.jpmail.web.emailconfig.EmailSenderController#getSender(String)

Async:
    Async started = false
     Async result = null

Resolved Exception:
             Type = org.entando.entando.web.common.exceptions.EntandoAuthorizationException

ModelAndView:
        View name = null
             View = null
            Model = null

FlashMap:
       Attributes = null

MockHttpServletResponse:
           Status = 403
    Error message = null
          Headers = [Vary:"Origin", "Access-Control-Request-Method", "Access-Control-Request-Headers", Content-Type:"application/json;charset=UTF-8", X-Content-Type-Options:"nosniff", X-XSS-Protection:"1; mode=block", Cache-Control:"no-cache, no-store, max-age=0, must-revalidate", Pragma:"no-cache", Expires:"0", X-Frame-Options:"SAMEORIGIN"]
     Content type = application/json;charset=UTF-8
             Body = {"payload":[],"metaData":[],"errors":[{"code":"120","message":"jack_bauer is not allowed to /plugins/emailSettings/senders/CODE1 [GET]"}]}
    Forwarded URL = null
   Redirected URL = null
          Cookies = []
[INFO] Tests run: 11, Failures: 0, Errors: 0, Skipped: 0, Time elapsed: 0.491 s - in org.entando.entando.plugins.jpmail.web.emailconf.emailsender.EmailSenderControllerIntegrationTest
[INFO] Running com.agiletec.plugins.jpmail.aps*****.mail.TestMailSenderConfigAction
[INFO ] 2021-07-15 13:14:02.062 [main] SpringObjectFactory - Setting autowire strategy to name
[INFO ] 2021-07-15 13:14:02.829 [main] SpringObjectFactory - Setting autowire strategy to name
2021-07-15 13:14:03.169 [main] WARN  o.e.e.a.s.r.CustomLocalizedTextProvider - Unrecognized location of resource '/workspace/source/target/classes/com/agiletec/plugins/jpmail/aps*****/global-messages_en.properties'
2021-07-15 13:14:03.170 [main] WARN  o.e.e.a.s.r.CustomLocalizedTextProvider - Unrecognized location of resource '/workspace/source/target/classes/com/agiletec/plugins/jpmail/aps*****/global-messages_it.properties'
[WARN ] 2021-07-15 13:14:05.989 [main] StrutsLocalizedTextProvider - Trying to find text with null key!
[INFO] Tests run: 7, Failures: 0, Errors: 0, Skipped: 0, Time elapsed: 14.92 s - in com.agiletec.plugins.jpmail.aps*****.mail.TestMailSenderConfigAction
[INFO] Running com.agiletec.plugins.jpmail.aps*****.mail.TestSmtpConfigAction
[INFO ] 2021-07-15 13:14:06.407 [main] SpringObjectFactory - Setting autowire strategy to name
{smtpPort=[Port Number not valid], smtpHost=[Host is mandatory.]}
[INFO] Tests run: 6, Failures: 0, Errors: 0, Skipped: 0, Time elapsed: 1.468 s - in com.agiletec.plugins.jpmail.aps*****.mail.TestSmtpConfigAction
[INFO] Running com.agiletec.plugins.jpmail.aps.******.services.mail.TestMailManager
DEBUG: JavaMail version 1.4.5
DEBUG: URL jar:file:/home/jenkins/.mvnrepository/com/sun/mail/smtp/1.4.5/smtp-1.4.5.jar!/META-INF/javamail.providers
DEBUG: successfully loaded resource: jar:file:/home/jenkins/.mvnrepository/com/sun/mail/smtp/1.4.5/smtp-1.4.5.jar!/META-INF/javamail.providers
DEBUG: successfully loaded resource: /META-INF/javamail.default.providers
DEBUG: Tables of loaded providers
DEBUG: Providers Listed By Class Name: {com.sun.mail.smtp.SMTPSSLTransport=javax.mail.Provider[TRANSPORT,smtps,com.sun.mail.smtp.SMTPSSLTransport,Sun Micro******s, Inc], com.sun.mail.imap.IMAPSSLStore=javax.mail.Provider[STORE,imaps,com.sun.mail.imap.IMAPSSLStore,Sun Micro******s, Inc], com.sun.mail.smtp.SMTPTransport=javax.mail.Provider[TRANSPORT,smtp,com.sun.mail.smtp.SMTPTransport,Sun Micro******s, Inc], com.sun.mail.pop3.POP3SSLStore=javax.mail.Provider[STORE,pop3s,com.sun.mail.pop3.POP3SSLStore,Sun Micro******s, Inc], com.sun.mail.imap.IMAPStore=javax.mail.Provider[STORE,imap,com.sun.mail.imap.IMAPStore,Sun Micro******s, Inc], com.sun.mail.pop3.POP3Store=javax.mail.Provider[STORE,pop3,com.sun.mail.pop3.POP3Store,Sun Micro******s, Inc]}
DEBUG: Providers Listed By Protocol: {imaps=javax.mail.Provider[STORE,imaps,com.sun.mail.imap.IMAPSSLStore,Sun Micro******s, Inc], imap=javax.mail.Provider[STORE,imap,com.sun.mail.imap.IMAPStore,Sun Micro******s, Inc], smtps=javax.mail.Provider[TRANSPORT,smtps,com.sun.mail.smtp.SMTPSSLTransport,Sun Micro******s, Inc], pop3=javax.mail.Provider[STORE,pop3,com.sun.mail.pop3.POP3Store,Sun Micro******s, Inc], pop3s=javax.mail.Provider[STORE,pop3s,com.sun.mail.pop3.POP3SSLStore,Sun Micro******s, Inc], smtp=javax.mail.Provider[TRANSPORT,smtp,com.sun.mail.smtp.SMTPTransport,Sun Micro******s, Inc]}
DEBUG: successfully loaded resource: /META-INF/javamail.default.address.map
DEBUG: URL jar:file:/home/jenkins/.mvnrepository/com/sun/mail/smtp/1.4.5/smtp-1.4.5.jar!/META-INF/javamail.address.map
DEBUG: successfully loaded resource: jar:file:/home/jenkins/.mvnrepository/com/sun/mail/smtp/1.4.5/smtp-1.4.5.jar!/META-INF/javamail.address.map
DEBUG: getProvider() returning javax.mail.Provider[TRANSPORT,smtp,com.sun.mail.smtp.SMTPTransport,Sun Micro******s, Inc]
DEBUG SMTP: useEhlo ****, useAuth false
DEBUG SMTP: trying to connect to host "localhost", port 25000, isSSL false
220 entando-entando-plugin-jpmail-p-p66rd-1-from-build-pack-c-dr9x6 ESMTP SubEthaSMTP 3.1.6
DEBUG SMTP: connected to host "localhost", port: 25000

EHLO entando-entando-plugin-jpmail-p-p66rd-1-from-build-pack-c-dr9x6
250-entando-entando-plugin-jpmail-p-p66rd-1-from-build-pack-c-dr9x6
250-8BITMIME
250-AUTH PLAIN
250 Ok
DEBUG SMTP: Found extension "8BITMIME", arg ""
DEBUG SMTP: Found extension "AUTH", arg "PLAIN"
DEBUG SMTP: Found extension "Ok", arg ""
DEBUG: getProvider() returning javax.mail.Provider[TRANSPORT,smtp,com.sun.mail.smtp.SMTPTransport,Sun Micro******s, Inc]
DEBUG SMTP: useEhlo ****, useAuth false
DEBUG SMTP: trying to connect to host "localhost", port 25000, isSSL false
220 entando-entando-plugin-jpmail-p-p66rd-1-from-build-pack-c-dr9x6 ESMTP SubEthaSMTP 3.1.6
DEBUG SMTP: connected to host "localhost", port: 25000

EHLO entando-entando-plugin-jpmail-p-p66rd-1-from-build-pack-c-dr9x6
250-entando-entando-plugin-jpmail-p-p66rd-1-from-build-pack-c-dr9x6
250-8BITMIME
250-AUTH PLAIN
250 Ok
DEBUG SMTP: Found extension "8BITMIME", arg ""
DEBUG SMTP: Found extension "AUTH", arg "PLAIN"
DEBUG SMTP: Found extension "Ok", arg ""
DEBUG SMTP: use8bit false
MAIL FROM:<EMAIL1@EMAIL.COM>
MockMessageHandler - FROM:EMAIL1@EMAIL.COM
250 Ok
RCPT TO:<testuser@localhost>
MockMessageHandler - RECIPIENT:testuser@localhost
250 Ok
DEBUG SMTP: Verified Addresses
DEBUG SMTP:   testuser@localhost
DATA
354 End data with <CR><LF>.<CR><LF>
Date: Thu, 15 Jul 2021 13:14:19 +0000 (UTC)
From: EMAIL1@EMAIL.COM
To: testuser@localhost
Message-ID: <1251809994.2.1626354859212.JavaMail.****@entando-entando-plugin-jpmail-p-p66rd-1-from-build-pack-c-dr9x6>
Subject: Mail with contentType text/html
MIME-Version: 1.0
Content-Type: text/html; charset=utf-8
Content-Transfer-Encoding: 7bit

<a href="http://www.japsportal.org/" >Test Mail di prova</a>
.
MockMessageHandler - MAIL DATA
= = = = = = = = = = = = = = = = = = = = = = = = = = = = = = =
Received: from entando-entando-plugin-jpmail-p-p66rd-1-from-build-pack-c-dr9x6 (localhost [127.0.0.1])
        by entando-entando-plugin-jpmail-p-p66rd-1-from-build-pack-c-dr9x6 with SMTP (SubEthaSMTP 3.1.6)
        for testuser@localhost;
        Thu, 15 Jul 2021 13:14:19 +0000 (UTC)
Date: Thu, 15 Jul 2021 13:14:19 +0000 (UTC)
From: EMAIL1@EMAIL.COM
To: testuser@localhost
Message-ID: <1251809994.2.1626354859212.JavaMail.****@entando-entando-plugin-jpmail-p-p66rd-1-from-build-pack-c-dr9x6>
Subject: Mail with contentType text/html
MIME-Version: 1.0
Content-Type: text/html; charset=utf-8
Content-Transfer-Encoding: 7bit

<a href="http://www.japsportal.org/" >Test Mail di prova</a>

= = = = = = = = = = = = = = = = = = = = = = = = = = = = = = =
 MockMessageHandler - size 1
MockMessageHandler - Finished
250 Ok
QUIT
221 Bye
QUIT
MockMessageHandler - Finished
221 Bye
DEBUG: getProvider() returning javax.mail.Provider[TRANSPORT,smtp,com.sun.mail.smtp.SMTPTransport,Sun Micro******s, Inc]
MockMessageHandler - Finished
DEBUG SMTP: useEhlo ****, useAuth false
DEBUG SMTP: trying to connect to host "localhost", port 25000, isSSL false
220 entando-entando-plugin-jpmail-p-p66rd-1-from-build-pack-c-dr9x6 ESMTP SubEthaSMTP 3.1.6
DEBUG SMTP: connected to host "localhost", port: 25000

EHLO entando-entando-plugin-jpmail-p-p66rd-1-from-build-pack-c-dr9x6
250-entando-entando-plugin-jpmail-p-p66rd-1-from-build-pack-c-dr9x6
250-8BITMIME
250-AUTH PLAIN
250 Ok
DEBUG SMTP: Found extension "8BITMIME", arg ""
DEBUG SMTP: Found extension "AUTH", arg "PLAIN"
DEBUG SMTP: Found extension "Ok", arg ""
DEBUG: getProvider() returning javax.mail.Provider[TRANSPORT,smtp,com.sun.mail.smtp.SMTPTransport,Sun Micro******s, Inc]
DEBUG SMTP: useEhlo ****, useAuth false
DEBUG SMTP: trying to connect to host "localhost", port 25000, isSSL false
220 entando-entando-plugin-jpmail-p-p66rd-1-from-build-pack-c-dr9x6 ESMTP SubEthaSMTP 3.1.6
DEBUG SMTP: connected to host "localhost", port: 25000

EHLO entando-entando-plugin-jpmail-p-p66rd-1-from-build-pack-c-dr9x6
250-entando-entando-plugin-jpmail-p-p66rd-1-from-build-pack-c-dr9x6
250-8BITMIME
250-AUTH PLAIN
250 Ok
DEBUG SMTP: Found extension "8BITMIME", arg ""
DEBUG SMTP: Found extension "AUTH", arg "PLAIN"
DEBUG SMTP: Found extension "Ok", arg ""
DEBUG SMTP: use8bit false
MAIL FROM:<EMAIL1@EMAIL.COM>
MockMessageHandler - FROM:EMAIL1@EMAIL.COM
250 Ok
RCPT TO:<testuser@localhost>
MockMessageHandler - RECIPIENT:testuser@localhost
250 Ok
DEBUG SMTP: Verified Addresses
DEBUG SMTP:   testuser@localhost
DATA
354 End data with <CR><LF>.<CR><LF>
Date: Thu, 15 Jul 2021 13:14:19 +0000 (UTC)
From: EMAIL1@EMAIL.COM
Cc: testuser@localhost
Message-ID: <653665485.5.1626354859236.JavaMail.****@entando-entando-plugin-jpmail-p-p66rd-1-from-build-pack-c-dr9x6>
Subject: Mail with contentType text/plain
MIME-Version: 1.0
Content-Type: text/plain; charset=utf-8
Content-Transfer-Encoding: 7bit

<a href="http://www.japsportal.org/" >Test Mail di prova</a>
.
MockMessageHandler - MAIL DATA
= = = = = = = = = = = = = = = = = = = = = = = = = = = = = = =
Received: from entando-entando-plugin-jpmail-p-p66rd-1-from-build-pack-c-dr9x6 (localhost [127.0.0.1])
        by entando-entando-plugin-jpmail-p-p66rd-1-from-build-pack-c-dr9x6 with SMTP (SubEthaSMTP 3.1.6)
        for testuser@localhost;
        Thu, 15 Jul 2021 13:14:19 +0000 (UTC)
Date: Thu, 15 Jul 2021 13:14:19 +0000 (UTC)
From: EMAIL1@EMAIL.COM
Cc: testuser@localhost
Message-ID: <653665485.5.1626354859236.JavaMail.****@entando-entando-plugin-jpmail-p-p66rd-1-from-build-pack-c-dr9x6>
Subject: Mail with contentType text/plain
MIME-Version: 1.0
Content-Type: text/plain; charset=utf-8
Content-Transfer-Encoding: 7bit

<a href="http://www.japsportal.org/" >Test Mail di prova</a>

= = = = = = = = = = = = = = = = = = = = = = = = = = = = = = =
 MockMessageHandler - size 2
MockMessageHandler - Finished
250 Ok
QUIT
221 Bye
QUIT
221 Bye
MockMessageHandler - Finished
MockMessageHandler - Finished
DEBUG: getProvider() returning javax.mail.Provider[TRANSPORT,smtp,com.sun.mail.smtp.SMTPTransport,Sun Micro******s, Inc]
DEBUG SMTP: useEhlo ****, useAuth false
DEBUG SMTP: trying to connect to host "localhost", port 25000, isSSL false
220 entando-entando-plugin-jpmail-p-p66rd-1-from-build-pack-c-dr9x6 ESMTP SubEthaSMTP 3.1.6
DEBUG SMTP: connected to host "localhost", port: 25000

EHLO entando-entando-plugin-jpmail-p-p66rd-1-from-build-pack-c-dr9x6
250-entando-entando-plugin-jpmail-p-p66rd-1-from-build-pack-c-dr9x6
250-8BITMIME
250-AUTH PLAIN
250 Ok
DEBUG SMTP: Found extension "8BITMIME", arg ""
DEBUG SMTP: Found extension "AUTH", arg "PLAIN"
DEBUG SMTP: Found extension "Ok", arg ""
DEBUG: getProvider() returning javax.mail.Provider[TRANSPORT,smtp,com.sun.mail.smtp.SMTPTransport,Sun Micro******s, Inc]
DEBUG SMTP: useEhlo ****, useAuth false
DEBUG SMTP: trying to connect to host "localhost", port 25000, isSSL false
220 entando-entando-plugin-jpmail-p-p66rd-1-from-build-pack-c-dr9x6 ESMTP SubEthaSMTP 3.1.6
DEBUG SMTP: connected to host "localhost", port: 25000

EHLO entando-entando-plugin-jpmail-p-p66rd-1-from-build-pack-c-dr9x6
250-entando-entando-plugin-jpmail-p-p66rd-1-from-build-pack-c-dr9x6
250-8BITMIME
250-AUTH PLAIN
250 Ok
DEBUG SMTP: Found extension "8BITMIME", arg ""
DEBUG SMTP: Found extension "AUTH", arg "PLAIN"
DEBUG SMTP: Found extension "Ok", arg ""
DEBUG SMTP: use8bit false
MAIL FROM:<EMAIL1@EMAIL.COM>
MockMessageHandler - FROM:EMAIL1@EMAIL.COM
250 Ok
RCPT TO:<testuser@localhost>
MockMessageHandler - RECIPIENT:testuser@localhost
250 Ok
RCPT TO:<testuser@localhost>
MockMessageHandler - RECIPIENT:testuser@localhost
250 Ok
RCPT TO:<testuser@localhost>
MockMessageHandler - RECIPIENT:testuser@localhost
250 Ok
DEBUG SMTP: Verified Addresses
DEBUG SMTP:   testuser@localhost
DEBUG SMTP:   testuser@localhost
DEBUG SMTP:   testuser@localhost
DATA
354 End data with <CR><LF>.<CR><LF>
Date: Thu, 15 Jul 2021 13:14:19 +0000 (UTC)
From: EMAIL1@EMAIL.COM
To: testuser@localhost
Cc: testuser@localhost
Message-ID: <1360840195.9.1626354859285.JavaMail.****@entando-entando-plugin-jpmail-p-p66rd-1-from-build-pack-c-dr9x6>
Subject: Oggetto Mail composta
MIME-Version: 1.0
Content-Type: multipart/mi**d; 
	boundary="----=_Part_7_1826711368.1626354859274"

------=_Part_7_1826711368.1626354859274
Content-Type: text/plain; charset=utf-8
Content-Transfer-Encoding: 7bit

AAAAAAAAAMi**d<a href="http://www.japsportal.org/" >Test Mail di prova</a>
------=_Part_7_1826711368.1626354859274
Content-Type: text/html; charset=utf-8
Content-Transfer-Encoding: 7bit

Mi**d<a href="http://www.japsportal.org/" >Test Mail di prova</a>
------=_Part_7_1826711368.1626354859274
Content-Type: image/jpeg; name=ALLEGATO
Content-Transfer-Encoding: base64
Content-Disposition: attachment; filename=ALLEGATO

/9j/4QAYRXhpZgAASUkqAAgAAAAAAAAAAAAAAP/sABFEdWNreQABAAQAAABkAAD/7gAOQWRvYmUA
ZMAAAAAB/9sAhAABAQEBAQEBAQEBAQEBAQEBAQEBAQEBAQEBAQEBAQEBAQEBAQEBAQEBAQEBAgIC
AgICAgICAgIDAwMDAwMDAwMDAQEBAQEBAQIBAQICAgECAgMDAwMDAwMDAwMDAwMDAwMDAwMDAwMD
AwMDAwMDAwMDAwMDAwMDAwMDAwMDAwMDAwP/wAARCABnAIYDAREAAhEBAxEB/8QApgABAAEEAwEA
AAAAAAAAAAAAAAgDBgcJBAUKAgEBAAEFAQEBAAAAAAAAAAAAAAcCAwUGCAkEARAAAAYBBAEEAQMC
BAcAAAAAAQIDBAUGBwAREggTIRQVCTEiMhZBJGFCIzN1tTZ2thc3EQACAQMDAwMDAgMFBgYDAAAB
AgMRBAUAEgYhEwcxIghBURRhMnEjFYFCUnIzYrKzJHQWkYJDczU2JXUX/9oADAMBAAIRAxEAPwD3
8aaaaaaaaaaaaaaaaaaaaaaaaaaaaaaaaaaaaaaaaaaaaaaaaaaaaaaaaaaaaaaaaaaaaaaaaaaa
aaaaaaaaaaaaaaaaaaaaaaaaaaaaaaaaaaaaaaaaaaaaaaaaaaaaaaaaaaaaaaaaaaaaaaaaaaaa
aaaaaaaaaaaaaaaaaaaaaaaaaaaaaaaaaaaaaaaaaaaaaaaaaaaaawHnPs5hTrnGtXuVbo0hXkii
otD1xmg4l7PMkSExBUYQkems7K08pBTF0v4WhVP0mVKPprdOH+PeW87naHjdo00UZAeViEhjr9Gk
Yhd1OuxdzkdQpGo18i+XfH/iu1S45nfpbzyqTFAoaW4lA6VSJAW21FO4+2IN0Lg6jdj37P8AqfkG
xs6yNistJdSKyLZhIXuvpxEG4drn8abZaYjpGYZ**4/lV6Zs3D+qgD6a33OfHjyVhLB8h2Le7jjB
LLbyb5Ao6khGVGf/ACx7m/2dRRxf5f8Ahbk2V**BurvHzSsFR7yERwsxNAplR5Vj/wA0pjQfVtZx
v/cLr9i/KDDEN8vCdYtr6OSljrS8bIx9aYRy8ZIyrZ2+tL1s3giIuko4Uk/GuoJnKpEv38gJp+F8
W825Fx1+T4azNxjEcpRHVpWYOqFVhUmSoLVNVHtBb0pWROS+dPGXD+YR8H5JkRZ5uSISEyxukCIY
3kVnuGVYQGCFRtdquyp+6oWOc99rnUiGmFoppK3uyN0VvCM5A05X4c+x+B1URmpCGk1kSDuPIrUQ
MAbk5bhvvdl8bPJt3ai5kis4HIr25JxvH6Htq6A/pv6fWmoryXzQ8I2F81nDNkbuJWp3obU9o9aE
juvFIQPuI+o9K9NSXQ7ZYPkMGznYeDtSlixrWypknHUPHOlJqLfHdxrI8S+gnZWb9nKILS7cxklS
k3SVKqUTJmIc2gP405fBzCHg15bCDP3Fe2HYCN12u29ZF3KyEI1CK+4FTRgQJaj81ePLrx3ceUcd
em64naACZokYyxuWjQxvCwV1kBkQlWA9rBwShVjoYrPdKkJ/YBMdmrMNwVxqopPtIaNbsm7qbaRq
tDJTYYSwykskwarLe0SUcARx6CJh3MP57NyHibLt4Ti8fY/8UZ8CNpGLERs4uO/J/MCFiBuIWq/Y
dBrzcxHn7jyfJmfy5l/z**MmZYo1QNKsZsxaxfyjIEUnapcB/qTUnW+brh2mxv2jiLNOY1ZWxtHV
SSYxUiraIllFCs9ftVXhE2RWctKeYEEEwFQTcOPkLtvuO3GXPPHOf8dXVvZ597Zp7mNnUQuz0VSF
q25EpUnpSvofTXpH4p8x8U8xWN3keJx3qWtlKkbm4jSOrupYBNsklaAe6tKVFK9aYyzb9hnWbBVg
e1GwWaVtVsilVEJiv0GKTn3EO5TKImZyMk6fRUAhIEUL41G3vDOEFPRUifrrYeI+DvIHMbFMnY28
VtjJACkly5jDg/3lQK8hWnUNs2sOqltah5B+UHiPxzk5MJk7ya9zUJIlhs4xM0TD+48jPHCrg9GT
ul0PR1XVn0b7Reot0eoR7u22KiOXJikQNeaw7YshUMAG4LysItYIpiUPXdRwskkAh+71DfKZj47e
TsTCZ4raC9jX1/HlDNT9EkEbt/BVY/p66wfHfmF4Qz9wtrPfXWNlc0H5duyJX9ZIjNGn8XdV/X0r
n7L3bDCmC7zTMfZMsTuvTl6+PUhnS8S8/jzdnISq8MEjMWM5E4eJYMXqH90dVUPbJHKqcAS3OGlc
Y8a8t5jh7vN8fgWezs9wcB17pZUD7Ui6u7Mp9gVfcQVFW6akvnHmrx/465FYcY5bdPa5HI7DExjb
sKryGLfLOQIo0Rx/MLMNikOwCVYRruP2sdS6pMrRDCUvF4K3XK3Wl6dVU1YYD8uCx0XVjla2s8QQ
NvuogkqmoAbpCoUQEd+xXxu8mZK1F1NHZ2ZZahJ5iH/SoiSUKT9mII9GCmo1E+e+Z3hPC37WNtNk
ciFbaZbW3Bir6Ehp5ICwX/EisG9ULChMs8EdjcSdkK06s2KrIEujGOEmc5EPWq0XYIB2umKrdGVi
nQAqmk6TKYUXCQqtVhIcqapjJqAWNOZcE5NwK/XH8kt+00ilo3Uh45FBoSjjoSDTcpo61BZQGUma
/HHlThPlbEvluGXffSFgs0TqY5oWIqokjbqAwrtdS0b0YK5KsBj7PXdrrz1zki16/wBuXdW0UEnJ
6fVI9SfsDVsuUFEVZMiSiEbDiskYp003jlBVVMwHIQxB5azfDPEfOOd2/wCdhLULjKkd+ZhHGSOh
CVqz0PQlEZQQQSD01rHkn5B+L/Fd2MZya+Z83tDG1tkM0yqeoMgBEcVRQqssiMykMqlTXWnrvr31
xf2SxdVarig2R69LxF6CXmEp9gzgkX8KnDTTAvFeEscum6IZ64RUKkrxEAEDCAGKIB1J4Y8Mci4D
yO5yXJfwJ7WWz2IY2aQrIZI29JIkI9oYVFftWh68LfJP5J8P8scOssNws5W1voMj3ZRMiwh4hFKn
rDPKGG9lYK1PoaAggbgestvq9C6Y4Rt90n4usVmDw7THcrNzLxJjHskfiGaZPIssYoGWXWUKmkmX
kosqcqZCmOYpR5d8gYvI5ryvl8XiYZLjITZWdUjjUszHex6AfQAEsT0VQWJABOu5vEecw/GvAnHs
5n7mGzxFvgrVpJZWCIg7agVJ+pJCqoqzMQqgsQDH+Z+2rqbFypo5mfJVialXOj85DU5slFGIQihg
clTnp2EmBQOYgFD+08m5gESgXcQ3a0+M/ku5tu/KMfBJtr25JyX+nSscciVHr++nQ9a0BjO/+bPh
WzvTawHLXUIYjvRWqiOgB91JpopaGlB/LrUjpSpElIvuZ13m8M2bPMTfE39BpnxyNqM3i5Q9hgZC
XfMouKi5Kte0CXbu5GTkUkETin7ZQRE5VRSIdQug3HinnNpyu34Zc2RTNXe4w1dO1IqKzu6y7thV
UVmYV3joCu4hTLFn568XZDgV35IsskJeNWGwXG2OQzwvK6RxxyQbe6rPI6oh29tqlg5RWYaS+s6+
KO1naPLeee1NyqEdUYNZOZhK1kK2Q1dg3x5aSds6hXjlm5Bmm/rtRg44SqNiHEqq3g84nKooVXrj
yAnJfG3jrGcM8cWl0+UmBjkltoZJZFCIrTyjtqxWWaRqhyKhd+yhVSvn14kk4X5n8w5vyR5lv7GL
B27CWKC9uYoInMkjLbQESuoeC2hQhowaM/b7hYM4e5/sZtnUq/sscUbrVCU+eywjbiNlXWIaqwQi
XdfkWb1gWuqPq9HNmlmmH9gFkZgk2F0KJSrepBWKCmO8E4zyZhJr/Mc/muoeNG1qBezMXWRWVu6F
lYmJFj7gkZ9m4lPXYduY+VGa8Jcmt8Vx3xNb2NzzVb4KWxlugiaF0dOwXgRVuJXm7RhWPubQJOq9
wBsY92aJKRGben9AyEUH0+TrjgGr3viscFXkkjcLbATKCr9uqCzldJJuLcXQHBRXxgpuAj6bD4jz
NvdcR5Rm8H7LI57JTW/ToqGCGSMhSKAEndspQV29RrUPkFxu8sfIPBeM8o/mZMcVw1vedTVpBdXM
MoLqasQF2dwGrbd3QnW+OydPOt87jqWxw1w5jmFjX8E7h2MlGVGFbz0Q4VbHSaTLOfK0Cb+XZODF
WBwZwZZQ4D5DGAxt+M7Dylz2zzsWekyt/NcJMHZHmkMbgGrRtHXt7GHt2hdoH7QKCnpDlfBXinI8
Wn4rDgcVb2kls0SSR20SzRMVIWVZgvd7qtRt5csxHuJqa6lvpnlHLi0Z2qDrg7gJCt1CcXjnRQcN
PkI6VlGSaxWyvNADqoSIgoPHc/jT334F26Y+VltGmOw2Ujqt6lxPGGHRtrIjEVHXoV6delW+51xP
8CryWXMcjwc1HxktpbSmNvcu9JJEB2moqQ53dOu1a/tGugwHGxy321X+PVYMlWBL1nAhGKjVA7Mp
UoWxikUrYyYolKmJQ4gBdg29NfbzS4nX4zWU6u4mNnj/AHAnd1kir1rXrrGeNbS1f5s5O1eKM2wy
OWohUFRSKentpTp9OnTW3buHkZfAfWDLd8pqLOFn2cMzi4FZgi1ZKtZy2TMXU2ks1TICRFn0MEv7
wnoYf7bcQEoCGuYvFuCTmnkPGYbKlpbJ5WeQMSwMcKPMyE9aLJs2H0/d6gnXcHnXlMnjXxBm+SYF
Y7fJRwLHCUCoVmuZY7ZZFAoC8Xd7o9f9OtCBTWub6petOPrbQrZnfI9Wh7vY5S5Pa9Vv5ZGoTrWI
ZQzRk7k5xo3lCOGqsxMS8odI7g6Z1kSsw8ZyiqqAzt8kuf5vGZm24bgbmWzsI7RZZuy5jLtIzKkb
FKEIiICFBCsZPcDtWnK/ww8S8YzfG73yRyuzgyGVmv3gt/yYxMsaRKjSTKsgZTLLLIVLkFlEXtYb
3BwV9vdMp9QyfiganU61Vxl6XNupYa7BRcIMo6SngIk5kRjWrb3q6ZDiBTqcjAAiAD663L4v5bKZ
Tj2SGTubi4EV3GE7sjybAY6kLvJ2g/UCg1HXzjwGCwfL8KcLZWlmZ7CZpOxDHF3GE1Az9tV3kAkA
tUgayB90iSQWzAS4JpgspXr6kosBCgqdJGSrB0UzqAHMyaR1ziUBHYonMIfkdYT4nMxxuaQk7BPb
ED6VKzVNPuaCv8B9tbL8/EQZrjUgA7htbwE06kCS3IBPrQEmg+lT9zrbFSerXXRhi6LpiGF8dngJ
Wtx6Mok5rMa8kpIzmNIC**7POkVp1xKAK5jJuzORconHkmcpgAQ5py/kbnc3IpMs+Wvhex3DFCJX
VUo3RVjBEYToAUC7GHRgQTrtTj/hzxZbcOhwEeAxZxs1ogkDW6M7lo+rPMwMzSe4lZDJ3FPVWBAI
0i9CZ7/0J2i7OsGCyz+tY9xXm9Zw1eLeH5Jri+zxz2NdOBKqk3Te+3jFCeQ25SEcK7bctw6680WX
/enjrj08wCX99kseAVFdpu4WVwOhJWrg0HUlV+1Nee/xsyf/APNfMPL7a2ZpMTi8Nliysab1x9wj
xs3UKH2xsNx6AO/pWouj6ycQQPZLL2Zc0ZsjWeQ3lcUiHxWtqZklIyVuV6kJuQczbxk5IowfHiGs
CoQiCpDop+8IYpAFMglx/wAg+UXvAeMYrifEZGsYpw61hbY6QW6xqI1YUZd5kBLKQx2EE+5q5j4i
8GxvljnGe5/5Bijyk9oYn23C9yOS6u3ldpWRqo/aWEgIwKr3VIWqqRnv7ecf0KsYbxjL1qkVGvSq
uSk4pWTg61DRMgpGBVLAv8cd6wZN3J2HnQIfwibx8yFHbcA1pfxgzeayPKsha5C8up7YY8uEklkd
Q/eiG7azEbqEjdStCRXrqSfnFxjjeH4JiL3E4+xtb05YRmSGCKNzH+NMe2XRFYpUA7a7agGlQNQy
7i5KsDvr30fwZFuVCRTjCFPyBKRqKoE+XlpMi1XrXuyCoAeONCLf+HlsQTujCIiJC8ZW8WYCyi5v
y/mFwoNyuYntkcj9iIRNLT/Pvj3fWiD7msCeduW5Obxh488dWbkWTcetr2RAad2SQG3g3CvpH25t
taCshJrtFN8OO+oXX+h4wi8ZDiqhTrEkK0YWORmqvESsraZIqAA/mZeVfM1JFy9cPDnURMKhfaAJ
SIAkRNMpeNc75Q5tmeQychGSvYZjKWiWOZ0SFK+2NEVgoULQMKe/qX3FmJ9IeLeDvGXG+Hw8ROGx
tzbC3VJ3lt4pJLiSnvlkkdS7OzEspqO2KLHsVVA0AQWE0a73lunUeLeSSOML/fY6o2WL99ydvsbR
NggMvR7EXouPSUax9cQRI839yUDKCAAZQyY9r3nLmvvD1p5OuEjPIbKyaaJ9vtW6eOSyZttP2FpW
Yp+w0XrRQ2vM3HePo8X8ich4Qs5Jl4fk8kltPHv9z2Mc0OTRN9f9RUgRRL/qCrUFWZT1WEcVdfMb
9ksi4N7lxT6OjYx46g67aXE3O12Ni5Rk9FeKkJRaGXaCEBcoByk4QeK7oJAKJjcE1DnJ9PLuSc3z
/AbHmHimRJLiRRJLCI45XdGWjqgkDfzIJAVZF9ze4CrKAfi8e8M8Y8U8sZXx356hkitIZGhguDLN
BHHIjVjeQxFf5N1CyukrexfYTtV2ZdzdbkvrZ6osjXOnzuE4F+VuoZnKwVoDJ96VbOk+B04RQktc
bj7V2QQKf24lQEB/WIF9dcpX9v588ky/0nKQ5eaHd7kkh/EtwVP/AKg2QQbl9Ru9326672xV38T/
AAvbnP4K54/bXIU7ZIbj+oXhVhQiIiS6utrDodlEI/caa12/ZHMRdh7o9a5+EfN5OGnMZYcmIiSZ
qAq0kIuSyvenrB81VD0Ubu2ixFCGD8lMA6nPwLa3Fj4nz9ldo0d3DkL5HRhRldLO3VlI+hUggj7j
XLfyuvrPJ+fuJ5LHyJNYXGIxcsUimqvHJkbt0dT9VZSGB+oOvRPrhfXqVrz0/TF/9OzR/wBhwH/k
B9dw/K7/AOvYn/rZP+FrzA+A/wD9uz//AOth/wCMdWlTrzWMM/a3fbLkyURqNfHImUUHEzKCCUfH
ktsDMKV57ILgJgax8gEi22WEOCYLlOpwIBzFyeVw+R5X8bbKw4/Gbq+/BtCI06s3ZkQSqo+rLtb2
+p2kLU0BweC5Fh+BfNDJZbl0y2OM/qmQDSydEQXMMphdz/dR96e49F3gttUMRta7cDUuy/U/OtWx
FbankqYhYiNmfDR7BD2xVrK1Scj7b8RvCOpAqMzJMIBwgk2HZdTycSl3OG/NvjEZPx/5Kw2R5RbX
OPtZZXStxG8IKTRtDv8A5gWsaNIrFv2ilSeh12h5uOE8t+FuR4fg97ZZa+t4I5aWk0VyVktpkue1
/KZ6SyJC6Kn723UA6jUKPqs7Q4lqWIrFiPI19rNEnoS3ytlglbfMx9dipavTTCNFdJlLSqrSOPIR
0qycHVQMqCopLEMQDFKpwlv5H+O+TZPk8HJ8DZXF5ZzWqRSCBGldJY2ehZEDNtZGUBgKVUgkEivP
3w08wcJwnB7rhHKslaY7JW99JPCbmVII5IJUjqEkkKoXSRXLIW3FWVlBAbbDb7P8/wBCzjmyutMb
y7OzVzHlTNAuLPHH80XLz0hKupCTJDuymFGRimDcGyZHKf8AprL+XgJ0wIoeVf**wnNcP4lPLn4n
t7++ue4IW6OkaoFTePVXY7iUPVV21oxKiBvl/wCTON+RPIFrBxSeO7xWLsuy1whrHLM8jPIIm9Hj
RdiiRejPv2lkCs2dvuBs1euTrrZaKnNxdkrs1WMgPImbhXzeSi5BsaSqpPK1eNVFUFilUIYhth3I
colHYwCAab8XcffYqPP47JQyQX0VxbK8cilXU7JuhUgEdKEfcEEdDqRvnNl8XnpuJ5jC3EN3iriz
vWjlidXjde5biqspIPUEHr0IINCCNb9at/0xXP8AgMR/y9vrivI//IT/APvP/vHXpbhv/h7T/pov
9xdedDqlVDXvut26o5RSA1yo/aCqFFwACgBrFa04gBWASmAUgF5+r0H039Nd2eSckMN4k4vmDWlp
eYibp6/yoS/T9fb015YeF8KeSfIDnHHV21v8dyC293p/PuBF1/T3df013v1d5wqHXzI+Y8TZnmWe
OnFmUhUWz22OW8PExFtoz6fjJivy8k6MRrGPHicyIlO4UI35MTE5gc5Cn+P5EcQynN8DiuTcTie+
jtxISsILu8NwsbpIijq6qU6hQWpIDSgJGR+HvkPB+MOV57hPPp0xUt2Ygr3LLFHFc2jzRywyu1Fj
ZxL0LkJWEruDMoa6vti7LYsyXEY7xRje1wV5cwVge3GzTdZkW0zBxihYteHiYlCZj1l418+cFkHK
jgiRzi3BJMDCBjiUMb8avH/I+P3V9yXP201nHNAsEUcqmORxvDu5jYB1UbUCkgbqtToK6zXzU8tc
N5bY4rhfFL22yM1tdPdXEtu6ywxntmKOMSoTG7tvkZwpOzaoJBagjL2rroS+BOmmb6bIx87E17Et
ew5bJOEdNpH+IXqp+Szx9fsHgMsEbKrJTzlQjdcCqAVATCXicgmkHxvffi805XxDKxvDcz5OW+hS
QFe/bzfymkjrTegMaAstR7qA1BpEfmbF/neNeBeQsDLFc2NrhIcXcyRMr/jXltW4SGahPbkImkYI
4BohJFGWu+Ogd5ustyxrGZCkMw0CqqHh0Xs/WLBZY2LtUJJptgUkooay6clnpFVByVRNAWqC5XgF
3QFQBDXGmb8PeQcVn5MHBi725USlY5ooneGRCaK/dA7agihbeylK0cLr0h4z8ifEee4nDyi5zuMs
mMAea3mnjjuIpAtXj/HZu85DAqhjRxLSsZeutEFVyjKWztrk7uywjJMMaYryJXrlYHhm64uC0uz3
mv4uhocP9cClsj6ozSrlNrzEhhZql/2y67JyXHbbGeM8d4jmkj/7gyVjLBEtRTvw28t3I/p/pLPG
EL0qO4p/cdecGG5heZrzZl/kFbQzf9pYbKQ3UzbTu/FuLuHHxRev+u9tK0gjrQ9px+0a9CWc+qWC
exabZTKVHayswwR9vHWiNdPIOzMW4HE4Niy8Ws3VesyCYwlbuwcNyGOYxSAYeWuIOH+SeZcEZl47
eNHauatC4WSJj99jghW9Ksm1jQAkjpr098i+F/HHlNUbmOOSa/jXalxGzQ3CLWu3uxlS6ipokm9A
SSFB66jrUvq06h1eSTkndVs9xMiuLhBlbbbIOI1M25BTTUZQhIJN6giJNwTceYp+QgoBw2AN6yfy
L8n5G3NvFc29qCtC0MKhz9yGk7hUn7rtI+lNRbhPhz4Pw92LueyvL8q24Jc3LtGPSgKRCEOBT0fc
DUhtwoBm3IXTDrxk220q6WekGJMY8ga9WacjAzEtW4aEgqrKv5mCjWkFCO2USRswfSSvEvi28YgT
9pQANRwflfnPHsZd4nH3lbW+mllnMiJLJJJMixyO0kis9WVBU7vWp9STqQeT+A/F3Ls3j8/l8eRf
Yu2gt7UQyyQRRQ28jywxrDEyR7UeRqDb+2i+gA1KfUc6mTUacF9R8G9cZadm8T1qRgpGyRzaKllX
tjnZsq7Jo5F2gmRKXfO00DFXHfkQAMIegjtrf+Y+TeYc8tobTktwk0FvIXQLFHHRiNpNUVSen0Oo
l8c+EfHfiq9uchwq0lt7q7iWOQvPNLVFbcABI7AdfqKHVv506Q9d+w9iRuGQqi7C2kbN2TmxVyZf
QMhKMmiZkmjeXI1OZjImapCBE1lERclTIRMFPGUpA+3h3l3nPBrE4vB3S/0wsWEUsayKjMasUr7l
qepUNtJJbbuJOsZ5G+PXi3yjlVzvKLF/62EVGngleF5EUUVZQp2PtFArMu8KFXdsAXV5YA6vYg6z
R9hYYohpWN/la0YvYHUtYpibWkDwxX5IzZB87PHMRbFk1wEzZBE6wHAFROCafDF828ico8gTwT8k
ljk/GDiIJEkYXft39VG5q7F6OzBaHaBuaue8Z+H+DeJLW6tuFwTRfmtGZmknllLmLeI+jsUTb3H6
xopao3ltqbcKZE+tzqbkizv7bIUV/XZWWWUdSiVNn39fiXr1U3JV78KkK8YxXVH1ODVJumocROYo
qGMYdtwXnvyXgcemMgvEntogAhnjWR1Uei9w0dgPpvLEDoCAABH/ACn4o+FOV5eXN3WNktb2di0g
tZnhjdz6v2hWNCfr21QE1YgsSTebvof1TeY2Y4qVxLFJ1WNlTzzVZvJTjayhOLNiNHMovbEZMlid
rOmyZSKJquTtzEIQvjAqaYFxMXmXyRFn35IuTlOSki7ZBSMxdsHcEEJTtKASSCFDVJO6rMTnp/jh
4Yn4nHwx8JCMNFMZlKyTLP3ioVpDciQTsWUAFWcoQFGyiqBxLZ0J6xXSp49o83SJVSs4uYz0dS49
G7XIh4xrZZUJuZTVfqzi0i/BzJ7qEBdVQECj40gImBSBdxnmfyFicnfZizvIxkMi8bTsbeD3mJO2
hCiMKtE6HaBuPuarEk2c38a/EOfwuL49kMfMcRh45ktUF3dVjWeTuyguZS77pOo3sQg9qbUAUS/Z
tUWLRqybFEjdm3QaoEExjiVFukVFIonMImMJSEANxHcdRdLI80jTSdXZiT/Emp1OUEMdtAlvEKRR
oFUevRRQdf4DUccc9R8G4pyjYsx0mtSMdfbV/IfmpRxY52RbOP5RKpTMz44x8+Xj2/uJBApy8Ey+
MA4l2D01vme8m8w5Jx2DiuXuEkwtt2u2gijUjsoY46uqhjRSQanr6nrqKuK+EPHfC+YXXO+P2ksX
Jbzv92Rp5nVvyJBLLSN3KLucAiijb6Cg1bGbei/W7P1jG43uluELasVJORsVYl31ffzKSCBW6BZl
NoczCRWRRIQpV1ERcgQhSeTgUC6yPEfMXPeFWH9Kw12rYwV2xSosqxkmp7ZPuUE1JUNsqSdtTXWI
8g/HTxR5Lyv9e5Hj2XNsAHnt5XheUAbR3Qp2OQAAHZO5QBd20Aap1PoZ1WqFEs2PWWLI6RhLki0R
sz6ckZaSsckWPcFdsRRsR3qcrC+0dEKoQsco0IChQNsJvXX7k/M/kfKZm3zk2SeO7tSxiWNUSJNw
2tWLaUk3CoPdDmnStNU4X42+GsHxy74vb4aKXH36qLh5nkknk2MGSk5cSRbWAYCBoxuFaV1fVA6p
4FxrjWyYhrdBaLY8uD9aUs9bsUlM2plMSS7ZizF8qWxSEl7Rym3i23jM28HiUbpqk2VKB9YfNeSO
aZ/P2/KL+9YZy1QJDLEqQsiAs20dpU3Al3qH3VDMpqpprYuM+GPG3E+J3fB8TjEbi99IZLiCeSW4
SWQqi7yJ3k2sBHHtMezaUV1o43ajcv8AVd08Wk1H5Kja2zY7n3AQyF6sHxiaYm5CzTOs4Wlgbbem
4uhVAP8APv6631Pkd5SS3EJurZpAtO4beLeT/iNAEr/5KfpqKZPhr4KkuzcrY3qRF93aF5P2wP8A
CCWMm36f6m7/AGtSma9acEscTyWDmWNK+zxZMgiMxVWoPm6cqu3es5FB/JSyTwk8+lUHse3UI8Vd
HdFFBPZQAIUAjmTn/MpuSx8wmyE7cjirsmO07AVZSqIV7aoVZgUCBDub29TqY4fE3jm34XL48t8T
ax8OuKd23XeokKurh5JAwmeQOiMJWkMgKLRqKKZy1p+pE1A/N2Zb1XM2Q8hWWtscYrwenEK5pcwi
cWarqDfStzzgXNR5IISZS4vx64bWRuVk3WFQz4oKiBQDaZeI8Vw1/wASlgyDWy8jzBcWAkL97/lq
9vsBVKf83ch7VjIy0EZ21Oub/IXPeR4ryBBdYhL1uG8dERyrRCP8c/mbTN+UWcSf/j7Ix3yCJHqZ
gHIGuVP9k7ZGt82y6Nwwu0Xx5OT9bh8YScbMGvEMyirHX4ImUr1LJZAbLGozaJlDzrlu1r7cPiVE
TlkA9Tmt2XAcZO+ItXtcsyX0Mcr3aOn48jPFLJ+HbobYj8gugt1Z7lv5wYGD0AvZPyxmrSLkF9Hf
YBJMXcTQRY+SOX8uJI54YRkLyQXqn8RY5Ddukdkn/LGNhdDqxsnKHbLIlBlaND1uwYZyelO1iWsR
bXX2EXB1W/y7G5t4QaHUn0/2CSZViYjYpYpHLr3dlOZ66QN7FFPkXWX4740weatry6v4MtjmhuEi
7MjPJNbI0Bk/ImWPGlpUZwSqbLUCNHHeZqHWv8w818p41e46xxN1gMwlzZyT/kwpHDb3sqXSxfh2
zzZoJbyxxkB5O7fkyyRn8dEqNdlZu0+R4aaz5XW8nhRKex9JRq1Mj38jAlik6i4vrSpuJCy251m2
HhXV7Ube5InWZYtHWCSTKiR24SEyxfnx/jnA3Vphb548sbK+jcTsqybzOLZpgsUIsHkFuDsJu4Tk
F7RLGJGoh+vL+ZOVWF/yXFxTcfXJYuWM2qO8PbFs14tszz3LZaKJrwr3AthcjEt31CLNKlZBMPFm
QYnItFpNlaTDGRfWakVu2qkRj1K+u4ZzTT9EyjV3kvOyMPESL1uv7Yp3j0gFIJSunHEVTRbyPCXO
CzF3j5Injht7yWEVYSgNG3+mZlSNXdVK7yEjNTUxpXaJ04byey5TxzH5aGeOW4u8fBckBDCWWVek
ot2lmeKJ3V+2DLKKCgmlpvMFMpZKtVc7Dz5GN/BkWJzb1+rbapny+8ZSzqn2uOx2haIqvYLdRDqG
uaEyecdeV8m7bO2YnWcE3FrxUmLjmAxt/wAHhM1lvMmIyUpm/CVkE8LXJheXIBxJAY+2lIyjo9Fj
P+pVec+Y8szOK8o3K22T7Yg5BhYFtjk2SRrW5SyFxHDiGiaK6Epmk3TCWOSKryrXs0a9rn2asbqh
5HZRilSUt1RxJ2+sl1h4l5NNJulvsQTKtfxz8l8TZms7VzWZqr5/IKqDp6JBcR6iKaZjFxOK8fWM
eZsJrgXIxd1k8JFA7rG0c63sYlutm+IxzdojbTayR1Ec6uzAHYM/5cys3G8rb2hsjnLHCcmnu4o2
lWW1fGSmGx7nbuFmt++p313JJLQy2rxqpIoXXNdupUjkyIJe6nTI+Sy9kaOJfMpFlpuuVSKq+FMe
WJjVIBmhdaSLGXnZOSXcMig/TQS8LpQEVVjlKavEcSxmWgx9ybO5u548Xat+PZ7I5Znmv7mJppGM
FxuSNEVXPbLHdGCyqCRb5B5AzmAusvZLkrKwtpc5fILzIdyWC2jt8VZTpbQqLq02SzSSO8Q7you2
ZgjuwBlbhSbUlMV4vSlZc8jaxxTjebsKcg/M8sIqTdcSKSXmSOVVJITy8lGvQBwuG7hdut+oxiH2
jbltottyPItbRCPG/wBSuo4iq7YqRyn2R0AX2K8ftX9qsnQAisz+P8g15w3DpezmXNf0WxlnDvun
rLAKSyhiZKyyRy+9/wB7pJ1JVqR9bWytyWdsoRuUs3SuPp6qXqoQ+MccmyMzocRMU2Sp9KkY2bbw
BnbRO/Ht10lZRgqosDoU1UPZpkSUSKI7vJjL+34bjrjjuIjvrK5s53u7r8Vrh0nSedXjMm1vxuzA
kMgC7Khu6SysdRlFmsTd+Rsxa8x5DNi8lZZK2isLH85bOKW1e1tXjlWHcovDc3UlxCzMJNrJ2FCO
grj9p2zyKu2l10H+JJuRd0m42ZOqwsNPmn8LTFeyZTqLGVnLxD35webeybe0uBEEUK8qL6JcERTV
Q5roZuTxpgkkiR0ycMC3cERmkkj7d+ktpPcPLZf8sO2qGFf3NcjtzIXZXoj6xB5r5TJFPJHLhLi6
fH3VwLeKKbvYqWC/tbOODJ1vCZXkW4f9qWTd62lWNHj3SR5CcZkzQZ//AAdpJ4vSuETeMjVqYtTm
gWtxWpVhR8eVa/tlI2nJZUbSkK7kk7MDRQ6s2/IkZEVQIcDeMuDj4rxMQ/1iWPInFyWdrKkIuYRK
jXFzNbEPObMpIqGLeALeMndtJFNx2mXnnPjcf9vQTYdc7Bkb6CW4ayuWgkS0sre8Ux2oyKyRNILg
RktdzBSu8K1dosqK7c32cy/jymtYKnxkHbIfDMq5hJQ0c3sUpH5Rqqc9KT9esUtkyvujtqw7cHbp
MmlWmTPjRzkoukFDAVLLXPjHC2fF77KyTXUl5bS3yCRNxiRrSbtpHLElpKAZVAYyPeQCMSxntuoq
2vWXm/kuR5zi8DDbWMWOvYMXI0UmxZ5EyFuJpJoJ5L+FituxKLFHj7ozGCUd6NiAnDf56yVccFNs
kROZMJVeXHI/Xw1kgI6pSzuSxBBW3MUNWLJVMpOl8yNjqPGQuyoyqx2sIko0i5VsmRMzpJ9HXoeG
YDFcxbA3OKy9xa/gZLtSNMireyQ2MksU1oBYmittLQqHuCHmtpGLCNoZ7Fz5J5bnfHKcrss9x6zv
v6rhe/CltI0mMhucnFbz22QY5RSWTcEuGMdopjt72FVUzJcWuwWNkmUgVwk1k42TcxqrdlLDGroq
FaSC8awliIOG6bl2owVcRsm3dJpKHE/tnKR9zEOUxoQnt5oCrSRyRxyAsm4EblDslQSAGAdGQsBT
erDoQQOnLS7t7pWSGaKaaIqknbIIVzGkgDKGYoWjkSRVYk9t0apVgT2WrGvr0001QM1anI6TO2QO
m95e8IZFMxHfNAjU3uiiUSr8myRUx577kKBfwABqsSSAqwZgyft6n29a9Pt1JPT6mvrq0YYWV1ZF
KyfvFBRqgKd3+L2gL1r0AHoNU/YMAWUcAyae4WQBqsv7ZHzKtQ2AGyivDmdAAD9giJf8NVd6baE3
tsDVAqaA/cD7/r66p/Gtu4Ze2ndZdpO0VK/4SaVK/p6apliowpGiRY5gVNgp5WKZWbcCMldxN5Gh
AT4tlOQ77k4jvr9NzcEsxkfc4ox3H3D7N16j+OqRZ2YVEEUYSI1QbVoh+6intP6imqijBgqDoqrJ
oqV/w98VRsicHnjIVJP3QGIIOOCZAKHPfYoAAega/FmmUqVdgU/bQn216mn269emqmtrZw4eNCJK
b6qDuoKDd091AABWvQU1WKiiVTylSSKqKRERUKmQFPCmYxk0uYBy8RDHMIF32ARHb86oLsV2knbW
tPpU+p/jq4I41beFAegFaCtB6Cv2FTQenXXGGMjRehJDHsRkShsWQFo3F6AeMUdgdePzgHhESfu/
aO341c/IuO1+Pvfsf4dx2+tfStPXr6eurX4dobj8sxR/lD+/tXf6U/dSvp09fTpqsZm0ODoDtW5w
ek8b0DIJGB2n4vDwdAJR9wTw/o2PuHH0/GqBLKNpDMNhqvU+01r0+3Xr0+vXVbQQMHDIpEgo9QPc
KUo3+IU6da9OnpqmtHR7lNRJwxZuElVyuVU1myCqajghSFI4UIchinXKUhQA4gJgAA9fTVSTzxkM
jsrAUBBIoPsP0/TVMlrbSqUljjZGbcQVBBYUoxBHU9B19eg1yASSBU64JpgsommkosBCgqdJEyp0
UzqAHMyaR1ziUBHYonMIfkdUbmKhCTsBJA+lTSpp9zQV/gPtq6EQOZAB3CACadSBUgE+tASaD6VP
3OqR2TNVyg9UaNlHjYpyNnZ0EjuW5VCmIoVBcxBVSKoU4gYCiACAjvqoSyrGYlZhE3qtTQ09Kj0N
NW2t4HmW4dEM6A7WIBZa9DQ0qK/Wh66+Ajo8oujAxZgZ6cijwQaoALtRMd0zuhAm65yD+BPuIf01
+9+c7QXeiCi9T7QfWn2/s1+C1tgXIjjrIQW9o9xHoW6dSPpWuqns2nMVfat/IY6igqeBLmKiqZEV
TifjyE6qKZSGH8mKUAH0DVPdlpt3NtoBSp9Aaj/wJqP11V2IN27Yu4kmtBWpABP8SAAfuABr4Bgw
Kq2XKyaAuzRFu0WBsiCrVAS8BQbKATmgiJPTiUQLt6baq70xVkLtsY1YVNCfuR9T+p1SLa2DpII0
7ka7VO0VUelFNKgU+g6a+TRscYrshmDIxH5ub4hmqAlem2AOTsop7OTbBtufkOgnnBUh3qn7ep9v
+X7f2a/DaWpDqYoysp942j3/AObp7v7a65CaKKIqCkkkkKxyqKimmQgqqFSSQKdQSgHM5UESEAR3
ECEKH4ANUM7NTcSaCgr9BUnp/aSf4knV1I446lFCljU0AFSAFqfuaAD+AA9ANVdU6r0000000000
0000000000000000000000000000000000000000000000000000000000000000000000000000
00000000000000000000000000000000000000000000000000000000000000000001/9k=
------=_Part_7_1826711368.1626354859274--
.
MockMessageHandler - MAIL DATA
= = = = = = = = = = = = = = = = = = = = = = = = = = = = = = =
Received: from entando-entando-plugin-jpmail-p-p66rd-1-from-build-pack-c-dr9x6 (localhost [127.0.0.1])
        by entando-entando-plugin-jpmail-p-p66rd-1-from-build-pack-c-dr9x6 with SMTP (SubEthaSMTP 3.1.6);
        Thu, 15 Jul 2021 13:14:19 +0000 (UTC)
Date: Thu, 15 Jul 2021 13:14:19 +0000 (UTC)
From: EMAIL1@EMAIL.COM
To: testuser@localhost
Cc: testuser@localhost
Message-ID: <1360840195.9.1626354859285.JavaMail.****@entando-entando-plugin-jpmail-p-p66rd-1-from-build-pack-c-dr9x6>
Subject: Oggetto Mail composta
MIME-Version: 1.0
Content-Type: multipart/mi**d; 
	boundary="----=_Part_7_1826711368.1626354859274"

------=_Part_7_1826711368.1626354859274
Content-Type: text/plain; charset=utf-8
Content-Transfer-Encoding: 7bit

AAAAAAAAAMi**d<a href="http://www.japsportal.org/" >Test Mail di prova</a>
------=_Part_7_1826711368.1626354859274
Content-Type: text/html; charset=utf-8
Content-Transfer-Encoding: 7bit

Mi**d<a href="http://www.japsportal.org/" >Test Mail di prova</a>
------=_Part_7_1826711368.1626354859274
Content-Type: image/jpeg; name=ALLEGATO
Content-Transfer-Encoding: base64
Content-Disposition: attachment; filename=ALLEGATO

/9j/4QAYRXhpZgAASUkqAAgAAAAAAAAAAAAAAP/sABFEdWNreQABAAQAAABkAAD/7gAOQWRvYmUA
ZMAAAAAB/9sAhAABAQEBAQEBAQEBAQEBAQEBAQEBAQEBAQEBAQEBAQEBAQEBAQEBAQEBAQEBAgIC
AgICAgICAgIDAwMDAwMDAwMDAQEBAQEBAQIBAQICAgECAgMDAwMDAwMDAwMDAwMDAwMDAwMDAwMD
AwMDAwMDAwMDAwMDAwMDAwMDAwMDAwMDAwP/wAARCABnAIYDAREAAhEBAxEB/8QApgABAAEEAwEA
AAAAAAAAAAAAAAgDBgcJBAUKAgEBAAEFAQEBAAAAAAAAAAAAAAcCAwUGCAkEARAAAAYBBAEEAQMC
BAcAAAAAAQIDBAUGBwAREggTIRQVCTEiMhZBJGFCIzN1tTZ2thc3EQACAQMDAwMDAgMFBgYDAAAB
AgMRBAUAEgYhEwcxIghBURRhMnEjFYFCUnIzYrKzJHQWkYJDczU2JXUX/9oADAMBAAIRAxEAPwD3
8aaaaaaaaaaaaaaaaaaaaaaaaaaaaaaaaaaaaaaaaaaaaaaaaaaaaaaaaaaaaaaaaaaaaaaaaaaa
aaaaaaaaaaaaaaaaaaaaaaaaaaaaaaaaaaaaaaaaaaaaaaaaaaaaaaaaaaaaaaaaaaaaaaaaaaaa
aaaaaaaaaaaaaaaaaaaaaaaaaaaaaaaaaaaaaaaaaaaaaaaaaaaaawHnPs5hTrnGtXuVbo0hXkii
otD1xmg4l7PMkSExBUYQkems7K08pBTF0v4WhVP0mVKPprdOH+PeW87naHjdo00UZAeViEhjr9Gk
Yhd1OuxdzkdQpGo18i+XfH/iu1S45nfpbzyqTFAoaW4lA6VSJAW21FO4+2IN0Lg6jdj37P8AqfkG
xs6yNistJdSKyLZhIXuvpxEG4drn8abZaYjpGYZ**4/lV6Zs3D+qgD6a33OfHjyVhLB8h2Le7jjB
LLbyb5Ao6khGVGf/ACx7m/2dRRxf5f8Ahbk2V**BurvHzSsFR7yERwsxNAplR5Vj/wA0pjQfVtZx
v/cLr9i/KDDEN8vCdYtr6OSljrS8bIx9aYRy8ZIyrZ2+tL1s3giIuko4Uk/GuoJnKpEv38gJp+F8
W825Fx1+T4azNxjEcpRHVpWYOqFVhUmSoLVNVHtBb0pWROS+dPGXD+YR8H5JkRZ5uSISEyxukCIY
3kVnuGVYQGCFRtdquyp+6oWOc99rnUiGmFoppK3uyN0VvCM5A05X4c+x+B1URmpCGk1kSDuPIrUQ
MAbk5bhvvdl8bPJt3ai5kis4HIr25JxvH6Htq6A/pv6fWmoryXzQ8I2F81nDNkbuJWp3obU9o9aE
juvFIQPuI+o9K9NSXQ7ZYPkMGznYeDtSlixrWypknHUPHOlJqLfHdxrI8S+gnZWb9nKILS7cxklS
k3SVKqUTJmIc2gP405fBzCHg15bCDP3Fe2HYCN12u29ZF3KyEI1CK+4FTRgQJaj81ePLrx3ceUcd
em64naACZokYyxuWjQxvCwV1kBkQlWA9rBwShVjoYrPdKkJ/YBMdmrMNwVxqopPtIaNbsm7qbaRq
tDJTYYSwykskwarLe0SUcARx6CJh3MP57NyHibLt4Ti8fY/8UZ8CNpGLERs4uO/J/MCFiBuIWq/Y
dBrzcxHn7jyfJmfy5l/z**MmZYo1QNKsZsxaxfyjIEUnapcB/qTUnW+brh2mxv2jiLNOY1ZWxtHV
SSYxUiraIllFCs9ftVXhE2RWctKeYEEEwFQTcOPkLtvuO3GXPPHOf8dXVvZ597Zp7mNnUQuz0VSF
q25EpUnpSvofTXpH4p8x8U8xWN3keJx3qWtlKkbm4jSOrupYBNsklaAe6tKVFK9aYyzb9hnWbBVg
e1GwWaVtVsilVEJiv0GKTn3EO5TKImZyMk6fRUAhIEUL41G3vDOEFPRUifrrYeI+DvIHMbFMnY28
VtjJACkly5jDg/3lQK8hWnUNs2sOqltah5B+UHiPxzk5MJk7ya9zUJIlhs4xM0TD+48jPHCrg9GT
ul0PR1XVn0b7Reot0eoR7u22KiOXJikQNeaw7YshUMAG4LysItYIpiUPXdRwskkAh+71DfKZj47e
TsTCZ4raC9jX1/HlDNT9EkEbt/BVY/p66wfHfmF4Qz9wtrPfXWNlc0H5duyJX9ZIjNGn8XdV/X0r
n7L3bDCmC7zTMfZMsTuvTl6+PUhnS8S8/jzdnISq8MEjMWM5E4eJYMXqH90dVUPbJHKqcAS3OGlc
Y8a8t5jh7vN8fgWezs9wcB17pZUD7Ui6u7Mp9gVfcQVFW6akvnHmrx/465FYcY5bdPa5HI7DExjb
sKryGLfLOQIo0Rx/MLMNikOwCVYRruP2sdS6pMrRDCUvF4K3XK3Wl6dVU1YYD8uCx0XVjla2s8QQ
NvuogkqmoAbpCoUQEd+xXxu8mZK1F1NHZ2ZZahJ5iH/SoiSUKT9mII9GCmo1E+e+Z3hPC37WNtNk
ciFbaZbW3Bir6Ehp5ICwX/EisG9ULChMs8EdjcSdkK06s2KrIEujGOEmc5EPWq0XYIB2umKrdGVi
nQAqmk6TKYUXCQqtVhIcqapjJqAWNOZcE5NwK/XH8kt+00ilo3Uh45FBoSjjoSDTcpo61BZQGUma
/HHlThPlbEvluGXffSFgs0TqY5oWIqokjbqAwrtdS0b0YK5KsBj7PXdrrz1zki16/wBuXdW0UEnJ
6fVI9SfsDVsuUFEVZMiSiEbDiskYp003jlBVVMwHIQxB5azfDPEfOOd2/wCdhLULjKkd+ZhHGSOh
CVqz0PQlEZQQQSD01rHkn5B+L/Fd2MZya+Z83tDG1tkM0yqeoMgBEcVRQqssiMykMqlTXWnrvr31
xf2SxdVarig2R69LxF6CXmEp9gzgkX8KnDTTAvFeEscum6IZ64RUKkrxEAEDCAGKIB1J4Y8Mci4D
yO5yXJfwJ7WWz2IY2aQrIZI29JIkI9oYVFftWh68LfJP5J8P8scOssNws5W1voMj3ZRMiwh4hFKn
rDPKGG9lYK1PoaAggbgestvq9C6Y4Rt90n4usVmDw7THcrNzLxJjHskfiGaZPIssYoGWXWUKmkmX
kosqcqZCmOYpR5d8gYvI5ryvl8XiYZLjITZWdUjjUszHex6AfQAEsT0VQWJABOu5vEecw/GvAnHs
5n7mGzxFvgrVpJZWCIg7agVJ+pJCqoqzMQqgsQDH+Z+2rqbFypo5mfJVialXOj85DU5slFGIQihg
clTnp2EmBQOYgFD+08m5gESgXcQ3a0+M/ku5tu/KMfBJtr25JyX+nSscciVHr++nQ9a0BjO/+bPh
WzvTawHLXUIYjvRWqiOgB91JpopaGlB/LrUjpSpElIvuZ13m8M2bPMTfE39BpnxyNqM3i5Q9hgZC
XfMouKi5Kte0CXbu5GTkUkETin7ZQRE5VRSIdQug3HinnNpyu34Zc2RTNXe4w1dO1IqKzu6y7thV
UVmYV3joCu4hTLFn568XZDgV35IsskJeNWGwXG2OQzwvK6RxxyQbe6rPI6oh29tqlg5RWYaS+s6+
KO1naPLeee1NyqEdUYNZOZhK1kK2Q1dg3x5aSds6hXjlm5Bmm/rtRg44SqNiHEqq3g84nKooVXrj
yAnJfG3jrGcM8cWl0+UmBjkltoZJZFCIrTyjtqxWWaRqhyKhd+yhVSvn14kk4X5n8w5vyR5lv7GL
B27CWKC9uYoInMkjLbQESuoeC2hQhowaM/b7hYM4e5/sZtnUq/sscUbrVCU+eywjbiNlXWIaqwQi
XdfkWb1gWuqPq9HNmlmmH9gFkZgk2F0KJSrepBWKCmO8E4zyZhJr/Mc/muoeNG1qBezMXWRWVu6F
lYmJFj7gkZ9m4lPXYduY+VGa8Jcmt8Vx3xNb2NzzVb4KWxlugiaF0dOwXgRVuJXm7RhWPubQJOq9
wBsY92aJKRGben9AyEUH0+TrjgGr3viscFXkkjcLbATKCr9uqCzldJJuLcXQHBRXxgpuAj6bD4jz
NvdcR5Rm8H7LI57JTW/ToqGCGSMhSKAEndspQV29RrUPkFxu8sfIPBeM8o/mZMcVw1vedTVpBdXM
MoLqasQF2dwGrbd3QnW+OydPOt87jqWxw1w5jmFjX8E7h2MlGVGFbz0Q4VbHSaTLOfK0Cb+XZODF
WBwZwZZQ4D5DGAxt+M7Dylz2zzsWekyt/NcJMHZHmkMbgGrRtHXt7GHt2hdoH7QKCnpDlfBXinI8
Wn4rDgcVb2kls0SSR20SzRMVIWVZgvd7qtRt5csxHuJqa6lvpnlHLi0Z2qDrg7gJCt1CcXjnRQcN
PkI6VlGSaxWyvNADqoSIgoPHc/jT334F26Y+VltGmOw2Ujqt6lxPGGHRtrIjEVHXoV6delW+51xP
8CryWXMcjwc1HxktpbSmNvcu9JJEB2moqQ53dOu1a/tGugwHGxy321X+PVYMlWBL1nAhGKjVA7Mp
UoWxikUrYyYolKmJQ4gBdg29NfbzS4nX4zWU6u4mNnj/AHAnd1kir1rXrrGeNbS1f5s5O1eKM2wy
OWohUFRSKentpTp9OnTW3buHkZfAfWDLd8pqLOFn2cMzi4FZgi1ZKtZy2TMXU2ks1TICRFn0MEv7
wnoYf7bcQEoCGuYvFuCTmnkPGYbKlpbJ5WeQMSwMcKPMyE9aLJs2H0/d6gnXcHnXlMnjXxBm+SYF
Y7fJRwLHCUCoVmuZY7ZZFAoC8Xd7o9f9OtCBTWub6petOPrbQrZnfI9Wh7vY5S5Pa9Vv5ZGoTrWI
ZQzRk7k5xo3lCOGqsxMS8odI7g6Z1kSsw8ZyiqqAzt8kuf5vGZm24bgbmWzsI7RZZuy5jLtIzKkb
FKEIiICFBCsZPcDtWnK/ww8S8YzfG73yRyuzgyGVmv3gt/yYxMsaRKjSTKsgZTLLLIVLkFlEXtYb
3BwV9vdMp9QyfiganU61Vxl6XNupYa7BRcIMo6SngIk5kRjWrb3q6ZDiBTqcjAAiAD663L4v5bKZ
Tj2SGTubi4EV3GE7sjybAY6kLvJ2g/UCg1HXzjwGCwfL8KcLZWlmZ7CZpOxDHF3GE1Az9tV3kAkA
tUgayB90iSQWzAS4JpgspXr6kosBCgqdJGSrB0UzqAHMyaR1ziUBHYonMIfkdYT4nMxxuaQk7BPb
ED6VKzVNPuaCv8B9tbL8/EQZrjUgA7htbwE06kCS3IBPrQEmg+lT9zrbFSerXXRhi6LpiGF8dngJ
Wtx6Mok5rMa8kpIzmNIC**7POkVp1xKAK5jJuzORconHkmcpgAQ5py/kbnc3IpMs+Wvhex3DFCJX
VUo3RVjBEYToAUC7GHRgQTrtTj/hzxZbcOhwEeAxZxs1ogkDW6M7lo+rPMwMzSe4lZDJ3FPVWBAI
0i9CZ7/0J2i7OsGCyz+tY9xXm9Zw1eLeH5Jri+zxz2NdOBKqk3Te+3jFCeQ25SEcK7bctw6680WX
/enjrj08wCX99kseAVFdpu4WVwOhJWrg0HUlV+1Nee/xsyf/APNfMPL7a2ZpMTi8Nliysab1x9wj
xs3UKH2xsNx6AO/pWouj6ycQQPZLL2Zc0ZsjWeQ3lcUiHxWtqZklIyVuV6kJuQczbxk5IowfHiGs
CoQiCpDop+8IYpAFMglx/wAg+UXvAeMYrifEZGsYpw61hbY6QW6xqI1YUZd5kBLKQx2EE+5q5j4i
8GxvljnGe5/5Bijyk9oYn23C9yOS6u3ldpWRqo/aWEgIwKr3VIWqqRnv7ecf0KsYbxjL1qkVGvSq
uSk4pWTg61DRMgpGBVLAv8cd6wZN3J2HnQIfwibx8yFHbcA1pfxgzeayPKsha5C8up7YY8uEklkd
Q/eiG7azEbqEjdStCRXrqSfnFxjjeH4JiL3E4+xtb05YRmSGCKNzH+NMe2XRFYpUA7a7agGlQNQy
7i5KsDvr30fwZFuVCRTjCFPyBKRqKoE+XlpMi1XrXuyCoAeONCLf+HlsQTujCIiJC8ZW8WYCyi5v
y/mFwoNyuYntkcj9iIRNLT/Pvj3fWiD7msCeduW5Obxh488dWbkWTcetr2RAad2SQG3g3CvpH25t
taCshJrtFN8OO+oXX+h4wi8ZDiqhTrEkK0YWORmqvESsraZIqAA/mZeVfM1JFy9cPDnURMKhfaAJ
SIAkRNMpeNc75Q5tmeQychGSvYZjKWiWOZ0SFK+2NEVgoULQMKe/qX3FmJ9IeLeDvGXG+Hw8ROGx
tzbC3VJ3lt4pJLiSnvlkkdS7OzEspqO2KLHsVVA0AQWE0a73lunUeLeSSOML/fY6o2WL99ydvsbR
NggMvR7EXouPSUax9cQRI839yUDKCAAZQyY9r3nLmvvD1p5OuEjPIbKyaaJ9vtW6eOSyZttP2FpW
Yp+w0XrRQ2vM3HePo8X8ich4Qs5Jl4fk8kltPHv9z2Mc0OTRN9f9RUgRRL/qCrUFWZT1WEcVdfMb
9ksi4N7lxT6OjYx46g67aXE3O12Ni5Rk9FeKkJRaGXaCEBcoByk4QeK7oJAKJjcE1DnJ9PLuSc3z
/AbHmHimRJLiRRJLCI45XdGWjqgkDfzIJAVZF9ze4CrKAfi8e8M8Y8U8sZXx356hkitIZGhguDLN
BHHIjVjeQxFf5N1CyukrexfYTtV2ZdzdbkvrZ6osjXOnzuE4F+VuoZnKwVoDJ96VbOk+B04RQktc
bj7V2QQKf24lQEB/WIF9dcpX9v588ky/0nKQ5eaHd7kkh/EtwVP/AKg2QQbl9Ru9326672xV38T/
AAvbnP4K54/bXIU7ZIbj+oXhVhQiIiS6utrDodlEI/caa12/ZHMRdh7o9a5+EfN5OGnMZYcmIiSZ
qAq0kIuSyvenrB81VD0Ubu2ixFCGD8lMA6nPwLa3Fj4nz9ldo0d3DkL5HRhRldLO3VlI+hUggj7j
XLfyuvrPJ+fuJ5LHyJNYXGIxcsUimqvHJkbt0dT9VZSGB+oOvRPrhfXqVrz0/TF/9OzR/wBhwH/k
B9dw/K7/AOvYn/rZP+FrzA+A/wD9uz//AOth/wCMdWlTrzWMM/a3fbLkyURqNfHImUUHEzKCCUfH
ktsDMKV57ILgJgax8gEi22WEOCYLlOpwIBzFyeVw+R5X8bbKw4/Gbq+/BtCI06s3ZkQSqo+rLtb2
+p2kLU0BweC5Fh+BfNDJZbl0y2OM/qmQDSydEQXMMphdz/dR96e49F3gttUMRta7cDUuy/U/OtWx
FbankqYhYiNmfDR7BD2xVrK1Scj7b8RvCOpAqMzJMIBwgk2HZdTycSl3OG/NvjEZPx/5Kw2R5RbX
OPtZZXStxG8IKTRtDv8A5gWsaNIrFv2ilSeh12h5uOE8t+FuR4fg97ZZa+t4I5aWk0VyVktpkue1
/KZ6SyJC6Kn723UA6jUKPqs7Q4lqWIrFiPI19rNEnoS3ytlglbfMx9dipavTTCNFdJlLSqrSOPIR
0qycHVQMqCopLEMQDFKpwlv5H+O+TZPk8HJ8DZXF5ZzWqRSCBGldJY2ehZEDNtZGUBgKVUgkEivP
3w08wcJwnB7rhHKslaY7JW99JPCbmVII5IJUjqEkkKoXSRXLIW3FWVlBAbbDb7P8/wBCzjmyutMb
y7OzVzHlTNAuLPHH80XLz0hKupCTJDuymFGRimDcGyZHKf8AprL+XgJ0wIoeVf**wnNcP4lPLn4n
t7++ue4IW6OkaoFTePVXY7iUPVV21oxKiBvl/wCTON+RPIFrBxSeO7xWLsuy1whrHLM8jPIIm9Hj
RdiiRejPv2lkCs2dvuBs1euTrrZaKnNxdkrs1WMgPImbhXzeSi5BsaSqpPK1eNVFUFilUIYhth3I
colHYwCAab8XcffYqPP47JQyQX0VxbK8cilXU7JuhUgEdKEfcEEdDqRvnNl8XnpuJ5jC3EN3iriz
vWjlidXjde5biqspIPUEHr0IINCCNb9at/0xXP8AgMR/y9vrivI//IT/APvP/vHXpbhv/h7T/pov
9xdedDqlVDXvut26o5RSA1yo/aCqFFwACgBrFa04gBWASmAUgF5+r0H039Nd2eSckMN4k4vmDWlp
eYibp6/yoS/T9fb015YeF8KeSfIDnHHV21v8dyC293p/PuBF1/T3df013v1d5wqHXzI+Y8TZnmWe
OnFmUhUWz22OW8PExFtoz6fjJivy8k6MRrGPHicyIlO4UI35MTE5gc5Cn+P5EcQynN8DiuTcTie+
jtxISsILu8NwsbpIijq6qU6hQWpIDSgJGR+HvkPB+MOV57hPPp0xUt2Ygr3LLFHFc2jzRywyu1Fj
ZxL0LkJWEruDMoa6vti7LYsyXEY7xRje1wV5cwVge3GzTdZkW0zBxihYteHiYlCZj1l418+cFkHK
jgiRzi3BJMDCBjiUMb8avH/I+P3V9yXP201nHNAsEUcqmORxvDu5jYB1UbUCkgbqtToK6zXzU8tc
N5bY4rhfFL22yM1tdPdXEtu6ywxntmKOMSoTG7tvkZwpOzaoJBagjL2rroS+BOmmb6bIx87E17Et
ew5bJOEdNpH+IXqp+Szx9fsHgMsEbKrJTzlQjdcCqAVATCXicgmkHxvffi805XxDKxvDcz5OW+hS
QFe/bzfymkjrTegMaAstR7qA1BpEfmbF/neNeBeQsDLFc2NrhIcXcyRMr/jXltW4SGahPbkImkYI
4BohJFGWu+Ogd5ustyxrGZCkMw0CqqHh0Xs/WLBZY2LtUJJptgUkooay6clnpFVByVRNAWqC5XgF
3QFQBDXGmb8PeQcVn5MHBi725USlY5ooneGRCaK/dA7agihbeylK0cLr0h4z8ifEee4nDyi5zuMs
mMAea3mnjjuIpAtXj/HZu85DAqhjRxLSsZeutEFVyjKWztrk7uywjJMMaYryJXrlYHhm64uC0uz3
mv4uhocP9cClsj6ozSrlNrzEhhZql/2y67JyXHbbGeM8d4jmkj/7gyVjLBEtRTvw28t3I/p/pLPG
EL0qO4p/cdecGG5heZrzZl/kFbQzf9pYbKQ3UzbTu/FuLuHHxRev+u9tK0gjrQ9px+0a9CWc+qWC
exabZTKVHayswwR9vHWiNdPIOzMW4HE4Niy8Ws3VesyCYwlbuwcNyGOYxSAYeWuIOH+SeZcEZl47
eNHauatC4WSJj99jghW9Ksm1jQAkjpr098i+F/HHlNUbmOOSa/jXalxGzQ3CLWu3uxlS6ipokm9A
SSFB66jrUvq06h1eSTkndVs9xMiuLhBlbbbIOI1M25BTTUZQhIJN6giJNwTceYp+QgoBw2AN6yfy
L8n5G3NvFc29qCtC0MKhz9yGk7hUn7rtI+lNRbhPhz4Pw92LueyvL8q24Jc3LtGPSgKRCEOBT0fc
DUhtwoBm3IXTDrxk220q6WekGJMY8ga9WacjAzEtW4aEgqrKv5mCjWkFCO2USRswfSSvEvi28YgT
9pQANRwflfnPHsZd4nH3lbW+mllnMiJLJJJMixyO0kis9WVBU7vWp9STqQeT+A/F3Ls3j8/l8eRf
Yu2gt7UQyyQRRQ28jywxrDEyR7UeRqDb+2i+gA1KfUc6mTUacF9R8G9cZadm8T1qRgpGyRzaKllX
tjnZsq7Jo5F2gmRKXfO00DFXHfkQAMIegjtrf+Y+TeYc8tobTktwk0FvIXQLFHHRiNpNUVSen0Oo
l8c+EfHfiq9uchwq0lt7q7iWOQvPNLVFbcABI7AdfqKHVv506Q9d+w9iRuGQqi7C2kbN2TmxVyZf
QMhKMmiZkmjeXI1OZjImapCBE1lERclTIRMFPGUpA+3h3l3nPBrE4vB3S/0wsWEUsayKjMasUr7l
qepUNtJJbbuJOsZ5G+PXi3yjlVzvKLF/62EVGngleF5EUUVZQp2PtFArMu8KFXdsAXV5YA6vYg6z
R9hYYohpWN/la0YvYHUtYpibWkDwxX5IzZB87PHMRbFk1wEzZBE6wHAFROCafDF828ico8gTwT8k
ljk/GDiIJEkYXft39VG5q7F6OzBaHaBuaue8Z+H+DeJLW6tuFwTRfmtGZmknllLmLeI+jsUTb3H6
xopao3ltqbcKZE+tzqbkizv7bIUV/XZWWWUdSiVNn39fiXr1U3JV78KkK8YxXVH1ODVJumocROYo
qGMYdtwXnvyXgcemMgvEntogAhnjWR1Uei9w0dgPpvLEDoCAABH/ACn4o+FOV5eXN3WNktb2di0g
tZnhjdz6v2hWNCfr21QE1YgsSTebvof1TeY2Y4qVxLFJ1WNlTzzVZvJTjayhOLNiNHMovbEZMlid
rOmyZSKJquTtzEIQvjAqaYFxMXmXyRFn35IuTlOSki7ZBSMxdsHcEEJTtKASSCFDVJO6rMTnp/jh
4Yn4nHwx8JCMNFMZlKyTLP3ioVpDciQTsWUAFWcoQFGyiqBxLZ0J6xXSp49o83SJVSs4uYz0dS49
G7XIh4xrZZUJuZTVfqzi0i/BzJ7qEBdVQECj40gImBSBdxnmfyFicnfZizvIxkMi8bTsbeD3mJO2
hCiMKtE6HaBuPuarEk2c38a/EOfwuL49kMfMcRh45ktUF3dVjWeTuyguZS77pOo3sQg9qbUAUS/Z
tUWLRqybFEjdm3QaoEExjiVFukVFIonMImMJSEANxHcdRdLI80jTSdXZiT/Emp1OUEMdtAlvEKRR
oFUevRRQdf4DUccc9R8G4pyjYsx0mtSMdfbV/IfmpRxY52RbOP5RKpTMz44x8+Xj2/uJBApy8Ey+
MA4l2D01vme8m8w5Jx2DiuXuEkwtt2u2gijUjsoY46uqhjRSQanr6nrqKuK+EPHfC+YXXO+P2ksX
Jbzv92Rp5nVvyJBLLSN3KLucAiijb6Cg1bGbei/W7P1jG43uluELasVJORsVYl31ffzKSCBW6BZl
NoczCRWRRIQpV1ERcgQhSeTgUC6yPEfMXPeFWH9Kw12rYwV2xSosqxkmp7ZPuUE1JUNsqSdtTXWI
8g/HTxR5Lyv9e5Hj2XNsAHnt5XheUAbR3Qp2OQAAHZO5QBd20Aap1PoZ1WqFEs2PWWLI6RhLki0R
sz6ckZaSsckWPcFdsRRsR3qcrC+0dEKoQsco0IChQNsJvXX7k/M/kfKZm3zk2SeO7tSxiWNUSJNw
2tWLaUk3CoPdDmnStNU4X42+GsHxy74vb4aKXH36qLh5nkknk2MGSk5cSRbWAYCBoxuFaV1fVA6p
4FxrjWyYhrdBaLY8uD9aUs9bsUlM2plMSS7ZizF8qWxSEl7Rym3i23jM28HiUbpqk2VKB9YfNeSO
aZ/P2/KL+9YZy1QJDLEqQsiAs20dpU3Al3qH3VDMpqpprYuM+GPG3E+J3fB8TjEbi99IZLiCeSW4
SWQqi7yJ3k2sBHHtMezaUV1o43ajcv8AVd08Wk1H5Kja2zY7n3AQyF6sHxiaYm5CzTOs4Wlgbbem
4uhVAP8APv6631Pkd5SS3EJurZpAtO4beLeT/iNAEr/5KfpqKZPhr4KkuzcrY3qRF93aF5P2wP8A
CCWMm36f6m7/AGtSma9acEscTyWDmWNK+zxZMgiMxVWoPm6cqu3es5FB/JSyTwk8+lUHse3UI8Vd
HdFFBPZQAIUAjmTn/MpuSx8wmyE7cjirsmO07AVZSqIV7aoVZgUCBDub29TqY4fE3jm34XL48t8T
ax8OuKd23XeokKurh5JAwmeQOiMJWkMgKLRqKKZy1p+pE1A/N2Zb1XM2Q8hWWtscYrwenEK5pcwi
cWarqDfStzzgXNR5IISZS4vx64bWRuVk3WFQz4oKiBQDaZeI8Vw1/wASlgyDWy8jzBcWAkL97/lq
9vsBVKf83ch7VjIy0EZ21Oub/IXPeR4ryBBdYhL1uG8dERyrRCP8c/mbTN+UWcSf/j7Ix3yCJHqZ
gHIGuVP9k7ZGt82y6Nwwu0Xx5OT9bh8YScbMGvEMyirHX4ImUr1LJZAbLGozaJlDzrlu1r7cPiVE
TlkA9Tmt2XAcZO+ItXtcsyX0Mcr3aOn48jPFLJ+HbobYj8gugt1Z7lv5wYGD0AvZPyxmrSLkF9Hf
YBJMXcTQRY+SOX8uJI54YRkLyQXqn8RY5Ddukdkn/LGNhdDqxsnKHbLIlBlaND1uwYZyelO1iWsR
bXX2EXB1W/y7G5t4QaHUn0/2CSZViYjYpYpHLr3dlOZ66QN7FFPkXWX4740weatry6v4MtjmhuEi
7MjPJNbI0Bk/ImWPGlpUZwSqbLUCNHHeZqHWv8w818p41e46xxN1gMwlzZyT/kwpHDb3sqXSxfh2
zzZoJbyxxkB5O7fkyyRn8dEqNdlZu0+R4aaz5XW8nhRKex9JRq1Mj38jAlik6i4vrSpuJCy251m2
HhXV7Ube5InWZYtHWCSTKiR24SEyxfnx/jnA3Vphb548sbK+jcTsqybzOLZpgsUIsHkFuDsJu4Tk
F7RLGJGoh+vL+ZOVWF/yXFxTcfXJYuWM2qO8PbFs14tszz3LZaKJrwr3AthcjEt31CLNKlZBMPFm
QYnItFpNlaTDGRfWakVu2qkRj1K+u4ZzTT9EyjV3kvOyMPESL1uv7Yp3j0gFIJSunHEVTRbyPCXO
CzF3j5Injht7yWEVYSgNG3+mZlSNXdVK7yEjNTUxpXaJ04byey5TxzH5aGeOW4u8fBckBDCWWVek
ot2lmeKJ3V+2DLKKCgmlpvMFMpZKtVc7Dz5GN/BkWJzb1+rbapny+8ZSzqn2uOx2haIqvYLdRDqG
uaEyecdeV8m7bO2YnWcE3FrxUmLjmAxt/wAHhM1lvMmIyUpm/CVkE8LXJheXIBxJAY+2lIyjo9Fj
P+pVec+Y8szOK8o3K22T7Yg5BhYFtjk2SRrW5SyFxHDiGiaK6Epmk3TCWOSKryrXs0a9rn2asbqh
5HZRilSUt1RxJ2+sl1h4l5NNJulvsQTKtfxz8l8TZms7VzWZqr5/IKqDp6JBcR6iKaZjFxOK8fWM
eZsJrgXIxd1k8JFA7rG0c63sYlutm+IxzdojbTayR1Ec6uzAHYM/5cys3G8rb2hsjnLHCcmnu4o2
lWW1fGSmGx7nbuFmt++p313JJLQy2rxqpIoXXNdupUjkyIJe6nTI+Sy9kaOJfMpFlpuuVSKq+FMe
WJjVIBmhdaSLGXnZOSXcMig/TQS8LpQEVVjlKavEcSxmWgx9ybO5u548Xat+PZ7I5Znmv7mJppGM
FxuSNEVXPbLHdGCyqCRb5B5AzmAusvZLkrKwtpc5fILzIdyWC2jt8VZTpbQqLq02SzSSO8Q7you2
ZgjuwBlbhSbUlMV4vSlZc8jaxxTjebsKcg/M8sIqTdcSKSXmSOVVJITy8lGvQBwuG7hdut+oxiH2
jbltottyPItbRCPG/wBSuo4iq7YqRyn2R0AX2K8ftX9qsnQAisz+P8g15w3DpezmXNf0WxlnDvun
rLAKSyhiZKyyRy+9/wB7pJ1JVqR9bWytyWdsoRuUs3SuPp6qXqoQ+MccmyMzocRMU2Sp9KkY2bbw
BnbRO/Ht10lZRgqosDoU1UPZpkSUSKI7vJjL+34bjrjjuIjvrK5s53u7r8Vrh0nSedXjMm1vxuzA
kMgC7Khu6SysdRlFmsTd+Rsxa8x5DNi8lZZK2isLH85bOKW1e1tXjlWHcovDc3UlxCzMJNrJ2FCO
grj9p2zyKu2l10H+JJuRd0m42ZOqwsNPmn8LTFeyZTqLGVnLxD35webeybe0uBEEUK8qL6JcERTV
Q5roZuTxpgkkiR0ycMC3cERmkkj7d+ktpPcPLZf8sO2qGFf3NcjtzIXZXoj6xB5r5TJFPJHLhLi6
fH3VwLeKKbvYqWC/tbOODJ1vCZXkW4f9qWTd62lWNHj3SR5CcZkzQZ//AAdpJ4vSuETeMjVqYtTm
gWtxWpVhR8eVa/tlI2nJZUbSkK7kk7MDRQ6s2/IkZEVQIcDeMuDj4rxMQ/1iWPInFyWdrKkIuYRK
jXFzNbEPObMpIqGLeALeMndtJFNx2mXnnPjcf9vQTYdc7Bkb6CW4ayuWgkS0sre8Ux2oyKyRNILg
RktdzBSu8K1dosqK7c32cy/jymtYKnxkHbIfDMq5hJQ0c3sUpH5Rqqc9KT9esUtkyvujtqw7cHbp
MmlWmTPjRzkoukFDAVLLXPjHC2fF77KyTXUl5bS3yCRNxiRrSbtpHLElpKAZVAYyPeQCMSxntuoq
2vWXm/kuR5zi8DDbWMWOvYMXI0UmxZ5EyFuJpJoJ5L+FituxKLFHj7ozGCUd6NiAnDf56yVccFNs
kROZMJVeXHI/Xw1kgI6pSzuSxBBW3MUNWLJVMpOl8yNjqPGQuyoyqx2sIko0i5VsmRMzpJ9HXoeG
YDFcxbA3OKy9xa/gZLtSNMireyQ2MksU1oBYmittLQqHuCHmtpGLCNoZ7Fz5J5bnfHKcrss9x6zv
v6rhe/CltI0mMhucnFbz22QY5RSWTcEuGMdopjt72FVUzJcWuwWNkmUgVwk1k42TcxqrdlLDGroq
FaSC8awliIOG6bl2owVcRsm3dJpKHE/tnKR9zEOUxoQnt5oCrSRyRxyAsm4EblDslQSAGAdGQsBT
erDoQQOnLS7t7pWSGaKaaIqknbIIVzGkgDKGYoWjkSRVYk9t0apVgT2WrGvr0001QM1anI6TO2QO
m95e8IZFMxHfNAjU3uiiUSr8myRUx577kKBfwABqsSSAqwZgyft6n29a9Pt1JPT6mvrq0YYWV1ZF
KyfvFBRqgKd3+L2gL1r0AHoNU/YMAWUcAyae4WQBqsv7ZHzKtQ2AGyivDmdAAD9giJf8NVd6baE3
tsDVAqaA/cD7/r66p/Gtu4Ze2ndZdpO0VK/4SaVK/p6apliowpGiRY5gVNgp5WKZWbcCMldxN5Gh
AT4tlOQ77k4jvr9NzcEsxkfc4ox3H3D7N16j+OqRZ2YVEEUYSI1QbVoh+6intP6imqijBgqDoqrJ
oqV/w98VRsicHnjIVJP3QGIIOOCZAKHPfYoAAega/FmmUqVdgU/bQn216mn269emqmtrZw4eNCJK
b6qDuoKDd091AABWvQU1WKiiVTylSSKqKRERUKmQFPCmYxk0uYBy8RDHMIF32ARHb86oLsV2knbW
tPpU+p/jq4I41beFAegFaCtB6Cv2FTQenXXGGMjRehJDHsRkShsWQFo3F6AeMUdgdePzgHhESfu/
aO341c/IuO1+Pvfsf4dx2+tfStPXr6eurX4dobj8sxR/lD+/tXf6U/dSvp09fTpqsZm0ODoDtW5w
ek8b0DIJGB2n4vDwdAJR9wTw/o2PuHH0/GqBLKNpDMNhqvU+01r0+3Xr0+vXVbQQMHDIpEgo9QPc
KUo3+IU6da9OnpqmtHR7lNRJwxZuElVyuVU1myCqajghSFI4UIchinXKUhQA4gJgAA9fTVSTzxkM
jsrAUBBIoPsP0/TVMlrbSqUljjZGbcQVBBYUoxBHU9B19eg1yASSBU64JpgsommkosBCgqdJEyp0
UzqAHMyaR1ziUBHYonMIfkdUbmKhCTsBJA+lTSpp9zQV/gPtq6EQOZAB3CACadSBUgE+tASaD6VP
3OqR2TNVyg9UaNlHjYpyNnZ0EjuW5VCmIoVBcxBVSKoU4gYCiACAjvqoSyrGYlZhE3qtTQ09Kj0N
NW2t4HmW4dEM6A7WIBZa9DQ0qK/Wh66+Ajo8oujAxZgZ6cijwQaoALtRMd0zuhAm65yD+BPuIf01
+9+c7QXeiCi9T7QfWn2/s1+C1tgXIjjrIQW9o9xHoW6dSPpWuqns2nMVfat/IY6igqeBLmKiqZEV
TifjyE6qKZSGH8mKUAH0DVPdlpt3NtoBSp9Aaj/wJqP11V2IN27Yu4kmtBWpABP8SAAfuABr4Bgw
Kq2XKyaAuzRFu0WBsiCrVAS8BQbKATmgiJPTiUQLt6baq70xVkLtsY1YVNCfuR9T+p1SLa2DpII0
7ka7VO0VUelFNKgU+g6a+TRscYrshmDIxH5ub4hmqAlem2AOTsop7OTbBtufkOgnnBUh3qn7ep9v
+X7f2a/DaWpDqYoysp942j3/AObp7v7a65CaKKIqCkkkkKxyqKimmQgqqFSSQKdQSgHM5UESEAR3
ECEKH4ANUM7NTcSaCgr9BUnp/aSf4knV1I446lFCljU0AFSAFqfuaAD+AA9ANVdU6r0000000000
0000000000000000000000000000000000000000000000000000000000000000000000000000
00000000000000000000000000000000000000000000000000000000000000000001/9k=
------=_Part_7_1826711368.1626354859274--

= = = = = = = = = = = = = = = = = = = = = = = = = = = = = = =
 MockMessageHandler - size 1
MockMessageHandler - Finished
250 Ok
QUIT
221 Bye
QUIT
221 Bye
MockMessageHandler - Finished
MockMessageHandler - Finished
DEBUG: getProvider() returning javax.mail.Provider[TRANSPORT,smtp,com.sun.mail.smtp.SMTPTransport,Sun Micro******s, Inc]
DEBUG SMTP: useEhlo ****, useAuth false
DEBUG SMTP: trying to connect to host "localhost", port 25000, isSSL false
220 entando-entando-plugin-jpmail-p-p66rd-1-from-build-pack-c-dr9x6 ESMTP SubEthaSMTP 3.1.6
DEBUG SMTP: connected to host "localhost", port: 25000

EHLO entando-entando-plugin-jpmail-p-p66rd-1-from-build-pack-c-dr9x6
250-entando-entando-plugin-jpmail-p-p66rd-1-from-build-pack-c-dr9x6
250-8BITMIME
250-AUTH PLAIN
250 Ok
DEBUG SMTP: Found extension "8BITMIME", arg ""
DEBUG SMTP: Found extension "AUTH", arg "PLAIN"
DEBUG SMTP: Found extension "Ok", arg ""
DEBUG: getProvider() returning javax.mail.Provider[TRANSPORT,smtp,com.sun.mail.smtp.SMTPTransport,Sun Micro******s, Inc]
DEBUG SMTP: useEhlo ****, useAuth false
DEBUG SMTP: trying to connect to host "localhost", port 25000, isSSL false
220 entando-entando-plugin-jpmail-p-p66rd-1-from-build-pack-c-dr9x6 ESMTP SubEthaSMTP 3.1.6
DEBUG SMTP: connected to host "localhost", port: 25000

EHLO entando-entando-plugin-jpmail-p-p66rd-1-from-build-pack-c-dr9x6
250-entando-entando-plugin-jpmail-p-p66rd-1-from-build-pack-c-dr9x6
250-8BITMIME
250-AUTH PLAIN
250 Ok
DEBUG SMTP: Found extension "8BITMIME", arg ""
DEBUG SMTP: Found extension "AUTH", arg "PLAIN"
DEBUG SMTP: Found extension "Ok", arg ""
DEBUG SMTP: use8bit false
MAIL FROM:<EMAIL1@EMAIL.COM>
MockMessageHandler - FROM:EMAIL1@EMAIL.COM
250 Ok
RCPT TO:<testuser@localhost>
MockMessageHandler - RECIPIENT:testuser@localhost
250 Ok
DEBUG SMTP: Verified Addresses
DEBUG SMTP:   testuser@localhost
DATA
354 End data with <CR><LF>.<CR><LF>
Date: Thu, 15 Jul 2021 13:14:19 +0000 (UTC)
From: EMAIL1@EMAIL.COM
To: testuser@localhost
Message-ID: <765334553.13.1626354859375.JavaMail.****@entando-entando-plugin-jpmail-p-p66rd-1-from-build-pack-c-dr9x6>
Subject: Mail with attachment & text html
MIME-Version: 1.0
Content-Type: multipart/mi**d; 
	boundary="----=_Part_11_583094018.1626354859374"

------=_Part_11_583094018.1626354859374
Content-Type: text/html; charset=utf-8
Content-Transfer-Encoding: 7bit

<a href="http://www.japsportal.org/" >Test Mail di prova</a>
------=_Part_11_583094018.1626354859374
Content-Type: image/jpeg; name=ALLEGATO
Content-Transfer-Encoding: base64
Content-Disposition: attachment; filename=ALLEGATO

/9j/4QAYRXhpZgAASUkqAAgAAAAAAAAAAAAAAP/sABFEdWNreQABAAQAAABkAAD/7gAOQWRvYmUA
ZMAAAAAB/9sAhAABAQEBAQEBAQEBAQEBAQEBAQEBAQEBAQEBAQEBAQEBAQEBAQEBAQEBAQEBAgIC
AgICAgICAgIDAwMDAwMDAwMDAQEBAQEBAQIBAQICAgECAgMDAwMDAwMDAwMDAwMDAwMDAwMDAwMD
AwMDAwMDAwMDAwMDAwMDAwMDAwMDAwMDAwP/wAARCABnAIYDAREAAhEBAxEB/8QApgABAAEEAwEA
AAAAAAAAAAAAAAgDBgcJBAUKAgEBAAEFAQEBAAAAAAAAAAAAAAcCAwUGCAkEARAAAAYBBAEEAQMC
BAcAAAAAAQIDBAUGBwAREggTIRQVCTEiMhZBJGFCIzN1tTZ2thc3EQACAQMDAwMDAgMFBgYDAAAB
AgMRBAUAEgYhEwcxIghBURRhMnEjFYFCUnIzYrKzJHQWkYJDczU2JXUX/9oADAMBAAIRAxEAPwD3
8aaaaaaaaaaaaaaaaaaaaaaaaaaaaaaaaaaaaaaaaaaaaaaaaaaaaaaaaaaaaaaaaaaaaaaaaaaa
aaaaaaaaaaaaaaaaaaaaaaaaaaaaaaaaaaaaaaaaaaaaaaaaaaaaaaaaaaaaaaaaaaaaaaaaaaaa
aaaaaaaaaaaaaaaaaaaaaaaaaaaaaaaaaaaaaaaaaaaaaaaaaaaaawHnPs5hTrnGtXuVbo0hXkii
otD1xmg4l7PMkSExBUYQkems7K08pBTF0v4WhVP0mVKPprdOH+PeW87naHjdo00UZAeViEhjr9Gk
Yhd1OuxdzkdQpGo18i+XfH/iu1S45nfpbzyqTFAoaW4lA6VSJAW21FO4+2IN0Lg6jdj37P8AqfkG
xs6yNistJdSKyLZhIXuvpxEG4drn8abZaYjpGYZ**4/lV6Zs3D+qgD6a33OfHjyVhLB8h2Le7jjB
LLbyb5Ao6khGVGf/ACx7m/2dRRxf5f8Ahbk2V**BurvHzSsFR7yERwsxNAplR5Vj/wA0pjQfVtZx
v/cLr9i/KDDEN8vCdYtr6OSljrS8bIx9aYRy8ZIyrZ2+tL1s3giIuko4Uk/GuoJnKpEv38gJp+F8
W825Fx1+T4azNxjEcpRHVpWYOqFVhUmSoLVNVHtBb0pWROS+dPGXD+YR8H5JkRZ5uSISEyxukCIY
3kVnuGVYQGCFRtdquyp+6oWOc99rnUiGmFoppK3uyN0VvCM5A05X4c+x+B1URmpCGk1kSDuPIrUQ
MAbk5bhvvdl8bPJt3ai5kis4HIr25JxvH6Htq6A/pv6fWmoryXzQ8I2F81nDNkbuJWp3obU9o9aE
juvFIQPuI+o9K9NSXQ7ZYPkMGznYeDtSlixrWypknHUPHOlJqLfHdxrI8S+gnZWb9nKILS7cxklS
k3SVKqUTJmIc2gP405fBzCHg15bCDP3Fe2HYCN12u29ZF3KyEI1CK+4FTRgQJaj81ePLrx3ceUcd
em64naACZokYyxuWjQxvCwV1kBkQlWA9rBwShVjoYrPdKkJ/YBMdmrMNwVxqopPtIaNbsm7qbaRq
tDJTYYSwykskwarLe0SUcARx6CJh3MP57NyHibLt4Ti8fY/8UZ8CNpGLERs4uO/J/MCFiBuIWq/Y
dBrzcxHn7jyfJmfy5l/z**MmZYo1QNKsZsxaxfyjIEUnapcB/qTUnW+brh2mxv2jiLNOY1ZWxtHV
SSYxUiraIllFCs9ftVXhE2RWctKeYEEEwFQTcOPkLtvuO3GXPPHOf8dXVvZ597Zp7mNnUQuz0VSF
q25EpUnpSvofTXpH4p8x8U8xWN3keJx3qWtlKkbm4jSOrupYBNsklaAe6tKVFK9aYyzb9hnWbBVg
e1GwWaVtVsilVEJiv0GKTn3EO5TKImZyMk6fRUAhIEUL41G3vDOEFPRUifrrYeI+DvIHMbFMnY28
VtjJACkly5jDg/3lQK8hWnUNs2sOqltah5B+UHiPxzk5MJk7ya9zUJIlhs4xM0TD+48jPHCrg9GT
ul0PR1XVn0b7Reot0eoR7u22KiOXJikQNeaw7YshUMAG4LysItYIpiUPXdRwskkAh+71DfKZj47e
TsTCZ4raC9jX1/HlDNT9EkEbt/BVY/p66wfHfmF4Qz9wtrPfXWNlc0H5duyJX9ZIjNGn8XdV/X0r
n7L3bDCmC7zTMfZMsTuvTl6+PUhnS8S8/jzdnISq8MEjMWM5E4eJYMXqH90dVUPbJHKqcAS3OGlc
Y8a8t5jh7vN8fgWezs9wcB17pZUD7Ui6u7Mp9gVfcQVFW6akvnHmrx/465FYcY5bdPa5HI7DExjb
sKryGLfLOQIo0Rx/MLMNikOwCVYRruP2sdS6pMrRDCUvF4K3XK3Wl6dVU1YYD8uCx0XVjla2s8QQ
NvuogkqmoAbpCoUQEd+xXxu8mZK1F1NHZ2ZZahJ5iH/SoiSUKT9mII9GCmo1E+e+Z3hPC37WNtNk
ciFbaZbW3Bir6Ehp5ICwX/EisG9ULChMs8EdjcSdkK06s2KrIEujGOEmc5EPWq0XYIB2umKrdGVi
nQAqmk6TKYUXCQqtVhIcqapjJqAWNOZcE5NwK/XH8kt+00ilo3Uh45FBoSjjoSDTcpo61BZQGUma
/HHlThPlbEvluGXffSFgs0TqY5oWIqokjbqAwrtdS0b0YK5KsBj7PXdrrz1zki16/wBuXdW0UEnJ
6fVI9SfsDVsuUFEVZMiSiEbDiskYp003jlBVVMwHIQxB5azfDPEfOOd2/wCdhLULjKkd+ZhHGSOh
CVqz0PQlEZQQQSD01rHkn5B+L/Fd2MZya+Z83tDG1tkM0yqeoMgBEcVRQqssiMykMqlTXWnrvr31
xf2SxdVarig2R69LxF6CXmEp9gzgkX8KnDTTAvFeEscum6IZ64RUKkrxEAEDCAGKIB1J4Y8Mci4D
yO5yXJfwJ7WWz2IY2aQrIZI29JIkI9oYVFftWh68LfJP5J8P8scOssNws5W1voMj3ZRMiwh4hFKn
rDPKGG9lYK1PoaAggbgestvq9C6Y4Rt90n4usVmDw7THcrNzLxJjHskfiGaZPIssYoGWXWUKmkmX
kosqcqZCmOYpR5d8gYvI5ryvl8XiYZLjITZWdUjjUszHex6AfQAEsT0VQWJABOu5vEecw/GvAnHs
5n7mGzxFvgrVpJZWCIg7agVJ+pJCqoqzMQqgsQDH+Z+2rqbFypo5mfJVialXOj85DU5slFGIQihg
clTnp2EmBQOYgFD+08m5gESgXcQ3a0+M/ku5tu/KMfBJtr25JyX+nSscciVHr++nQ9a0BjO/+bPh
WzvTawHLXUIYjvRWqiOgB91JpopaGlB/LrUjpSpElIvuZ13m8M2bPMTfE39BpnxyNqM3i5Q9hgZC
XfMouKi5Kte0CXbu5GTkUkETin7ZQRE5VRSIdQug3HinnNpyu34Zc2RTNXe4w1dO1IqKzu6y7thV
UVmYV3joCu4hTLFn568XZDgV35IsskJeNWGwXG2OQzwvK6RxxyQbe6rPI6oh29tqlg5RWYaS+s6+
KO1naPLeee1NyqEdUYNZOZhK1kK2Q1dg3x5aSds6hXjlm5Bmm/rtRg44SqNiHEqq3g84nKooVXrj
yAnJfG3jrGcM8cWl0+UmBjkltoZJZFCIrTyjtqxWWaRqhyKhd+yhVSvn14kk4X5n8w5vyR5lv7GL
B27CWKC9uYoInMkjLbQESuoeC2hQhowaM/b7hYM4e5/sZtnUq/sscUbrVCU+eywjbiNlXWIaqwQi
XdfkWb1gWuqPq9HNmlmmH9gFkZgk2F0KJSrepBWKCmO8E4zyZhJr/Mc/muoeNG1qBezMXWRWVu6F
lYmJFj7gkZ9m4lPXYduY+VGa8Jcmt8Vx3xNb2NzzVb4KWxlugiaF0dOwXgRVuJXm7RhWPubQJOq9
wBsY92aJKRGben9AyEUH0+TrjgGr3viscFXkkjcLbATKCr9uqCzldJJuLcXQHBRXxgpuAj6bD4jz
NvdcR5Rm8H7LI57JTW/ToqGCGSMhSKAEndspQV29RrUPkFxu8sfIPBeM8o/mZMcVw1vedTVpBdXM
MoLqasQF2dwGrbd3QnW+OydPOt87jqWxw1w5jmFjX8E7h2MlGVGFbz0Q4VbHSaTLOfK0Cb+XZODF
WBwZwZZQ4D5DGAxt+M7Dylz2zzsWekyt/NcJMHZHmkMbgGrRtHXt7GHt2hdoH7QKCnpDlfBXinI8
Wn4rDgcVb2kls0SSR20SzRMVIWVZgvd7qtRt5csxHuJqa6lvpnlHLi0Z2qDrg7gJCt1CcXjnRQcN
PkI6VlGSaxWyvNADqoSIgoPHc/jT334F26Y+VltGmOw2Ujqt6lxPGGHRtrIjEVHXoV6delW+51xP
8CryWXMcjwc1HxktpbSmNvcu9JJEB2moqQ53dOu1a/tGugwHGxy321X+PVYMlWBL1nAhGKjVA7Mp
UoWxikUrYyYolKmJQ4gBdg29NfbzS4nX4zWU6u4mNnj/AHAnd1kir1rXrrGeNbS1f5s5O1eKM2wy
OWohUFRSKentpTp9OnTW3buHkZfAfWDLd8pqLOFn2cMzi4FZgi1ZKtZy2TMXU2ks1TICRFn0MEv7
wnoYf7bcQEoCGuYvFuCTmnkPGYbKlpbJ5WeQMSwMcKPMyE9aLJs2H0/d6gnXcHnXlMnjXxBm+SYF
Y7fJRwLHCUCoVmuZY7ZZFAoC8Xd7o9f9OtCBTWub6petOPrbQrZnfI9Wh7vY5S5Pa9Vv5ZGoTrWI
ZQzRk7k5xo3lCOGqsxMS8odI7g6Z1kSsw8ZyiqqAzt8kuf5vGZm24bgbmWzsI7RZZuy5jLtIzKkb
FKEIiICFBCsZPcDtWnK/ww8S8YzfG73yRyuzgyGVmv3gt/yYxMsaRKjSTKsgZTLLLIVLkFlEXtYb
3BwV9vdMp9QyfiganU61Vxl6XNupYa7BRcIMo6SngIk5kRjWrb3q6ZDiBTqcjAAiAD663L4v5bKZ
Tj2SGTubi4EV3GE7sjybAY6kLvJ2g/UCg1HXzjwGCwfL8KcLZWlmZ7CZpOxDHF3GE1Az9tV3kAkA
tUgayB90iSQWzAS4JpgspXr6kosBCgqdJGSrB0UzqAHMyaR1ziUBHYonMIfkdYT4nMxxuaQk7BPb
ED6VKzVNPuaCv8B9tbL8/EQZrjUgA7htbwE06kCS3IBPrQEmg+lT9zrbFSerXXRhi6LpiGF8dngJ
Wtx6Mok5rMa8kpIzmNIC**7POkVp1xKAK5jJuzORconHkmcpgAQ5py/kbnc3IpMs+Wvhex3DFCJX
VUo3RVjBEYToAUC7GHRgQTrtTj/hzxZbcOhwEeAxZxs1ogkDW6M7lo+rPMwMzSe4lZDJ3FPVWBAI
0i9CZ7/0J2i7OsGCyz+tY9xXm9Zw1eLeH5Jri+zxz2NdOBKqk3Te+3jFCeQ25SEcK7bctw6680WX
/enjrj08wCX99kseAVFdpu4WVwOhJWrg0HUlV+1Nee/xsyf/APNfMPL7a2ZpMTi8Nliysab1x9wj
xs3UKH2xsNx6AO/pWouj6ycQQPZLL2Zc0ZsjWeQ3lcUiHxWtqZklIyVuV6kJuQczbxk5IowfHiGs
CoQiCpDop+8IYpAFMglx/wAg+UXvAeMYrifEZGsYpw61hbY6QW6xqI1YUZd5kBLKQx2EE+5q5j4i
8GxvljnGe5/5Bijyk9oYn23C9yOS6u3ldpWRqo/aWEgIwKr3VIWqqRnv7ecf0KsYbxjL1qkVGvSq
uSk4pWTg61DRMgpGBVLAv8cd6wZN3J2HnQIfwibx8yFHbcA1pfxgzeayPKsha5C8up7YY8uEklkd
Q/eiG7azEbqEjdStCRXrqSfnFxjjeH4JiL3E4+xtb05YRmSGCKNzH+NMe2XRFYpUA7a7agGlQNQy
7i5KsDvr30fwZFuVCRTjCFPyBKRqKoE+XlpMi1XrXuyCoAeONCLf+HlsQTujCIiJC8ZW8WYCyi5v
y/mFwoNyuYntkcj9iIRNLT/Pvj3fWiD7msCeduW5Obxh488dWbkWTcetr2RAad2SQG3g3CvpH25t
taCshJrtFN8OO+oXX+h4wi8ZDiqhTrEkK0YWORmqvESsraZIqAA/mZeVfM1JFy9cPDnURMKhfaAJ
SIAkRNMpeNc75Q5tmeQychGSvYZjKWiWOZ0SFK+2NEVgoULQMKe/qX3FmJ9IeLeDvGXG+Hw8ROGx
tzbC3VJ3lt4pJLiSnvlkkdS7OzEspqO2KLHsVVA0AQWE0a73lunUeLeSSOML/fY6o2WL99ydvsbR
NggMvR7EXouPSUax9cQRI839yUDKCAAZQyY9r3nLmvvD1p5OuEjPIbKyaaJ9vtW6eOSyZttP2FpW
Yp+w0XrRQ2vM3HePo8X8ich4Qs5Jl4fk8kltPHv9z2Mc0OTRN9f9RUgRRL/qCrUFWZT1WEcVdfMb
9ksi4N7lxT6OjYx46g67aXE3O12Ni5Rk9FeKkJRaGXaCEBcoByk4QeK7oJAKJjcE1DnJ9PLuSc3z
/AbHmHimRJLiRRJLCI45XdGWjqgkDfzIJAVZF9ze4CrKAfi8e8M8Y8U8sZXx356hkitIZGhguDLN
BHHIjVjeQxFf5N1CyukrexfYTtV2ZdzdbkvrZ6osjXOnzuE4F+VuoZnKwVoDJ96VbOk+B04RQktc
bj7V2QQKf24lQEB/WIF9dcpX9v588ky/0nKQ5eaHd7kkh/EtwVP/AKg2QQbl9Ru9326672xV38T/
AAvbnP4K54/bXIU7ZIbj+oXhVhQiIiS6utrDodlEI/caa12/ZHMRdh7o9a5+EfN5OGnMZYcmIiSZ
qAq0kIuSyvenrB81VD0Ubu2ixFCGD8lMA6nPwLa3Fj4nz9ldo0d3DkL5HRhRldLO3VlI+hUggj7j
XLfyuvrPJ+fuJ5LHyJNYXGIxcsUimqvHJkbt0dT9VZSGB+oOvRPrhfXqVrz0/TF/9OzR/wBhwH/k
B9dw/K7/AOvYn/rZP+FrzA+A/wD9uz//AOth/wCMdWlTrzWMM/a3fbLkyURqNfHImUUHEzKCCUfH
ktsDMKV57ILgJgax8gEi22WEOCYLlOpwIBzFyeVw+R5X8bbKw4/Gbq+/BtCI06s3ZkQSqo+rLtb2
+p2kLU0BweC5Fh+BfNDJZbl0y2OM/qmQDSydEQXMMphdz/dR96e49F3gttUMRta7cDUuy/U/OtWx
FbankqYhYiNmfDR7BD2xVrK1Scj7b8RvCOpAqMzJMIBwgk2HZdTycSl3OG/NvjEZPx/5Kw2R5RbX
OPtZZXStxG8IKTRtDv8A5gWsaNIrFv2ilSeh12h5uOE8t+FuR4fg97ZZa+t4I5aWk0VyVktpkue1
/KZ6SyJC6Kn723UA6jUKPqs7Q4lqWIrFiPI19rNEnoS3ytlglbfMx9dipavTTCNFdJlLSqrSOPIR
0qycHVQMqCopLEMQDFKpwlv5H+O+TZPk8HJ8DZXF5ZzWqRSCBGldJY2ehZEDNtZGUBgKVUgkEivP
3w08wcJwnB7rhHKslaY7JW99JPCbmVII5IJUjqEkkKoXSRXLIW3FWVlBAbbDb7P8/wBCzjmyutMb
y7OzVzHlTNAuLPHH80XLz0hKupCTJDuymFGRimDcGyZHKf8AprL+XgJ0wIoeVf**wnNcP4lPLn4n
t7++ue4IW6OkaoFTePVXY7iUPVV21oxKiBvl/wCTON+RPIFrBxSeO7xWLsuy1whrHLM8jPIIm9Hj
RdiiRejPv2lkCs2dvuBs1euTrrZaKnNxdkrs1WMgPImbhXzeSi5BsaSqpPK1eNVFUFilUIYhth3I
colHYwCAab8XcffYqPP47JQyQX0VxbK8cilXU7JuhUgEdKEfcEEdDqRvnNl8XnpuJ5jC3EN3iriz
vWjlidXjde5biqspIPUEHr0IINCCNb9at/0xXP8AgMR/y9vrivI//IT/APvP/vHXpbhv/h7T/pov
9xdedDqlVDXvut26o5RSA1yo/aCqFFwACgBrFa04gBWASmAUgF5+r0H039Nd2eSckMN4k4vmDWlp
eYibp6/yoS/T9fb015YeF8KeSfIDnHHV21v8dyC293p/PuBF1/T3df013v1d5wqHXzI+Y8TZnmWe
OnFmUhUWz22OW8PExFtoz6fjJivy8k6MRrGPHicyIlO4UI35MTE5gc5Cn+P5EcQynN8DiuTcTie+
jtxISsILu8NwsbpIijq6qU6hQWpIDSgJGR+HvkPB+MOV57hPPp0xUt2Ygr3LLFHFc2jzRywyu1Fj
ZxL0LkJWEruDMoa6vti7LYsyXEY7xRje1wV5cwVge3GzTdZkW0zBxihYteHiYlCZj1l418+cFkHK
jgiRzi3BJMDCBjiUMb8avH/I+P3V9yXP201nHNAsEUcqmORxvDu5jYB1UbUCkgbqtToK6zXzU8tc
N5bY4rhfFL22yM1tdPdXEtu6ywxntmKOMSoTG7tvkZwpOzaoJBagjL2rroS+BOmmb6bIx87E17Et
ew5bJOEdNpH+IXqp+Szx9fsHgMsEbKrJTzlQjdcCqAVATCXicgmkHxvffi805XxDKxvDcz5OW+hS
QFe/bzfymkjrTegMaAstR7qA1BpEfmbF/neNeBeQsDLFc2NrhIcXcyRMr/jXltW4SGahPbkImkYI
4BohJFGWu+Ogd5ustyxrGZCkMw0CqqHh0Xs/WLBZY2LtUJJptgUkooay6clnpFVByVRNAWqC5XgF
3QFQBDXGmb8PeQcVn5MHBi725USlY5ooneGRCaK/dA7agihbeylK0cLr0h4z8ifEee4nDyi5zuMs
mMAea3mnjjuIpAtXj/HZu85DAqhjRxLSsZeutEFVyjKWztrk7uywjJMMaYryJXrlYHhm64uC0uz3
mv4uhocP9cClsj6ozSrlNrzEhhZql/2y67JyXHbbGeM8d4jmkj/7gyVjLBEtRTvw28t3I/p/pLPG
EL0qO4p/cdecGG5heZrzZl/kFbQzf9pYbKQ3UzbTu/FuLuHHxRev+u9tK0gjrQ9px+0a9CWc+qWC
exabZTKVHayswwR9vHWiNdPIOzMW4HE4Niy8Ws3VesyCYwlbuwcNyGOYxSAYeWuIOH+SeZcEZl47
eNHauatC4WSJj99jghW9Ksm1jQAkjpr098i+F/HHlNUbmOOSa/jXalxGzQ3CLWu3uxlS6ipokm9A
SSFB66jrUvq06h1eSTkndVs9xMiuLhBlbbbIOI1M25BTTUZQhIJN6giJNwTceYp+QgoBw2AN6yfy
L8n5G3NvFc29qCtC0MKhz9yGk7hUn7rtI+lNRbhPhz4Pw92LueyvL8q24Jc3LtGPSgKRCEOBT0fc
DUhtwoBm3IXTDrxk220q6WekGJMY8ga9WacjAzEtW4aEgqrKv5mCjWkFCO2USRswfSSvEvi28YgT
9pQANRwflfnPHsZd4nH3lbW+mllnMiJLJJJMixyO0kis9WVBU7vWp9STqQeT+A/F3Ls3j8/l8eRf
Yu2gt7UQyyQRRQ28jywxrDEyR7UeRqDb+2i+gA1KfUc6mTUacF9R8G9cZadm8T1qRgpGyRzaKllX
tjnZsq7Jo5F2gmRKXfO00DFXHfkQAMIegjtrf+Y+TeYc8tobTktwk0FvIXQLFHHRiNpNUVSen0Oo
l8c+EfHfiq9uchwq0lt7q7iWOQvPNLVFbcABI7AdfqKHVv506Q9d+w9iRuGQqi7C2kbN2TmxVyZf
QMhKMmiZkmjeXI1OZjImapCBE1lERclTIRMFPGUpA+3h3l3nPBrE4vB3S/0wsWEUsayKjMasUr7l
qepUNtJJbbuJOsZ5G+PXi3yjlVzvKLF/62EVGngleF5EUUVZQp2PtFArMu8KFXdsAXV5YA6vYg6z
R9hYYohpWN/la0YvYHUtYpibWkDwxX5IzZB87PHMRbFk1wEzZBE6wHAFROCafDF828ico8gTwT8k
ljk/GDiIJEkYXft39VG5q7F6OzBaHaBuaue8Z+H+DeJLW6tuFwTRfmtGZmknllLmLeI+jsUTb3H6
xopao3ltqbcKZE+tzqbkizv7bIUV/XZWWWUdSiVNn39fiXr1U3JV78KkK8YxXVH1ODVJumocROYo
qGMYdtwXnvyXgcemMgvEntogAhnjWR1Uei9w0dgPpvLEDoCAABH/ACn4o+FOV5eXN3WNktb2di0g
tZnhjdz6v2hWNCfr21QE1YgsSTebvof1TeY2Y4qVxLFJ1WNlTzzVZvJTjayhOLNiNHMovbEZMlid
rOmyZSKJquTtzEIQvjAqaYFxMXmXyRFn35IuTlOSki7ZBSMxdsHcEEJTtKASSCFDVJO6rMTnp/jh
4Yn4nHwx8JCMNFMZlKyTLP3ioVpDciQTsWUAFWcoQFGyiqBxLZ0J6xXSp49o83SJVSs4uYz0dS49
G7XIh4xrZZUJuZTVfqzi0i/BzJ7qEBdVQECj40gImBSBdxnmfyFicnfZizvIxkMi8bTsbeD3mJO2
hCiMKtE6HaBuPuarEk2c38a/EOfwuL49kMfMcRh45ktUF3dVjWeTuyguZS77pOo3sQg9qbUAUS/Z
tUWLRqybFEjdm3QaoEExjiVFukVFIonMImMJSEANxHcdRdLI80jTSdXZiT/Emp1OUEMdtAlvEKRR
oFUevRRQdf4DUccc9R8G4pyjYsx0mtSMdfbV/IfmpRxY52RbOP5RKpTMz44x8+Xj2/uJBApy8Ey+
MA4l2D01vme8m8w5Jx2DiuXuEkwtt2u2gijUjsoY46uqhjRSQanr6nrqKuK+EPHfC+YXXO+P2ksX
Jbzv92Rp5nVvyJBLLSN3KLucAiijb6Cg1bGbei/W7P1jG43uluELasVJORsVYl31ffzKSCBW6BZl
NoczCRWRRIQpV1ERcgQhSeTgUC6yPEfMXPeFWH9Kw12rYwV2xSosqxkmp7ZPuUE1JUNsqSdtTXWI
8g/HTxR5Lyv9e5Hj2XNsAHnt5XheUAbR3Qp2OQAAHZO5QBd20Aap1PoZ1WqFEs2PWWLI6RhLki0R
sz6ckZaSsckWPcFdsRRsR3qcrC+0dEKoQsco0IChQNsJvXX7k/M/kfKZm3zk2SeO7tSxiWNUSJNw
2tWLaUk3CoPdDmnStNU4X42+GsHxy74vb4aKXH36qLh5nkknk2MGSk5cSRbWAYCBoxuFaV1fVA6p
4FxrjWyYhrdBaLY8uD9aUs9bsUlM2plMSS7ZizF8qWxSEl7Rym3i23jM28HiUbpqk2VKB9YfNeSO
aZ/P2/KL+9YZy1QJDLEqQsiAs20dpU3Al3qH3VDMpqpprYuM+GPG3E+J3fB8TjEbi99IZLiCeSW4
SWQqi7yJ3k2sBHHtMezaUV1o43ajcv8AVd08Wk1H5Kja2zY7n3AQyF6sHxiaYm5CzTOs4Wlgbbem
4uhVAP8APv6631Pkd5SS3EJurZpAtO4beLeT/iNAEr/5KfpqKZPhr4KkuzcrY3qRF93aF5P2wP8A
CCWMm36f6m7/AGtSma9acEscTyWDmWNK+zxZMgiMxVWoPm6cqu3es5FB/JSyTwk8+lUHse3UI8Vd
HdFFBPZQAIUAjmTn/MpuSx8wmyE7cjirsmO07AVZSqIV7aoVZgUCBDub29TqY4fE3jm34XL48t8T
ax8OuKd23XeokKurh5JAwmeQOiMJWkMgKLRqKKZy1p+pE1A/N2Zb1XM2Q8hWWtscYrwenEK5pcwi
cWarqDfStzzgXNR5IISZS4vx64bWRuVk3WFQz4oKiBQDaZeI8Vw1/wASlgyDWy8jzBcWAkL97/lq
9vsBVKf83ch7VjIy0EZ21Oub/IXPeR4ryBBdYhL1uG8dERyrRCP8c/mbTN+UWcSf/j7Ix3yCJHqZ
gHIGuVP9k7ZGt82y6Nwwu0Xx5OT9bh8YScbMGvEMyirHX4ImUr1LJZAbLGozaJlDzrlu1r7cPiVE
TlkA9Tmt2XAcZO+ItXtcsyX0Mcr3aOn48jPFLJ+HbobYj8gugt1Z7lv5wYGD0AvZPyxmrSLkF9Hf
YBJMXcTQRY+SOX8uJI54YRkLyQXqn8RY5Ddukdkn/LGNhdDqxsnKHbLIlBlaND1uwYZyelO1iWsR
bXX2EXB1W/y7G5t4QaHUn0/2CSZViYjYpYpHLr3dlOZ66QN7FFPkXWX4740weatry6v4MtjmhuEi
7MjPJNbI0Bk/ImWPGlpUZwSqbLUCNHHeZqHWv8w818p41e46xxN1gMwlzZyT/kwpHDb3sqXSxfh2
zzZoJbyxxkB5O7fkyyRn8dEqNdlZu0+R4aaz5XW8nhRKex9JRq1Mj38jAlik6i4vrSpuJCy251m2
HhXV7Ube5InWZYtHWCSTKiR24SEyxfnx/jnA3Vphb548sbK+jcTsqybzOLZpgsUIsHkFuDsJu4Tk
F7RLGJGoh+vL+ZOVWF/yXFxTcfXJYuWM2qO8PbFs14tszz3LZaKJrwr3AthcjEt31CLNKlZBMPFm
QYnItFpNlaTDGRfWakVu2qkRj1K+u4ZzTT9EyjV3kvOyMPESL1uv7Yp3j0gFIJSunHEVTRbyPCXO
CzF3j5Injht7yWEVYSgNG3+mZlSNXdVK7yEjNTUxpXaJ04byey5TxzH5aGeOW4u8fBckBDCWWVek
ot2lmeKJ3V+2DLKKCgmlpvMFMpZKtVc7Dz5GN/BkWJzb1+rbapny+8ZSzqn2uOx2haIqvYLdRDqG
uaEyecdeV8m7bO2YnWcE3FrxUmLjmAxt/wAHhM1lvMmIyUpm/CVkE8LXJheXIBxJAY+2lIyjo9Fj
P+pVec+Y8szOK8o3K22T7Yg5BhYFtjk2SRrW5SyFxHDiGiaK6Epmk3TCWOSKryrXs0a9rn2asbqh
5HZRilSUt1RxJ2+sl1h4l5NNJulvsQTKtfxz8l8TZms7VzWZqr5/IKqDp6JBcR6iKaZjFxOK8fWM
eZsJrgXIxd1k8JFA7rG0c63sYlutm+IxzdojbTayR1Ec6uzAHYM/5cys3G8rb2hsjnLHCcmnu4o2
lWW1fGSmGx7nbuFmt++p313JJLQy2rxqpIoXXNdupUjkyIJe6nTI+Sy9kaOJfMpFlpuuVSKq+FMe
WJjVIBmhdaSLGXnZOSXcMig/TQS8LpQEVVjlKavEcSxmWgx9ybO5u548Xat+PZ7I5Znmv7mJppGM
FxuSNEVXPbLHdGCyqCRb5B5AzmAusvZLkrKwtpc5fILzIdyWC2jt8VZTpbQqLq02SzSSO8Q7you2
ZgjuwBlbhSbUlMV4vSlZc8jaxxTjebsKcg/M8sIqTdcSKSXmSOVVJITy8lGvQBwuG7hdut+oxiH2
jbltottyPItbRCPG/wBSuo4iq7YqRyn2R0AX2K8ftX9qsnQAisz+P8g15w3DpezmXNf0WxlnDvun
rLAKSyhiZKyyRy+9/wB7pJ1JVqR9bWytyWdsoRuUs3SuPp6qXqoQ+MccmyMzocRMU2Sp9KkY2bbw
BnbRO/Ht10lZRgqosDoU1UPZpkSUSKI7vJjL+34bjrjjuIjvrK5s53u7r8Vrh0nSedXjMm1vxuzA
kMgC7Khu6SysdRlFmsTd+Rsxa8x5DNi8lZZK2isLH85bOKW1e1tXjlWHcovDc3UlxCzMJNrJ2FCO
grj9p2zyKu2l10H+JJuRd0m42ZOqwsNPmn8LTFeyZTqLGVnLxD35webeybe0uBEEUK8qL6JcERTV
Q5roZuTxpgkkiR0ycMC3cERmkkj7d+ktpPcPLZf8sO2qGFf3NcjtzIXZXoj6xB5r5TJFPJHLhLi6
fH3VwLeKKbvYqWC/tbOODJ1vCZXkW4f9qWTd62lWNHj3SR5CcZkzQZ//AAdpJ4vSuETeMjVqYtTm
gWtxWpVhR8eVa/tlI2nJZUbSkK7kk7MDRQ6s2/IkZEVQIcDeMuDj4rxMQ/1iWPInFyWdrKkIuYRK
jXFzNbEPObMpIqGLeALeMndtJFNx2mXnnPjcf9vQTYdc7Bkb6CW4ayuWgkS0sre8Ux2oyKyRNILg
RktdzBSu8K1dosqK7c32cy/jymtYKnxkHbIfDMq5hJQ0c3sUpH5Rqqc9KT9esUtkyvujtqw7cHbp
MmlWmTPjRzkoukFDAVLLXPjHC2fF77KyTXUl5bS3yCRNxiRrSbtpHLElpKAZVAYyPeQCMSxntuoq
2vWXm/kuR5zi8DDbWMWOvYMXI0UmxZ5EyFuJpJoJ5L+FituxKLFHj7ozGCUd6NiAnDf56yVccFNs
kROZMJVeXHI/Xw1kgI6pSzuSxBBW3MUNWLJVMpOl8yNjqPGQuyoyqx2sIko0i5VsmRMzpJ9HXoeG
YDFcxbA3OKy9xa/gZLtSNMireyQ2MksU1oBYmittLQqHuCHmtpGLCNoZ7Fz5J5bnfHKcrss9x6zv
v6rhe/CltI0mMhucnFbz22QY5RSWTcEuGMdopjt72FVUzJcWuwWNkmUgVwk1k42TcxqrdlLDGroq
FaSC8awliIOG6bl2owVcRsm3dJpKHE/tnKR9zEOUxoQnt5oCrSRyRxyAsm4EblDslQSAGAdGQsBT
erDoQQOnLS7t7pWSGaKaaIqknbIIVzGkgDKGYoWjkSRVYk9t0apVgT2WrGvr0001QM1anI6TO2QO
m95e8IZFMxHfNAjU3uiiUSr8myRUx577kKBfwABqsSSAqwZgyft6n29a9Pt1JPT6mvrq0YYWV1ZF
KyfvFBRqgKd3+L2gL1r0AHoNU/YMAWUcAyae4WQBqsv7ZHzKtQ2AGyivDmdAAD9giJf8NVd6baE3
tsDVAqaA/cD7/r66p/Gtu4Ze2ndZdpO0VK/4SaVK/p6apliowpGiRY5gVNgp5WKZWbcCMldxN5Gh
AT4tlOQ77k4jvr9NzcEsxkfc4ox3H3D7N16j+OqRZ2YVEEUYSI1QbVoh+6intP6imqijBgqDoqrJ
oqV/w98VRsicHnjIVJP3QGIIOOCZAKHPfYoAAega/FmmUqVdgU/bQn216mn269emqmtrZw4eNCJK
b6qDuoKDd091AABWvQU1WKiiVTylSSKqKRERUKmQFPCmYxk0uYBy8RDHMIF32ARHb86oLsV2knbW
tPpU+p/jq4I41beFAegFaCtB6Cv2FTQenXXGGMjRehJDHsRkShsWQFo3F6AeMUdgdePzgHhESfu/
aO341c/IuO1+Pvfsf4dx2+tfStPXr6eurX4dobj8sxR/lD+/tXf6U/dSvp09fTpqsZm0ODoDtW5w
ek8b0DIJGB2n4vDwdAJR9wTw/o2PuHH0/GqBLKNpDMNhqvU+01r0+3Xr0+vXVbQQMHDIpEgo9QPc
KUo3+IU6da9OnpqmtHR7lNRJwxZuElVyuVU1myCqajghSFI4UIchinXKUhQA4gJgAA9fTVSTzxkM
jsrAUBBIoPsP0/TVMlrbSqUljjZGbcQVBBYUoxBHU9B19eg1yASSBU64JpgsommkosBCgqdJEyp0
UzqAHMyaR1ziUBHYonMIfkdUbmKhCTsBJA+lTSpp9zQV/gPtq6EQOZAB3CACadSBUgE+tASaD6VP
3OqR2TNVyg9UaNlHjYpyNnZ0EjuW5VCmIoVBcxBVSKoU4gYCiACAjvqoSyrGYlZhE3qtTQ09Kj0N
NW2t4HmW4dEM6A7WIBZa9DQ0qK/Wh66+Ajo8oujAxZgZ6cijwQaoALtRMd0zuhAm65yD+BPuIf01
+9+c7QXeiCi9T7QfWn2/s1+C1tgXIjjrIQW9o9xHoW6dSPpWuqns2nMVfat/IY6igqeBLmKiqZEV
TifjyE6qKZSGH8mKUAH0DVPdlpt3NtoBSp9Aaj/wJqP11V2IN27Yu4kmtBWpABP8SAAfuABr4Bgw
Kq2XKyaAuzRFu0WBsiCrVAS8BQbKATmgiJPTiUQLt6baq70xVkLtsY1YVNCfuR9T+p1SLa2DpII0
7ka7VO0VUelFNKgU+g6a+TRscYrshmDIxH5ub4hmqAlem2AOTsop7OTbBtufkOgnnBUh3qn7ep9v
+X7f2a/DaWpDqYoysp942j3/AObp7v7a65CaKKIqCkkkkKxyqKimmQgqqFSSQKdQSgHM5UESEAR3
ECEKH4ANUM7NTcSaCgr9BUnp/aSf4knV1I446lFCljU0AFSAFqfuaAD+AA9ANVdU6r0000000000
0000000000000000000000000000000000000000000000000000000000000000000000000000
00000000000000000000000000000000000000000000000000000000000000000001/9k=
------=_Part_11_583094018.1626354859374--
.
MockMessageHandler - MAIL DATA
= = = = = = = = = = = = = = = = = = = = = = = = = = = = = = =
Received: from entando-entando-plugin-jpmail-p-p66rd-1-from-build-pack-c-dr9x6 (localhost [127.0.0.1])
        by entando-entando-plugin-jpmail-p-p66rd-1-from-build-pack-c-dr9x6 with SMTP (SubEthaSMTP 3.1.6)
        for testuser@localhost;
        Thu, 15 Jul 2021 13:14:19 +0000 (UTC)
Date: Thu, 15 Jul 2021 13:14:19 +0000 (UTC)
From: EMAIL1@EMAIL.COM
To: testuser@localhost
Message-ID: <765334553.13.1626354859375.JavaMail.****@entando-entando-plugin-jpmail-p-p66rd-1-from-build-pack-c-dr9x6>
Subject: Mail with attachment & text html
MIME-Version: 1.0
Content-Type: multipart/mi**d; 
	boundary="----=_Part_11_583094018.1626354859374"

------=_Part_11_583094018.1626354859374
Content-Type: text/html; charset=utf-8
Content-Transfer-Encoding: 7bit

<a href="http://www.japsportal.org/" >Test Mail di prova</a>
------=_Part_11_583094018.1626354859374
Content-Type: image/jpeg; name=ALLEGATO
Content-Transfer-Encoding: base64
Content-Disposition: attachment; filename=ALLEGATO

/9j/4QAYRXhpZgAASUkqAAgAAAAAAAAAAAAAAP/sABFEdWNreQABAAQAAABkAAD/7gAOQWRvYmUA
ZMAAAAAB/9sAhAABAQEBAQEBAQEBAQEBAQEBAQEBAQEBAQEBAQEBAQEBAQEBAQEBAQEBAQEBAgIC
AgICAgICAgIDAwMDAwMDAwMDAQEBAQEBAQIBAQICAgECAgMDAwMDAwMDAwMDAwMDAwMDAwMDAwMD
AwMDAwMDAwMDAwMDAwMDAwMDAwMDAwMDAwP/wAARCABnAIYDAREAAhEBAxEB/8QApgABAAEEAwEA
AAAAAAAAAAAAAAgDBgcJBAUKAgEBAAEFAQEBAAAAAAAAAAAAAAcCAwUGCAkEARAAAAYBBAEEAQMC
BAcAAAAAAQIDBAUGBwAREggTIRQVCTEiMhZBJGFCIzN1tTZ2thc3EQACAQMDAwMDAgMFBgYDAAAB
AgMRBAUAEgYhEwcxIghBURRhMnEjFYFCUnIzYrKzJHQWkYJDczU2JXUX/9oADAMBAAIRAxEAPwD3
8aaaaaaaaaaaaaaaaaaaaaaaaaaaaaaaaaaaaaaaaaaaaaaaaaaaaaaaaaaaaaaaaaaaaaaaaaaa
aaaaaaaaaaaaaaaaaaaaaaaaaaaaaaaaaaaaaaaaaaaaaaaaaaaaaaaaaaaaaaaaaaaaaaaaaaaa
aaaaaaaaaaaaaaaaaaaaaaaaaaaaaaaaaaaaaaaaaaaaaaaaaaaaawHnPs5hTrnGtXuVbo0hXkii
otD1xmg4l7PMkSExBUYQkems7K08pBTF0v4WhVP0mVKPprdOH+PeW87naHjdo00UZAeViEhjr9Gk
Yhd1OuxdzkdQpGo18i+XfH/iu1S45nfpbzyqTFAoaW4lA6VSJAW21FO4+2IN0Lg6jdj37P8AqfkG
xs6yNistJdSKyLZhIXuvpxEG4drn8abZaYjpGYZ**4/lV6Zs3D+qgD6a33OfHjyVhLB8h2Le7jjB
LLbyb5Ao6khGVGf/ACx7m/2dRRxf5f8Ahbk2V**BurvHzSsFR7yERwsxNAplR5Vj/wA0pjQfVtZx
v/cLr9i/KDDEN8vCdYtr6OSljrS8bIx9aYRy8ZIyrZ2+tL1s3giIuko4Uk/GuoJnKpEv38gJp+F8
W825Fx1+T4azNxjEcpRHVpWYOqFVhUmSoLVNVHtBb0pWROS+dPGXD+YR8H5JkRZ5uSISEyxukCIY
3kVnuGVYQGCFRtdquyp+6oWOc99rnUiGmFoppK3uyN0VvCM5A05X4c+x+B1URmpCGk1kSDuPIrUQ
MAbk5bhvvdl8bPJt3ai5kis4HIr25JxvH6Htq6A/pv6fWmoryXzQ8I2F81nDNkbuJWp3obU9o9aE
juvFIQPuI+o9K9NSXQ7ZYPkMGznYeDtSlixrWypknHUPHOlJqLfHdxrI8S+gnZWb9nKILS7cxklS
k3SVKqUTJmIc2gP405fBzCHg15bCDP3Fe2HYCN12u29ZF3KyEI1CK+4FTRgQJaj81ePLrx3ceUcd
em64naACZokYyxuWjQxvCwV1kBkQlWA9rBwShVjoYrPdKkJ/YBMdmrMNwVxqopPtIaNbsm7qbaRq
tDJTYYSwykskwarLe0SUcARx6CJh3MP57NyHibLt4Ti8fY/8UZ8CNpGLERs4uO/J/MCFiBuIWq/Y
dBrzcxHn7jyfJmfy5l/z**MmZYo1QNKsZsxaxfyjIEUnapcB/qTUnW+brh2mxv2jiLNOY1ZWxtHV
SSYxUiraIllFCs9ftVXhE2RWctKeYEEEwFQTcOPkLtvuO3GXPPHOf8dXVvZ597Zp7mNnUQuz0VSF
q25EpUnpSvofTXpH4p8x8U8xWN3keJx3qWtlKkbm4jSOrupYBNsklaAe6tKVFK9aYyzb9hnWbBVg
e1GwWaVtVsilVEJiv0GKTn3EO5TKImZyMk6fRUAhIEUL41G3vDOEFPRUifrrYeI+DvIHMbFMnY28
VtjJACkly5jDg/3lQK8hWnUNs2sOqltah5B+UHiPxzk5MJk7ya9zUJIlhs4xM0TD+48jPHCrg9GT
ul0PR1XVn0b7Reot0eoR7u22KiOXJikQNeaw7YshUMAG4LysItYIpiUPXdRwskkAh+71DfKZj47e
TsTCZ4raC9jX1/HlDNT9EkEbt/BVY/p66wfHfmF4Qz9wtrPfXWNlc0H5duyJX9ZIjNGn8XdV/X0r
n7L3bDCmC7zTMfZMsTuvTl6+PUhnS8S8/jzdnISq8MEjMWM5E4eJYMXqH90dVUPbJHKqcAS3OGlc
Y8a8t5jh7vN8fgWezs9wcB17pZUD7Ui6u7Mp9gVfcQVFW6akvnHmrx/465FYcY5bdPa5HI7DExjb
sKryGLfLOQIo0Rx/MLMNikOwCVYRruP2sdS6pMrRDCUvF4K3XK3Wl6dVU1YYD8uCx0XVjla2s8QQ
NvuogkqmoAbpCoUQEd+xXxu8mZK1F1NHZ2ZZahJ5iH/SoiSUKT9mII9GCmo1E+e+Z3hPC37WNtNk
ciFbaZbW3Bir6Ehp5ICwX/EisG9ULChMs8EdjcSdkK06s2KrIEujGOEmc5EPWq0XYIB2umKrdGVi
nQAqmk6TKYUXCQqtVhIcqapjJqAWNOZcE5NwK/XH8kt+00ilo3Uh45FBoSjjoSDTcpo61BZQGUma
/HHlThPlbEvluGXffSFgs0TqY5oWIqokjbqAwrtdS0b0YK5KsBj7PXdrrz1zki16/wBuXdW0UEnJ
6fVI9SfsDVsuUFEVZMiSiEbDiskYp003jlBVVMwHIQxB5azfDPEfOOd2/wCdhLULjKkd+ZhHGSOh
CVqz0PQlEZQQQSD01rHkn5B+L/Fd2MZya+Z83tDG1tkM0yqeoMgBEcVRQqssiMykMqlTXWnrvr31
xf2SxdVarig2R69LxF6CXmEp9gzgkX8KnDTTAvFeEscum6IZ64RUKkrxEAEDCAGKIB1J4Y8Mci4D
yO5yXJfwJ7WWz2IY2aQrIZI29JIkI9oYVFftWh68LfJP5J8P8scOssNws5W1voMj3ZRMiwh4hFKn
rDPKGG9lYK1PoaAggbgestvq9C6Y4Rt90n4usVmDw7THcrNzLxJjHskfiGaZPIssYoGWXWUKmkmX
kosqcqZCmOYpR5d8gYvI5ryvl8XiYZLjITZWdUjjUszHex6AfQAEsT0VQWJABOu5vEecw/GvAnHs
5n7mGzxFvgrVpJZWCIg7agVJ+pJCqoqzMQqgsQDH+Z+2rqbFypo5mfJVialXOj85DU5slFGIQihg
clTnp2EmBQOYgFD+08m5gESgXcQ3a0+M/ku5tu/KMfBJtr25JyX+nSscciVHr++nQ9a0BjO/+bPh
WzvTawHLXUIYjvRWqiOgB91JpopaGlB/LrUjpSpElIvuZ13m8M2bPMTfE39BpnxyNqM3i5Q9hgZC
XfMouKi5Kte0CXbu5GTkUkETin7ZQRE5VRSIdQug3HinnNpyu34Zc2RTNXe4w1dO1IqKzu6y7thV
UVmYV3joCu4hTLFn568XZDgV35IsskJeNWGwXG2OQzwvK6RxxyQbe6rPI6oh29tqlg5RWYaS+s6+
KO1naPLeee1NyqEdUYNZOZhK1kK2Q1dg3x5aSds6hXjlm5Bmm/rtRg44SqNiHEqq3g84nKooVXrj
yAnJfG3jrGcM8cWl0+UmBjkltoZJZFCIrTyjtqxWWaRqhyKhd+yhVSvn14kk4X5n8w5vyR5lv7GL
B27CWKC9uYoInMkjLbQESuoeC2hQhowaM/b7hYM4e5/sZtnUq/sscUbrVCU+eywjbiNlXWIaqwQi
XdfkWb1gWuqPq9HNmlmmH9gFkZgk2F0KJSrepBWKCmO8E4zyZhJr/Mc/muoeNG1qBezMXWRWVu6F
lYmJFj7gkZ9m4lPXYduY+VGa8Jcmt8Vx3xNb2NzzVb4KWxlugiaF0dOwXgRVuJXm7RhWPubQJOq9
wBsY92aJKRGben9AyEUH0+TrjgGr3viscFXkkjcLbATKCr9uqCzldJJuLcXQHBRXxgpuAj6bD4jz
NvdcR5Rm8H7LI57JTW/ToqGCGSMhSKAEndspQV29RrUPkFxu8sfIPBeM8o/mZMcVw1vedTVpBdXM
MoLqasQF2dwGrbd3QnW+OydPOt87jqWxw1w5jmFjX8E7h2MlGVGFbz0Q4VbHSaTLOfK0Cb+XZODF
WBwZwZZQ4D5DGAxt+M7Dylz2zzsWekyt/NcJMHZHmkMbgGrRtHXt7GHt2hdoH7QKCnpDlfBXinI8
Wn4rDgcVb2kls0SSR20SzRMVIWVZgvd7qtRt5csxHuJqa6lvpnlHLi0Z2qDrg7gJCt1CcXjnRQcN
PkI6VlGSaxWyvNADqoSIgoPHc/jT334F26Y+VltGmOw2Ujqt6lxPGGHRtrIjEVHXoV6delW+51xP
8CryWXMcjwc1HxktpbSmNvcu9JJEB2moqQ53dOu1a/tGugwHGxy321X+PVYMlWBL1nAhGKjVA7Mp
UoWxikUrYyYolKmJQ4gBdg29NfbzS4nX4zWU6u4mNnj/AHAnd1kir1rXrrGeNbS1f5s5O1eKM2wy
OWohUFRSKentpTp9OnTW3buHkZfAfWDLd8pqLOFn2cMzi4FZgi1ZKtZy2TMXU2ks1TICRFn0MEv7
wnoYf7bcQEoCGuYvFuCTmnkPGYbKlpbJ5WeQMSwMcKPMyE9aLJs2H0/d6gnXcHnXlMnjXxBm+SYF
Y7fJRwLHCUCoVmuZY7ZZFAoC8Xd7o9f9OtCBTWub6petOPrbQrZnfI9Wh7vY5S5Pa9Vv5ZGoTrWI
ZQzRk7k5xo3lCOGqsxMS8odI7g6Z1kSsw8ZyiqqAzt8kuf5vGZm24bgbmWzsI7RZZuy5jLtIzKkb
FKEIiICFBCsZPcDtWnK/ww8S8YzfG73yRyuzgyGVmv3gt/yYxMsaRKjSTKsgZTLLLIVLkFlEXtYb
3BwV9vdMp9QyfiganU61Vxl6XNupYa7BRcIMo6SngIk5kRjWrb3q6ZDiBTqcjAAiAD663L4v5bKZ
Tj2SGTubi4EV3GE7sjybAY6kLvJ2g/UCg1HXzjwGCwfL8KcLZWlmZ7CZpOxDHF3GE1Az9tV3kAkA
tUgayB90iSQWzAS4JpgspXr6kosBCgqdJGSrB0UzqAHMyaR1ziUBHYonMIfkdYT4nMxxuaQk7BPb
ED6VKzVNPuaCv8B9tbL8/EQZrjUgA7htbwE06kCS3IBPrQEmg+lT9zrbFSerXXRhi6LpiGF8dngJ
Wtx6Mok5rMa8kpIzmNIC**7POkVp1xKAK5jJuzORconHkmcpgAQ5py/kbnc3IpMs+Wvhex3DFCJX
VUo3RVjBEYToAUC7GHRgQTrtTj/hzxZbcOhwEeAxZxs1ogkDW6M7lo+rPMwMzSe4lZDJ3FPVWBAI
0i9CZ7/0J2i7OsGCyz+tY9xXm9Zw1eLeH5Jri+zxz2NdOBKqk3Te+3jFCeQ25SEcK7bctw6680WX
/enjrj08wCX99kseAVFdpu4WVwOhJWrg0HUlV+1Nee/xsyf/APNfMPL7a2ZpMTi8Nliysab1x9wj
xs3UKH2xsNx6AO/pWouj6ycQQPZLL2Zc0ZsjWeQ3lcUiHxWtqZklIyVuV6kJuQczbxk5IowfHiGs
CoQiCpDop+8IYpAFMglx/wAg+UXvAeMYrifEZGsYpw61hbY6QW6xqI1YUZd5kBLKQx2EE+5q5j4i
8GxvljnGe5/5Bijyk9oYn23C9yOS6u3ldpWRqo/aWEgIwKr3VIWqqRnv7ecf0KsYbxjL1qkVGvSq
uSk4pWTg61DRMgpGBVLAv8cd6wZN3J2HnQIfwibx8yFHbcA1pfxgzeayPKsha5C8up7YY8uEklkd
Q/eiG7azEbqEjdStCRXrqSfnFxjjeH4JiL3E4+xtb05YRmSGCKNzH+NMe2XRFYpUA7a7agGlQNQy
7i5KsDvr30fwZFuVCRTjCFPyBKRqKoE+XlpMi1XrXuyCoAeONCLf+HlsQTujCIiJC8ZW8WYCyi5v
y/mFwoNyuYntkcj9iIRNLT/Pvj3fWiD7msCeduW5Obxh488dWbkWTcetr2RAad2SQG3g3CvpH25t
taCshJrtFN8OO+oXX+h4wi8ZDiqhTrEkK0YWORmqvESsraZIqAA/mZeVfM1JFy9cPDnURMKhfaAJ
SIAkRNMpeNc75Q5tmeQychGSvYZjKWiWOZ0SFK+2NEVgoULQMKe/qX3FmJ9IeLeDvGXG+Hw8ROGx
tzbC3VJ3lt4pJLiSnvlkkdS7OzEspqO2KLHsVVA0AQWE0a73lunUeLeSSOML/fY6o2WL99ydvsbR
NggMvR7EXouPSUax9cQRI839yUDKCAAZQyY9r3nLmvvD1p5OuEjPIbKyaaJ9vtW6eOSyZttP2FpW
Yp+w0XrRQ2vM3HePo8X8ich4Qs5Jl4fk8kltPHv9z2Mc0OTRN9f9RUgRRL/qCrUFWZT1WEcVdfMb
9ksi4N7lxT6OjYx46g67aXE3O12Ni5Rk9FeKkJRaGXaCEBcoByk4QeK7oJAKJjcE1DnJ9PLuSc3z
/AbHmHimRJLiRRJLCI45XdGWjqgkDfzIJAVZF9ze4CrKAfi8e8M8Y8U8sZXx356hkitIZGhguDLN
BHHIjVjeQxFf5N1CyukrexfYTtV2ZdzdbkvrZ6osjXOnzuE4F+VuoZnKwVoDJ96VbOk+B04RQktc
bj7V2QQKf24lQEB/WIF9dcpX9v588ky/0nKQ5eaHd7kkh/EtwVP/AKg2QQbl9Ru9326672xV38T/
AAvbnP4K54/bXIU7ZIbj+oXhVhQiIiS6utrDodlEI/caa12/ZHMRdh7o9a5+EfN5OGnMZYcmIiSZ
qAq0kIuSyvenrB81VD0Ubu2ixFCGD8lMA6nPwLa3Fj4nz9ldo0d3DkL5HRhRldLO3VlI+hUggj7j
XLfyuvrPJ+fuJ5LHyJNYXGIxcsUimqvHJkbt0dT9VZSGB+oOvRPrhfXqVrz0/TF/9OzR/wBhwH/k
B9dw/K7/AOvYn/rZP+FrzA+A/wD9uz//AOth/wCMdWlTrzWMM/a3fbLkyURqNfHImUUHEzKCCUfH
ktsDMKV57ILgJgax8gEi22WEOCYLlOpwIBzFyeVw+R5X8bbKw4/Gbq+/BtCI06s3ZkQSqo+rLtb2
+p2kLU0BweC5Fh+BfNDJZbl0y2OM/qmQDSydEQXMMphdz/dR96e49F3gttUMRta7cDUuy/U/OtWx
FbankqYhYiNmfDR7BD2xVrK1Scj7b8RvCOpAqMzJMIBwgk2HZdTycSl3OG/NvjEZPx/5Kw2R5RbX
OPtZZXStxG8IKTRtDv8A5gWsaNIrFv2ilSeh12h5uOE8t+FuR4fg97ZZa+t4I5aWk0VyVktpkue1
/KZ6SyJC6Kn723UA6jUKPqs7Q4lqWIrFiPI19rNEnoS3ytlglbfMx9dipavTTCNFdJlLSqrSOPIR
0qycHVQMqCopLEMQDFKpwlv5H+O+TZPk8HJ8DZXF5ZzWqRSCBGldJY2ehZEDNtZGUBgKVUgkEivP
3w08wcJwnB7rhHKslaY7JW99JPCbmVII5IJUjqEkkKoXSRXLIW3FWVlBAbbDb7P8/wBCzjmyutMb
y7OzVzHlTNAuLPHH80XLz0hKupCTJDuymFGRimDcGyZHKf8AprL+XgJ0wIoeVf**wnNcP4lPLn4n
t7++ue4IW6OkaoFTePVXY7iUPVV21oxKiBvl/wCTON+RPIFrBxSeO7xWLsuy1whrHLM8jPIIm9Hj
RdiiRejPv2lkCs2dvuBs1euTrrZaKnNxdkrs1WMgPImbhXzeSi5BsaSqpPK1eNVFUFilUIYhth3I
colHYwCAab8XcffYqPP47JQyQX0VxbK8cilXU7JuhUgEdKEfcEEdDqRvnNl8XnpuJ5jC3EN3iriz
vWjlidXjde5biqspIPUEHr0IINCCNb9at/0xXP8AgMR/y9vrivI//IT/APvP/vHXpbhv/h7T/pov
9xdedDqlVDXvut26o5RSA1yo/aCqFFwACgBrFa04gBWASmAUgF5+r0H039Nd2eSckMN4k4vmDWlp
eYibp6/yoS/T9fb015YeF8KeSfIDnHHV21v8dyC293p/PuBF1/T3df013v1d5wqHXzI+Y8TZnmWe
OnFmUhUWz22OW8PExFtoz6fjJivy8k6MRrGPHicyIlO4UI35MTE5gc5Cn+P5EcQynN8DiuTcTie+
jtxISsILu8NwsbpIijq6qU6hQWpIDSgJGR+HvkPB+MOV57hPPp0xUt2Ygr3LLFHFc2jzRywyu1Fj
ZxL0LkJWEruDMoa6vti7LYsyXEY7xRje1wV5cwVge3GzTdZkW0zBxihYteHiYlCZj1l418+cFkHK
jgiRzi3BJMDCBjiUMb8avH/I+P3V9yXP201nHNAsEUcqmORxvDu5jYB1UbUCkgbqtToK6zXzU8tc
N5bY4rhfFL22yM1tdPdXEtu6ywxntmKOMSoTG7tvkZwpOzaoJBagjL2rroS+BOmmb6bIx87E17Et
ew5bJOEdNpH+IXqp+Szx9fsHgMsEbKrJTzlQjdcCqAVATCXicgmkHxvffi805XxDKxvDcz5OW+hS
QFe/bzfymkjrTegMaAstR7qA1BpEfmbF/neNeBeQsDLFc2NrhIcXcyRMr/jXltW4SGahPbkImkYI
4BohJFGWu+Ogd5ustyxrGZCkMw0CqqHh0Xs/WLBZY2LtUJJptgUkooay6clnpFVByVRNAWqC5XgF
3QFQBDXGmb8PeQcVn5MHBi725USlY5ooneGRCaK/dA7agihbeylK0cLr0h4z8ifEee4nDyi5zuMs
mMAea3mnjjuIpAtXj/HZu85DAqhjRxLSsZeutEFVyjKWztrk7uywjJMMaYryJXrlYHhm64uC0uz3
mv4uhocP9cClsj6ozSrlNrzEhhZql/2y67JyXHbbGeM8d4jmkj/7gyVjLBEtRTvw28t3I/p/pLPG
EL0qO4p/cdecGG5heZrzZl/kFbQzf9pYbKQ3UzbTu/FuLuHHxRev+u9tK0gjrQ9px+0a9CWc+qWC
exabZTKVHayswwR9vHWiNdPIOzMW4HE4Niy8Ws3VesyCYwlbuwcNyGOYxSAYeWuIOH+SeZcEZl47
eNHauatC4WSJj99jghW9Ksm1jQAkjpr098i+F/HHlNUbmOOSa/jXalxGzQ3CLWu3uxlS6ipokm9A
SSFB66jrUvq06h1eSTkndVs9xMiuLhBlbbbIOI1M25BTTUZQhIJN6giJNwTceYp+QgoBw2AN6yfy
L8n5G3NvFc29qCtC0MKhz9yGk7hUn7rtI+lNRbhPhz4Pw92LueyvL8q24Jc3LtGPSgKRCEOBT0fc
DUhtwoBm3IXTDrxk220q6WekGJMY8ga9WacjAzEtW4aEgqrKv5mCjWkFCO2USRswfSSvEvi28YgT
9pQANRwflfnPHsZd4nH3lbW+mllnMiJLJJJMixyO0kis9WVBU7vWp9STqQeT+A/F3Ls3j8/l8eRf
Yu2gt7UQyyQRRQ28jywxrDEyR7UeRqDb+2i+gA1KfUc6mTUacF9R8G9cZadm8T1qRgpGyRzaKllX
tjnZsq7Jo5F2gmRKXfO00DFXHfkQAMIegjtrf+Y+TeYc8tobTktwk0FvIXQLFHHRiNpNUVSen0Oo
l8c+EfHfiq9uchwq0lt7q7iWOQvPNLVFbcABI7AdfqKHVv506Q9d+w9iRuGQqi7C2kbN2TmxVyZf
QMhKMmiZkmjeXI1OZjImapCBE1lERclTIRMFPGUpA+3h3l3nPBrE4vB3S/0wsWEUsayKjMasUr7l
qepUNtJJbbuJOsZ5G+PXi3yjlVzvKLF/62EVGngleF5EUUVZQp2PtFArMu8KFXdsAXV5YA6vYg6z
R9hYYohpWN/la0YvYHUtYpibWkDwxX5IzZB87PHMRbFk1wEzZBE6wHAFROCafDF828ico8gTwT8k
ljk/GDiIJEkYXft39VG5q7F6OzBaHaBuaue8Z+H+DeJLW6tuFwTRfmtGZmknllLmLeI+jsUTb3H6
xopao3ltqbcKZE+tzqbkizv7bIUV/XZWWWUdSiVNn39fiXr1U3JV78KkK8YxXVH1ODVJumocROYo
qGMYdtwXnvyXgcemMgvEntogAhnjWR1Uei9w0dgPpvLEDoCAABH/ACn4o+FOV5eXN3WNktb2di0g
tZnhjdz6v2hWNCfr21QE1YgsSTebvof1TeY2Y4qVxLFJ1WNlTzzVZvJTjayhOLNiNHMovbEZMlid
rOmyZSKJquTtzEIQvjAqaYFxMXmXyRFn35IuTlOSki7ZBSMxdsHcEEJTtKASSCFDVJO6rMTnp/jh
4Yn4nHwx8JCMNFMZlKyTLP3ioVpDciQTsWUAFWcoQFGyiqBxLZ0J6xXSp49o83SJVSs4uYz0dS49
G7XIh4xrZZUJuZTVfqzi0i/BzJ7qEBdVQECj40gImBSBdxnmfyFicnfZizvIxkMi8bTsbeD3mJO2
hCiMKtE6HaBuPuarEk2c38a/EOfwuL49kMfMcRh45ktUF3dVjWeTuyguZS77pOo3sQg9qbUAUS/Z
tUWLRqybFEjdm3QaoEExjiVFukVFIonMImMJSEANxHcdRdLI80jTSdXZiT/Emp1OUEMdtAlvEKRR
oFUevRRQdf4DUccc9R8G4pyjYsx0mtSMdfbV/IfmpRxY52RbOP5RKpTMz44x8+Xj2/uJBApy8Ey+
MA4l2D01vme8m8w5Jx2DiuXuEkwtt2u2gijUjsoY46uqhjRSQanr6nrqKuK+EPHfC+YXXO+P2ksX
Jbzv92Rp5nVvyJBLLSN3KLucAiijb6Cg1bGbei/W7P1jG43uluELasVJORsVYl31ffzKSCBW6BZl
NoczCRWRRIQpV1ERcgQhSeTgUC6yPEfMXPeFWH9Kw12rYwV2xSosqxkmp7ZPuUE1JUNsqSdtTXWI
8g/HTxR5Lyv9e5Hj2XNsAHnt5XheUAbR3Qp2OQAAHZO5QBd20Aap1PoZ1WqFEs2PWWLI6RhLki0R
sz6ckZaSsckWPcFdsRRsR3qcrC+0dEKoQsco0IChQNsJvXX7k/M/kfKZm3zk2SeO7tSxiWNUSJNw
2tWLaUk3CoPdDmnStNU4X42+GsHxy74vb4aKXH36qLh5nkknk2MGSk5cSRbWAYCBoxuFaV1fVA6p
4FxrjWyYhrdBaLY8uD9aUs9bsUlM2plMSS7ZizF8qWxSEl7Rym3i23jM28HiUbpqk2VKB9YfNeSO
aZ/P2/KL+9YZy1QJDLEqQsiAs20dpU3Al3qH3VDMpqpprYuM+GPG3E+J3fB8TjEbi99IZLiCeSW4
SWQqi7yJ3k2sBHHtMezaUV1o43ajcv8AVd08Wk1H5Kja2zY7n3AQyF6sHxiaYm5CzTOs4Wlgbbem
4uhVAP8APv6631Pkd5SS3EJurZpAtO4beLeT/iNAEr/5KfpqKZPhr4KkuzcrY3qRF93aF5P2wP8A
CCWMm36f6m7/AGtSma9acEscTyWDmWNK+zxZMgiMxVWoPm6cqu3es5FB/JSyTwk8+lUHse3UI8Vd
HdFFBPZQAIUAjmTn/MpuSx8wmyE7cjirsmO07AVZSqIV7aoVZgUCBDub29TqY4fE3jm34XL48t8T
ax8OuKd23XeokKurh5JAwmeQOiMJWkMgKLRqKKZy1p+pE1A/N2Zb1XM2Q8hWWtscYrwenEK5pcwi
cWarqDfStzzgXNR5IISZS4vx64bWRuVk3WFQz4oKiBQDaZeI8Vw1/wASlgyDWy8jzBcWAkL97/lq
9vsBVKf83ch7VjIy0EZ21Oub/IXPeR4ryBBdYhL1uG8dERyrRCP8c/mbTN+UWcSf/j7Ix3yCJHqZ
gHIGuVP9k7ZGt82y6Nwwu0Xx5OT9bh8YScbMGvEMyirHX4ImUr1LJZAbLGozaJlDzrlu1r7cPiVE
TlkA9Tmt2XAcZO+ItXtcsyX0Mcr3aOn48jPFLJ+HbobYj8gugt1Z7lv5wYGD0AvZPyxmrSLkF9Hf
YBJMXcTQRY+SOX8uJI54YRkLyQXqn8RY5Ddukdkn/LGNhdDqxsnKHbLIlBlaND1uwYZyelO1iWsR
bXX2EXB1W/y7G5t4QaHUn0/2CSZViYjYpYpHLr3dlOZ66QN7FFPkXWX4740weatry6v4MtjmhuEi
7MjPJNbI0Bk/ImWPGlpUZwSqbLUCNHHeZqHWv8w818p41e46xxN1gMwlzZyT/kwpHDb3sqXSxfh2
zzZoJbyxxkB5O7fkyyRn8dEqNdlZu0+R4aaz5XW8nhRKex9JRq1Mj38jAlik6i4vrSpuJCy251m2
HhXV7Ube5InWZYtHWCSTKiR24SEyxfnx/jnA3Vphb548sbK+jcTsqybzOLZpgsUIsHkFuDsJu4Tk
F7RLGJGoh+vL+ZOVWF/yXFxTcfXJYuWM2qO8PbFs14tszz3LZaKJrwr3AthcjEt31CLNKlZBMPFm
QYnItFpNlaTDGRfWakVu2qkRj1K+u4ZzTT9EyjV3kvOyMPESL1uv7Yp3j0gFIJSunHEVTRbyPCXO
CzF3j5Injht7yWEVYSgNG3+mZlSNXdVK7yEjNTUxpXaJ04byey5TxzH5aGeOW4u8fBckBDCWWVek
ot2lmeKJ3V+2DLKKCgmlpvMFMpZKtVc7Dz5GN/BkWJzb1+rbapny+8ZSzqn2uOx2haIqvYLdRDqG
uaEyecdeV8m7bO2YnWcE3FrxUmLjmAxt/wAHhM1lvMmIyUpm/CVkE8LXJheXIBxJAY+2lIyjo9Fj
P+pVec+Y8szOK8o3K22T7Yg5BhYFtjk2SRrW5SyFxHDiGiaK6Epmk3TCWOSKryrXs0a9rn2asbqh
5HZRilSUt1RxJ2+sl1h4l5NNJulvsQTKtfxz8l8TZms7VzWZqr5/IKqDp6JBcR6iKaZjFxOK8fWM
eZsJrgXIxd1k8JFA7rG0c63sYlutm+IxzdojbTayR1Ec6uzAHYM/5cys3G8rb2hsjnLHCcmnu4o2
lWW1fGSmGx7nbuFmt++p313JJLQy2rxqpIoXXNdupUjkyIJe6nTI+Sy9kaOJfMpFlpuuVSKq+FMe
WJjVIBmhdaSLGXnZOSXcMig/TQS8LpQEVVjlKavEcSxmWgx9ybO5u548Xat+PZ7I5Znmv7mJppGM
FxuSNEVXPbLHdGCyqCRb5B5AzmAusvZLkrKwtpc5fILzIdyWC2jt8VZTpbQqLq02SzSSO8Q7you2
ZgjuwBlbhSbUlMV4vSlZc8jaxxTjebsKcg/M8sIqTdcSKSXmSOVVJITy8lGvQBwuG7hdut+oxiH2
jbltottyPItbRCPG/wBSuo4iq7YqRyn2R0AX2K8ftX9qsnQAisz+P8g15w3DpezmXNf0WxlnDvun
rLAKSyhiZKyyRy+9/wB7pJ1JVqR9bWytyWdsoRuUs3SuPp6qXqoQ+MccmyMzocRMU2Sp9KkY2bbw
BnbRO/Ht10lZRgqosDoU1UPZpkSUSKI7vJjL+34bjrjjuIjvrK5s53u7r8Vrh0nSedXjMm1vxuzA
kMgC7Khu6SysdRlFmsTd+Rsxa8x5DNi8lZZK2isLH85bOKW1e1tXjlWHcovDc3UlxCzMJNrJ2FCO
grj9p2zyKu2l10H+JJuRd0m42ZOqwsNPmn8LTFeyZTqLGVnLxD35webeybe0uBEEUK8qL6JcERTV
Q5roZuTxpgkkiR0ycMC3cERmkkj7d+ktpPcPLZf8sO2qGFf3NcjtzIXZXoj6xB5r5TJFPJHLhLi6
fH3VwLeKKbvYqWC/tbOODJ1vCZXkW4f9qWTd62lWNHj3SR5CcZkzQZ//AAdpJ4vSuETeMjVqYtTm
gWtxWpVhR8eVa/tlI2nJZUbSkK7kk7MDRQ6s2/IkZEVQIcDeMuDj4rxMQ/1iWPInFyWdrKkIuYRK
jXFzNbEPObMpIqGLeALeMndtJFNx2mXnnPjcf9vQTYdc7Bkb6CW4ayuWgkS0sre8Ux2oyKyRNILg
RktdzBSu8K1dosqK7c32cy/jymtYKnxkHbIfDMq5hJQ0c3sUpH5Rqqc9KT9esUtkyvujtqw7cHbp
MmlWmTPjRzkoukFDAVLLXPjHC2fF77KyTXUl5bS3yCRNxiRrSbtpHLElpKAZVAYyPeQCMSxntuoq
2vWXm/kuR5zi8DDbWMWOvYMXI0UmxZ5EyFuJpJoJ5L+FituxKLFHj7ozGCUd6NiAnDf56yVccFNs
kROZMJVeXHI/Xw1kgI6pSzuSxBBW3MUNWLJVMpOl8yNjqPGQuyoyqx2sIko0i5VsmRMzpJ9HXoeG
YDFcxbA3OKy9xa/gZLtSNMireyQ2MksU1oBYmittLQqHuCHmtpGLCNoZ7Fz5J5bnfHKcrss9x6zv
v6rhe/CltI0mMhucnFbz22QY5RSWTcEuGMdopjt72FVUzJcWuwWNkmUgVwk1k42TcxqrdlLDGroq
FaSC8awliIOG6bl2owVcRsm3dJpKHE/tnKR9zEOUxoQnt5oCrSRyRxyAsm4EblDslQSAGAdGQsBT
erDoQQOnLS7t7pWSGaKaaIqknbIIVzGkgDKGYoWjkSRVYk9t0apVgT2WrGvr0001QM1anI6TO2QO
m95e8IZFMxHfNAjU3uiiUSr8myRUx577kKBfwABqsSSAqwZgyft6n29a9Pt1JPT6mvrq0YYWV1ZF
KyfvFBRqgKd3+L2gL1r0AHoNU/YMAWUcAyae4WQBqsv7ZHzKtQ2AGyivDmdAAD9giJf8NVd6baE3
tsDVAqaA/cD7/r66p/Gtu4Ze2ndZdpO0VK/4SaVK/p6apliowpGiRY5gVNgp5WKZWbcCMldxN5Gh
AT4tlOQ77k4jvr9NzcEsxkfc4ox3H3D7N16j+OqRZ2YVEEUYSI1QbVoh+6intP6imqijBgqDoqrJ
oqV/w98VRsicHnjIVJP3QGIIOOCZAKHPfYoAAega/FmmUqVdgU/bQn216mn269emqmtrZw4eNCJK
b6qDuoKDd091AABWvQU1WKiiVTylSSKqKRERUKmQFPCmYxk0uYBy8RDHMIF32ARHb86oLsV2knbW
tPpU+p/jq4I41beFAegFaCtB6Cv2FTQenXXGGMjRehJDHsRkShsWQFo3F6AeMUdgdePzgHhESfu/
aO341c/IuO1+Pvfsf4dx2+tfStPXr6eurX4dobj8sxR/lD+/tXf6U/dSvp09fTpqsZm0ODoDtW5w
ek8b0DIJGB2n4vDwdAJR9wTw/o2PuHH0/GqBLKNpDMNhqvU+01r0+3Xr0+vXVbQQMHDIpEgo9QPc
KUo3+IU6da9OnpqmtHR7lNRJwxZuElVyuVU1myCqajghSFI4UIchinXKUhQA4gJgAA9fTVSTzxkM
jsrAUBBIoPsP0/TVMlrbSqUljjZGbcQVBBYUoxBHU9B19eg1yASSBU64JpgsommkosBCgqdJEyp0
UzqAHMyaR1ziUBHYonMIfkdUbmKhCTsBJA+lTSpp9zQV/gPtq6EQOZAB3CACadSBUgE+tASaD6VP
3OqR2TNVyg9UaNlHjYpyNnZ0EjuW5VCmIoVBcxBVSKoU4gYCiACAjvqoSyrGYlZhE3qtTQ09Kj0N
NW2t4HmW4dEM6A7WIBZa9DQ0qK/Wh66+Ajo8oujAxZgZ6cijwQaoALtRMd0zuhAm65yD+BPuIf01
+9+c7QXeiCi9T7QfWn2/s1+C1tgXIjjrIQW9o9xHoW6dSPpWuqns2nMVfat/IY6igqeBLmKiqZEV
TifjyE6qKZSGH8mKUAH0DVPdlpt3NtoBSp9Aaj/wJqP11V2IN27Yu4kmtBWpABP8SAAfuABr4Bgw
Kq2XKyaAuzRFu0WBsiCrVAS8BQbKATmgiJPTiUQLt6baq70xVkLtsY1YVNCfuR9T+p1SLa2DpII0
7ka7VO0VUelFNKgU+g6a+TRscYrshmDIxH5ub4hmqAlem2AOTsop7OTbBtufkOgnnBUh3qn7ep9v
+X7f2a/DaWpDqYoysp942j3/AObp7v7a65CaKKIqCkkkkKxyqKimmQgqqFSSQKdQSgHM5UESEAR3
ECEKH4ANUM7NTcSaCgr9BUnp/aSf4knV1I446lFCljU0AFSAFqfuaAD+AA9ANVdU6r0000000000
0000000000000000000000000000000000000000000000000000000000000000000000000000
00000000000000000000000000000000000000000000000000000000000000000001/9k=
------=_Part_11_583094018.1626354859374--

= = = = = = = = = = = = = = = = = = = = = = = = = = = = = = =
 MockMessageHandler - size 1
MockMessageHandler - Finished
250 Ok
QUIT
221 Bye
QUIT
MockMessageHandler - Finished
221 Bye
DEBUG: getProvider() returning javax.mail.Provider[TRANSPORT,smtp,com.sun.mail.smtp.SMTPTransport,Sun Micro******s, Inc]
DEBUG SMTP: useEhlo ****, useAuth false
DEBUG SMTP: trying to connect to host "localhost", port 25000, isSSL false
MockMessageHandler - Finished
220 entando-entando-plugin-jpmail-p-p66rd-1-from-build-pack-c-dr9x6 ESMTP SubEthaSMTP 3.1.6
DEBUG SMTP: connected to host "localhost", port: 25000

EHLO entando-entando-plugin-jpmail-p-p66rd-1-from-build-pack-c-dr9x6
250-entando-entando-plugin-jpmail-p-p66rd-1-from-build-pack-c-dr9x6
250-8BITMIME
250-AUTH PLAIN
250 Ok
DEBUG SMTP: Found extension "8BITMIME", arg ""
DEBUG SMTP: Found extension "AUTH", arg "PLAIN"
DEBUG SMTP: Found extension "Ok", arg ""
DEBUG: getProvider() returning javax.mail.Provider[TRANSPORT,smtp,com.sun.mail.smtp.SMTPTransport,Sun Micro******s, Inc]
DEBUG SMTP: useEhlo ****, useAuth false
DEBUG SMTP: trying to connect to host "localhost", port 25000, isSSL false
220 entando-entando-plugin-jpmail-p-p66rd-1-from-build-pack-c-dr9x6 ESMTP SubEthaSMTP 3.1.6
DEBUG SMTP: connected to host "localhost", port: 25000

EHLO entando-entando-plugin-jpmail-p-p66rd-1-from-build-pack-c-dr9x6
250-entando-entando-plugin-jpmail-p-p66rd-1-from-build-pack-c-dr9x6
250-8BITMIME
250-AUTH PLAIN
250 Ok
DEBUG SMTP: Found extension "8BITMIME", arg ""
DEBUG SMTP: Found extension "AUTH", arg "PLAIN"
DEBUG SMTP: Found extension "Ok", arg ""
DEBUG SMTP: use8bit false
MAIL FROM:<EMAIL1@EMAIL.COM>
MockMessageHandler - FROM:EMAIL1@EMAIL.COM
250 Ok
RCPT TO:<testuser@localhost>
MockMessageHandler - RECIPIENT:testuser@localhost
250 Ok
DEBUG SMTP: Verified Addresses
DEBUG SMTP:   testuser@localhost
DATA
354 End data with <CR><LF>.<CR><LF>
Date: Thu, 15 Jul 2021 13:14:19 +0000 (UTC)
From: EMAIL1@EMAIL.COM
Message-ID: <1330980951.16.1626354859427.JavaMail.****@entando-entando-plugin-jpmail-p-p66rd-1-from-build-pack-c-dr9x6>
Subject: Mail with void attachment & text plain
MIME-Version: 1.0
Content-Type: text/plain; charset=utf-8
Content-Transfer-Encoding: 7bit

<a href="http://www.japsportal.org/" >Test Mail di prova</a>
.
MockMessageHandler - MAIL DATA
= = = = = = = = = = = = = = = = = = = = = = = = = = = = = = =
Received: from entando-entando-plugin-jpmail-p-p66rd-1-from-build-pack-c-dr9x6 (localhost [127.0.0.1])
        by entando-entando-plugin-jpmail-p-p66rd-1-from-build-pack-c-dr9x6 with SMTP (SubEthaSMTP 3.1.6)
        for testuser@localhost;
        Thu, 15 Jul 2021 13:14:19 +0000 (UTC)
Date: Thu, 15 Jul 2021 13:14:19 +0000 (UTC)
From: EMAIL1@EMAIL.COM
Message-ID: <1330980951.16.1626354859427.JavaMail.****@entando-entando-plugin-jpmail-p-p66rd-1-from-build-pack-c-dr9x6>
Subject: Mail with void attachment & text plain
MIME-Version: 1.0
Content-Type: text/plain; charset=utf-8
Content-Transfer-Encoding: 7bit

<a href="http://www.japsportal.org/" >Test Mail di prova</a>

= = = = = = = = = = = = = = = = = = = = = = = = = = = = = = =
 MockMessageHandler - size 2
MockMessageHandler - Finished
250 Ok
QUIT
221 Bye
QUIT
MockMessageHandler - Finished
221 Bye
MockMessageHandler - Finished
DEBUG: getProvider() returning javax.mail.Provider[TRANSPORT,smtp,com.sun.mail.smtp.SMTPTransport,Sun Micro******s, Inc]
DEBUG SMTP: useEhlo ****, useAuth false
DEBUG SMTP: trying to connect to host "localhost", port 25001, isSSL false
220 entando-entando-plugin-jpmail-p-p66rd-1-from-build-pack-c-dr9x6 ESMTP SubEthaSMTP 3.1.6
DEBUG SMTP: connected to host "localhost", port: 25001

EHLO entando-entando-plugin-jpmail-p-p66rd-1-from-build-pack-c-dr9x6
250-entando-entando-plugin-jpmail-p-p66rd-1-from-build-pack-c-dr9x6
250-8BITMIME
250-AUTH PLAIN
250 Ok
DEBUG SMTP: Found extension "8BITMIME", arg ""
DEBUG SMTP: Found extension "AUTH", arg "PLAIN"
DEBUG SMTP: Found extension "Ok", arg ""
DEBUG: getProvider() returning javax.mail.Provider[TRANSPORT,smtp,com.sun.mail.smtp.SMTPTransport,Sun Micro******s, Inc]
DEBUG SMTP: useEhlo ****, useAuth false
DEBUG SMTP: trying to connect to host "localhost", port 25001, isSSL false
220 entando-entando-plugin-jpmail-p-p66rd-1-from-build-pack-c-dr9x6 ESMTP SubEthaSMTP 3.1.6
DEBUG SMTP: connected to host "localhost", port: 25001

EHLO entando-entando-plugin-jpmail-p-p66rd-1-from-build-pack-c-dr9x6
250-entando-entando-plugin-jpmail-p-p66rd-1-from-build-pack-c-dr9x6
250-8BITMIME
250-AUTH PLAIN
250 Ok
DEBUG SMTP: Found extension "8BITMIME", arg ""
DEBUG SMTP: Found extension "AUTH", arg "PLAIN"
DEBUG SMTP: Found extension "Ok", arg ""
DEBUG SMTP: use8bit false
MAIL FROM:<EMAIL1@EMAIL.COM>
MockMessageHandler - FROM:EMAIL1@EMAIL.COM
250 Ok
RCPT TO:<testuser@localhost>
MockMessageHandler - RECIPIENT:testuser@localhost
250 Ok
RCPT TO:<testuser@localhost>
MockMessageHandler - RECIPIENT:testuser@localhost
250 Ok
RCPT TO:<testuser@localhost>
MockMessageHandler - RECIPIENT:testuser@localhost
250 Ok
DEBUG SMTP: Verified Addresses
DEBUG SMTP:   testuser@localhost
DEBUG SMTP:   testuser@localhost
DEBUG SMTP:   testuser@localhost
DATA
354 End data with <CR><LF>.<CR><LF>
Date: Thu, 15 Jul 2021 13:14:19 +0000 (UTC)
From: EMAIL1@EMAIL.COM
To: testuser@localhost
Cc: testuser@localhost
Message-ID: <984024623.19.1626354859458.JavaMail.****@entando-entando-plugin-jpmail-p-p66rd-1-from-build-pack-c-dr9x6>
Subject: Mail semplice
MIME-Version: 1.0
Content-Type: text/plain; charset=utf-8
Content-Transfer-Encoding: 7bit

<a href="http://www.japsportal.org/" >Test Mail di prova</a>
.
MockMessageHandler - MAIL DATA
= = = = = = = = = = = = = = = = = = = = = = = = = = = = = = =
Received: from entando-entando-plugin-jpmail-p-p66rd-1-from-build-pack-c-dr9x6 (localhost [127.0.0.1])
        by entando-entando-plugin-jpmail-p-p66rd-1-from-build-pack-c-dr9x6 with SMTP (SubEthaSMTP 3.1.6);
        Thu, 15 Jul 2021 13:14:19 +0000 (UTC)
Date: Thu, 15 Jul 2021 13:14:19 +0000 (UTC)
From: EMAIL1@EMAIL.COM
To: testuser@localhost
Cc: testuser@localhost
Message-ID: <984024623.19.1626354859458.JavaMail.****@entando-entando-plugin-jpmail-p-p66rd-1-from-build-pack-c-dr9x6>
Subject: Mail semplice
MIME-Version: 1.0
Content-Type: text/plain; charset=utf-8
Content-Transfer-Encoding: 7bit

<a href="http://www.japsportal.org/" >Test Mail di prova</a>

= = = = = = = = = = = = = = = = = = = = = = = = = = = = = = =
 MockMessageHandler - size 1
MockMessageHandler - Finished
250 Ok
QUIT
221 Bye
QUIT
221 Bye
MockMessageHandler - Finished
MockMessageHandler - Finished
DEBUG: getProvider() returning javax.mail.Provider[TRANSPORT,smtp,com.sun.mail.smtp.SMTPTransport,Sun Micro******s, Inc]
DEBUG SMTP: useEhlo ****, useAuth false
DEBUG SMTP: trying to connect to host "localhost", port 25000, isSSL false
220 entando-entando-plugin-jpmail-p-p66rd-1-from-build-pack-c-dr9x6 ESMTP SubEthaSMTP 3.1.6
DEBUG SMTP: connected to host "localhost", port: 25000

EHLO entando-entando-plugin-jpmail-p-p66rd-1-from-build-pack-c-dr9x6
250-entando-entando-plugin-jpmail-p-p66rd-1-from-build-pack-c-dr9x6
250-8BITMIME
250-AUTH PLAIN
250 Ok
DEBUG SMTP: Found extension "8BITMIME", arg ""
DEBUG SMTP: Found extension "AUTH", arg "PLAIN"
DEBUG SMTP: Found extension "Ok", arg ""
DEBUG: getProvider() returning javax.mail.Provider[TRANSPORT,smtp,com.sun.mail.smtp.SMTPTransport,Sun Micro******s, Inc]
DEBUG SMTP: useEhlo ****, useAuth false
DEBUG SMTP: trying to connect to host "localhost", port 25000, isSSL false
220 entando-entando-plugin-jpmail-p-p66rd-1-from-build-pack-c-dr9x6 ESMTP SubEthaSMTP 3.1.6
DEBUG SMTP: connected to host "localhost", port: 25000

EHLO entando-entando-plugin-jpmail-p-p66rd-1-from-build-pack-c-dr9x6
250-entando-entando-plugin-jpmail-p-p66rd-1-from-build-pack-c-dr9x6
250-8BITMIME
250-AUTH PLAIN
250 Ok
DEBUG SMTP: Found extension "8BITMIME", arg ""
DEBUG SMTP: Found extension "AUTH", arg "PLAIN"
DEBUG SMTP: Found extension "Ok", arg ""
DEBUG SMTP: use8bit false
MAIL FROM:<EMAIL1@EMAIL.COM>
MockMessageHandler - FROM:EMAIL1@EMAIL.COM
250 Ok
RCPT TO:<testuser@localhost>
MockMessageHandler - RECIPIENT:testuser@localhost
250 Ok
RCPT TO:<testuser@localhost>
MockMessageHandler - RECIPIENT:testuser@localhost
250 Ok
RCPT TO:<testuser@localhost>
MockMessageHandler - RECIPIENT:testuser@localhost
250 Ok
DEBUG SMTP: Verified Addresses
DEBUG SMTP:   testuser@localhost
DEBUG SMTP:   testuser@localhost
DEBUG SMTP:   testuser@localhost
DATA
354 End data with <CR><LF>.<CR><LF>
Date: Thu, 15 Jul 2021 13:14:19 +0000 (UTC)
From: EMAIL1@EMAIL.COM
To: testuser@localhost
Cc: testuser@localhost
Message-ID: <1281080480.22.1626354859482.JavaMail.****@entando-entando-plugin-jpmail-p-p66rd-1-from-build-pack-c-dr9x6>
Subject: Mail semplice
MIME-Version: 1.0
Content-Type: text/plain; charset=utf-8
Content-Transfer-Encoding: 7bit

<a href="http://www.japsportal.org/" >Test Mail di prova</a>
.
MockMessageHandler - MAIL DATA
= = = = = = = = = = = = = = = = = = = = = = = = = = = = = = =
Received: from entando-entando-plugin-jpmail-p-p66rd-1-from-build-pack-c-dr9x6 (localhost [127.0.0.1])
        by entando-entando-plugin-jpmail-p-p66rd-1-from-build-pack-c-dr9x6 with SMTP (SubEthaSMTP 3.1.6);
        Thu, 15 Jul 2021 13:14:19 +0000 (UTC)
Date: Thu, 15 Jul 2021 13:14:19 +0000 (UTC)
From: EMAIL1@EMAIL.COM
To: testuser@localhost
Cc: testuser@localhost
Message-ID: <1281080480.22.1626354859482.JavaMail.****@entando-entando-plugin-jpmail-p-p66rd-1-from-build-pack-c-dr9x6>
Subject: Mail semplice
MIME-Version: 1.0
Content-Type: text/plain; charset=utf-8
Content-Transfer-Encoding: 7bit

<a href="http://www.japsportal.org/" >Test Mail di prova</a>

= = = = = = = = = = = = = = = = = = = = = = = = = = = = = = =
 MockMessageHandler - size 1
MockMessageHandler - Finished
250 Ok
QUIT
221 Bye
QUIT
MockMessageHandler - Finished
221 Bye
MockMessageHandler - Finished
[INFO] Tests run: 7, Failures: 0, Errors: 0, Skipped: 0, Time elapsed: 11.768 s - in com.agiletec.plugins.jpmail.aps.******.services.mail.TestMailManager
[INFO] Running com.agiletec.plugins.jpmail.aps.******.services.mail.parse.TestMailConfigDOM
[INFO] Tests run: 3, Failures: 0, Errors: 0, Skipped: 0, Time elapsed: 10.434 s - in com.agiletec.plugins.jpmail.aps.******.services.mail.parse.TestMailConfigDOM
[INFO] Running com.agiletec.plugins.jpmail.aps.******.services.mail.util.TestEmailAddressValidator
[INFO] Tests run: 1, Failures: 0, Errors: 0, Skipped: 0, Time elapsed: 10.619 s - in com.agiletec.plugins.jpmail.aps.******.services.mail.util.TestEmailAddressValidator
[INFO] 
[INFO] Results:
[INFO] 
[INFO] Tests run: 58, Failures: 0, Errors: 0, Skipped: 0
[INFO] 
[INFO] 
[INFO] --- maven-war-plugin:2.1.1:war (default-war) @ entando-plugin-jpmail ---
WARNING: An illegal reflective access operation has occurred
WARNING: Illegal reflective access by com.thoughtworks.xstream.core.util.Fields (file:/home/jenkins/.mvnrepository/com/thoughtworks/xstream/xstream/1.3.1/xstream-1.3.1.jar) to field java.util.Properties.defaults
WARNING: Please consider reporting this to the maintainers of com.thoughtworks.xstream.core.util.Fields
WARNING: Use --illegal-access=warn to enable warnings of further illegal reflective access operations
WARNING: All illegal access operations will be denied in a future release
[INFO] Packaging webapp
[INFO] Assembling webapp [entando-plugin-jpmail] in [/workspace/source/target/entando-plugin-jpmail-0.0.0-SNAPSHOT-PR-24-1]
[INFO] Processing war project
[INFO] Copying webapp resources [/workspace/source/src/main/webapp]
[INFO] Building jar: /workspace/source/target/entando-plugin-jpmail-0.0.0-SNAPSHOT-PR-24-1/WEB-INF/lib/entando-plugin-jpmail-0.0.0-SNAPSHOT-PR-24-1.jar
[INFO] Webapp assembled in [443 msecs]
[INFO] Building war: /workspace/source/target/entando-plugin-jpmail-0.0.0-SNAPSHOT-PR-24-1.war
[INFO] 
[INFO] --- maven-assembly-plugin:2.2.1:single (package-classes) @ entando-plugin-jpmail ---
[INFO] Reading assembly descriptor: /workspace/source/src/main/assembly/classes.xml
[INFO] Building jar: /workspace/source/target/entando-plugin-jpmail-0.0.0-SNAPSHOT-PR-24-1-classes.jar
[INFO] 
[INFO] --- maven-jar-plugin:3.2.0:test-jar (build-test-jar) @ entando-plugin-jpmail ---
[INFO] Building jar: /workspace/source/target/entando-plugin-jpmail-0.0.0-SNAPSHOT-PR-24-1-tests.jar
[INFO] 
[INFO] --- maven-javadoc-plugin:3.2.0:jar (attach-javadocs) @ entando-plugin-jpmail ---
[INFO] No previous run data found, generating javadoc.
[INFO] 
2 warnings
[WARNING] Javadoc Warnings
[WARNING] /workspace/source/src/main/java/com/agiletec/plugins/jpmail/aps/services/mail/MailConfig.java:106: warning - @param argument "port" is not a parameter name.
[WARNING] /workspace/source/src/main/java/com/agiletec/plugins/jpmail/aps/services/mail/MailConfig.java:121: warning - @param argument "port" is not a parameter name.
[INFO] Building jar: /workspace/source/target/entando-plugin-jpmail-0.0.0-SNAPSHOT-PR-24-1-javadoc.jar
[INFO] 
[INFO] --- maven-surefire-report-plugin:3.0.0-M4:failsafe-report-only (integration-tests) @ entando-plugin-jpmail ---
[INFO] 
[INFO] --- dependency-check-maven:6.1.5:aggregate (default) @ entando-plugin-jpmail ---
[INFO] Checking for updates
[INFO] Skipping NVD check since last check was within 4 hours.
[INFO] Check for updates complete (95 ms)
[INFO] 

Dependency-Check is an open source tool performing a best effort analysis of 3rd party dependencies; false positives and false negatives may exist in the analysis performed by the tool. Use of the tool and the reporting provided constitutes acceptance for use in an AS IS condition, and there are NO warranties, implied or otherwise, with regard to the analysis or its use. Any use of the tool and the reporting provided is at the user’s risk. In no event shall the copyright holder or OWASP be held liable for any damages whatsoever arising out of or in connection with the use of this tool, the analysis performed, or the resulting report.


   About ODC: https://jeremylong.github.io/DependencyCheck/general/internals.html
   False Positives: https://jeremylong.github.io/DependencyCheck/general/suppression.html

💖 Sponsor: https://github.com/sponsors/jeremylong


[INFO] Analysis Started
[INFO] Finished Archive Analyzer (1 seconds)
[INFO] Finished File Name Analyzer (0 seconds)
[INFO] Finished Jar Analyzer (2 seconds)
[ERROR] ----------------------------------------------------
[ERROR] .NET Assembly Analyzer could not be initialized and at least one 'e**' or 'dll' was scanned. The 'dotnet' e**cutable could not be found on the path; either disable the Assembly Analyzer or add the path to dotnet core in the configuration.
[ERROR] ----------------------------------------------------
[INFO] Finished Dependency Merging Analyzer (0 seconds)
[INFO] Finished Version Filter Analyzer (0 seconds)
[INFO] Finished Hint Analyzer (0 seconds)
[INFO] Created CPE Index (3 seconds)
[INFO] Finished CPE Analyzer (9 seconds)
[INFO] Finished False Positive Analyzer (0 seconds)
[INFO] Finished NVD CVE Analyzer (0 seconds)
[INFO] Finished Sonatype OSS Index Analyzer (3 seconds)
[INFO] Finished Vulnerability Suppression Analyzer (0 seconds)
[INFO] Finished Dependency Bundling Analyzer (0 seconds)
[INFO] Analysis Complete (16 seconds)
[INFO] Writing report to: /workspace/source/target/site/dependency-check-junit.xml
[INFO] Writing report to: /workspace/source/target/site/dependency-check-report.xml
[INFO] Writing report to: /workspace/source/target/site/dependency-check-report.html
[INFO] 
[INFO] --- jacoco-maven-plugin:0.8.6:report (report) @ entando-plugin-jpmail ---
[INFO] Loading e**cution data file /workspace/source/target/jacoco.e**c
[INFO] Analyzed bundle 'Entando Plugin: Email Sender' with 16 classes
[INFO] 
[INFO] --- maven-surefire-report-plugin:3.0.0-M4:report-only (unit-tests) @ entando-plugin-jpmail ---
[WARNING] Unable to locate Test Source XRef to link to - DISABLED
[INFO] 
[INFO] --- maven-install-plugin:2.4:install (default-install) @ entando-plugin-jpmail ---
[INFO] Installing /workspace/source/target/entando-plugin-jpmail-0.0.0-SNAPSHOT-PR-24-1.war to /home/jenkins/.mvnrepository/org/entando/entando/plugins/entando-plugin-jpmail/0.0.0-SNAPSHOT-PR-24-1/entando-plugin-jpmail-0.0.0-SNAPSHOT-PR-24-1.war
[INFO] Installing /workspace/source/pom.xml to /home/jenkins/.mvnrepository/org/entando/entando/plugins/entando-plugin-jpmail/0.0.0-SNAPSHOT-PR-24-1/entando-plugin-jpmail-0.0.0-SNAPSHOT-PR-24-1.pom
[INFO] Installing /workspace/source/target/entando-plugin-jpmail-0.0.0-SNAPSHOT-PR-24-1-classes.jar to /home/jenkins/.mvnrepository/org/entando/entando/plugins/entando-plugin-jpmail/0.0.0-SNAPSHOT-PR-24-1/entando-plugin-jpmail-0.0.0-SNAPSHOT-PR-24-1-classes.jar
[INFO] Installing /workspace/source/target/entando-plugin-jpmail-0.0.0-SNAPSHOT-PR-24-1-tests.jar to /home/jenkins/.mvnrepository/org/entando/entando/plugins/entando-plugin-jpmail/0.0.0-SNAPSHOT-PR-24-1/entando-plugin-jpmail-0.0.0-SNAPSHOT-PR-24-1-tests.jar
[INFO] Installing /workspace/source/target/entando-plugin-jpmail-0.0.0-SNAPSHOT-PR-24-1-javadoc.jar to /home/jenkins/.mvnrepository/org/entando/entando/plugins/entando-plugin-jpmail/0.0.0-SNAPSHOT-PR-24-1/entando-plugin-jpmail-0.0.0-SNAPSHOT-PR-24-1-javadoc.jar
[INFO] 
[INFO] --- maven-deploy-plugin:2.8.2:deploy (default-deploy) @ entando-plugin-jpmail ---
[INFO] Using alternate deployment repository local-nexus::default::http://nexus/repository/maven-releases/
[INFO] 
[INFO] ---------< org.entando.entando.plugins:entando-plugin-jpmail >----------
[INFO] Building Entando Plugin: Email Sender 0.0.0-SNAPSHOT-PR-24-1
[INFO] --------------------------------[ war ]---------------------------------
[INFO] 
[INFO] --- sonar-maven-plugin:3.9.0.2155:sonar (default-cli) @ entando-plugin-jpmail ---
[INFO] User cache: /****/.sonar/cache
[INFO] SonarQube version: 8.8.0
[INFO] Default locale: "en_US", source code encoding: "UTF-8"
[INFO] Load global settings
[INFO] Load global settings (done) | time=223ms
[INFO] Server id: 1BD809FA-AWHW8ct9-T_TB3XqouNu
[INFO] User cache: /****/.sonar/cache
[INFO] Load/download plugins
[INFO] Load plugins index
[INFO] Load plugins index (done) | time=81ms
[INFO] Load/download plugins (done) | time=25673ms
[INFO] Loaded core extensions: developer-scanner
[INFO] Load project settings for component key: 'entando_entando-plugin-jpmail'
[INFO] Load project settings for component key: 'entando_entando-plugin-jpmail' (done) | time=44ms
[INFO] Process project properties
[INFO] E**cute project builders
[INFO] E**cute project builders (done) | time=1ms
[INFO] Project key: entando_entando-plugin-jpmail
[INFO] Base dir: /workspace/source
[INFO] Working dir: /workspace/source/target/sonar
[INFO] Load project branches
[INFO] Load project branches (done) | time=27ms
[INFO] Check ALM binding of project 'entando_entando-plugin-jpmail'
[INFO] Detected project binding: NOT_BOUND
[INFO] Check ALM binding of project 'entando_entando-plugin-jpmail' (done) | time=28ms
[INFO] Load project pull requests
[INFO] Load project pull requests (done) | time=34ms
[INFO] Load branch configuration
[INFO] Load branch configuration (done) | time=4ms
[INFO] Load quality profiles
[INFO] Load quality profiles (done) | time=78ms
[INFO] Load active rules
[INFO] Load active rules (done) | time=1432ms
[INFO] Organization key: entando
[INFO] Pull request 24 for merge into master from PR-24
[INFO] SCM collecting changed files in the branch
[WARNING] Exception caught during e**cution of command '[/usr/local/git/bin/git, config, --******, --edit]' in '/usr/local/git/bin', return code '128', error message 'fatal: Invalid path '/usr/local/git/etc': No such file or directory
'
[INFO] SCM collecting changed files in the branch (done) | time=687ms
[INFO] Indexing files...
[INFO] Project configuration:
[INFO] 63 files inde**d
[INFO] 0 files ignored because of scm ignore settings
[INFO] Quality profile for java: Sonar way
[INFO] Quality profile for jsp: Sonar way
[INFO] Quality profile for xml: Sonar way
[INFO] ------------- Run sensors on module Entando Plugin: Email Sender
[INFO] Load metrics repository
[INFO] Load metrics repository (done) | time=29ms
[INFO] Sensor JavaSensor [java]
[INFO] Configured Java source version (sonar.java.source): 8
[INFO] JavaClasspath initialization
[INFO] JavaClasspath initialization (done) | time=10ms
[INFO] JavaTestClasspath initialization
[INFO] JavaTestClasspath initialization (done) | time=2ms
Jul 15, 2021 1:15:53 PM org.apache.jasper.servlet.TldScanner scanJars
INFO: At least one JAR was scanned for TLDs yet contained no TLDs. Enable debug logging for this logger for a complete list of JARs that were scanned but no TLDs were found in them. Skipping unneeded JARs during scanning can improve startup time and JSP compilation time.
[INFO] Java "Main" source files AST scan
[INFO] 18 source files to be analyzed
[INFO] 18/18 source files have been analyzed
[INFO] Java "Main" source files AST scan (done) | time=6286ms
[INFO] Java "Test" source files AST scan
[INFO] 18 source files to be analyzed
[INFO] 18/18 source files have been analyzed
[INFO] Java "Test" source files AST scan (done) | time=1996ms
[INFO] Java "Generated" source files AST scan
[INFO] 7 source files to be analyzed
[INFO] 7/7 source files have been analyzed
[INFO] Java "Generated" source files AST scan (done) | time=2019ms
[INFO] Sensor JavaSensor [java] (done) | time=12839ms
[INFO] Sensor CSS Rules [cssfamily]
[INFO] No CSS, PHP, HTML or VueJS files are found in the project. CSS analysis is skipped.
[INFO] Sensor CSS Rules [cssfamily] (done) | time=2ms
[INFO] Sensor C# Project Type Information [csharp]
[INFO] Sensor C# Project Type Information [csharp] (done) | time=1ms
[INFO] Sensor C# Properties [csharp]
[INFO] Sensor C# Properties [csharp] (done) | time=1ms
[INFO] Sensor Import of Checkstyle issues [java]
[WARNING] Checkstyle report not found: /workspace/source/target/checkstyle-result.xml
[INFO] Sensor Import of Checkstyle issues [java] (done) | time=2ms
[INFO] Sensor SurefireSensor [java]
[INFO] parsing [/workspace/source/target/surefire-reports]
[INFO] Sensor SurefireSensor [java] (done) | time=147ms
[INFO] Sensor JavaXmlSensor [java]
[INFO] 5 source files to be analyzed
[INFO] 5/5 source files have been analyzed
[INFO] Sensor JavaXmlSensor [java] (done) | time=218ms
[INFO] Sensor HTML [web]
[INFO] Sensor HTML [web] (done) | time=210ms
[INFO] Sensor XML Sensor [xml]
[INFO] 5 source files to be analyzed
[INFO] 5/5 source files have been analyzed
[INFO] Sensor XML Sensor [xml] (done) | time=554ms
[INFO] Sensor VB.NET Project Type Information [vbnet]
[INFO] Sensor VB.NET Project Type Information [vbnet] (done) | time=2ms
[INFO] Sensor VB.NET Properties [vbnet]
[INFO] Sensor VB.NET Properties [vbnet] (done) | time=1ms
[INFO] Sensor JaCoCo XML Report Importer [jacoco]
[INFO] Importing 1 report(s). Turn your logs in debug mode in order to see the exhaustive list.
[INFO] Sensor JaCoCo XML Report Importer [jacoco] (done) | time=48ms
[INFO] Sensor ThymeLeaf template sensor [securityjavafrontend]
[INFO] Sensor ThymeLeaf template sensor [securityjavafrontend] (done) | time=5ms
[INFO] Sensor Serverless configuration file sensor [securityjsfrontend]
[INFO] 0 Serverless function entries were found in the project
[INFO] 0 Serverless function handlers were kept as entrypoints
[INFO] Sensor Serverless configuration file sensor [securityjsfrontend] (done) | time=102ms
[INFO] Sensor JavaSecuritySensor [security]
[INFO] Reading type hierarchy from: /workspace/source/target/sonar/ucfg2/java
[INFO] Read 211 type definitions
[INFO] Reading UCFGs from: /workspace/source/target/sonar/ucfg2/java
[INFO] 13:16:06.199021 Building Runtime Type propagation graph
[INFO] 13:16:06.25761 Running Tarjan on 2662 nodes
[INFO] 13:16:06.26893 Tarjan found 2662 components
[INFO] 13:16:06.28316 Variable type analysis: done
[INFO] 13:16:06.301789 Building Runtime Type propagation graph
[INFO] 13:16:06.338502 Running Tarjan on 2662 nodes
[INFO] 13:16:06.342194 Tarjan found 2662 components
[INFO] 13:16:06.348291 Variable type analysis: done
[INFO] Analyzing 385 ucfgs to detect vulnerabilities.
[INFO] All rules entrypoints : 0 Retained UCFGs : 0
[INFO] rule: S5131, entrypoints: 0
[INFO] rule: S5131 done
[INFO] rule: S3649, entrypoints: 0
[INFO] rule: S3649 done
[INFO] rule: S2076, entrypoints: 0
[INFO] rule: S2076 done
[INFO] rule: S2091, entrypoints: 0
[INFO] rule: S2091 done
[INFO] rule: S2078, entrypoints: 0
[INFO] rule: S2078 done
[INFO] rule: S2631, entrypoints: 0
[INFO] rule: S2631 done
[INFO] rule: S5135, entrypoints: 0
[INFO] rule: S5135 done
[INFO] rule: S2083, entrypoints: 0
[INFO] rule: S2083 done
[INFO] rule: S5167, entrypoints: 0
[INFO] rule: S5167 done
[INFO] rule: S5144, entrypoints: 0
[INFO] rule: S5144 done
[INFO] rule: S5145, entrypoints: 0
[INFO] rule: S5145 done
[INFO] rule: S5146, entrypoints: 0
[INFO] rule: S5146 done
[INFO] rule: S5334, entrypoints: 0
[INFO] rule: S5334 done
[INFO] rule: S6096, entrypoints: 0
[INFO] rule: S6096 done
[INFO] Sensor JavaSecuritySensor [security] (done) | time=3338ms
[INFO] Sensor CSharpSecuritySensor [security]
[INFO] Reading type hierarchy from: /workspace/source/target/ucfg_cs2
[INFO] Read 0 type definitions
[INFO] Reading UCFGs from: /workspace/source/target/ucfg_cs2
[INFO] No UCFGs have been included for analysis.
[INFO] Sensor CSharpSecuritySensor [security] (done) | time=1ms
[INFO] Sensor PhpSecuritySensor [security]
[INFO] Reading type hierarchy from: /workspace/source/target/sonar/ucfg2/php
[INFO] Read 0 type definitions
[INFO] Reading UCFGs from: /workspace/source/target/sonar/ucfg2/php
[INFO] No UCFGs have been included for analysis.
[INFO] Sensor PhpSecuritySensor [security] (done) | time=1ms
[INFO] Sensor PythonSecuritySensor [security]
[INFO] Reading type hierarchy from: /workspace/source/target/sonar/ucfg2/python
[INFO] Read 0 type definitions
[INFO] Reading UCFGs from: /workspace/source/target/sonar/ucfg2/python
[INFO] No UCFGs have been included for analysis.
[INFO] Sensor PythonSecuritySensor [security] (done) | time=1ms
[INFO] Sensor JsSecuritySensor [security]
[INFO] Reading type hierarchy from: /workspace/source/target/sonar/ucfg2/js
[INFO] Read 0 type definitions
[INFO] Reading UCFGs from: /workspace/source/target/sonar/ucfg2/js
[INFO] 13:16:09.079882 Building Runtime Type propagation graph
[INFO] 13:16:09.08029 Running Tarjan on 0 nodes
[INFO] 13:16:09.080536 Tarjan found 0 components
[INFO] 13:16:09.080747 Variable type analysis: done
[INFO] 13:16:09.080988 Building Runtime Type propagation graph
[INFO] 13:16:09.081286 Running Tarjan on 0 nodes
[INFO] 13:16:09.081493 Tarjan found 0 components
[INFO] 13:16:09.081669 Variable type analysis: done
[INFO] Analyzing 1 ucfgs to detect vulnerabilities.
[INFO] rule: S5147, entrypoints: 2
[INFO] Running symbolic analysis
[INFO] rule: S5147 done
[INFO] rule: S5883, entrypoints: 2
[INFO] Running symbolic analysis
[INFO] rule: S5883 done
[INFO] rule: S5131, entrypoints: 2
[INFO] Running symbolic analysis
[INFO] rule: S5131 done
[INFO] rule: S5146, entrypoints: 2
[INFO] Running symbolic analysis
[INFO] rule: S5146 done
[INFO] rule: S3649, entrypoints: 2
[INFO] Running symbolic analysis
[INFO] rule: S3649 done
[INFO] rule: S5334, entrypoints: 2
[INFO] Running symbolic analysis
[INFO] rule: S5334 done
[INFO] rule: S2076, entrypoints: 2
[INFO] Running symbolic analysis
[INFO] rule: S2076 done
[INFO] rule: S2631, entrypoints: 2
[INFO] Running symbolic analysis
[INFO] rule: S2631 done
[INFO] rule: S6096, entrypoints: 2
[INFO] Running symbolic analysis
[INFO] rule: S6096 done
[INFO] rule: S2083, entrypoints: 2
[INFO] Running symbolic analysis
[INFO] rule: S2083 done
[INFO] rule: S5696, entrypoints: 2
[INFO] Running symbolic analysis
[INFO] rule: S5696 done
[INFO] rule: S5144, entrypoints: 2
[INFO] Running symbolic analysis
[INFO] rule: S5144 done
[INFO] rule: S6105, entrypoints: 2
[INFO] Running symbolic analysis
[INFO] rule: S6105 done
[INFO] Sensor JsSecuritySensor [security] (done) | time=950ms
[INFO] ------------- Run sensors on project
[INFO] Sensor Zero Coverage Sensor
[INFO] Sensor Zero Coverage Sensor (done) | time=1ms
[INFO] Sensor Java CPD Block Inde**r
[INFO] Sensor Java CPD Block Inde**r (done) | time=76ms
[INFO] SCM Publisher SCM provider for this project is: git
[INFO] SCM Publisher 1 source file to be analyzed
[INFO] SCM Publisher 0/1 source files have been analyzed (done) | time=94ms
[WARNING] Missing blame information for the following files:
[WARNING]   * pom.xml
[WARNING] This may lead to missing/broken features in SonarCloud
[INFO] CPD E**cutor 2 files had no CPD blocks
[INFO] CPD E**cutor Calculating CPD for 23 files
[INFO] CPD E**cutor CPD calculation finished (done) | time=51ms
[INFO] SCM writing changed lines
[INFO] SCM writing changed lines (done) | time=39ms
[INFO] Analysis report generated in 177ms, dir size=230 KB
[INFO] Analysis report compressed in 47ms, zip size=72 KB
[INFO] Analysis report uploaded in 136ms
[INFO] ANALYSIS SUCCESSFUL, you can find the results at: https://sonarcloud.io/dashboard?id=entando_entando-plugin-jpmail&pullRequest=24
[INFO] Note that you will be able to access the updated dashboard once the server has processed the submitted analysis report
[INFO] More about the report processing at https://sonarcloud.io/api/ce/task?id=AXqqT2_4nGObQy0R-qW4
[INFO] Analysis total time: 25.820 s
[INFO] ------------------------------------------------------------------------
[INFO] BUILD SUCCESS
[INFO] ------------------------------------------------------------------------
[INFO] Total time:  03:37 min
[INFO] Finished at: 2021-07-15T13:16:10Z
[INFO] ------------------------------------------------------------------------
Picked up _JAVA_OPTIONS: -XX:+UnlockExperimentalVMOptions -Dsun.zip.disableMemoryMapping=**** -XX:+UseParallelGC -XX:MinHeapFreeRatio=5 -XX:MaxHeapFreeRatio=10 -XX:GCTimeRatio=4 -XX:AdaptiveSizePolicyWeight=90 -Xms10m -Xmx8000m
[INFO] Scanning for projects...
[WARNING] 
[WARNING] Some problems were encountered while building the effective model for org.entando.entando.plugins:entando-plugin-jpmail:war:0.0.0-SNAPSHOT-PR-24-1
[WARNING] 'dependencyManagement.dependencies.dependency.(groupId:artifactId:type:classifier)' must be unique: org.springframework:spring-tx:jar -> version (?) vs ${spring.version} @ org.entando:entando-core-parent:6.4.2, /home/jenkins/.mvnrepository/org/entando/entando-core-parent/6.4.2/entando-core-parent-6.4.2.pom, line 625, column 25
[WARNING] 
[WARNING] It is highly recommended to fix these problems because they threaten the stability of your build.
[WARNING] 
[WARNING] For this reason, future Maven versions might no longer support building such malformed projects.
[WARNING] 
[INFO] 
[INFO] ---------< org.entando.entando.plugins:entando-plugin-jpmail >----------
[INFO] Building Entando Plugin: Email Sender 0.0.0-SNAPSHOT-PR-24-1
[INFO] --------------------------------[ war ]---------------------------------
[WARNING] The POM for com.sun.xml.bind:jaxb-impl:jar:2.2.11 is invalid, transitive dependencies (if any) will not be available, enable debug logging for more details
[INFO] 
[INFO] --- maven-site-plugin:3.9.0:site (default-site) @ entando-plugin-jpmail ---
[INFO] configuring report plugin org.apache.maven.plugins:maven-project-info-reports-plugin:3.0.0
[INFO] 9 reports configured for maven-project-info-reports-plugin:3.0.0: dependency-info, distribution-management, index, ci-management, issue-management, licenses, plugins, scm, summary
[INFO] Rendering site with default locale English (en)
[WARNING] Unable to find a URL to the parent project. The parent menu will NOT be added.
[INFO] Relativizing decoration links with respect to localized project URL: http://www.entando.com/
[INFO] Rendering content with org.apache.maven.skins:maven-default-skin:jar:1.3 skin.
[INFO] Generating "Dependency Information" report --- maven-project-info-reports-plugin:3.0.0:dependency-info
[INFO] Generating "About" report         --- maven-project-info-reports-plugin:3.0.0:index
[INFO] Generating "Issue Management" report --- maven-project-info-reports-plugin:3.0.0:issue-management
[INFO] Generating "Licenses" report      --- maven-project-info-reports-plugin:3.0.0:licenses
[INFO] Generating "Plugins" report       --- maven-project-info-reports-plugin:3.0.0:plugins
[INFO] Generating "Source Code Management" report --- maven-project-info-reports-plugin:3.0.0:scm
[INFO] Generating "Summary" report       --- maven-project-info-reports-plugin:3.0.0:summary
[INFO] ------------------------------------------------------------------------
[INFO] BUILD SUCCESS
[INFO] ------------------------------------------------------------------------
[INFO] Total time:  20.885 s
[INFO] Finished at: 2021-07-15T13:16:33Z
[INFO] ------------------------------------------------------------------------
error: etcdserver: request is too large
Congratulations! No build failures found for entando-plugin-jpmail-PR-24.
