
Showing logs for build [32mentando-k8s-entando-k8s-operato-vm9z9-20[0m stage [32mfrom-build-pack[0m and container [32mcredential-initializer[0m
{"level":"info","ts":1636620667.492131,"caller":"creds-init/main.go:44","msg":"Credentials initialized."}

Showing logs for build [32mentando-k8s-entando-k8s-operato-vm9z9-20[0m stage [32mfrom-build-pack[0m and container [32mworking-dir-initializer[0m

Showing logs for build [32mentando-k8s-entando-k8s-operato-vm9z9-20[0m stage [32mfrom-build-pack[0m and container [32mplace-tools[0m

Showing logs for build [32mentando-k8s-entando-k8s-operato-vm9z9-20[0m stage [32mfrom-build-pack[0m and container [32mstep-git-source-entando-k8s-entando-k8s-operato-vm9z9-hntv5[0m
{"level":"info","ts":1636620716.6938794,"caller":"git/git.go:105","msg":"Successfully cloned https://github.com/entando-k8s/entando-k8s-operator-common.git @ v6.4.15 in path /workspace/source"}
{"level":"warn","ts":1636620716.694221,"caller":"git/git.go:152","msg":"Unexpected error: creating symlink: symlink /tekton/home/.ssh /****/.ssh: file exists"}
{"level":"info","ts":1636620716.7758768,"caller":"git/git.go:133","msg":"Successfully initialized and updated submodules in path /workspace/source"}

Showing logs for build [32mentando-k8s-entando-k8s-operato-vm9z9-20[0m stage [32mfrom-build-pack[0m and container [32mstep-setup-builder-home[0m

Showing logs for build [32mentando-k8s-entando-k8s-operato-vm9z9-20[0m stage [32mfrom-build-pack[0m and container [32mstep-git-merge[0m
Using SHAs from PULL_REFS=master:bcc1461f46927a7d4a590608ee38d0cb90f55b96
WARNING: no SHAs to merge, falling back to initial cloned commit

Showing logs for build [32mentando-k8s-entando-k8s-operato-vm9z9-20[0m stage [32mfrom-build-pack[0m and container [32mstep-setup-jx-git-credentials[0m
Generated Git credentials file /workspace/xdg_config/git/credentials

Showing logs for build [32mentando-k8s-entando-k8s-operato-vm9z9-20[0m stage [32mfrom-build-pack[0m and container [32mstep-build-fetch-history-for-sonar[0m
From https://github.com/entando-k8s/entando-k8s-operator-common
 * [new branch]      ENG-1281-ecr-bundles-with-plugins-that-make-use-of-mysql-as-dbms-do-not-install-fix -> origin/ENG-1281-ecr-bundles-with-plugins-that-make-use-of-mysql-as-dbms-do-not-install-fix
 * [new branch]      ENG-2284_capability_based_design -> origin/ENG-2284_capability_based_design
 * [new branch]      ENG-2597_ENTANDO_K8S_OPERATOR_IMPOSE_LIMITS-default-set-to-false -> origin/ENG-2597_ENTANDO_K8S_OPERATOR_IMPOSE_LIMITS-default-set-to-false
 * [new branch]      ENG-2704-start-version-7-0 -> origin/ENG-2704-start-version-7-0
 * [new branch]      ENG-673-gke-ingress  -> origin/ENG-673-gke-ingress
 * [new branch]      ENG-703-as-an-entando-developer-i-would-like-the-swagger-ui-enabled-by-default-so-i-can-more-easily-see-and-test-the-available-apis -> origin/ENG-703-as-an-entando-developer-i-would-like-the-swagger-ui-enabled-by-default-so-i-can-more-easily-see-and-test-the-available-apis
 * [new branch]      EXPERIMENT           -> origin/EXPERIMENT
 * [new branch]      REDHAT_CERTIFICATION -> origin/REDHAT_CERTIFICATION
 * [new branch]      cli-adapter          -> origin/cli-adapter
 * [new branch]      develop              -> origin/develop
 * [new branch]      gh-pages             -> origin/gh-pages
 * [new branch]      joewhite101-patch-1  -> origin/joewhite101-patch-1
 * [new branch]      latest-quarkus       -> origin/latest-quarkus
 * [new branch]      latest-quarkus-with-capabilities -> origin/latest-quarkus-with-capabilities
 * [new branch]      master               -> origin/master
 * [new branch]      optional-finalizers  -> origin/optional-finalizers
 * [new branch]      quarkus-cli          -> origin/quarkus-cli
 * [new branch]      rollback-to-6.4.7    -> origin/rollback-to-6.4.7
 * [new branch]      rollback-to-**2      -> origin/rollback-to-**2
 * [new branch]      update-owners        -> origin/update-owners
 * [new branch]      upgrade-to-**3       -> origin/upgrade-to-**3
 * [new tag]         v6.4.15              -> v6.4.15
 * [new tag]         v6.4.7               -> v6.4.7
 * [new tag]         finalizers           -> finalizers
 * [new tag]         spock-spike          -> spock-spike

Showing logs for build [32mentando-k8s-entando-k8s-operato-vm9z9-20[0m stage [32mfrom-build-pack[0m and container [32mstep-build-mvn-deploy-release[0m
Picked up _JAVA_OPTIONS: -XX:+UnlockExperimentalVMOptions -Dsun.zip.disableMemoryMapping=**** -XX:+UseParallelGC -XX:MinHeapFreeRatio=5 -XX:MaxHeapFreeRatio=10 -XX:GCTimeRatio=4 -XX:AdaptiveSizePolicyWeight=90 -Xms10m -Xmx8000m
[INFO] Scanning for projects...
[WARNING] 
[WARNING] Some problems were encountered while building the effective model for org.entando:entando-k8s-operator-common:jar:6.4.15
[WARNING] 'dependencies.dependency.(groupId:artifactId:type:classifier)' must be unique: org.junit.jupiter:junit-jupiter-params:jar -> version ${junit.version} vs (?) @ line 174, column 21
[WARNING] 
[WARNING] It is highly recommended to fix these problems because they threaten the stability of your build.
[WARNING] 
[WARNING] For this reason, future Maven versions might no longer support building such malformed projects.
[WARNING] 
[INFO] 
[INFO] --------------< org.entando:entando-k8s-operator-common >---------------
[INFO] Building Entando K8S Operator Common Library 6.4.15
[INFO] --------------------------------[ jar ]---------------------------------
[INFO] 
[INFO] --- maven-clean-plugin:2.5:clean (default-clean) @ entando-k8s-operator-common ---
[INFO] 
[INFO] --- maven-checkstyle-plugin:3.1.1:check (validate) @ entando-k8s-operator-common ---
[INFO] Starting audit...
Audit done.
[INFO] You have 0 Checkstyle violations.
[INFO] 
[INFO] --- maven-checkstyle-plugin:3.1.1:checkstyle (validate) @ entando-k8s-operator-common ---
[INFO] Starting audit...
Audit done.
[INFO] 
[INFO] --- jacoco-maven-plugin:0.8.7:prepare-agent (prepare-agent) @ entando-k8s-operator-common ---
[INFO] argLine set to -javaagent:/home/jenkins/.mvnrepository/org/jacoco/org.jacoco.agent/0.8.7/org.jacoco.agent-0.8.7-runtime.jar=destfile=/workspace/source/target/jacoco.e**c
[INFO] 
[INFO] --- maven-resources-plugin:2.6:resources (default-resources) @ entando-k8s-operator-common ---
[INFO] Using 'UTF-8' encoding to copy filtered resources.
[INFO] Copying 14 resources
[INFO] 
[INFO] --- maven-compiler-plugin:3.8.1:compile (default-compile) @ entando-k8s-operator-common ---
[INFO] Changes detected - recompiling the module!
[INFO] Compiling 138 source files to /workspace/source/target/classes
[WARNING] /workspace/source/src/main/java/org/entando/kubernetes/controller/spi/client/impl/EntandoResourceClientBase.java:[88,125] unchecked cast
  required: java.lang.Class<T>
  found:    java.lang.Class<capture#1 of ? extends org.entando.kubernetes.model.common.EntandoCustomResource>
[INFO] 
[INFO] --- maven-resources-plugin:2.6:testResources (default-testResources) @ entando-k8s-operator-common ---
[INFO] Using 'UTF-8' encoding to copy filtered resources.
[INFO] Copying 9 resources
[INFO] 
[INFO] --- maven-compiler-plugin:3.8.1:testCompile (default-testCompile) @ entando-k8s-operator-common ---
[INFO] Changes detected - recompiling the module!
[INFO] Compiling 123 source files to /workspace/source/target/test-classes
[WARNING] /workspace/source/src/test/java/org/entando/kubernetes/controller/support/client/doubles/EntandoResourceClientDoubleBase.java:[75,108] unchecked cast
  required: java.lang.Class<? extends io.fabric8.kubernetes.client.CustomResource<?,?>>
  found:    java.lang.Class<capture#1 of ? extends org.entando.kubernetes.model.common.EntandoCustomResource>
[INFO] 
[INFO] --- maven-surefire-plugin:3.0.0-M1:test (default-test) @ entando-k8s-operator-common ---
[INFO] 
[INFO] -------------------------------------------------------
[INFO]  T E S T S
[INFO] -------------------------------------------------------
[INFO] Running org.entando.kubernetes.controller.ExampleExternalCapabilityTest
[INFO] Tests run: 2, Failures: 0, Errors: 0, Skipped: 0, Time elapsed: 7.153 s - in org.entando.kubernetes.controller.ExampleExternalCapabilityTest
[INFO] Running org.entando.kubernetes.controller.DatabaseConsumerTest
Nov 11, 2021 8:52:57 AM org.entando.kubernetes.test.common.ControllerTestHelper runControllerAgainstCustomResource
WARNING: org.entando.kubernetes.controller.spi.common.EntandoControllerException: Database preparation failed. Please inspect the logs of the pod my-namespace/my-app-dbprep-2550
	at org.entando.kubernetes.controller.support.command.DeployCommand.prepareDbSchemas(DeployCommand.java:239)
	at org.entando.kubernetes.controller.support.command.DeployCommand.deployServiceInternally(DeployCommand.java:149)
	at org.entando.kubernetes.controller.support.command.DeployCommand.lambda$e**cute$0(DeployCommand.java:108)
	at java.base/java.util.concurrent.FutureTask.run(FutureTask.java:264)
	at java.base/java.util.concurrent.ThreadPoolE**cutor.runWorker(ThreadPoolE**cutor.java:1128)
	at java.base/java.util.concurrent.ThreadPoolE**cutor$Worker.run(ThreadPoolE**cutor.java:628)
	at java.base/java.lang.Thread.run(Thread.java:834)

picocli.CommandLine$E**cutionException: org.entando.kubernetes.controller.spi.common.EntandoControllerException: Database preparation failed. Please inspect the logs of the pod my-namespace/my-app-dbprep-2550
	at org.entando.kubernetes.controller.support.command.DeployCommand.prepareDbSchemas(DeployCommand.java:239)
	at org.entando.kubernetes.controller.support.command.DeployCommand.deployServiceInternally(DeployCommand.java:149)
	at org.entando.kubernetes.controller.support.command.DeployCommand.lambda$e**cute$0(DeployCommand.java:108)
	at java.base/java.util.concurrent.FutureTask.run(FutureTask.java:264)
	at java.base/java.util.concurrent.ThreadPoolE**cutor.runWorker(ThreadPoolE**cutor.java:1128)
	at java.base/java.util.concurrent.ThreadPoolE**cutor$Worker.run(ThreadPoolE**cutor.java:628)
	at java.base/java.lang.Thread.run(Thread.java:834)

	at org.entando.kubernetes.fluentspi.DatabaseConsumingControllerFluent.run(DatabaseConsumingControllerFluent.java:86)
	at org.entando.kubernetes.test.common.ControllerTestHelper.runControllerAgainstCustomResource(ControllerTestHelper.java:121)
	at org.entando.kubernetes.controller.DatabaseConsumerTest.lambda$dbawareDeploymentFailsWhenDatabasePreparationFailed$22(DatabaseConsumerTest.java:251)
	at org.assertj.core.api.ThrowableAssert.catchThrowable(ThrowableAssert.java:62)
	at org.assertj.core.api.AssertionsForClassTypes.catchThrowable(AssertionsForClassTypes.java:877)
	at org.assertj.core.api.Assertions.catchThrowable(Assertions.java:1306)
	at org.assertj.core.api.Assertions.assertThatThrownBy(Assertions.java:1178)
	at org.entando.kubernetes.controller.DatabaseConsumerTest.lambda$dbawareDeploymentFailsWhenDatabasePreparationFailed$23(DatabaseConsumerTest.java:250)
	at io.qameta.allure.Allure.lambda$step$0(Allure.java:113)
	at io.qameta.allure.Allure.lambda$step$1(Allure.java:127)
	at io.qameta.allure.Allure.step(Allure.java:181)
	at io.qameta.allure.Allure.step(Allure.java:125)
	at io.qameta.allure.Allure.step(Allure.java:112)
	at org.entando.kubernetes.controller.DatabaseConsumerTest.dbawareDeploymentFailsWhenDatabasePreparationFailed(DatabaseConsumerTest.java:249)
	at java.base/jdk.internal.reflect.NativeMethodAccessorImpl.invoke0(Native Method)
	at java.base/jdk.internal.reflect.NativeMethodAccessorImpl.invoke(NativeMethodAccessorImpl.java:62)
	at java.base/jdk.internal.reflect.DelegatingMethodAccessorImpl.invoke(DelegatingMethodAccessorImpl.java:43)
	at java.base/java.lang.reflect.Method.invoke(Method.java:566)
	at org.junit.platform.commons.util.ReflectionUtils.invokeMethod(ReflectionUtils.java:688)
	at org.junit.jupiter.engine.e**cution.MethodInvocation.proceed(MethodInvocation.java:60)
	at org.junit.jupiter.engine.e**cution.InvocationInterceptorChain$ValidatingInvocation.proceed(InvocationInterceptorChain.java:131)
	at org.junit.jupiter.api.extension.InvocationInterceptor.interceptTestMethod(InvocationInterceptor.java:117)
	at org.junit.jupiter.engine.e**cution.E**cutableInvoker$ReflectiveInterceptorCall.lambda$ofVoidMethod$0(E**cutableInvoker.java:115)
	at org.junit.jupiter.engine.e**cution.E**cutableInvoker.lambda$invoke$0(E**cutableInvoker.java:105)
	at org.junit.jupiter.engine.e**cution.InvocationInterceptorChain$InterceptedInvocation.proceed(InvocationInterceptorChain.java:106)
	at org.junit.jupiter.engine.extension.TimeoutExtension.intercept(TimeoutExtension.java:149)
	at org.junit.jupiter.engine.extension.TimeoutExtension.interceptTestableMethod(TimeoutExtension.java:140)
	at org.junit.jupiter.engine.extension.TimeoutExtension.interceptTestMethod(TimeoutExtension.java:84)
	at org.junit.jupiter.engine.e**cution.E**cutableInvoker$ReflectiveInterceptorCall.lambda$ofVoidMethod$0(E**cutableInvoker.java:115)
	at org.junit.jupiter.engine.e**cution.E**cutableInvoker.lambda$invoke$0(E**cutableInvoker.java:105)
	at org.junit.jupiter.engine.e**cution.InvocationInterceptorChain$InterceptedInvocation.proceed(InvocationInterceptorChain.java:106)
	at org.junit.jupiter.engine.e**cution.InvocationInterceptorChain.proceed(InvocationInterceptorChain.java:64)
	at org.junit.jupiter.engine.e**cution.InvocationInterceptorChain.chainAndInvoke(InvocationInterceptorChain.java:45)
	at org.junit.jupiter.engine.e**cution.InvocationInterceptorChain.invoke(InvocationInterceptorChain.java:37)
	at org.junit.jupiter.engine.e**cution.E**cutableInvoker.invoke(E**cutableInvoker.java:104)
	at org.junit.jupiter.engine.e**cution.E**cutableInvoker.invoke(E**cutableInvoker.java:98)
	at org.junit.jupiter.engine.descriptor.TestMethodTestDescriptor.lambda$invokeTestMethod$6(TestMethodTestDescriptor.java:210)
	at org.junit.platform.engine.support.hierarchical.ThrowableCollector.e**cute(ThrowableCollector.java:73)
	at org.junit.jupiter.engine.descriptor.TestMethodTestDescriptor.invokeTestMethod(TestMethodTestDescriptor.java:206)
	at org.junit.jupiter.engine.descriptor.TestMethodTestDescriptor.e**cute(TestMethodTestDescriptor.java:131)
	at org.junit.jupiter.engine.descriptor.TestMethodTestDescriptor.e**cute(TestMethodTestDescriptor.java:65)
	at org.junit.platform.engine.support.hierarchical.NodeTestTask.lambda$e**cuteRecursively$5(NodeTestTask.java:139)
	at org.junit.platform.engine.support.hierarchical.ThrowableCollector.e**cute(ThrowableCollector.java:73)
	at org.junit.platform.engine.support.hierarchical.NodeTestTask.lambda$e**cuteRecursively$7(NodeTestTask.java:129)
	at org.junit.platform.engine.support.hierarchical.Node.around(Node.java:137)
	at org.junit.platform.engine.support.hierarchical.NodeTestTask.lambda$e**cuteRecursively$8(NodeTestTask.java:127)
	at org.junit.platform.engine.support.hierarchical.ThrowableCollector.e**cute(ThrowableCollector.java:73)
	at org.junit.platform.engine.support.hierarchical.NodeTestTask.e**cuteRecursively(NodeTestTask.java:126)
	at org.junit.platform.engine.support.hierarchical.NodeTestTask.e**cute(NodeTestTask.java:84)
	at org.junit.platform.engine.support.hierarchical.ForkJoinPoolHierarchicalTestE**cutorService$ExclusiveTask.compute(ForkJoinPoolHierarchicalTestE**cutorService.java:185)
	at org.junit.platform.engine.support.hierarchical.ForkJoinPoolHierarchicalTestE**cutorService.e**cuteNonConcurrentTasks(ForkJoinPoolHierarchicalTestE**cutorService.java:155)
	at org.junit.platform.engine.support.hierarchical.ForkJoinPoolHierarchicalTestE**cutorService.invokeAll(ForkJoinPoolHierarchicalTestE**cutorService.java:135)
	at org.junit.platform.engine.support.hierarchical.NodeTestTask.lambda$e**cuteRecursively$5(NodeTestTask.java:143)
	at org.junit.platform.engine.support.hierarchical.ThrowableCollector.e**cute(ThrowableCollector.java:73)
	at org.junit.platform.engine.support.hierarchical.NodeTestTask.lambda$e**cuteRecursively$7(NodeTestTask.java:129)
	at org.junit.platform.engine.support.hierarchical.Node.around(Node.java:137)
	at org.junit.platform.engine.support.hierarchical.NodeTestTask.lambda$e**cuteRecursively$8(NodeTestTask.java:127)
	at org.junit.platform.engine.support.hierarchical.ThrowableCollector.e**cute(ThrowableCollector.java:73)
	at org.junit.platform.engine.support.hierarchical.NodeTestTask.e**cuteRecursively(NodeTestTask.java:126)
	at org.junit.platform.engine.support.hierarchical.NodeTestTask.e**cute(NodeTestTask.java:84)
	at org.junit.platform.engine.support.hierarchical.ForkJoinPoolHierarchicalTestE**cutorService$ExclusiveTask.compute(ForkJoinPoolHierarchicalTestE**cutorService.java:185)
	at org.junit.platform.engine.support.hierarchical.ForkJoinPoolHierarchicalTestE**cutorService.e**cuteNonConcurrentTasks(ForkJoinPoolHierarchicalTestE**cutorService.java:155)
	at org.junit.platform.engine.support.hierarchical.ForkJoinPoolHierarchicalTestE**cutorService.invokeAll(ForkJoinPoolHierarchicalTestE**cutorService.java:135)
	at org.junit.platform.engine.support.hierarchical.NodeTestTask.lambda$e**cuteRecursively$5(NodeTestTask.java:143)
	at org.junit.platform.engine.support.hierarchical.ThrowableCollector.e**cute(ThrowableCollector.java:73)
	at org.junit.platform.engine.support.hierarchical.NodeTestTask.lambda$e**cuteRecursively$7(NodeTestTask.java:129)
	at org.junit.platform.engine.support.hierarchical.Node.around(Node.java:137)
	at org.junit.platform.engine.support.hierarchical.NodeTestTask.lambda$e**cuteRecursively$8(NodeTestTask.java:127)
	at org.junit.platform.engine.support.hierarchical.ThrowableCollector.e**cute(ThrowableCollector.java:73)
	at org.junit.platform.engine.support.hierarchical.NodeTestTask.e**cuteRecursively(NodeTestTask.java:126)
	at org.junit.platform.engine.support.hierarchical.NodeTestTask.e**cute(NodeTestTask.java:84)
	at org.junit.platform.engine.support.hierarchical.ForkJoinPoolHierarchicalTestE**cutorService$ExclusiveTask.compute(ForkJoinPoolHierarchicalTestE**cutorService.java:185)
	at java.base/java.util.concurrent.RecursiveAction.e**c(RecursiveAction.java:189)
	at java.base/java.util.concurrent.ForkJoinTask.doE**c(ForkJoinTask.java:290)
	at java.base/java.util.concurrent.ForkJoinPool$WorkQueue.topLevelE**c(ForkJoinPool.java:1020)
	at java.base/java.util.concurrent.ForkJoinPool.scan(ForkJoinPool.java:1656)
	at java.base/java.util.concurrent.ForkJoinPool.runWorker(ForkJoinPool.java:1594)
	at java.base/java.util.concurrent.ForkJoinWorkerThread.run(ForkJoinWorkerThread.java:177)

[INFO] Tests run: 2, Failures: 0, Errors: 0, Skipped: 0, Time elapsed: 2.968 s - in org.entando.kubernetes.controller.DatabaseConsumerTest
[INFO] Running org.entando.kubernetes.controller.MinimalDeploymentTest
Nov 11, 2021 8:52:59 AM org.entando.kubernetes.test.common.ControllerTestHelper runControllerAgainstCustomResource
WARNING: java.util.concurrent.TimeoutException
	at java.base/java.util.concurrent.FutureTask.get(FutureTask.java:204)
	at org.entando.kubernetes.controller.support.command.DeployCommand.lambda$e**cute$1(DeployCommand.java:113)
	at org.entando.kubernetes.controller.spi.common.ExceptionUtils.interruptionSafe(ExceptionUtils.java:96)
	at org.entando.kubernetes.controller.support.command.DeployCommand.e**cute(DeployCommand.java:113)
	at org.entando.kubernetes.controller.support.command.InProcessCommandStream.processDeployment(InProcessCommandStream.java:66)
	at org.entando.kubernetes.controller.support.command.InProcessCommandStream.process(InProcessCommandStream.java:48)
	at org.entando.kubernetes.test.common.ControllerTestHelper$AllureAttachingCommandStream.lambda$process$0(ControllerTestHelper.java:203)
	at io.qameta.allure.Allure.lambda$step$0(Allure.java:113)
	at io.qameta.allure.Allure.lambda$step$1(Allure.java:127)
	at io.qameta.allure.Allure.step(Allure.java:181)
	at io.qameta.allure.Allure.step(Allure.java:125)
	at io.qameta.allure.Allure.step(Allure.java:112)
	at org.entando.kubernetes.test.common.ControllerTestHelper$AllureAttachingCommandStream.process(ControllerTestHelper.java:201)
	at org.entando.kubernetes.controller.spi.command.SerializingDeploymentProcessor.processDeployable(SerializingDeploymentProcessor.java:37)
	at org.entando.kubernetes.fluentspi.ControllerFluent.run(ControllerFluent.java:49)
	at org.entando.kubernetes.test.common.ControllerTestHelper.runControllerAgainstCustomResource(ControllerTestHelper.java:121)
	at org.entando.kubernetes.controller.MinimalDeploymentTest.lambda$minimalDeploymentThatTimesOut$31(MinimalDeploymentTest.java:297)
	at org.assertj.core.api.ThrowableAssert.catchThrowable(ThrowableAssert.java:62)
	at org.assertj.core.api.AssertionsForClassTypes.catchThrowable(AssertionsForClassTypes.java:877)
	at org.assertj.core.api.Assertions.catchThrowable(Assertions.java:1306)
	at org.assertj.core.api.Assertions.assertThatThrownBy(Assertions.java:1178)
	at org.entando.kubernetes.controller.MinimalDeploymentTest.lambda$minimalDeploymentThatTimesOut$32(MinimalDeploymentTest.java:296)
	at io.qameta.allure.Allure.lambda$step$0(Allure.java:113)
	at io.qameta.allure.Allure.lambda$step$1(Allure.java:127)
	at io.qameta.allure.Allure.step(Allure.java:181)
	at io.qameta.allure.Allure.step(Allure.java:125)
	at io.qameta.allure.Allure.step(Allure.java:112)
	at org.entando.kubernetes.controller.MinimalDeploymentTest.minimalDeploymentThatTimesOut(MinimalDeploymentTest.java:295)
	at java.base/jdk.internal.reflect.NativeMethodAccessorImpl.invoke0(Native Method)
	at java.base/jdk.internal.reflect.NativeMethodAccessorImpl.invoke(NativeMethodAccessorImpl.java:62)
	at java.base/jdk.internal.reflect.DelegatingMethodAccessorImpl.invoke(DelegatingMethodAccessorImpl.java:43)
	at java.base/java.lang.reflect.Method.invoke(Method.java:566)
	at org.junit.platform.commons.util.ReflectionUtils.invokeMethod(ReflectionUtils.java:688)
	at org.junit.jupiter.engine.e**cution.MethodInvocation.proceed(MethodInvocation.java:60)
	at org.junit.jupiter.engine.e**cution.InvocationInterceptorChain$ValidatingInvocation.proceed(InvocationInterceptorChain.java:131)
	at org.junit.jupiter.api.extension.InvocationInterceptor.interceptTestMethod(InvocationInterceptor.java:117)
	at org.junit.jupiter.engine.e**cution.E**cutableInvoker$ReflectiveInterceptorCall.lambda$ofVoidMethod$0(E**cutableInvoker.java:115)
	at org.junit.jupiter.engine.e**cution.E**cutableInvoker.lambda$invoke$0(E**cutableInvoker.java:105)
	at org.junit.jupiter.engine.e**cution.InvocationInterceptorChain$InterceptedInvocation.proceed(InvocationInterceptorChain.java:106)
	at org.junit.jupiter.engine.extension.TimeoutExtension.intercept(TimeoutExtension.java:149)
	at org.junit.jupiter.engine.extension.TimeoutExtension.interceptTestableMethod(TimeoutExtension.java:140)
	at org.junit.jupiter.engine.extension.TimeoutExtension.interceptTestMethod(TimeoutExtension.java:84)
	at org.junit.jupiter.engine.e**cution.E**cutableInvoker$ReflectiveInterceptorCall.lambda$ofVoidMethod$0(E**cutableInvoker.java:115)
	at org.junit.jupiter.engine.e**cution.E**cutableInvoker.lambda$invoke$0(E**cutableInvoker.java:105)
	at org.junit.jupiter.engine.e**cution.InvocationInterceptorChain$InterceptedInvocation.proceed(InvocationInterceptorChain.java:106)
	at org.junit.jupiter.engine.e**cution.InvocationInterceptorChain.proceed(InvocationInterceptorChain.java:64)
	at org.junit.jupiter.engine.e**cution.InvocationInterceptorChain.chainAndInvoke(InvocationInterceptorChain.java:45)
	at org.junit.jupiter.engine.e**cution.InvocationInterceptorChain.invoke(InvocationInterceptorChain.java:37)
	at org.junit.jupiter.engine.e**cution.E**cutableInvoker.invoke(E**cutableInvoker.java:104)
	at org.junit.jupiter.engine.e**cution.E**cutableInvoker.invoke(E**cutableInvoker.java:98)
	at org.junit.jupiter.engine.descriptor.TestMethodTestDescriptor.lambda$invokeTestMethod$6(TestMethodTestDescriptor.java:210)
	at org.junit.platform.engine.support.hierarchical.ThrowableCollector.e**cute(ThrowableCollector.java:73)
	at org.junit.jupiter.engine.descriptor.TestMethodTestDescriptor.invokeTestMethod(TestMethodTestDescriptor.java:206)
	at org.junit.jupiter.engine.descriptor.TestMethodTestDescriptor.e**cute(TestMethodTestDescriptor.java:131)
	at org.junit.jupiter.engine.descriptor.TestMethodTestDescriptor.e**cute(TestMethodTestDescriptor.java:65)
	at org.junit.platform.engine.support.hierarchical.NodeTestTask.lambda$e**cuteRecursively$5(NodeTestTask.java:139)
	at org.junit.platform.engine.support.hierarchical.ThrowableCollector.e**cute(ThrowableCollector.java:73)
	at org.junit.platform.engine.support.hierarchical.NodeTestTask.lambda$e**cuteRecursively$7(NodeTestTask.java:129)
	at org.junit.platform.engine.support.hierarchical.Node.around(Node.java:137)
	at org.junit.platform.engine.support.hierarchical.NodeTestTask.lambda$e**cuteRecursively$8(NodeTestTask.java:127)
	at org.junit.platform.engine.support.hierarchical.ThrowableCollector.e**cute(ThrowableCollector.java:73)
	at org.junit.platform.engine.support.hierarchical.NodeTestTask.e**cuteRecursively(NodeTestTask.java:126)
	at org.junit.platform.engine.support.hierarchical.NodeTestTask.e**cute(NodeTestTask.java:84)
	at org.junit.platform.engine.support.hierarchical.ForkJoinPoolHierarchicalTestE**cutorService$ExclusiveTask.compute(ForkJoinPoolHierarchicalTestE**cutorService.java:185)
	at org.junit.platform.engine.support.hierarchical.ForkJoinPoolHierarchicalTestE**cutorService.e**cuteNonConcurrentTasks(ForkJoinPoolHierarchicalTestE**cutorService.java:155)
	at org.junit.platform.engine.support.hierarchical.ForkJoinPoolHierarchicalTestE**cutorService.invokeAll(ForkJoinPoolHierarchicalTestE**cutorService.java:135)
	at org.junit.platform.engine.support.hierarchical.NodeTestTask.lambda$e**cuteRecursively$5(NodeTestTask.java:143)
	at org.junit.platform.engine.support.hierarchical.ThrowableCollector.e**cute(ThrowableCollector.java:73)
	at org.junit.platform.engine.support.hierarchical.NodeTestTask.lambda$e**cuteRecursively$7(NodeTestTask.java:129)
	at org.junit.platform.engine.support.hierarchical.Node.around(Node.java:137)
	at org.junit.platform.engine.support.hierarchical.NodeTestTask.lambda$e**cuteRecursively$8(NodeTestTask.java:127)
	at org.junit.platform.engine.support.hierarchical.ThrowableCollector.e**cute(ThrowableCollector.java:73)
	at org.junit.platform.engine.support.hierarchical.NodeTestTask.e**cuteRecursively(NodeTestTask.java:126)
	at org.junit.platform.engine.support.hierarchical.NodeTestTask.e**cute(NodeTestTask.java:84)
	at org.junit.platform.engine.support.hierarchical.ForkJoinPoolHierarchicalTestE**cutorService$ExclusiveTask.compute(ForkJoinPoolHierarchicalTestE**cutorService.java:185)
	at org.junit.platform.engine.support.hierarchical.ForkJoinPoolHierarchicalTestE**cutorService.e**cuteNonConcurrentTasks(ForkJoinPoolHierarchicalTestE**cutorService.java:155)
	at org.junit.platform.engine.support.hierarchical.ForkJoinPoolHierarchicalTestE**cutorService.invokeAll(ForkJoinPoolHierarchicalTestE**cutorService.java:135)
	at org.junit.platform.engine.support.hierarchical.NodeTestTask.lambda$e**cuteRecursively$5(NodeTestTask.java:143)
	at org.junit.platform.engine.support.hierarchical.ThrowableCollector.e**cute(ThrowableCollector.java:73)
	at org.junit.platform.engine.support.hierarchical.NodeTestTask.lambda$e**cuteRecursively$7(NodeTestTask.java:129)
	at org.junit.platform.engine.support.hierarchical.Node.around(Node.java:137)
	at org.junit.platform.engine.support.hierarchical.NodeTestTask.lambda$e**cuteRecursively$8(NodeTestTask.java:127)
	at org.junit.platform.engine.support.hierarchical.ThrowableCollector.e**cute(ThrowableCollector.java:73)
	at org.junit.platform.engine.support.hierarchical.NodeTestTask.e**cuteRecursively(NodeTestTask.java:126)
	at org.junit.platform.engine.support.hierarchical.NodeTestTask.e**cute(NodeTestTask.java:84)
	at org.junit.platform.engine.support.hierarchical.ForkJoinPoolHierarchicalTestE**cutorService$ExclusiveTask.compute(ForkJoinPoolHierarchicalTestE**cutorService.java:185)
	at java.base/java.util.concurrent.RecursiveAction.e**c(RecursiveAction.java:189)
	at java.base/java.util.concurrent.ForkJoinTask.doE**c(ForkJoinTask.java:290)
	at java.base/java.util.concurrent.ForkJoinPool$WorkQueue.topLevelE**c(ForkJoinPool.java:1020)
	at java.base/java.util.concurrent.ForkJoinPool.scan(ForkJoinPool.java:1656)
	at java.base/java.util.concurrent.ForkJoinPool.runWorker(ForkJoinPool.java:1594)
	at java.base/java.util.concurrent.ForkJoinWorkerThread.run(ForkJoinWorkerThread.java:177)

picocli.CommandLine$E**cutionException: java.util.concurrent.TimeoutException
	at java.base/java.util.concurrent.FutureTask.get(FutureTask.java:204)
	at org.entando.kubernetes.controller.support.command.DeployCommand.lambda$e**cute$1(DeployCommand.java:113)
	at org.entando.kubernetes.controller.spi.common.ExceptionUtils.interruptionSafe(ExceptionUtils.java:96)
	at org.entando.kubernetes.controller.support.command.DeployCommand.e**cute(DeployCommand.java:113)
	at org.entando.kubernetes.controller.support.command.InProcessCommandStream.processDeployment(InProcessCommandStream.java:66)
	at org.entando.kubernetes.controller.support.command.InProcessCommandStream.process(InProcessCommandStream.java:48)
	at org.entando.kubernetes.test.common.ControllerTestHelper$AllureAttachingCommandStream.lambda$process$0(ControllerTestHelper.java:203)
	at io.qameta.allure.Allure.lambda$step$0(Allure.java:113)
	at io.qameta.allure.Allure.lambda$step$1(Allure.java:127)
	at io.qameta.allure.Allure.step(Allure.java:181)
	at io.qameta.allure.Allure.step(Allure.java:125)
	at io.qameta.allure.Allure.step(Allure.java:112)
	at org.entando.kubernetes.test.common.ControllerTestHelper$AllureAttachingCommandStream.process(ControllerTestHelper.java:201)
	at org.entando.kubernetes.controller.spi.command.SerializingDeploymentProcessor.processDeployable(SerializingDeploymentProcessor.java:37)
	at org.entando.kubernetes.fluentspi.ControllerFluent.run(ControllerFluent.java:49)
	at org.entando.kubernetes.test.common.ControllerTestHelper.runControllerAgainstCustomResource(ControllerTestHelper.java:121)
	at org.entando.kubernetes.controller.MinimalDeploymentTest.lambda$minimalDeploymentThatTimesOut$31(MinimalDeploymentTest.java:297)
	at org.assertj.core.api.ThrowableAssert.catchThrowable(ThrowableAssert.java:62)
	at org.assertj.core.api.AssertionsForClassTypes.catchThrowable(AssertionsForClassTypes.java:877)
	at org.assertj.core.api.Assertions.catchThrowable(Assertions.java:1306)
	at org.assertj.core.api.Assertions.assertThatThrownBy(Assertions.java:1178)
	at org.entando.kubernetes.controller.MinimalDeploymentTest.lambda$minimalDeploymentThatTimesOut$32(MinimalDeploymentTest.java:296)
	at io.qameta.allure.Allure.lambda$step$0(Allure.java:113)
	at io.qameta.allure.Allure.lambda$step$1(Allure.java:127)
	at io.qameta.allure.Allure.step(Allure.java:181)
	at io.qameta.allure.Allure.step(Allure.java:125)
	at io.qameta.allure.Allure.step(Allure.java:112)
	at org.entando.kubernetes.controller.MinimalDeploymentTest.minimalDeploymentThatTimesOut(MinimalDeploymentTest.java:295)
	at java.base/jdk.internal.reflect.NativeMethodAccessorImpl.invoke0(Native Method)
	at java.base/jdk.internal.reflect.NativeMethodAccessorImpl.invoke(NativeMethodAccessorImpl.java:62)
	at java.base/jdk.internal.reflect.DelegatingMethodAccessorImpl.invoke(DelegatingMethodAccessorImpl.java:43)
	at java.base/java.lang.reflect.Method.invoke(Method.java:566)
	at org.junit.platform.commons.util.ReflectionUtils.invokeMethod(ReflectionUtils.java:688)
	at org.junit.jupiter.engine.e**cution.MethodInvocation.proceed(MethodInvocation.java:60)
	at org.junit.jupiter.engine.e**cution.InvocationInterceptorChain$ValidatingInvocation.proceed(InvocationInterceptorChain.java:131)
	at org.junit.jupiter.api.extension.InvocationInterceptor.interceptTestMethod(InvocationInterceptor.java:117)
	at org.junit.jupiter.engine.e**cution.E**cutableInvoker$ReflectiveInterceptorCall.lambda$ofVoidMethod$0(E**cutableInvoker.java:115)
	at org.junit.jupiter.engine.e**cution.E**cutableInvoker.lambda$invoke$0(E**cutableInvoker.java:105)
	at org.junit.jupiter.engine.e**cution.InvocationInterceptorChain$InterceptedInvocation.proceed(InvocationInterceptorChain.java:106)
	at org.junit.jupiter.engine.extension.TimeoutExtension.intercept(TimeoutExtension.java:149)
	at org.junit.jupiter.engine.extension.TimeoutExtension.interceptTestableMethod(TimeoutExtension.java:140)
	at org.junit.jupiter.engine.extension.TimeoutExtension.interceptTestMethod(TimeoutExtension.java:84)
	at org.junit.jupiter.engine.e**cution.E**cutableInvoker$ReflectiveInterceptorCall.lambda$ofVoidMethod$0(E**cutableInvoker.java:115)
	at org.junit.jupiter.engine.e**cution.E**cutableInvoker.lambda$invoke$0(E**cutableInvoker.java:105)
	at org.junit.jupiter.engine.e**cution.InvocationInterceptorChain$InterceptedInvocation.proceed(InvocationInterceptorChain.java:106)
	at org.junit.jupiter.engine.e**cution.InvocationInterceptorChain.proceed(InvocationInterceptorChain.java:64)
	at org.junit.jupiter.engine.e**cution.InvocationInterceptorChain.chainAndInvoke(InvocationInterceptorChain.java:45)
	at org.junit.jupiter.engine.e**cution.InvocationInterceptorChain.invoke(InvocationInterceptorChain.java:37)
	at org.junit.jupiter.engine.e**cution.E**cutableInvoker.invoke(E**cutableInvoker.java:104)
	at org.junit.jupiter.engine.e**cution.E**cutableInvoker.invoke(E**cutableInvoker.java:98)
	at org.junit.jupiter.engine.descriptor.TestMethodTestDescriptor.lambda$invokeTestMethod$6(TestMethodTestDescriptor.java:210)
	at org.junit.platform.engine.support.hierarchical.ThrowableCollector.e**cute(ThrowableCollector.java:73)
	at org.junit.jupiter.engine.descriptor.TestMethodTestDescriptor.invokeTestMethod(TestMethodTestDescriptor.java:206)
	at org.junit.jupiter.engine.descriptor.TestMethodTestDescriptor.e**cute(TestMethodTestDescriptor.java:131)
	at org.junit.jupiter.engine.descriptor.TestMethodTestDescriptor.e**cute(TestMethodTestDescriptor.java:65)
	at org.junit.platform.engine.support.hierarchical.NodeTestTask.lambda$e**cuteRecursively$5(NodeTestTask.java:139)
	at org.junit.platform.engine.support.hierarchical.ThrowableCollector.e**cute(ThrowableCollector.java:73)
	at org.junit.platform.engine.support.hierarchical.NodeTestTask.lambda$e**cuteRecursively$7(NodeTestTask.java:129)
	at org.junit.platform.engine.support.hierarchical.Node.around(Node.java:137)
	at org.junit.platform.engine.support.hierarchical.NodeTestTask.lambda$e**cuteRecursively$8(NodeTestTask.java:127)
	at org.junit.platform.engine.support.hierarchical.ThrowableCollector.e**cute(ThrowableCollector.java:73)
	at org.junit.platform.engine.support.hierarchical.NodeTestTask.e**cuteRecursively(NodeTestTask.java:126)
	at org.junit.platform.engine.support.hierarchical.NodeTestTask.e**cute(NodeTestTask.java:84)
	at org.junit.platform.engine.support.hierarchical.ForkJoinPoolHierarchicalTestE**cutorService$ExclusiveTask.compute(ForkJoinPoolHierarchicalTestE**cutorService.java:185)
	at org.junit.platform.engine.support.hierarchical.ForkJoinPoolHierarchicalTestE**cutorService.e**cuteNonConcurrentTasks(ForkJoinPoolHierarchicalTestE**cutorService.java:155)
	at org.junit.platform.engine.support.hierarchical.ForkJoinPoolHierarchicalTestE**cutorService.invokeAll(ForkJoinPoolHierarchicalTestE**cutorService.java:135)
	at org.junit.platform.engine.support.hierarchical.NodeTestTask.lambda$e**cuteRecursively$5(NodeTestTask.java:143)
	at org.junit.platform.engine.support.hierarchical.ThrowableCollector.e**cute(ThrowableCollector.java:73)
	at org.junit.platform.engine.support.hierarchical.NodeTestTask.lambda$e**cuteRecursively$7(NodeTestTask.java:129)
	at org.junit.platform.engine.support.hierarchical.Node.around(Node.java:137)
	at org.junit.platform.engine.support.hierarchical.NodeTestTask.lambda$e**cuteRecursively$8(NodeTestTask.java:127)
	at org.junit.platform.engine.support.hierarchical.ThrowableCollector.e**cute(ThrowableCollector.java:73)
	at org.junit.platform.engine.support.hierarchical.NodeTestTask.e**cuteRecursively(NodeTestTask.java:126)
	at org.junit.platform.engine.support.hierarchical.NodeTestTask.e**cute(NodeTestTask.java:84)
	at org.junit.platform.engine.support.hierarchical.ForkJoinPoolHierarchicalTestE**cutorService$ExclusiveTask.compute(ForkJoinPoolHierarchicalTestE**cutorService.java:185)
	at org.junit.platform.engine.support.hierarchical.ForkJoinPoolHierarchicalTestE**cutorService.e**cuteNonConcurrentTasks(ForkJoinPoolHierarchicalTestE**cutorService.java:155)
	at org.junit.platform.engine.support.hierarchical.ForkJoinPoolHierarchicalTestE**cutorService.invokeAll(ForkJoinPoolHierarchicalTestE**cutorService.java:135)
	at org.junit.platform.engine.support.hierarchical.NodeTestTask.lambda$e**cuteRecursively$5(NodeTestTask.java:143)
	at org.junit.platform.engine.support.hierarchical.ThrowableCollector.e**cute(ThrowableCollector.java:73)
	at org.junit.platform.engine.support.hierarchical.NodeTestTask.lambda$e**cuteRecursively$7(NodeTestTask.java:129)
	at org.junit.platform.engine.support.hierarchical.Node.around(Node.java:137)
	at org.junit.platform.engine.support.hierarchical.NodeTestTask.lambda$e**cuteRecursively$8(NodeTestTask.java:127)
	at org.junit.platform.engine.support.hierarchical.ThrowableCollector.e**cute(ThrowableCollector.java:73)
	at org.junit.platform.engine.support.hierarchical.NodeTestTask.e**cuteRecursively(NodeTestTask.java:126)
	at org.junit.platform.engine.support.hierarchical.NodeTestTask.e**cute(NodeTestTask.java:84)
	at org.junit.platform.engine.support.hierarchical.ForkJoinPoolHierarchicalTestE**cutorService$ExclusiveTask.compute(ForkJoinPoolHierarchicalTestE**cutorService.java:185)
	at java.base/java.util.concurrent.RecursiveAction.e**c(RecursiveAction.java:189)
	at java.base/java.util.concurrent.ForkJoinTask.doE**c(ForkJoinTask.java:290)
	at java.base/java.util.concurrent.ForkJoinPool$WorkQueue.topLevelE**c(ForkJoinPool.java:1020)
	at java.base/java.util.concurrent.ForkJoinPool.scan(ForkJoinPool.java:1656)
	at java.base/java.util.concurrent.ForkJoinPool.runWorker(ForkJoinPool.java:1594)
	at java.base/java.util.concurrent.ForkJoinWorkerThread.run(ForkJoinWorkerThread.java:177)

	at org.entando.kubernetes.fluentspi.ControllerFluent.run(ControllerFluent.java:64)
	at org.entando.kubernetes.test.common.ControllerTestHelper.runControllerAgainstCustomResource(ControllerTestHelper.java:121)
	at org.entando.kubernetes.controller.MinimalDeploymentTest.lambda$minimalDeploymentThatTimesOut$31(MinimalDeploymentTest.java:297)
	at org.assertj.core.api.ThrowableAssert.catchThrowable(ThrowableAssert.java:62)
	at org.assertj.core.api.AssertionsForClassTypes.catchThrowable(AssertionsForClassTypes.java:877)
	at org.assertj.core.api.Assertions.catchThrowable(Assertions.java:1306)
	at org.assertj.core.api.Assertions.assertThatThrownBy(Assertions.java:1178)
	at org.entando.kubernetes.controller.MinimalDeploymentTest.lambda$minimalDeploymentThatTimesOut$32(MinimalDeploymentTest.java:296)
	at io.qameta.allure.Allure.lambda$step$0(Allure.java:113)
	at io.qameta.allure.Allure.lambda$step$1(Allure.java:127)
	at io.qameta.allure.Allure.step(Allure.java:181)
	at io.qameta.allure.Allure.step(Allure.java:125)
	at io.qameta.allure.Allure.step(Allure.java:112)
	at org.entando.kubernetes.controller.MinimalDeploymentTest.minimalDeploymentThatTimesOut(MinimalDeploymentTest.java:295)
	at java.base/jdk.internal.reflect.NativeMethodAccessorImpl.invoke0(Native Method)
	at java.base/jdk.internal.reflect.NativeMethodAccessorImpl.invoke(NativeMethodAccessorImpl.java:62)
	at java.base/jdk.internal.reflect.DelegatingMethodAccessorImpl.invoke(DelegatingMethodAccessorImpl.java:43)
	at java.base/java.lang.reflect.Method.invoke(Method.java:566)
	at org.junit.platform.commons.util.ReflectionUtils.invokeMethod(ReflectionUtils.java:688)
	at org.junit.jupiter.engine.e**cution.MethodInvocation.proceed(MethodInvocation.java:60)
	at org.junit.jupiter.engine.e**cution.InvocationInterceptorChain$ValidatingInvocation.proceed(InvocationInterceptorChain.java:131)
	at org.junit.jupiter.api.extension.InvocationInterceptor.interceptTestMethod(InvocationInterceptor.java:117)
	at org.junit.jupiter.engine.e**cution.E**cutableInvoker$ReflectiveInterceptorCall.lambda$ofVoidMethod$0(E**cutableInvoker.java:115)
	at org.junit.jupiter.engine.e**cution.E**cutableInvoker.lambda$invoke$0(E**cutableInvoker.java:105)
	at org.junit.jupiter.engine.e**cution.InvocationInterceptorChain$InterceptedInvocation.proceed(InvocationInterceptorChain.java:106)
	at org.junit.jupiter.engine.extension.TimeoutExtension.intercept(TimeoutExtension.java:149)
	at org.junit.jupiter.engine.extension.TimeoutExtension.interceptTestableMethod(TimeoutExtension.java:140)
	at org.junit.jupiter.engine.extension.TimeoutExtension.interceptTestMethod(TimeoutExtension.java:84)
	at org.junit.jupiter.engine.e**cution.E**cutableInvoker$ReflectiveInterceptorCall.lambda$ofVoidMethod$0(E**cutableInvoker.java:115)
	at org.junit.jupiter.engine.e**cution.E**cutableInvoker.lambda$invoke$0(E**cutableInvoker.java:105)
	at org.junit.jupiter.engine.e**cution.InvocationInterceptorChain$InterceptedInvocation.proceed(InvocationInterceptorChain.java:106)
	at org.junit.jupiter.engine.e**cution.InvocationInterceptorChain.proceed(InvocationInterceptorChain.java:64)
	at org.junit.jupiter.engine.e**cution.InvocationInterceptorChain.chainAndInvoke(InvocationInterceptorChain.java:45)
	at org.junit.jupiter.engine.e**cution.InvocationInterceptorChain.invoke(InvocationInterceptorChain.java:37)
	at org.junit.jupiter.engine.e**cution.E**cutableInvoker.invoke(E**cutableInvoker.java:104)
	at org.junit.jupiter.engine.e**cution.E**cutableInvoker.invoke(E**cutableInvoker.java:98)
	at org.junit.jupiter.engine.descriptor.TestMethodTestDescriptor.lambda$invokeTestMethod$6(TestMethodTestDescriptor.java:210)
	at org.junit.platform.engine.support.hierarchical.ThrowableCollector.e**cute(ThrowableCollector.java:73)
	at org.junit.jupiter.engine.descriptor.TestMethodTestDescriptor.invokeTestMethod(TestMethodTestDescriptor.java:206)
	at org.junit.jupiter.engine.descriptor.TestMethodTestDescriptor.e**cute(TestMethodTestDescriptor.java:131)
	at org.junit.jupiter.engine.descriptor.TestMethodTestDescriptor.e**cute(TestMethodTestDescriptor.java:65)
	at org.junit.platform.engine.support.hierarchical.NodeTestTask.lambda$e**cuteRecursively$5(NodeTestTask.java:139)
	at org.junit.platform.engine.support.hierarchical.ThrowableCollector.e**cute(ThrowableCollector.java:73)
	at org.junit.platform.engine.support.hierarchical.NodeTestTask.lambda$e**cuteRecursively$7(NodeTestTask.java:129)
	at org.junit.platform.engine.support.hierarchical.Node.around(Node.java:137)
	at org.junit.platform.engine.support.hierarchical.NodeTestTask.lambda$e**cuteRecursively$8(NodeTestTask.java:127)
	at org.junit.platform.engine.support.hierarchical.ThrowableCollector.e**cute(ThrowableCollector.java:73)
	at org.junit.platform.engine.support.hierarchical.NodeTestTask.e**cuteRecursively(NodeTestTask.java:126)
	at org.junit.platform.engine.support.hierarchical.NodeTestTask.e**cute(NodeTestTask.java:84)
	at org.junit.platform.engine.support.hierarchical.ForkJoinPoolHierarchicalTestE**cutorService$ExclusiveTask.compute(ForkJoinPoolHierarchicalTestE**cutorService.java:185)
	at org.junit.platform.engine.support.hierarchical.ForkJoinPoolHierarchicalTestE**cutorService.e**cuteNonConcurrentTasks(ForkJoinPoolHierarchicalTestE**cutorService.java:155)
	at org.junit.platform.engine.support.hierarchical.ForkJoinPoolHierarchicalTestE**cutorService.invokeAll(ForkJoinPoolHierarchicalTestE**cutorService.java:135)
	at org.junit.platform.engine.support.hierarchical.NodeTestTask.lambda$e**cuteRecursively$5(NodeTestTask.java:143)
	at org.junit.platform.engine.support.hierarchical.ThrowableCollector.e**cute(ThrowableCollector.java:73)
	at org.junit.platform.engine.support.hierarchical.NodeTestTask.lambda$e**cuteRecursively$7(NodeTestTask.java:129)
	at org.junit.platform.engine.support.hierarchical.Node.around(Node.java:137)
	at org.junit.platform.engine.support.hierarchical.NodeTestTask.lambda$e**cuteRecursively$8(NodeTestTask.java:127)
	at org.junit.platform.engine.support.hierarchical.ThrowableCollector.e**cute(ThrowableCollector.java:73)
	at org.junit.platform.engine.support.hierarchical.NodeTestTask.e**cuteRecursively(NodeTestTask.java:126)
	at org.junit.platform.engine.support.hierarchical.NodeTestTask.e**cute(NodeTestTask.java:84)
	at org.junit.platform.engine.support.hierarchical.ForkJoinPoolHierarchicalTestE**cutorService$ExclusiveTask.compute(ForkJoinPoolHierarchicalTestE**cutorService.java:185)
	at org.junit.platform.engine.support.hierarchical.ForkJoinPoolHierarchicalTestE**cutorService.e**cuteNonConcurrentTasks(ForkJoinPoolHierarchicalTestE**cutorService.java:155)
	at org.junit.platform.engine.support.hierarchical.ForkJoinPoolHierarchicalTestE**cutorService.invokeAll(ForkJoinPoolHierarchicalTestE**cutorService.java:135)
	at org.junit.platform.engine.support.hierarchical.NodeTestTask.lambda$e**cuteRecursively$5(NodeTestTask.java:143)
	at org.junit.platform.engine.support.hierarchical.ThrowableCollector.e**cute(ThrowableCollector.java:73)
	at org.junit.platform.engine.support.hierarchical.NodeTestTask.lambda$e**cuteRecursively$7(NodeTestTask.java:129)
	at org.junit.platform.engine.support.hierarchical.Node.around(Node.java:137)
	at org.junit.platform.engine.support.hierarchical.NodeTestTask.lambda$e**cuteRecursively$8(NodeTestTask.java:127)
	at org.junit.platform.engine.support.hierarchical.ThrowableCollector.e**cute(ThrowableCollector.java:73)
	at org.junit.platform.engine.support.hierarchical.NodeTestTask.e**cuteRecursively(NodeTestTask.java:126)
	at org.junit.platform.engine.support.hierarchical.NodeTestTask.e**cute(NodeTestTask.java:84)
	at org.junit.platform.engine.support.hierarchical.ForkJoinPoolHierarchicalTestE**cutorService$ExclusiveTask.compute(ForkJoinPoolHierarchicalTestE**cutorService.java:185)
	at java.base/java.util.concurrent.RecursiveAction.e**c(RecursiveAction.java:189)
	at java.base/java.util.concurrent.ForkJoinTask.doE**c(ForkJoinTask.java:290)
	at java.base/java.util.concurrent.ForkJoinPool$WorkQueue.topLevelE**c(ForkJoinPool.java:1020)
	at java.base/java.util.concurrent.ForkJoinPool.scan(ForkJoinPool.java:1656)
	at java.base/java.util.concurrent.ForkJoinPool.runWorker(ForkJoinPool.java:1594)
	at java.base/java.util.concurrent.ForkJoinWorkerThread.run(ForkJoinWorkerThread.java:177)

Nov 11, 2021 8:52:59 AM org.entando.kubernetes.test.common.ControllerTestHelper runControllerAgainstCustomResource
WARNING: org.entando.kubernetes.controller.spi.common.EntandoControllerException: Deployment failed. Please inspect the logs of the pod my-namespace/my-app-deployment
	at org.entando.kubernetes.controller.support.command.DeployCommand.waitForPod(DeployCommand.java:196)
	at org.entando.kubernetes.controller.support.command.DeployCommand.deployServiceInternally(DeployCommand.java:152)
	at org.entando.kubernetes.controller.support.command.DeployCommand.lambda$e**cute$0(DeployCommand.java:108)
	at java.base/java.util.concurrent.FutureTask.run(FutureTask.java:264)
	at java.base/java.util.concurrent.ThreadPoolE**cutor.runWorker(ThreadPoolE**cutor.java:1128)
	at java.base/java.util.concurrent.ThreadPoolE**cutor$Worker.run(ThreadPoolE**cutor.java:628)
	at java.base/java.lang.Thread.run(Thread.java:834)

picocli.CommandLine$E**cutionException: org.entando.kubernetes.controller.spi.common.EntandoControllerException: Deployment failed. Please inspect the logs of the pod my-namespace/my-app-deployment
	at org.entando.kubernetes.controller.support.command.DeployCommand.waitForPod(DeployCommand.java:196)
	at org.entando.kubernetes.controller.support.command.DeployCommand.deployServiceInternally(DeployCommand.java:152)
	at org.entando.kubernetes.controller.support.command.DeployCommand.lambda$e**cute$0(DeployCommand.java:108)
	at java.base/java.util.concurrent.FutureTask.run(FutureTask.java:264)
	at java.base/java.util.concurrent.ThreadPoolE**cutor.runWorker(ThreadPoolE**cutor.java:1128)
	at java.base/java.util.concurrent.ThreadPoolE**cutor$Worker.run(ThreadPoolE**cutor.java:628)
	at java.base/java.lang.Thread.run(Thread.java:834)

	at org.entando.kubernetes.fluentspi.ControllerFluent.run(ControllerFluent.java:64)
	at org.entando.kubernetes.test.common.ControllerTestHelper.runControllerAgainstCustomResource(ControllerTestHelper.java:121)
	at org.entando.kubernetes.controller.MinimalDeploymentTest.lambda$minimalDeploymentThatFailsToStartSuccessfully$20(MinimalDeploymentTest.java:239)
	at org.assertj.core.api.ThrowableAssert.catchThrowable(ThrowableAssert.java:62)
	at org.assertj.core.api.AssertionsForClassTypes.catchThrowable(AssertionsForClassTypes.java:877)
	at org.assertj.core.api.Assertions.catchThrowable(Assertions.java:1306)
	at org.assertj.core.api.Assertions.assertThatThrownBy(Assertions.java:1178)
	at org.entando.kubernetes.controller.MinimalDeploymentTest.lambda$minimalDeploymentThatFailsToStartSuccessfully$21(MinimalDeploymentTest.java:238)
	at io.qameta.allure.Allure.lambda$step$0(Allure.java:113)
	at io.qameta.allure.Allure.lambda$step$1(Allure.java:127)
	at io.qameta.allure.Allure.step(Allure.java:181)
	at io.qameta.allure.Allure.step(Allure.java:125)
	at io.qameta.allure.Allure.step(Allure.java:112)
	at org.entando.kubernetes.controller.MinimalDeploymentTest.minimalDeploymentThatFailsToStartSuccessfully(MinimalDeploymentTest.java:237)
	at java.base/jdk.internal.reflect.NativeMethodAccessorImpl.invoke0(Native Method)
	at java.base/jdk.internal.reflect.NativeMethodAccessorImpl.invoke(NativeMethodAccessorImpl.java:62)
	at java.base/jdk.internal.reflect.DelegatingMethodAccessorImpl.invoke(DelegatingMethodAccessorImpl.java:43)
	at java.base/java.lang.reflect.Method.invoke(Method.java:566)
	at org.junit.platform.commons.util.ReflectionUtils.invokeMethod(ReflectionUtils.java:688)
	at org.junit.jupiter.engine.e**cution.MethodInvocation.proceed(MethodInvocation.java:60)
	at org.junit.jupiter.engine.e**cution.InvocationInterceptorChain$ValidatingInvocation.proceed(InvocationInterceptorChain.java:131)
	at org.junit.jupiter.api.extension.InvocationInterceptor.interceptTestMethod(InvocationInterceptor.java:117)
	at org.junit.jupiter.engine.e**cution.E**cutableInvoker$ReflectiveInterceptorCall.lambda$ofVoidMethod$0(E**cutableInvoker.java:115)
	at org.junit.jupiter.engine.e**cution.E**cutableInvoker.lambda$invoke$0(E**cutableInvoker.java:105)
	at org.junit.jupiter.engine.e**cution.InvocationInterceptorChain$InterceptedInvocation.proceed(InvocationInterceptorChain.java:106)
	at org.junit.jupiter.engine.extension.TimeoutExtension.intercept(TimeoutExtension.java:149)
	at org.junit.jupiter.engine.extension.TimeoutExtension.interceptTestableMethod(TimeoutExtension.java:140)
	at org.junit.jupiter.engine.extension.TimeoutExtension.interceptTestMethod(TimeoutExtension.java:84)
	at org.junit.jupiter.engine.e**cution.E**cutableInvoker$ReflectiveInterceptorCall.lambda$ofVoidMethod$0(E**cutableInvoker.java:115)
	at org.junit.jupiter.engine.e**cution.E**cutableInvoker.lambda$invoke$0(E**cutableInvoker.java:105)
	at org.junit.jupiter.engine.e**cution.InvocationInterceptorChain$InterceptedInvocation.proceed(InvocationInterceptorChain.java:106)
	at org.junit.jupiter.engine.e**cution.InvocationInterceptorChain.proceed(InvocationInterceptorChain.java:64)
	at org.junit.jupiter.engine.e**cution.InvocationInterceptorChain.chainAndInvoke(InvocationInterceptorChain.java:45)
	at org.junit.jupiter.engine.e**cution.InvocationInterceptorChain.invoke(InvocationInterceptorChain.java:37)
	at org.junit.jupiter.engine.e**cution.E**cutableInvoker.invoke(E**cutableInvoker.java:104)
	at org.junit.jupiter.engine.e**cution.E**cutableInvoker.invoke(E**cutableInvoker.java:98)
	at org.junit.jupiter.engine.descriptor.TestMethodTestDescriptor.lambda$invokeTestMethod$6(TestMethodTestDescriptor.java:210)
	at org.junit.platform.engine.support.hierarchical.ThrowableCollector.e**cute(ThrowableCollector.java:73)
	at org.junit.jupiter.engine.descriptor.TestMethodTestDescriptor.invokeTestMethod(TestMethodTestDescriptor.java:206)
	at org.junit.jupiter.engine.descriptor.TestMethodTestDescriptor.e**cute(TestMethodTestDescriptor.java:131)
	at org.junit.jupiter.engine.descriptor.TestMethodTestDescriptor.e**cute(TestMethodTestDescriptor.java:65)
	at org.junit.platform.engine.support.hierarchical.NodeTestTask.lambda$e**cuteRecursively$5(NodeTestTask.java:139)
	at org.junit.platform.engine.support.hierarchical.ThrowableCollector.e**cute(ThrowableCollector.java:73)
	at org.junit.platform.engine.support.hierarchical.NodeTestTask.lambda$e**cuteRecursively$7(NodeTestTask.java:129)
	at org.junit.platform.engine.support.hierarchical.Node.around(Node.java:137)
	at org.junit.platform.engine.support.hierarchical.NodeTestTask.lambda$e**cuteRecursively$8(NodeTestTask.java:127)
	at org.junit.platform.engine.support.hierarchical.ThrowableCollector.e**cute(ThrowableCollector.java:73)
	at org.junit.platform.engine.support.hierarchical.NodeTestTask.e**cuteRecursively(NodeTestTask.java:126)
	at org.junit.platform.engine.support.hierarchical.NodeTestTask.e**cute(NodeTestTask.java:84)
	at org.junit.platform.engine.support.hierarchical.ForkJoinPoolHierarchicalTestE**cutorService$ExclusiveTask.compute(ForkJoinPoolHierarchicalTestE**cutorService.java:185)
	at org.junit.platform.engine.support.hierarchical.ForkJoinPoolHierarchicalTestE**cutorService.e**cuteNonConcurrentTasks(ForkJoinPoolHierarchicalTestE**cutorService.java:155)
	at org.junit.platform.engine.support.hierarchical.ForkJoinPoolHierarchicalTestE**cutorService.invokeAll(ForkJoinPoolHierarchicalTestE**cutorService.java:135)
	at org.junit.platform.engine.support.hierarchical.NodeTestTask.lambda$e**cuteRecursively$5(NodeTestTask.java:143)
	at org.junit.platform.engine.support.hierarchical.ThrowableCollector.e**cute(ThrowableCollector.java:73)
	at org.junit.platform.engine.support.hierarchical.NodeTestTask.lambda$e**cuteRecursively$7(NodeTestTask.java:129)
	at org.junit.platform.engine.support.hierarchical.Node.around(Node.java:137)
	at org.junit.platform.engine.support.hierarchical.NodeTestTask.lambda$e**cuteRecursively$8(NodeTestTask.java:127)
	at org.junit.platform.engine.support.hierarchical.ThrowableCollector.e**cute(ThrowableCollector.java:73)
	at org.junit.platform.engine.support.hierarchical.NodeTestTask.e**cuteRecursively(NodeTestTask.java:126)
	at org.junit.platform.engine.support.hierarchical.NodeTestTask.e**cute(NodeTestTask.java:84)
	at org.junit.platform.engine.support.hierarchical.ForkJoinPoolHierarchicalTestE**cutorService$ExclusiveTask.compute(ForkJoinPoolHierarchicalTestE**cutorService.java:185)
	at org.junit.platform.engine.support.hierarchical.ForkJoinPoolHierarchicalTestE**cutorService.e**cuteNonConcurrentTasks(ForkJoinPoolHierarchicalTestE**cutorService.java:155)
	at org.junit.platform.engine.support.hierarchical.ForkJoinPoolHierarchicalTestE**cutorService.invokeAll(ForkJoinPoolHierarchicalTestE**cutorService.java:135)
	at org.junit.platform.engine.support.hierarchical.NodeTestTask.lambda$e**cuteRecursively$5(NodeTestTask.java:143)
	at org.junit.platform.engine.support.hierarchical.ThrowableCollector.e**cute(ThrowableCollector.java:73)
	at org.junit.platform.engine.support.hierarchical.NodeTestTask.lambda$e**cuteRecursively$7(NodeTestTask.java:129)
	at org.junit.platform.engine.support.hierarchical.Node.around(Node.java:137)
	at org.junit.platform.engine.support.hierarchical.NodeTestTask.lambda$e**cuteRecursively$8(NodeTestTask.java:127)
	at org.junit.platform.engine.support.hierarchical.ThrowableCollector.e**cute(ThrowableCollector.java:73)
	at org.junit.platform.engine.support.hierarchical.NodeTestTask.e**cuteRecursively(NodeTestTask.java:126)
	at org.junit.platform.engine.support.hierarchical.NodeTestTask.e**cute(NodeTestTask.java:84)
	at org.junit.platform.engine.support.hierarchical.ForkJoinPoolHierarchicalTestE**cutorService$ExclusiveTask.compute(ForkJoinPoolHierarchicalTestE**cutorService.java:185)
	at java.base/java.util.concurrent.RecursiveAction.e**c(RecursiveAction.java:189)
	at java.base/java.util.concurrent.ForkJoinTask.doE**c(ForkJoinTask.java:290)
	at java.base/java.util.concurrent.ForkJoinPool$WorkQueue.topLevelE**c(ForkJoinPool.java:1020)
	at java.base/java.util.concurrent.ForkJoinPool.scan(ForkJoinPool.java:1656)
	at java.base/java.util.concurrent.ForkJoinPool.runWorker(ForkJoinPool.java:1594)
	at java.base/java.util.concurrent.ForkJoinWorkerThread.run(ForkJoinWorkerThread.java:177)

[WARNING] Tests run: 6, Failures: 0, Errors: 0, Skipped: 1, Time elapsed: 2.803 s - in org.entando.kubernetes.controller.MinimalDeploymentTest
[INFO] Running org.entando.kubernetes.controller.ExampleCapabilityTest
[INFO] Tests run: 2, Failures: 0, Errors: 0, Skipped: 0, Time elapsed: 1.065 s - in org.entando.kubernetes.controller.ExampleCapabilityTest
[INFO] Running org.entando.kubernetes.controller.support.client.impl.DefaultSecretClientTest
Nov 11, 2021 8:53:04 AM org.entando.kubernetes.controller.support.client.SecretClient createSecretIfAbsent
INFO: Entering method createSecretIfAbsent in class org.entando.kubernetes.controller.support.client.SecretClient with TestResource: entando-k8s-operator-common-cmms20-test99/my-app and with Secret: entando-k8s-operator-common-cmms20-test99/my-local-secret
Nov 11, 2021 8:53:04 AM org.entando.kubernetes.controller.support.client.SecretClient createSecretIfAbsent
INFO: Exiting method createSecretIfAbsent in class org.entando.kubernetes.controller.support.client.SecretClient
Nov 11, 2021 8:53:04 AM org.entando.kubernetes.controller.support.client.SecretClient createSecretIfAbsent
INFO: Entering method createSecretIfAbsent in class org.entando.kubernetes.controller.support.client.SecretClient with TestResource: entando-k8s-operator-common-cmms20-test99/my-app and with Secret: entando-k8s-operator-common-cmms20-test99/my-local-secret
Nov 11, 2021 8:53:04 AM org.entando.kubernetes.controller.support.client.SecretClient createSecretIfAbsent
INFO: Exiting method createSecretIfAbsent in class org.entando.kubernetes.controller.support.client.SecretClient
Nov 11, 2021 8:53:04 AM org.entando.kubernetes.controller.support.client.SecretClient loadSecret
INFO: Entering method loadSecret in class org.entando.kubernetes.controller.support.client.SecretClient with TestResource: entando-k8s-operator-common-cmms20-test99/my-app
Nov 11, 2021 8:53:04 AM org.entando.kubernetes.controller.support.client.SecretClient loadSecret
INFO: Exiting method loadSecret in class org.entando.kubernetes.controller.support.client.SecretClient
Nov 11, 2021 8:53:06 AM org.entando.kubernetes.controller.support.client.SecretClient overwriteControllerSecret
INFO: Entering method overwriteControllerSecret in class org.entando.kubernetes.controller.support.client.SecretClient with Secret: entando-k8s-operator-common-cmms20-test99/my-controller-secret
Nov 11, 2021 8:53:06 AM org.entando.kubernetes.controller.support.client.SecretClient overwriteControllerSecret
INFO: Exiting method overwriteControllerSecret in class org.entando.kubernetes.controller.support.client.SecretClient
Nov 11, 2021 8:53:06 AM org.entando.kubernetes.controller.support.client.SecretClient overwriteControllerSecret
INFO: Entering method overwriteControllerSecret in class org.entando.kubernetes.controller.support.client.SecretClient with Secret: **/my-controller-secret
Nov 11, 2021 8:53:06 AM org.entando.kubernetes.controller.support.client.SecretClient overwriteControllerSecret
INFO: Exiting method overwriteControllerSecret in class org.entando.kubernetes.controller.support.client.SecretClient
Nov 11, 2021 8:53:06 AM org.entando.kubernetes.controller.support.client.SecretClient loadControllerSecret
INFO: Entering method loadControllerSecret in class org.entando.kubernetes.controller.support.client.SecretClient with my-controller-secret
Nov 11, 2021 8:53:06 AM org.entando.kubernetes.controller.support.client.SecretClient loadControllerSecret
INFO: Exiting method loadControllerSecret in class org.entando.kubernetes.controller.support.client.SecretClient
Nov 11, 2021 8:53:09 AM org.entando.kubernetes.controller.support.client.SecretClient createConfigMapIfAbsent
INFO: Entering method createConfigMapIfAbsent in class org.entando.kubernetes.controller.support.client.SecretClient with TestResource: entando-k8s-operator-common-cmms20-test99/my-app and with ConfigMap: entando-k8s-operator-common-cmms20-test99/my-local-configmap
Nov 11, 2021 8:53:09 AM org.entando.kubernetes.controller.support.client.SecretClient createConfigMapIfAbsent
INFO: Exiting method createConfigMapIfAbsent in class org.entando.kubernetes.controller.support.client.SecretClient
Nov 11, 2021 8:53:09 AM org.entando.kubernetes.controller.support.client.SecretClient createConfigMapIfAbsent
INFO: Entering method createConfigMapIfAbsent in class org.entando.kubernetes.controller.support.client.SecretClient with TestResource: entando-k8s-operator-common-cmms20-test99/my-app and with ConfigMap: entando-k8s-operator-common-cmms20-test99/my-local-configmap
Nov 11, 2021 8:53:09 AM org.entando.kubernetes.controller.support.client.SecretClient createConfigMapIfAbsent
INFO: Exiting method createConfigMapIfAbsent in class org.entando.kubernetes.controller.support.client.SecretClient
Nov 11, 2021 8:53:09 AM org.entando.kubernetes.controller.support.client.SecretClient loadConfigMap
INFO: Entering method loadConfigMap in class org.entando.kubernetes.controller.support.client.SecretClient with TestResource: entando-k8s-operator-common-cmms20-test99/my-app
Nov 11, 2021 8:53:09 AM org.entando.kubernetes.controller.support.client.SecretClient loadConfigMap
INFO: Exiting method loadConfigMap in class org.entando.kubernetes.controller.support.client.SecretClient
Nov 11, 2021 8:53:11 AM org.entando.kubernetes.controller.support.client.SecretClient overwriteControllerConfigMap
INFO: Entering method overwriteControllerConfigMap in class org.entando.kubernetes.controller.support.client.SecretClient with ConfigMap: null/test-map-can-delete-this
Nov 11, 2021 8:53:11 AM org.entando.kubernetes.controller.support.client.SecretClient overwriteControllerConfigMap
INFO: Exiting method overwriteControllerConfigMap in class org.entando.kubernetes.controller.support.client.SecretClient
Nov 11, 2021 8:53:11 AM org.entando.kubernetes.controller.support.client.SecretClient overwriteControllerConfigMap
INFO: Entering method overwriteControllerConfigMap in class org.entando.kubernetes.controller.support.client.SecretClient with ConfigMap: null/test-map-can-delete-this
Nov 11, 2021 8:53:11 AM org.entando.kubernetes.controller.support.client.SecretClient overwriteControllerConfigMap
INFO: Exiting method overwriteControllerConfigMap in class org.entando.kubernetes.controller.support.client.SecretClient
Nov 11, 2021 8:53:11 AM org.entando.kubernetes.controller.support.client.SecretClient loadControllerConfigMap
INFO: Entering method loadControllerConfigMap in class org.entando.kubernetes.controller.support.client.SecretClient with test-map-can-delete-this
Nov 11, 2021 8:53:11 AM org.entando.kubernetes.controller.support.client.SecretClient loadControllerConfigMap
INFO: Exiting method loadControllerConfigMap in class org.entando.kubernetes.controller.support.client.SecretClient
[INFO] Tests run: 4, Failures: 0, Errors: 0, Skipped: 0, Time elapsed: 9.6 s - in org.entando.kubernetes.controller.support.client.impl.DefaultSecretClientTest
[INFO] Running org.entando.kubernetes.controller.support.client.impl.DefaultIngressClientTest
Nov 11, 2021 8:53:13 AM org.entando.kubernetes.controller.support.client.IngressClient createIngress
INFO: Entering method createIngress in class org.entando.kubernetes.controller.support.client.IngressClient with TestResource: entando-k8s-operator-common-cmms20-test99/my-app and with Ingress: entando-k8s-operator-common-cmms20-test99/my-ingress
Nov 11, 2021 8:53:13 AM org.entando.kubernetes.controller.support.client.IngressClient createIngress
INFO: Exiting method createIngress in class org.entando.kubernetes.controller.support.client.IngressClient
Nov 11, 2021 8:53:13 AM org.entando.kubernetes.controller.support.client.IngressClient addHttpPath
INFO: Entering method addHttpPath in class org.entando.kubernetes.controller.support.client.IngressClient with Ingress: entando-k8s-operator-common-cmms20-test99/my-ingress
Nov 11, 2021 8:53:13 AM org.entando.kubernetes.controller.support.client.IngressClient addHttpPath
INFO: Exiting method addHttpPath in class org.entando.kubernetes.controller.support.client.IngressClient
Nov 11, 2021 8:53:13 AM org.entando.kubernetes.controller.support.client.IngressClient loadIngress
INFO: Entering method loadIngress in class org.entando.kubernetes.controller.support.client.IngressClient with entando-k8s-operator-common-cmms20-test99,my-ingress
Nov 11, 2021 8:53:13 AM org.entando.kubernetes.controller.support.client.IngressClient loadIngress
INFO: Exiting method loadIngress in class org.entando.kubernetes.controller.support.client.IngressClient
Nov 11, 2021 8:53:16 AM org.entando.kubernetes.controller.support.client.IngressClient createIngress
INFO: Entering method createIngress in class org.entando.kubernetes.controller.support.client.IngressClient with TestResource: entando-k8s-operator-common-cmms20-test99/my-app and with Ingress: entando-k8s-operator-common-cmms20-test99/my-ingress
Nov 11, 2021 8:53:16 AM org.entando.kubernetes.controller.support.client.IngressClient createIngress
INFO: Exiting method createIngress in class org.entando.kubernetes.controller.support.client.IngressClient
Nov 11, 2021 8:53:16 AM org.entando.kubernetes.controller.support.client.IngressClient removeHttpPath
INFO: Entering method removeHttpPath in class org.entando.kubernetes.controller.support.client.IngressClient with Ingress: entando-k8s-operator-common-cmms20-test99/my-ingress
Nov 11, 2021 8:53:16 AM org.entando.kubernetes.controller.support.client.IngressClient removeHttpPath
INFO: Exiting method removeHttpPath in class org.entando.kubernetes.controller.support.client.IngressClient
[WARNING] Tests run: 3, Failures: 0, Errors: 0, Skipped: 1, Time elapsed: 4.651 s - in org.entando.kubernetes.controller.support.client.impl.DefaultIngressClientTest
[INFO] Running org.entando.kubernetes.controller.support.client.impl.DefaultKeycloakClientTest
[INFO] Tests run: 4, Failures: 0, Errors: 0, Skipped: 0, Time elapsed: 9.428 s - in org.entando.kubernetes.controller.support.client.impl.DefaultKeycloakClientTest
[INFO] Running org.entando.kubernetes.controller.support.client.impl.DefaultServiceAccountClientTest
Nov 11, 2021 8:53:28 AM org.entando.kubernetes.controller.support.client.ServiceAccountClient createRoleIfAbsent
INFO: Entering method createRoleIfAbsent in class org.entando.kubernetes.controller.support.client.ServiceAccountClient with TestResource: entando-k8s-operator-common-cmms20-test99/my-app and with Role: entando-k8s-operator-common-cmms20-test99/my-role
Nov 11, 2021 8:53:28 AM org.entando.kubernetes.controller.support.client.ServiceAccountClient createRoleIfAbsent
INFO: Exiting method createRoleIfAbsent in class org.entando.kubernetes.controller.support.client.ServiceAccountClient
Nov 11, 2021 8:53:28 AM org.entando.kubernetes.controller.support.client.ServiceAccountClient createRoleIfAbsent
INFO: Entering method createRoleIfAbsent in class org.entando.kubernetes.controller.support.client.ServiceAccountClient with TestResource: entando-k8s-operator-common-cmms20-test99/my-app and with Role: entando-k8s-operator-common-cmms20-test99/my-role
Nov 11, 2021 8:53:28 AM org.entando.kubernetes.controller.support.client.ServiceAccountClient createRoleIfAbsent
INFO: Exiting method createRoleIfAbsent in class org.entando.kubernetes.controller.support.client.ServiceAccountClient
Nov 11, 2021 8:53:28 AM org.entando.kubernetes.controller.support.client.ServiceAccountClient loadRole
INFO: Entering method loadRole in class org.entando.kubernetes.controller.support.client.ServiceAccountClient with TestResource: entando-k8s-operator-common-cmms20-test99/my-app
Nov 11, 2021 8:53:28 AM org.entando.kubernetes.controller.support.client.ServiceAccountClient loadRole
INFO: Exiting method loadRole in class org.entando.kubernetes.controller.support.client.ServiceAccountClient
Nov 11, 2021 8:53:31 AM org.entando.kubernetes.controller.support.client.ServiceAccountClient findOrCreateServiceAccount
INFO: Entering method findOrCreateServiceAccount in class org.entando.kubernetes.controller.support.client.ServiceAccountClient with TestResource: entando-k8s-operator-common-cmms20-test99/my-app
Nov 11, 2021 8:53:31 AM org.entando.kubernetes.controller.support.client.ServiceAccountClient findOrCreateServiceAccount
INFO: Exiting method findOrCreateServiceAccount in class org.entando.kubernetes.controller.support.client.ServiceAccountClient
Nov 11, 2021 8:53:31 AM org.entando.kubernetes.controller.support.client.ServiceAccountClient createRoleIfAbsent
INFO: Entering method createRoleIfAbsent in class org.entando.kubernetes.controller.support.client.ServiceAccountClient with TestResource: entando-k8s-operator-common-cmms20-test99/my-app and with Role: entando-k8s-operator-common-cmms20-test99/my-role
Nov 11, 2021 8:53:32 AM org.entando.kubernetes.controller.support.client.ServiceAccountClient createRoleIfAbsent
INFO: Exiting method createRoleIfAbsent in class org.entando.kubernetes.controller.support.client.ServiceAccountClient
Nov 11, 2021 8:53:32 AM org.entando.kubernetes.controller.support.client.ServiceAccountClient createRoleBindingIfAbsent
INFO: Entering method createRoleBindingIfAbsent in class org.entando.kubernetes.controller.support.client.ServiceAccountClient with TestResource: entando-k8s-operator-common-cmms20-test99/my-app and with RoleBinding: entando-k8s-operator-common-cmms20-test99/my-role-binding
Nov 11, 2021 8:53:32 AM org.entando.kubernetes.controller.support.client.ServiceAccountClient createRoleBindingIfAbsent
INFO: Exiting method createRoleBindingIfAbsent in class org.entando.kubernetes.controller.support.client.ServiceAccountClient
Nov 11, 2021 8:53:32 AM org.entando.kubernetes.controller.support.client.ServiceAccountClient createRoleBindingIfAbsent
INFO: Entering method createRoleBindingIfAbsent in class org.entando.kubernetes.controller.support.client.ServiceAccountClient with TestResource: entando-k8s-operator-common-cmms20-test99/my-app and with RoleBinding: null/my-role-binding
Nov 11, 2021 8:53:32 AM org.entando.kubernetes.controller.support.client.ServiceAccountClient createRoleBindingIfAbsent
INFO: Exiting method createRoleBindingIfAbsent in class org.entando.kubernetes.controller.support.client.ServiceAccountClient
Nov 11, 2021 8:53:32 AM org.entando.kubernetes.controller.support.client.ServiceAccountClient loadRoleBinding
INFO: Entering method loadRoleBinding in class org.entando.kubernetes.controller.support.client.ServiceAccountClient with TestResource: entando-k8s-operator-common-cmms20-test99/my-app
Nov 11, 2021 8:53:32 AM org.entando.kubernetes.controller.support.client.ServiceAccountClient loadRoleBinding
INFO: Exiting method loadRoleBinding in class org.entando.kubernetes.controller.support.client.ServiceAccountClient
Nov 11, 2021 8:53:34 AM org.entando.kubernetes.controller.support.client.ServiceAccountClient findOrCreateServiceAccount
INFO: Entering method findOrCreateServiceAccount in class org.entando.kubernetes.controller.support.client.ServiceAccountClient with TestResource: entando-k8s-operator-common-cmms20-test99/my-app
Nov 11, 2021 8:53:34 AM org.entando.kubernetes.controller.support.client.ServiceAccountClient findOrCreateServiceAccount
INFO: Exiting method findOrCreateServiceAccount in class org.entando.kubernetes.controller.support.client.ServiceAccountClient
Nov 11, 2021 8:53:34 AM org.entando.kubernetes.controller.support.client.ServiceAccountClient findOrCreateServiceAccount
INFO: Entering method findOrCreateServiceAccount in class org.entando.kubernetes.controller.support.client.ServiceAccountClient with TestResource: entando-k8s-operator-common-cmms20-test99/my-app
Nov 11, 2021 8:53:34 AM org.entando.kubernetes.controller.support.client.ServiceAccountClient findOrCreateServiceAccount
INFO: Exiting method findOrCreateServiceAccount in class org.entando.kubernetes.controller.support.client.ServiceAccountClient
[INFO] Tests run: 3, Failures: 0, Errors: 0, Skipped: 0, Time elapsed: 8.559 s - in org.entando.kubernetes.controller.support.client.impl.DefaultServiceAccountClientTest
[INFO] Running org.entando.kubernetes.controller.support.client.impl.DefaultPersistentVolumentClaimClientTest
Nov 11, 2021 8:53:36 AM org.entando.kubernetes.controller.support.client.PersistentVolumeClaimClient createPersistentVolumeClaimIfAbsent
INFO: Entering method createPersistentVolumeClaimIfAbsent in class org.entando.kubernetes.controller.support.client.PersistentVolumeClaimClient with TestResource: entando-k8s-operator-common-cmms20-test99/my-app and with PersistentVolumeClaim: entando-k8s-operator-common-cmms20-test99/my-pvc
Nov 11, 2021 8:53:36 AM org.entando.kubernetes.controller.support.client.PersistentVolumeClaimClient createPersistentVolumeClaimIfAbsent
INFO: Exiting method createPersistentVolumeClaimIfAbsent in class org.entando.kubernetes.controller.support.client.PersistentVolumeClaimClient
Nov 11, 2021 8:53:36 AM org.entando.kubernetes.controller.support.client.PersistentVolumeClaimClient createPersistentVolumeClaimIfAbsent
INFO: Entering method createPersistentVolumeClaimIfAbsent in class org.entando.kubernetes.controller.support.client.PersistentVolumeClaimClient with TestResource: entando-k8s-operator-common-cmms20-test99/my-app and with PersistentVolumeClaim: entando-k8s-operator-common-cmms20-test99/my-pvc
Nov 11, 2021 8:53:37 AM org.entando.kubernetes.controller.support.client.PersistentVolumeClaimClient createPersistentVolumeClaimIfAbsent
INFO: Exiting method createPersistentVolumeClaimIfAbsent in class org.entando.kubernetes.controller.support.client.PersistentVolumeClaimClient
Nov 11, 2021 8:53:37 AM org.entando.kubernetes.controller.support.client.PersistentVolumeClaimClient loadPersistentVolumeClaim
INFO: Entering method loadPersistentVolumeClaim in class org.entando.kubernetes.controller.support.client.PersistentVolumeClaimClient with TestResource: entando-k8s-operator-common-cmms20-test99/my-app
Nov 11, 2021 8:53:37 AM org.entando.kubernetes.controller.support.client.PersistentVolumeClaimClient loadPersistentVolumeClaim
INFO: Exiting method loadPersistentVolumeClaim in class org.entando.kubernetes.controller.support.client.PersistentVolumeClaimClient
[INFO] Tests run: 1, Failures: 0, Errors: 0, Skipped: 0, Time elapsed: 2.674 s - in org.entando.kubernetes.controller.support.client.impl.DefaultPersistentVolumentClaimClientTest
[INFO] Running org.entando.kubernetes.controller.support.client.impl.DefaultDeploymentClientTest
Nov 11, 2021 8:53:39 AM org.entando.kubernetes.controller.support.client.DeploymentClient createOrPatchDeployment
INFO: Entering method createOrPatchDeployment in class org.entando.kubernetes.controller.support.client.DeploymentClient with TestResource: entando-k8s-operator-common-cmms20-test99/my-app and with Deployment: entando-k8s-operator-common-cmms20-test99/my-deployment
Nov 11, 2021 8:53:39 AM org.entando.kubernetes.controller.support.client.DeploymentClient createOrPatchDeployment
INFO: Exiting method createOrPatchDeployment in class org.entando.kubernetes.controller.support.client.DeploymentClient
Nov 11, 2021 8:53:39 AM org.entando.kubernetes.controller.support.client.DeploymentClient createOrPatchDeployment
INFO: Entering method createOrPatchDeployment in class org.entando.kubernetes.controller.support.client.DeploymentClient with TestResource: entando-k8s-operator-common-cmms20-test99/my-app and with Deployment: entando-k8s-operator-common-cmms20-test99/my-deployment
Nov 11, 2021 8:53:52 AM org.entando.kubernetes.controller.support.client.DeploymentClient createOrPatchDeployment
INFO: Exiting method createOrPatchDeployment in class org.entando.kubernetes.controller.support.client.DeploymentClient
Nov 11, 2021 8:53:52 AM org.entando.kubernetes.controller.support.client.DeploymentClient loadDeployment
INFO: Entering method loadDeployment in class org.entando.kubernetes.controller.support.client.DeploymentClient with TestResource: entando-k8s-operator-common-cmms20-test99/my-app
Nov 11, 2021 8:53:52 AM org.entando.kubernetes.controller.support.client.DeploymentClient loadDeployment
INFO: Exiting method loadDeployment in class org.entando.kubernetes.controller.support.client.DeploymentClient
[INFO] Tests run: 1, Failures: 0, Errors: 0, Skipped: 0, Time elapsed: 15.739 s - in org.entando.kubernetes.controller.support.client.impl.DefaultDeploymentClientTest
[INFO] Running org.entando.kubernetes.controller.support.client.impl.DefaultCapabilityClientTest
Nov 11, 2021 8:53:55 AM org.entando.kubernetes.controller.spi.client.KubernetesClientForControllers createOrPatchEntandoResource
INFO: Entering method createOrPatchEntandoResource in class org.entando.kubernetes.controller.spi.client.KubernetesClientForControllers with ProvidedCapability: entando-k8s-operator-common-cmms20-test99/my-capability1
Nov 11, 2021 8:53:55 AM org.entando.kubernetes.controller.spi.client.KubernetesClientForControllers createOrPatchEntandoResource
INFO: Exiting method createOrPatchEntandoResource in class org.entando.kubernetes.controller.spi.client.KubernetesClientForControllers
Nov 11, 2021 8:53:55 AM org.entando.kubernetes.controller.spi.client.KubernetesClientForControllers createOrPatchEntandoResource
INFO: Entering method createOrPatchEntandoResource in class org.entando.kubernetes.controller.spi.client.KubernetesClientForControllers with ProvidedCapability: entando-k8s-operator-common-cmms20-test992/my-capability2
Nov 11, 2021 8:53:55 AM org.entando.kubernetes.controller.spi.client.KubernetesClientForControllers createOrPatchEntandoResource
INFO: Exiting method createOrPatchEntandoResource in class org.entando.kubernetes.controller.spi.client.KubernetesClientForControllers
Nov 11, 2021 8:53:55 AM org.entando.kubernetes.controller.support.client.ServiceAccountClient findOrCreateServiceAccount
INFO: Entering method findOrCreateServiceAccount in class org.entando.kubernetes.controller.support.client.ServiceAccountClient with ProvidedCapability: entando-k8s-operator-common-cmms20-test99/my-capability1
Nov 11, 2021 8:53:55 AM org.entando.kubernetes.controller.support.client.ServiceAccountClient findOrCreateServiceAccount
INFO: Exiting method findOrCreateServiceAccount in class org.entando.kubernetes.controller.support.client.ServiceAccountClient
Nov 11, 2021 8:53:55 AM org.entando.kubernetes.controller.support.client.ServiceAccountClient createRoleBindingIfAbsent
INFO: Entering method createRoleBindingIfAbsent in class org.entando.kubernetes.controller.support.client.ServiceAccountClient with ProvidedCapability: entando-k8s-operator-common-cmms20-test99/my-capability1 and with RoleBinding: null/test-account-entando-editor
Nov 11, 2021 8:53:55 AM org.entando.kubernetes.controller.support.client.ServiceAccountClient createRoleBindingIfAbsent
INFO: Exiting method createRoleBindingIfAbsent in class org.entando.kubernetes.controller.support.client.ServiceAccountClient
Nov 11, 2021 8:53:55 AM org.entando.kubernetes.controller.support.client.ServiceAccountClient createRoleBindingIfAbsent
INFO: Entering method createRoleBindingIfAbsent in class org.entando.kubernetes.controller.support.client.ServiceAccountClient with ProvidedCapability: entando-k8s-operator-common-cmms20-test992/my-capability2 and with RoleBinding: null/test-account-entando-editor
Nov 11, 2021 8:53:55 AM org.entando.kubernetes.controller.support.client.ServiceAccountClient createRoleBindingIfAbsent
INFO: Exiting method createRoleBindingIfAbsent in class org.entando.kubernetes.controller.support.client.ServiceAccountClient
Nov 11, 2021 8:53:55 AM org.entando.kubernetes.controller.support.client.CapabilityClient providedCapabilityByLabels
INFO: Entering method providedCapabilityByLabels in class org.entando.kubernetes.controller.support.client.CapabilityClient with {my-label=value1}
Nov 11, 2021 8:53:56 AM org.entando.kubernetes.controller.support.client.CapabilityClient providedCapabilityByLabels
INFO: Exiting method providedCapabilityByLabels in class org.entando.kubernetes.controller.support.client.CapabilityClient
Nov 11, 2021 8:53:56 AM org.entando.kubernetes.controller.support.client.CapabilityClient providedCapabilityByLabels
INFO: Entering method providedCapabilityByLabels in class org.entando.kubernetes.controller.support.client.CapabilityClient with {my-label=value2}
Nov 11, 2021 8:53:56 AM org.entando.kubernetes.controller.support.client.CapabilityClient providedCapabilityByLabels
INFO: Exiting method providedCapabilityByLabels in class org.entando.kubernetes.controller.support.client.CapabilityClient
Nov 11, 2021 8:54:01 AM org.entando.kubernetes.controller.support.client.CapabilityClient createOrPatchCapability
INFO: Entering method createOrPatchCapability in class org.entando.kubernetes.controller.support.client.CapabilityClient with ProvidedCapability: entando-k8s-operator-common-cmms20-test99/my-capability
Nov 11, 2021 8:54:01 AM org.entando.kubernetes.controller.support.client.CapabilityClient createOrPatchCapability
INFO: Exiting method createOrPatchCapability in class org.entando.kubernetes.controller.support.client.CapabilityClient
Nov 11, 2021 8:54:01 AM org.entando.kubernetes.controller.support.client.CapabilityClient waitForCapabilityCompletion
INFO: Entering method waitForCapabilityCompletion in class org.entando.kubernetes.controller.support.client.CapabilityClient with ProvidedCapability: entando-k8s-operator-common-cmms20-test99/my-capability
Nov 11, 2021 8:54:03 AM org.entando.kubernetes.controller.spi.client.KubernetesClientForControllers load
INFO: Entering method load in class org.entando.kubernetes.controller.spi.client.KubernetesClientForControllers with class org.entando.kubernetes.model.capability.ProvidedCapability,entando-k8s-operator-common-cmms20-test99,my-capability
Nov 11, 2021 8:54:03 AM org.entando.kubernetes.controller.spi.client.KubernetesClientForControllers load
INFO: Exiting method load in class org.entando.kubernetes.controller.spi.client.KubernetesClientForControllers
Nov 11, 2021 8:54:03 AM org.entando.kubernetes.controller.spi.client.KubernetesClientForControllers load
INFO: Entering method load in class org.entando.kubernetes.controller.spi.client.KubernetesClientForControllers with class org.entando.kubernetes.model.capability.ProvidedCapability,entando-k8s-operator-common-cmms20-test99,my-capability
Nov 11, 2021 8:54:03 AM org.entando.kubernetes.controller.spi.client.KubernetesClientForControllers load
INFO: Exiting method load in class org.entando.kubernetes.controller.spi.client.KubernetesClientForControllers
Nov 11, 2021 8:54:03 AM org.entando.kubernetes.controller.spi.client.KubernetesClientForControllers getNamespace
INFO: Entering method getNamespace in class org.entando.kubernetes.controller.spi.client.KubernetesClientForControllers
Nov 11, 2021 8:54:03 AM org.entando.kubernetes.controller.spi.client.KubernetesClientForControllers getNamespace
INFO: Exiting method getNamespace in class org.entando.kubernetes.controller.spi.client.KubernetesClientForControllers
Nov 11, 2021 8:54:03 AM org.entando.kubernetes.controller.spi.client.KubernetesClientForControllers updateStatus
INFO: Entering method updateStatus in class org.entando.kubernetes.controller.spi.client.KubernetesClientForControllers with ProvidedCapability: entando-k8s-operator-common-cmms20-test99/my-capability
Nov 11, 2021 8:54:03 AM org.entando.kubernetes.controller.spi.client.KubernetesClientForControllers updateStatus
INFO: Exiting method updateStatus in class org.entando.kubernetes.controller.spi.client.KubernetesClientForControllers
Nov 11, 2021 8:54:03 AM org.entando.kubernetes.controller.spi.client.KubernetesClientForControllers updatePhase
INFO: Entering method updatePhase in class org.entando.kubernetes.controller.spi.client.KubernetesClientForControllers with ProvidedCapability: entando-k8s-operator-common-cmms20-test99/my-capability
Nov 11, 2021 8:54:03 AM org.entando.kubernetes.controller.spi.client.KubernetesClientForControllers updatePhase
INFO: Exiting method updatePhase in class org.entando.kubernetes.controller.spi.client.KubernetesClientForControllers
Nov 11, 2021 8:54:03 AM org.entando.kubernetes.controller.support.client.CapabilityClient waitForCapabilityCompletion
INFO: Exiting method waitForCapabilityCompletion in class org.entando.kubernetes.controller.support.client.CapabilityClient
Nov 11, 2021 8:54:09 AM org.entando.kubernetes.controller.spi.client.KubernetesClientForControllers createOrPatchEntandoResource
INFO: Entering method createOrPatchEntandoResource in class org.entando.kubernetes.controller.spi.client.KubernetesClientForControllers with ProvidedCapability: entando-k8s-operator-common-cmms20-test99/my-capability1
Nov 11, 2021 8:54:09 AM org.entando.kubernetes.controller.spi.client.KubernetesClientForControllers createOrPatchEntandoResource
INFO: Exiting method createOrPatchEntandoResource in class org.entando.kubernetes.controller.spi.client.KubernetesClientForControllers
Nov 11, 2021 8:54:09 AM org.entando.kubernetes.controller.spi.client.KubernetesClientForControllers createOrPatchEntandoResource
INFO: Entering method createOrPatchEntandoResource in class org.entando.kubernetes.controller.spi.client.KubernetesClientForControllers with ProvidedCapability: entando-k8s-operator-common-cmms20-test992/my-capability2
Nov 11, 2021 8:54:09 AM org.entando.kubernetes.controller.spi.client.KubernetesClientForControllers createOrPatchEntandoResource
INFO: Exiting method createOrPatchEntandoResource in class org.entando.kubernetes.controller.spi.client.KubernetesClientForControllers
Nov 11, 2021 8:54:09 AM org.entando.kubernetes.controller.support.client.CapabilityClient providedCapabilityByLabels
INFO: Entering method providedCapabilityByLabels in class org.entando.kubernetes.controller.support.client.CapabilityClient with {my-label=value1}
Nov 11, 2021 8:54:09 AM org.entando.kubernetes.controller.support.client.CapabilityClient providedCapabilityByLabels
INFO: Exiting method providedCapabilityByLabels in class org.entando.kubernetes.controller.support.client.CapabilityClient
Nov 11, 2021 8:54:09 AM org.entando.kubernetes.controller.support.client.CapabilityClient providedCapabilityByLabels
INFO: Entering method providedCapabilityByLabels in class org.entando.kubernetes.controller.support.client.CapabilityClient with {my-label=value2}
Nov 11, 2021 8:54:09 AM org.entando.kubernetes.controller.support.client.CapabilityClient providedCapabilityByLabels
INFO: Exiting method providedCapabilityByLabels in class org.entando.kubernetes.controller.support.client.CapabilityClient
Nov 11, 2021 8:54:16 AM org.entando.kubernetes.controller.spi.client.KubernetesClientForControllers createOrPatchEntandoResource
INFO: Entering method createOrPatchEntandoResource in class org.entando.kubernetes.controller.spi.client.KubernetesClientForControllers with ProvidedCapability: entando-k8s-operator-common-cmms20-test99/my-capability
Nov 11, 2021 8:54:16 AM org.entando.kubernetes.controller.spi.client.KubernetesClientForControllers createOrPatchEntandoResource
INFO: Exiting method createOrPatchEntandoResource in class org.entando.kubernetes.controller.spi.client.KubernetesClientForControllers
Nov 11, 2021 8:54:16 AM org.entando.kubernetes.controller.support.client.CapabilityClient providedCapabilityByName
INFO: Entering method providedCapabilityByName in class org.entando.kubernetes.controller.support.client.CapabilityClient with entando-k8s-operator-common-cmms20-test99,my-capability
Nov 11, 2021 8:54:16 AM org.entando.kubernetes.controller.support.client.CapabilityClient providedCapabilityByName
INFO: Exiting method providedCapabilityByName in class org.entando.kubernetes.controller.support.client.CapabilityClient
Nov 11, 2021 8:54:20 AM org.entando.kubernetes.controller.spi.client.KubernetesClientForControllers createOrPatchEntandoResource
INFO: Entering method createOrPatchEntandoResource in class org.entando.kubernetes.controller.spi.client.KubernetesClientForControllers with ProvidedCapability: entando-k8s-operator-common-cmms20-test99/my-capability1
Nov 11, 2021 8:54:20 AM org.entando.kubernetes.controller.spi.client.KubernetesClientForControllers createOrPatchEntandoResource
INFO: Exiting method createOrPatchEntandoResource in class org.entando.kubernetes.controller.spi.client.KubernetesClientForControllers
Nov 11, 2021 8:54:20 AM org.entando.kubernetes.controller.spi.client.KubernetesClientForControllers createOrPatchEntandoResource
INFO: Entering method createOrPatchEntandoResource in class org.entando.kubernetes.controller.spi.client.KubernetesClientForControllers with ProvidedCapability: entando-k8s-operator-common-cmms20-test992/my-capability2
Nov 11, 2021 8:54:20 AM org.entando.kubernetes.controller.spi.client.KubernetesClientForControllers createOrPatchEntandoResource
INFO: Exiting method createOrPatchEntandoResource in class org.entando.kubernetes.controller.spi.client.KubernetesClientForControllers
Nov 11, 2021 8:54:20 AM org.entando.kubernetes.controller.support.client.CapabilityClient providedCapabilityByLabels
INFO: Entering method providedCapabilityByLabels in class org.entando.kubernetes.controller.support.client.CapabilityClient with entando-k8s-operator-common-cmms20-test99,{my-label=value1}
Nov 11, 2021 8:54:20 AM org.entando.kubernetes.controller.support.client.CapabilityClient providedCapabilityByLabels
INFO: Exiting method providedCapabilityByLabels in class org.entando.kubernetes.controller.support.client.CapabilityClient
Nov 11, 2021 8:54:20 AM org.entando.kubernetes.controller.support.client.CapabilityClient providedCapabilityByLabels
INFO: Entering method providedCapabilityByLabels in class org.entando.kubernetes.controller.support.client.CapabilityClient with entando-k8s-operator-common-cmms20-test99,{my-label=value2}
Nov 11, 2021 8:54:20 AM org.entando.kubernetes.controller.support.client.CapabilityClient providedCapabilityByLabels
INFO: Exiting method providedCapabilityByLabels in class org.entando.kubernetes.controller.support.client.CapabilityClient
Nov 11, 2021 8:54:25 AM org.entando.kubernetes.controller.spi.client.KubernetesClientForControllers createOrPatchEntandoResource
INFO: Entering method createOrPatchEntandoResource in class org.entando.kubernetes.controller.spi.client.KubernetesClientForControllers with ProvidedCapability: entando-k8s-operator-common-cmms20-test99/my-capability
Nov 11, 2021 8:54:25 AM org.entando.kubernetes.controller.spi.client.KubernetesClientForControllers createOrPatchEntandoResource
INFO: Exiting method createOrPatchEntandoResource in class org.entando.kubernetes.controller.spi.client.KubernetesClientForControllers
Nov 11, 2021 8:54:25 AM org.entando.kubernetes.controller.support.client.IngressClient loadIngress
INFO: Entering method loadIngress in class org.entando.kubernetes.controller.support.client.IngressClient with entando-k8s-operator-common-cmms20-test99,my-capability-ingress
Nov 11, 2021 8:54:25 AM org.entando.kubernetes.controller.support.client.IngressClient loadIngress
INFO: Exiting method loadIngress in class org.entando.kubernetes.controller.support.client.IngressClient
Nov 11, 2021 8:54:25 AM org.entando.kubernetes.controller.support.client.IngressClient createIngress
INFO: Entering method createIngress in class org.entando.kubernetes.controller.support.client.IngressClient with ProvidedCapability: entando-k8s-operator-common-cmms20-test99/my-capability and with Ingress: entando-k8s-operator-common-cmms20-test99/my-capability-ingress
Nov 11, 2021 8:54:25 AM org.entando.kubernetes.controller.support.client.IngressClient createIngress
INFO: Exiting method createIngress in class org.entando.kubernetes.controller.support.client.IngressClient
Nov 11, 2021 8:54:25 AM org.entando.kubernetes.controller.support.client.ServiceClient createOrReplaceService
INFO: Entering method createOrReplaceService in class org.entando.kubernetes.controller.support.client.ServiceClient with ProvidedCapability: entando-k8s-operator-common-cmms20-test99/my-capability and with Service: entando-k8s-operator-common-cmms20-test99/my-capability-service
Nov 11, 2021 8:54:25 AM org.entando.kubernetes.controller.support.client.ServiceClient createOrReplaceService
INFO: Exiting method createOrReplaceService in class org.entando.kubernetes.controller.support.client.ServiceClient
Nov 11, 2021 8:54:25 AM org.entando.kubernetes.controller.support.client.SecretClient createSecretIfAbsent
INFO: Entering method createSecretIfAbsent in class org.entando.kubernetes.controller.support.client.SecretClient with ProvidedCapability: entando-k8s-operator-common-cmms20-test99/my-capability and with Secret: entando-k8s-operator-common-cmms20-test99/my-capability-*****-secret
Nov 11, 2021 8:54:25 AM org.entando.kubernetes.controller.support.client.SecretClient createSecretIfAbsent
INFO: Exiting method createSecretIfAbsent in class org.entando.kubernetes.controller.support.client.SecretClient
Nov 11, 2021 8:54:25 AM org.entando.kubernetes.controller.support.client.SecretClient loadSecret
INFO: Entering method loadSecret in class org.entando.kubernetes.controller.support.client.SecretClient with ProvidedCapability: entando-k8s-operator-common-cmms20-test99/my-capability
Nov 11, 2021 8:54:25 AM org.entando.kubernetes.controller.support.client.SecretClient loadSecret
INFO: Exiting method loadSecret in class org.entando.kubernetes.controller.support.client.SecretClient
Nov 11, 2021 8:54:25 AM org.entando.kubernetes.controller.spi.client.KubernetesClientForControllers getNamespace
INFO: Entering method getNamespace in class org.entando.kubernetes.controller.spi.client.KubernetesClientForControllers
Nov 11, 2021 8:54:25 AM org.entando.kubernetes.controller.spi.client.KubernetesClientForControllers getNamespace
INFO: Exiting method getNamespace in class org.entando.kubernetes.controller.spi.client.KubernetesClientForControllers
Nov 11, 2021 8:54:25 AM org.entando.kubernetes.controller.spi.client.KubernetesClientForControllers updateStatus
INFO: Entering method updateStatus in class org.entando.kubernetes.controller.spi.client.KubernetesClientForControllers with ProvidedCapability: entando-k8s-operator-common-cmms20-test99/my-capability
Nov 11, 2021 8:54:25 AM org.entando.kubernetes.controller.spi.client.KubernetesClientForControllers updateStatus
INFO: Exiting method updateStatus in class org.entando.kubernetes.controller.spi.client.KubernetesClientForControllers
Nov 11, 2021 8:54:25 AM org.entando.kubernetes.controller.spi.client.KubernetesClientForControllers updatePhase
INFO: Entering method updatePhase in class org.entando.kubernetes.controller.spi.client.KubernetesClientForControllers with ProvidedCapability: entando-k8s-operator-common-cmms20-test99/my-capability
Nov 11, 2021 8:54:25 AM org.entando.kubernetes.controller.spi.client.KubernetesClientForControllers updatePhase
INFO: Exiting method updatePhase in class org.entando.kubernetes.controller.spi.client.KubernetesClientForControllers
Nov 11, 2021 8:54:25 AM org.entando.kubernetes.controller.support.client.EntandoResourceClient reload
INFO: Entering method reload in class org.entando.kubernetes.controller.support.client.EntandoResourceClient with ProvidedCapability: entando-k8s-operator-common-cmms20-test99/my-capability
Nov 11, 2021 8:54:25 AM org.entando.kubernetes.controller.support.client.EntandoResourceClient reload
INFO: Exiting method reload in class org.entando.kubernetes.controller.support.client.EntandoResourceClient
Nov 11, 2021 8:54:25 AM org.entando.kubernetes.controller.support.client.CapabilityClient buildCapabilityProvisioningResult
INFO: Entering method buildCapabilityProvisioningResult in class org.entando.kubernetes.controller.support.client.CapabilityClient with ProvidedCapability: entando-k8s-operator-common-cmms20-test99/my-capability
Nov 11, 2021 8:54:25 AM org.entando.kubernetes.controller.support.client.CapabilityClient buildCapabilityProvisioningResult
INFO: Exiting method buildCapabilityProvisioningResult in class org.entando.kubernetes.controller.support.client.CapabilityClient
Nov 11, 2021 8:54:30 AM org.entando.kubernetes.controller.spi.client.KubernetesClientForControllers createOrPatchEntandoResource
INFO: Entering method createOrPatchEntandoResource in class org.entando.kubernetes.controller.spi.client.KubernetesClientForControllers with ProvidedCapability: entando-k8s-operator-common-cmms20-test99/my-capability1
Nov 11, 2021 8:54:30 AM org.entando.kubernetes.controller.spi.client.KubernetesClientForControllers createOrPatchEntandoResource
INFO: Exiting method createOrPatchEntandoResource in class org.entando.kubernetes.controller.spi.client.KubernetesClientForControllers
Nov 11, 2021 8:54:30 AM org.entando.kubernetes.controller.spi.client.KubernetesClientForControllers createOrPatchEntandoResource
INFO: Entering method createOrPatchEntandoResource in class org.entando.kubernetes.controller.spi.client.KubernetesClientForControllers with ProvidedCapability: entando-k8s-operator-common-cmms20-test992/my-capability2
Nov 11, 2021 8:54:30 AM org.entando.kubernetes.controller.spi.client.KubernetesClientForControllers createOrPatchEntandoResource
INFO: Exiting method createOrPatchEntandoResource in class org.entando.kubernetes.controller.spi.client.KubernetesClientForControllers
Nov 11, 2021 8:54:30 AM org.entando.kubernetes.controller.support.client.ServiceAccountClient findOrCreateServiceAccount
INFO: Entering method findOrCreateServiceAccount in class org.entando.kubernetes.controller.support.client.ServiceAccountClient with ProvidedCapability: entando-k8s-operator-common-cmms20-test99/my-capability1
Nov 11, 2021 8:54:30 AM org.entando.kubernetes.controller.support.client.ServiceAccountClient findOrCreateServiceAccount
INFO: Exiting method findOrCreateServiceAccount in class org.entando.kubernetes.controller.support.client.ServiceAccountClient
Nov 11, 2021 8:54:30 AM org.entando.kubernetes.controller.support.client.ServiceAccountClient createRoleBindingIfAbsent
INFO: Entering method createRoleBindingIfAbsent in class org.entando.kubernetes.controller.support.client.ServiceAccountClient with ProvidedCapability: entando-k8s-operator-common-cmms20-test99/my-capability1 and with RoleBinding: null/test-account-entando-editor
Nov 11, 2021 8:54:30 AM org.entando.kubernetes.controller.support.client.ServiceAccountClient createRoleBindingIfAbsent
INFO: Exiting method createRoleBindingIfAbsent in class org.entando.kubernetes.controller.support.client.ServiceAccountClient
Nov 11, 2021 8:54:30 AM org.entando.kubernetes.controller.support.client.ServiceAccountClient createRoleBindingIfAbsent
INFO: Entering method createRoleBindingIfAbsent in class org.entando.kubernetes.controller.support.client.ServiceAccountClient with ProvidedCapability: entando-k8s-operator-common-cmms20-test992/my-capability2 and with RoleBinding: null/test-account-entando-editor
Nov 11, 2021 8:54:30 AM org.entando.kubernetes.controller.support.client.ServiceAccountClient createRoleBindingIfAbsent
INFO: Exiting method createRoleBindingIfAbsent in class org.entando.kubernetes.controller.support.client.ServiceAccountClient
Nov 11, 2021 8:54:30 AM org.entando.kubernetes.controller.support.client.CapabilityClient providedCapabilityByLabels
INFO: Entering method providedCapabilityByLabels in class org.entando.kubernetes.controller.support.client.CapabilityClient with {my-label=value1}
Nov 11, 2021 8:54:30 AM org.entando.kubernetes.controller.support.client.CapabilityClient providedCapabilityByLabels
INFO: Exiting method providedCapabilityByLabels in class org.entando.kubernetes.controller.support.client.CapabilityClient
Nov 11, 2021 8:54:30 AM org.entando.kubernetes.controller.support.client.CapabilityClient providedCapabilityByLabels
INFO: Entering method providedCapabilityByLabels in class org.entando.kubernetes.controller.support.client.CapabilityClient with {my-label=value2}
Nov 11, 2021 8:54:30 AM org.entando.kubernetes.controller.support.client.CapabilityClient providedCapabilityByLabels
INFO: Exiting method providedCapabilityByLabels in class org.entando.kubernetes.controller.support.client.CapabilityClient
[WARNING] Tests run: 9, Failures: 0, Errors: 0, Skipped: 2, Time elapsed: 37.882 s - in org.entando.kubernetes.controller.support.client.impl.DefaultCapabilityClientTest
[INFO] Running org.entando.kubernetes.controller.support.client.impl.DefaultServiceClientTest
Nov 11, 2021 8:54:34 AM org.entando.kubernetes.controller.support.client.PodClient start
INFO: Entering method start in class org.entando.kubernetes.controller.support.client.PodClient with Pod: entando-k8s-operator-common-cmms20-test99/my-pod
Nov 11, 2021 8:54:34 AM org.entando.kubernetes.controller.support.client.PodClient start
INFO: Exiting method start in class org.entando.kubernetes.controller.support.client.PodClient
Nov 11, 2021 8:54:34 AM org.entando.kubernetes.controller.support.client.PodClient waitForPod
INFO: Entering method waitForPod in class org.entando.kubernetes.controller.support.client.PodClient with entando-k8s-operator-common-cmms20-test99,pod-label,123,600
Nov 11, 2021 8:55:18 AM org.entando.kubernetes.controller.support.client.PodClient waitForPod
INFO: Exiting method waitForPod in class org.entando.kubernetes.controller.support.client.PodClient
Nov 11, 2021 8:55:18 AM org.entando.kubernetes.controller.support.client.ServiceClient createOrReplaceService
INFO: Entering method createOrReplaceService in class org.entando.kubernetes.controller.support.client.ServiceClient with TestResource: entando-k8s-operator-common-cmms20-test99/my-app and with Service: null/my-service
Nov 11, 2021 8:55:18 AM org.entando.kubernetes.controller.support.client.ServiceClient createOrReplaceService
INFO: Exiting method createOrReplaceService in class org.entando.kubernetes.controller.support.client.ServiceClient
Nov 11, 2021 8:55:18 AM org.entando.kubernetes.controller.support.client.ServiceClient createOrReplaceDelegateService
INFO: Entering method createOrReplaceDelegateService in class org.entando.kubernetes.controller.support.client.ServiceClient with Service: entando-k8s-operator-common-cmms20-test992/my-service2
Nov 11, 2021 8:55:18 AM org.entando.kubernetes.controller.support.client.ServiceClient createOrReplaceDelegateService
INFO: Exiting method createOrReplaceDelegateService in class org.entando.kubernetes.controller.support.client.ServiceClient
Nov 11, 2021 8:55:18 AM org.entando.kubernetes.controller.support.client.ServiceClient createOrReplaceDelegateEndpoints
INFO: Entering method createOrReplaceDelegateEndpoints in class org.entando.kubernetes.controller.support.client.ServiceClient with Endpoints: entando-k8s-operator-common-cmms20-test992/my-service2
Nov 11, 2021 8:55:18 AM org.entando.kubernetes.controller.support.client.ServiceClient createOrReplaceDelegateEndpoints
INFO: Exiting method createOrReplaceDelegateEndpoints in class org.entando.kubernetes.controller.support.client.ServiceClient
Nov 11, 2021 8:55:18 AM org.entando.kubernetes.controller.support.client.IngressClient createIngress
INFO: Entering method createIngress in class org.entando.kubernetes.controller.support.client.IngressClient with TestResource: entando-k8s-operator-common-cmms20-test992/my-app2 and with Ingress: null/my-ingress2
Nov 11, 2021 8:55:18 AM org.entando.kubernetes.controller.support.client.IngressClient createIngress
INFO: Exiting method createIngress in class org.entando.kubernetes.controller.support.client.IngressClient
Nov 11, 2021 8:55:23 AM org.entando.kubernetes.controller.support.client.ServiceClient createOrReplaceEndpoints
INFO: Entering method createOrReplaceEndpoints in class org.entando.kubernetes.controller.support.client.ServiceClient with TestResource: entando-k8s-operator-common-cmms20-test99/my-app and with Endpoints: entando-k8s-operator-common-cmms20-test99/my-service
Nov 11, 2021 8:55:23 AM org.entando.kubernetes.controller.support.client.ServiceClient createOrReplaceEndpoints
INFO: Exiting method createOrReplaceEndpoints in class org.entando.kubernetes.controller.support.client.ServiceClient
Nov 11, 2021 8:55:23 AM org.entando.kubernetes.controller.support.client.ServiceClient createOrReplaceEndpoints
INFO: Entering method createOrReplaceEndpoints in class org.entando.kubernetes.controller.support.client.ServiceClient with TestResource: entando-k8s-operator-common-cmms20-test99/my-app and with Endpoints: entando-k8s-operator-common-cmms20-test99/my-service
Nov 11, 2021 8:55:23 AM org.entando.kubernetes.controller.support.client.ServiceClient createOrReplaceEndpoints
INFO: Exiting method createOrReplaceEndpoints in class org.entando.kubernetes.controller.support.client.ServiceClient
Nov 11, 2021 8:55:23 AM org.entando.kubernetes.controller.support.client.ServiceClient loadEndpoints
INFO: Entering method loadEndpoints in class org.entando.kubernetes.controller.support.client.ServiceClient with TestResource: entando-k8s-operator-common-cmms20-test99/my-app
Nov 11, 2021 8:55:23 AM org.entando.kubernetes.controller.support.client.ServiceClient loadEndpoints
INFO: Exiting method loadEndpoints in class org.entando.kubernetes.controller.support.client.ServiceClient
Nov 11, 2021 8:55:27 AM org.entando.kubernetes.controller.support.client.ServiceClient createOrReplaceService
INFO: Entering method createOrReplaceService in class org.entando.kubernetes.controller.support.client.ServiceClient with TestResource: entando-k8s-operator-common-cmms20-test99/my-app and with Service: entando-k8s-operator-common-cmms20-test99/my-service
Nov 11, 2021 8:55:27 AM org.entando.kubernetes.controller.support.client.ServiceClient createOrReplaceService
INFO: Exiting method createOrReplaceService in class org.entando.kubernetes.controller.support.client.ServiceClient
Nov 11, 2021 8:55:27 AM org.entando.kubernetes.controller.support.client.ServiceClient createOrReplaceService
INFO: Entering method createOrReplaceService in class org.entando.kubernetes.controller.support.client.ServiceClient with TestResource: entando-k8s-operator-common-cmms20-test99/my-app and with Service: entando-k8s-operator-common-cmms20-test99/my-service
Nov 11, 2021 8:55:27 AM org.entando.kubernetes.controller.support.client.ServiceClient createOrReplaceService
INFO: Exiting method createOrReplaceService in class org.entando.kubernetes.controller.support.client.ServiceClient
Nov 11, 2021 8:55:27 AM org.entando.kubernetes.controller.support.client.ServiceClient loadService
INFO: Entering method loadService in class org.entando.kubernetes.controller.support.client.ServiceClient with TestResource: entando-k8s-operator-common-cmms20-test99/my-app
Nov 11, 2021 8:55:27 AM org.entando.kubernetes.controller.support.client.ServiceClient loadService
INFO: Exiting method loadService in class org.entando.kubernetes.controller.support.client.ServiceClient
[INFO] Tests run: 3, Failures: 0, Errors: 0, Skipped: 0, Time elapsed: 57.1 s - in org.entando.kubernetes.controller.support.client.impl.DefaultServiceClientTest
[INFO] Running org.entando.kubernetes.controller.support.client.impl.DefaultPodClientTest
Nov 11, 2021 8:55:33 AM org.entando.kubernetes.controller.support.client.PodClient start
INFO: Entering method start in class org.entando.kubernetes.controller.support.client.PodClient with Pod: entando-k8s-operator-common-cmms20-test99/my-pod
Nov 11, 2021 8:55:33 AM org.entando.kubernetes.controller.support.client.PodClient start
INFO: Exiting method start in class org.entando.kubernetes.controller.support.client.PodClient
Nov 11, 2021 8:55:33 AM org.entando.kubernetes.controller.support.client.PodClient removeAndWait
INFO: Entering method removeAndWait in class org.entando.kubernetes.controller.support.client.PodClient with entando-k8s-operator-common-cmms20-test99,{pod-label=123},120
Nov 11, 2021 8:55:36 AM org.entando.kubernetes.controller.support.client.PodClient removeAndWait
INFO: Exiting method removeAndWait in class org.entando.kubernetes.controller.support.client.PodClient
Nov 11, 2021 8:55:36 AM org.entando.kubernetes.controller.support.client.PodClient loadPod
INFO: Entering method loadPod in class org.entando.kubernetes.controller.support.client.PodClient with entando-k8s-operator-common-cmms20-test99,{pod-label=123}
Nov 11, 2021 8:55:36 AM org.entando.kubernetes.controller.support.client.PodClient loadPod
INFO: Exiting method loadPod in class org.entando.kubernetes.controller.support.client.PodClient
Nov 11, 2021 8:55:39 AM org.entando.kubernetes.controller.support.client.PodClient start
INFO: Entering method start in class org.entando.kubernetes.controller.support.client.PodClient with Pod: entando-k8s-operator-common-cmms20-test99/my-pod
Nov 11, 2021 8:55:39 AM org.entando.kubernetes.controller.support.client.PodClient start
INFO: Exiting method start in class org.entando.kubernetes.controller.support.client.PodClient
Nov 11, 2021 8:55:39 AM org.entando.kubernetes.controller.support.client.PodClient waitForPod
INFO: Entering method waitForPod in class org.entando.kubernetes.controller.support.client.PodClient with entando-k8s-operator-common-cmms20-test99,pod-label,123,600
Nov 11, 2021 8:55:47 AM org.entando.kubernetes.controller.support.client.PodClient waitForPod
INFO: Exiting method waitForPod in class org.entando.kubernetes.controller.support.client.PodClient
Nov 11, 2021 8:56:07 AM org.entando.kubernetes.controller.support.client.PodClient runToCompletion
INFO: Entering method runToCompletion in class org.entando.kubernetes.controller.support.client.PodClient with Pod: entando-k8s-operator-common-cmms20-test99/my-pod
Nov 11, 2021 8:56:21 AM org.entando.kubernetes.controller.support.client.PodClient runToCompletion
INFO: Exiting method runToCompletion in class org.entando.kubernetes.controller.support.client.PodClient
Nov 11, 2021 8:56:24 AM org.entando.kubernetes.controller.support.client.PodClient runToCompletion
INFO: Entering method runToCompletion in class org.entando.kubernetes.controller.support.client.PodClient with Pod: entando-k8s-operator-common-cmms20-test99/successful-pod
Nov 11, 2021 8:56:33 AM org.entando.kubernetes.controller.support.client.PodClient runToCompletion
INFO: Exiting method runToCompletion in class org.entando.kubernetes.controller.support.client.PodClient
Nov 11, 2021 8:56:33 AM org.entando.kubernetes.controller.support.client.PodClient runToCompletion
INFO: Entering method runToCompletion in class org.entando.kubernetes.controller.support.client.PodClient with Pod: entando-k8s-operator-common-cmms20-test99/failed-pod
Nov 11, 2021 8:56:43 AM org.entando.kubernetes.controller.support.client.PodClient runToCompletion
INFO: Exiting method runToCompletion in class org.entando.kubernetes.controller.support.client.PodClient
Nov 11, 2021 8:56:43 AM org.entando.kubernetes.controller.support.client.PodClient removeSuccessfullyCompletedPods
INFO: Entering method removeSuccessfullyCompletedPods in class org.entando.kubernetes.controller.support.client.PodClient with entando-k8s-operator-common-cmms20-test99,{label=value}
Nov 11, 2021 8:56:43 AM org.entando.kubernetes.controller.support.client.PodClient removeSuccessfullyCompletedPods
INFO: Exiting method removeSuccessfullyCompletedPods in class org.entando.kubernetes.controller.support.client.PodClient
Nov 11, 2021 8:56:43 AM org.entando.kubernetes.controller.support.client.PodClient loadPod
INFO: Entering method loadPod in class org.entando.kubernetes.controller.support.client.PodClient with entando-k8s-operator-common-cmms20-test99,{pod-label=successful-pod}
Nov 11, 2021 8:56:43 AM org.entando.kubernetes.controller.support.client.PodClient loadPod
INFO: Exiting method loadPod in class org.entando.kubernetes.controller.support.client.PodClient
Nov 11, 2021 8:56:43 AM org.entando.kubernetes.controller.support.client.PodClient loadPod
INFO: Entering method loadPod in class org.entando.kubernetes.controller.support.client.PodClient with entando-k8s-operator-common-cmms20-test99,{pod-label=failed-pod}
Nov 11, 2021 8:56:43 AM org.entando.kubernetes.controller.support.client.PodClient loadPod
INFO: Exiting method loadPod in class org.entando.kubernetes.controller.support.client.PodClient
[WARNING] Tests run: 5, Failures: 0, Errors: 0, Skipped: 1, Time elapsed: 76.041 s - in org.entando.kubernetes.controller.support.client.impl.DefaultPodClientTest
[INFO] Running org.entando.kubernetes.controller.support.creators.ConfigurableResourceCalculatorTest
[INFO] Tests run: 5, Failures: 0, Errors: 0, Skipped: 0, Time elapsed: 0.075 s - in org.entando.kubernetes.controller.support.creators.ConfigurableResourceCalculatorTest
[INFO] Running org.entando.kubernetes.controller.support.creators.IngressCreatorTest
[INFO] Tests run: 1, Failures: 0, Errors: 0, Skipped: 0, Time elapsed: 0.054 s - in org.entando.kubernetes.controller.support.creators.IngressCreatorTest
[INFO] Running org.entando.kubernetes.controller.support.creators.SecretCreatorTest
[INFO] Tests run: 1, Failures: 0, Errors: 0, Skipped: 0, Time elapsed: 0.031 s - in org.entando.kubernetes.controller.support.creators.SecretCreatorTest
[INFO] Running org.entando.kubernetes.controller.support.creators.PersistentVolumeClaimCreatorTest
[INFO] Tests run: 2, Failures: 0, Errors: 0, Skipped: 0, Time elapsed: 0.018 s - in org.entando.kubernetes.controller.support.creators.PersistentVolumeClaimCreatorTest
[INFO] Running org.entando.kubernetes.controller.support.creators.DeploymentCreatorTest
[INFO] Tests run: 4, Failures: 0, Errors: 0, Skipped: 0, Time elapsed: 0.172 s - in org.entando.kubernetes.controller.support.creators.DeploymentCreatorTest
[INFO] Running org.entando.kubernetes.controller.support.creators.ServiceAcountCreatorTest
[INFO] Tests run: 3, Failures: 0, Errors: 0, Skipped: 0, Time elapsed: 0.068 s - in org.entando.kubernetes.controller.support.creators.ServiceAcountCreatorTest
[INFO] Running org.entando.kubernetes.controller.support.creators.ConfigurableStorageCalculatorTest
[INFO] Tests run: 5, Failures: 0, Errors: 0, Skipped: 0, Time elapsed: 0.021 s - in org.entando.kubernetes.controller.support.creators.ConfigurableStorageCalculatorTest
[INFO] Running org.entando.kubernetes.controller.support.creators.ResourceCalculatorTest
[INFO] Tests run: 2, Failures: 0, Errors: 0, Skipped: 0, Time elapsed: 0.005 s - in org.entando.kubernetes.controller.support.creators.ResourceCalculatorTest
[INFO] Running org.entando.kubernetes.controller.support.creators.StorageCalculatorTest
[INFO] Tests run: 2, Failures: 0, Errors: 0, Skipped: 0, Time elapsed: 0.005 s - in org.entando.kubernetes.controller.support.creators.StorageCalculatorTest
[INFO] Running org.entando.kubernetes.controller.support.common.EntandoOperatorConfigTest
[INFO] Tests run: 5, Failures: 0, Errors: 0, Skipped: 0, Time elapsed: 0.02 s - in org.entando.kubernetes.controller.support.common.EntandoOperatorConfigTest
[INFO] Running org.entando.kubernetes.controller.support.common.EntandoImageResolverTest
[INFO] Tests run: 20, Failures: 0, Errors: 0, Skipped: 0, Time elapsed: 0.238 s - in org.entando.kubernetes.controller.support.common.EntandoImageResolverTest
[INFO] Running org.entando.kubernetes.controller.spi.client.impl.DefaultKubernetesClientForControllersTest
[INFO] Tests run: 8, Failures: 0, Errors: 0, Skipped: 0, Time elapsed: 45.204 s - in org.entando.kubernetes.controller.spi.client.impl.DefaultKubernetesClientForControllersTest
[INFO] Running org.entando.kubernetes.controller.spi.result.ExposedServiceTest
[INFO] Tests run: 5, Failures: 0, Errors: 0, Skipped: 0, Time elapsed: 0.039 s - in org.entando.kubernetes.controller.spi.result.ExposedServiceTest
[INFO] Running org.entando.kubernetes.controller.spi.common.NameUtilsTest
[INFO] Tests run: 3, Failures: 0, Errors: 0, Skipped: 0, Time elapsed: 0.016 s - in org.entando.kubernetes.controller.spi.common.NameUtilsTest
[INFO] Running org.entando.kubernetes.controller.spi.common.ExceptionUtilsTest
[INFO] Tests run: 4, Failures: 0, Errors: 0, Skipped: 0, Time elapsed: 6.067 s - in org.entando.kubernetes.controller.spi.common.ExceptionUtilsTest
[INFO] Running org.entando.kubernetes.controller.spi.database.DbmsDockerVendorStrategyTest
[INFO] Tests run: 1, Failures: 0, Errors: 0, Skipped: 0, Time elapsed: 0.003 s - in org.entando.kubernetes.controller.spi.database.DbmsDockerVendorStrategyTest
[INFO] Running org.entando.kubernetes.controller.spi.database.DbmsVendorConfigTest
[INFO] Tests run: 1, Failures: 0, Errors: 0, Skipped: 0, Time elapsed: 0.003 s - in org.entando.kubernetes.controller.spi.database.DbmsVendorConfigTest
[INFO] Running org.entando.kubernetes.controller.PersistentDeploymentTest
[WARNING] Tests run: 2, Failures: 0, Errors: 0, Skipped: 1, Time elapsed: 0.246 s - in org.entando.kubernetes.controller.PersistentDeploymentTest
[INFO] Running org.entando.kubernetes.controller.SsoConsumerTest
[INFO] Tests run: 1, Failures: 0, Errors: 0, Skipped: 0, Time elapsed: 0.58 s - in org.entando.kubernetes.controller.SsoConsumerTest
[INFO] Running org.entando.kubernetes.controller.ExposedDeploymentTest
[INFO] Tests run: 2, Failures: 0, Errors: 0, Skipped: 0, Time elapsed: 1.868 s - in org.entando.kubernetes.controller.ExposedDeploymentTest
[INFO] Running org.entando.kubernetes.controller.AdvancedCapabilityProvisionTest
[INFO] Tests run: 14, Failures: 0, Errors: 0, Skipped: 0, Time elapsed: 4.114 s - in org.entando.kubernetes.controller.AdvancedCapabilityProvisionTest
[INFO] 
[INFO] Results:
[INFO] 
[WARNING] Tests run: 136, Failures: 0, Errors: 0, Skipped: 6
[INFO] 
[INFO] 
[INFO] --- maven-jar-plugin:3.2.0:jar (default-jar) @ entando-k8s-operator-common ---
[INFO] Building jar: /workspace/source/target/entando-k8s-operator-common-6.4.15.jar
[INFO] 
[INFO] --- license-maven-plugin:2.0.0:aggregate-download-licenses (download-licenses) @ entando-k8s-operator-common ---
[WARNING] No license information available for: com.sun.org.apache:jaxp-ri:1.4
[WARNING] No license information available for: javax.xml.parsers:jaxp-api:1.4
[WARNING] Unable to retrieve license from URL 'https://glassfish.dev.java.net/public/CDDLv1.0.html' for dependency 'javax.activation:activation:1.1.1': Certificate for <glassfish.dev.java.net> doesn't match any of the subject alternative names: [*.java.net]
Nov 11, 2021 8:57:50 AM org.apache.http.client.protocol.ResponseProcessCookies processCookies
WARNING: Invalid cookie header: "Set-Cookie: _octo=GH1.1.719366190.1636621070; Path=/; Domain=github.com; Expires=Fri, 11 Nov 2022 08:57:50 GMT; Secure; SameSite=Lax". Invalid 'expires' attribute: Fri, 11 Nov 2022 08:57:50 GMT
Nov 11, 2021 8:57:50 AM org.apache.http.client.protocol.ResponseProcessCookies processCookies
WARNING: Invalid cookie header: "Set-Cookie: logged_in=no; Path=/; Domain=github.com; Expires=Fri, 11 Nov 2022 08:57:50 GMT; HttpOnly; Secure; SameSite=Lax". Invalid 'expires' attribute: Fri, 11 Nov 2022 08:57:50 GMT
[WARNING] Unable to retrieve license from URL 'https://glassfish.dev.java.net/nonav/public/CDDL+GPL.html' for dependency 'javax.servlet:javax.servlet-api:3.0.1': Certificate for <glassfish.dev.java.net> doesn't match any of the subject alternative names: [*.java.net]
[WARNING] Unable to retrieve license from URL 'LICENSE.txt' for dependency 'org.awaitility:awaitility:4.0.1': null
Nov 11, 2021 8:57:58 AM org.apache.http.client.protocol.ResponseProcessCookies processCookies
WARNING: Invalid cookie header: "Set-Cookie: _octo=GH1.1.1126223128.1636621078; Path=/; Domain=github.com; Expires=Fri, 11 Nov 2022 08:57:58 GMT; Secure; SameSite=Lax". Invalid 'expires' attribute: Fri, 11 Nov 2022 08:57:58 GMT
Nov 11, 2021 8:57:58 AM org.apache.http.client.protocol.ResponseProcessCookies processCookies
WARNING: Invalid cookie header: "Set-Cookie: logged_in=no; Path=/; Domain=github.com; Expires=Fri, 11 Nov 2022 08:57:58 GMT; HttpOnly; Secure; SameSite=Lax". Invalid 'expires' attribute: Fri, 11 Nov 2022 08:57:58 GMT
Nov 11, 2021 8:57:58 AM org.apache.http.client.protocol.ResponseProcessCookies processCookies
WARNING: Invalid cookie header: "Set-Cookie: _octo=GH1.1.1975416953.1636621078; Path=/; Domain=github.com; Expires=Fri, 11 Nov 2022 08:57:58 GMT; Secure; SameSite=Lax". Invalid 'expires' attribute: Fri, 11 Nov 2022 08:57:58 GMT
Nov 11, 2021 8:57:58 AM org.apache.http.client.protocol.ResponseProcessCookies processCookies
WARNING: Invalid cookie header: "Set-Cookie: logged_in=no; Path=/; Domain=github.com; Expires=Fri, 11 Nov 2022 08:57:58 GMT; HttpOnly; Secure; SameSite=Lax". Invalid 'expires' attribute: Fri, 11 Nov 2022 08:57:58 GMT
Nov 11, 2021 8:57:58 AM org.apache.http.client.protocol.ResponseProcessCookies processCookies
WARNING: Invalid cookie header: "Set-Cookie: _octo=GH1.1.1443141469.1636621078; Path=/; Domain=github.com; Expires=Fri, 11 Nov 2022 08:57:58 GMT; Secure; SameSite=Lax". Invalid 'expires' attribute: Fri, 11 Nov 2022 08:57:58 GMT
Nov 11, 2021 8:57:58 AM org.apache.http.client.protocol.ResponseProcessCookies processCookies
WARNING: Invalid cookie header: "Set-Cookie: logged_in=no; Path=/; Domain=github.com; Expires=Fri, 11 Nov 2022 08:57:58 GMT; HttpOnly; Secure; SameSite=Lax". Invalid 'expires' attribute: Fri, 11 Nov 2022 08:57:58 GMT
[WARNING] There were 5 download errors - check the warnings above
[INFO] 
[INFO] --- maven-jar-plugin:3.2.0:test-jar (build-test-jar) @ entando-k8s-operator-common ---
[INFO] Building jar: /workspace/source/target/entando-k8s-operator-common-6.4.15-tests.jar
[INFO] 
[INFO] --- maven-source-plugin:3.2.1:jar-no-fork (attach-sources) @ entando-k8s-operator-common ---
[INFO] Building jar: /workspace/source/target/entando-k8s-operator-common-6.4.15-sources.jar
[INFO] 
[INFO] >>> maven-source-plugin:3.2.1:test-jar (attach-sources) > generate-sources @ entando-k8s-operator-common >>>
[INFO] 
[INFO] --- maven-checkstyle-plugin:3.1.1:check (validate) @ entando-k8s-operator-common ---
[INFO] Starting audit...
Audit done.
[INFO] You have 0 Checkstyle violations.
[INFO] 
[INFO] --- maven-checkstyle-plugin:3.1.1:checkstyle (validate) @ entando-k8s-operator-common ---
[INFO] Starting audit...
Audit done.
[INFO] 
[INFO] --- jacoco-maven-plugin:0.8.7:prepare-agent (prepare-agent) @ entando-k8s-operator-common ---
[INFO] argLine set to -javaagent:/home/jenkins/.mvnrepository/org/jacoco/org.jacoco.agent/0.8.7/org.jacoco.agent-0.8.7-runtime.jar=destfile=/workspace/source/target/jacoco.e**c
[INFO] 
[INFO] <<< maven-source-plugin:3.2.1:test-jar (attach-sources) < generate-sources @ entando-k8s-operator-common <<<
[INFO] 
[INFO] 
[INFO] --- maven-source-plugin:3.2.1:test-jar (attach-sources) @ entando-k8s-operator-common ---
[INFO] Building jar: /workspace/source/target/entando-k8s-operator-common-6.4.15-test-sources.jar
[INFO] 
[INFO] --- maven-javadoc-plugin:3.2.0:jar (attach-javadocs) @ entando-k8s-operator-common ---
[INFO] Skipping javadoc generation
[INFO] 
[INFO] --- quarkus-maven-plugin:1.13.7.Final:build (default) @ entando-k8s-operator-common ---
[INFO] [org.jboss.threads] JBoss Threads version 3.2.0.Final
[WARNING] [io.quarkus.deployment.steps.ReflectiveHierarchyStep] Unable to properly register the hierarchy of the following classes for reflection as they are not in the Jandex index:
	- org.entando.kubernetes.model.common.EntandoCustomResourceStatus (source: JacksonProcessor > org.entando.kubernetes.controller.spi.client.SerializedEntandoResource)
	- org.entando.kubernetes.model.common.ExpectedRole (source: JacksonProcessor > org.entando.kubernetes.controller.spi.deployable.SsoClientConfig)
	- org.entando.kubernetes.model.common.Permission (source: JacksonProcessor > org.entando.kubernetes.controller.spi.deployable.SsoClientConfig)
Consider adding them to the index either by creating a Jandex index for your dependency via the Maven plugin, an empty META-INF/beans.xml or quarkus.index-dependency properties.
[INFO] [io.quarkus.deployment.QuarkusAugmentor] Quarkus augmentation completed in 2564ms
[INFO] 
[INFO] --- maven-surefire-report-plugin:3.0.0-M4:failsafe-report-only (integration-tests) @ entando-k8s-operator-common ---
[INFO] 
[INFO] --- dependency-check-maven:6.1.6:aggregate (default) @ entando-k8s-operator-common ---
[INFO] Checking for updates
[INFO] Download Started for NVD CVE - Modified
[INFO] Download Complete for NVD CVE - Modified  (686 ms)
[INFO] Processing Started for NVD CVE - Modified
WARNING: An illegal reflective access operation has occurred
WARNING: Illegal reflective access by com.fasterxml.jackson.module.afterburner.util.MyClassLoader (file:/home/jenkins/.mvnrepository/com/fasterxml/jackson/module/jackson-module-afterburner/2.12.3/jackson-module-afterburner-2.12.3.jar) to method java.lang.ClassLoader.findLoadedClass(java.lang.String)
WARNING: Please consider reporting this to the maintainers of com.fasterxml.jackson.module.afterburner.util.MyClassLoader
WARNING: Use --illegal-access=warn to enable warnings of further illegal reflective access operations
WARNING: All illegal access operations will be denied in a future release
[INFO] Processing Complete for NVD CVE - Modified  (7757 ms)
[INFO] Begin database maintenance
[INFO] Updated the CPE eco****** on 14 NVD records
[INFO] Removed the CPE eco****** on 1 NVD records
[INFO] Cleaned up 284 orphaned NVD records
[INFO] End database maintenance (903 ms)
[INFO] Check for updates complete (9995 ms)
[INFO] 

Dependency-Check is an open source tool performing a best effort analysis of 3rd party dependencies; false positives and false negatives may exist in the analysis performed by the tool. Use of the tool and the reporting provided constitutes acceptance for use in an AS IS condition, and there are NO warranties, implied or otherwise, with regard to the analysis or its use. Any use of the tool and the reporting provided is at the user’s risk. In no event shall the copyright holder or OWASP be held liable for any damages whatsoever arising out of or in connection with the use of this tool, the analysis performed, or the resulting report.


   About ODC: https://jeremylong.github.io/DependencyCheck/general/internals.html
   False Positives: https://jeremylong.github.io/DependencyCheck/general/suppression.html

💖 Sponsor: https://github.com/sponsors/jeremylong


[INFO] Analysis Started
[INFO] Finished Archive Analyzer (0 seconds)
[INFO] Finished File Name Analyzer (0 seconds)
[INFO] Finished Jar Analyzer (1 seconds)
[INFO] Finished Dependency Merging Analyzer (0 seconds)
[INFO] Finished Version Filter Analyzer (0 seconds)
[INFO] Finished Hint Analyzer (0 seconds)
[INFO] Created CPE Index (2 seconds)
[INFO] Finished CPE Analyzer (5 seconds)
[INFO] Finished False Positive Analyzer (0 seconds)
[INFO] Finished NVD CVE Analyzer (0 seconds)
[INFO] Finished Sonatype OSS Index Analyzer (2 seconds)
[INFO] Finished Vulnerability Suppression Analyzer (0 seconds)
[INFO] Finished Dependency Bundling Analyzer (0 seconds)
[INFO] Analysis Complete (10 seconds)
[INFO] Writing report to: /workspace/source/target/site/dependency-check-junit.xml
[INFO] Writing report to: /workspace/source/target/site/dependency-check-report.xml
[INFO] Writing report to: /workspace/source/target/site/dependency-check-report.html
[INFO] 
[INFO] --- jacoco-maven-plugin:0.8.7:report (report) @ entando-k8s-operator-common ---
[INFO] Loading e**cution data file /workspace/source/target/jacoco.e**c
[INFO] Analyzed bundle 'Entando K8S Operator Common Library' with 121 classes
[INFO] 
[INFO] --- maven-gpg-plugin:1.6:sign (sign-artifacts) @ entando-k8s-operator-common ---
[INFO] 
[INFO] --- maven-surefire-report-plugin:3.0.0-M4:report-only (unit-tests) @ entando-k8s-operator-common ---
[WARNING] Unable to locate Test Source XRef to link to - DISABLED
[INFO] 
[INFO] --- maven-install-plugin:2.4:install (default-install) @ entando-k8s-operator-common ---
[INFO] Installing /workspace/source/target/entando-k8s-operator-common-6.4.15.jar to /home/jenkins/.mvnrepository/org/entando/entando-k8s-operator-common/6.4.15/entando-k8s-operator-common-6.4.15.jar
[INFO] Installing /workspace/source/pom.xml to /home/jenkins/.mvnrepository/org/entando/entando-k8s-operator-common/6.4.15/entando-k8s-operator-common-6.4.15.pom
[INFO] Installing /workspace/source/target/entando-k8s-operator-common-6.4.15-tests.jar to /home/jenkins/.mvnrepository/org/entando/entando-k8s-operator-common/6.4.15/entando-k8s-operator-common-6.4.15-tests.jar
[INFO] Installing /workspace/source/target/entando-k8s-operator-common-6.4.15-sources.jar to /home/jenkins/.mvnrepository/org/entando/entando-k8s-operator-common/6.4.15/entando-k8s-operator-common-6.4.15-sources.jar
[INFO] Installing /workspace/source/target/entando-k8s-operator-common-6.4.15-test-sources.jar to /home/jenkins/.mvnrepository/org/entando/entando-k8s-operator-common/6.4.15/entando-k8s-operator-common-6.4.15-test-sources.jar
[INFO] 
[INFO] --- maven-deploy-plugin:2.8.2:deploy (default-deploy) @ entando-k8s-operator-common ---
[INFO] Using alternate deployment repository local-nexus::default::http://nexus/repository/maven-releases/
[INFO] 
[INFO] --- maven-site-plugin:3.9.0:site (default-site) @ entando-k8s-operator-common ---
[INFO] configuring report plugin org.apache.maven.plugins:maven-project-info-reports-plugin:3.0.0
[INFO] 9 reports configured for maven-project-info-reports-plugin:3.0.0: dependency-info, distribution-management, index, ci-management, issue-management, licenses, plugins, scm, summary
[INFO] Rendering site with default locale English (en)
[WARNING] Unable to find a URL to the parent project. The parent menu will NOT be added.
[INFO] Relativizing decoration links with respect to localized project URL: https://central.entando.com
[INFO] Rendering content with org.apache.maven.skins:maven-default-skin:jar:1.3 skin.
[INFO] Generating "Dependency Information" report --- maven-project-info-reports-plugin:3.0.0:dependency-info
[INFO] Generating "About" report         --- maven-project-info-reports-plugin:3.0.0:index
[INFO] Generating "Issue Management" report --- maven-project-info-reports-plugin:3.0.0:issue-management
[INFO] Generating "Licenses" report      --- maven-project-info-reports-plugin:3.0.0:licenses
[INFO] Generating "Plugins" report       --- maven-project-info-reports-plugin:3.0.0:plugins
[INFO] Generating "Source Code Management" report --- maven-project-info-reports-plugin:3.0.0:scm
[INFO] Generating "Summary" report       --- maven-project-info-reports-plugin:3.0.0:summary
[INFO] 
[INFO] --- allure-maven:2.10.0:report (default) @ entando-k8s-operator-common ---
[INFO] Allure installation directory /workspace/source/.allure
[INFO] Try to finding out allure 2.14.0
[INFO] Downloading allure commandline...
[INFO] Proxy is not specified.
[INFO] Downloading allure commandline complete
[INFO] Generate Allure report (report) with version 2.14.0
[INFO] Generate Allure report to /workspace/source/target/site/allure-reports
[INFO] Found results directory /workspace/source/target/allure-results
[INFO] Can't find information about categories.
[INFO] Generate report to /workspace/source/target/site/allure-reports
Picked up _JAVA_OPTIONS: -XX:+UnlockExperimentalVMOptions -Dsun.zip.disableMemoryMapping=**** -XX:+UseParallelGC -XX:MinHeapFreeRatio=5 -XX:MaxHeapFreeRatio=10 -XX:GCTimeRatio=4 -XX:AdaptiveSizePolicyWeight=90 -Xms10m -Xmx8000m
Report successfully generated to /workspace/source/target/site/allure-reports
[INFO] Report generated successfully.
[INFO] 
[INFO] --------------< org.entando:entando-k8s-operator-common >---------------
[INFO] Building Entando K8S Operator Common Library 6.4.15
[INFO] --------------------------------[ jar ]---------------------------------
[INFO] 
[INFO] --- sonar-maven-plugin:3.9.0.2155:sonar (default-cli) @ entando-k8s-operator-common ---
[INFO] User cache: /****/.sonar/cache
[INFO] SonarQube version: 9.0.1
[INFO] Default locale: "en", source code encoding: "UTF-8"
[INFO] Load global settings
[INFO] Load global settings (done) | time=192ms
[INFO] Server id: 1BD809FA-AWHW8ct9-T_TB3XqouNu
[INFO] User cache: /****/.sonar/cache
[INFO] Load/download plugins
[INFO] Load plugins index
[INFO] Load plugins index (done) | time=68ms
[INFO] Load/download plugins (done) | time=28035ms
[INFO] Loaded core extensions: developer-scanner
[INFO] Load project settings for component key: 'entando-k8s_entando-k8s-operator-common'
[INFO] Load project settings for component key: 'entando-k8s_entando-k8s-operator-common' (done) | time=37ms
[INFO] Process project properties
[INFO] E**cute project builders
[INFO] E**cute project builders (done) | time=2ms
[INFO] Project key: entando-k8s_entando-k8s-operator-common
[INFO] Base dir: /workspace/source
[INFO] Working dir: /workspace/source/target/sonar
[INFO] Load project branches
[INFO] Load project branches (done) | time=25ms
[INFO] Check ALM binding of project 'entando-k8s_entando-k8s-operator-common'
[INFO] Detected project binding: BOUND
[INFO] Check ALM binding of project 'entando-k8s_entando-k8s-operator-common' (done) | time=22ms
[INFO] Load project pull requests
[INFO] Load project pull requests (done) | time=39ms
[INFO] Load branch configuration
[INFO] Load branch configuration (done) | time=4ms
[INFO] Load quality profiles
[INFO] Load quality profiles (done) | time=66ms
[INFO] Load active rules
[INFO] Load active rules (done) | time=1514ms
[INFO] Organization key: entando-k8s
[INFO] Load project repositories
[INFO] Load project repositories (done) | time=182ms
[INFO] Indexing files...
[INFO] Project configuration:
[WARNING] Exception caught during e**cution of command '[/usr/local/git/bin/git, config, --******, --edit]' in '/usr/local/git/bin', return code '128', error message 'fatal: Invalid path '/usr/local/git/etc': No such file or directory
'
[INFO] 262 files inde**d
[INFO] 0 files ignored because of scm ignore settings
[INFO] Quality profile for java: Entando Sonar Way Java
[INFO] Quality profile for xml: Sonar way
[INFO] ------------- Run sensors on module Entando K8S Operator Common Library
[INFO] Load metrics repository
[INFO] Load metrics repository (done) | time=28ms
[INFO] Sensor JavaSensor [java]
[INFO] Configured Java source version (sonar.java.source): 11
[INFO] JavaClasspath initialization
[INFO] JavaClasspath initialization (done) | time=11ms
[INFO] JavaTestClasspath initialization
[INFO] JavaTestClasspath initialization (done) | time=2ms
[INFO] Java "Main" source files AST scan
[INFO] 138 source files to be analyzed
[INFO] 28/138 files analyzed, current file: src/main/java/org/entando/kubernetes/controller/support/command/InProcessCommandStream.java
[INFO] 109/138 files analyzed, current file: src/main/java/org/entando/kubernetes/controller/spi/common/NameUtils.java
[INFO] 138/138 source files have been analyzed
[INFO] Slowest analyzed files:
    src/main/java/org/entando/kubernetes/controller/spi/client/SerializedEntandoResource.java (3271ms, 3721B)
    src/main/java/org/entando/kubernetes/controller/support/client/impl/DefaultCapabilityClient.java (1803ms, 5477B)
[INFO] Java "Main" source files AST scan (done) | time=22621ms
[INFO] Java "Test" source files AST scan
[INFO] 123 source files to be analyzed
[INFO] 83/123 files analyzed, current file: src/test/java/org/entando/kubernetes/test/common/CustomResourceStatusEmulator.java
[INFO] 123/123 source files have been analyzed
[INFO] Java "Test" source files AST scan (done) | time=14012ms
[INFO] No "Generated" source files to scan.
[INFO] Sensor JavaSensor [java] (done) | time=37100ms
[INFO] Sensor CSS Rules [cssfamily]
[INFO] No CSS, PHP, HTML or VueJS files are found in the project. CSS analysis is skipped.
[INFO] Sensor CSS Rules [cssfamily] (done) | time=4ms
[INFO] Sensor C# Project Type Information [csharp]
[INFO] Sensor C# Project Type Information [csharp] (done) | time=4ms
[INFO] Sensor C# Analysis Log [csharp]
[INFO] Sensor C# Analysis Log [csharp] (done) | time=32ms
[INFO] Sensor C# Properties [csharp]
[INFO] Sensor C# Properties [csharp] (done) | time=1ms
[INFO] Sensor Import of Checkstyle issues [java]
[INFO] Importing /workspace/source/target/checkstyle-result.xml
[INFO] Sensor Import of Checkstyle issues [java] (done) | time=129ms
[INFO] Sensor SurefireSensor [java]
[INFO] parsing [/workspace/source/target/surefire-reports]
[INFO] Sensor SurefireSensor [java] (done) | time=118ms
[INFO] Sensor JavaXmlSensor [java]
[INFO] 1 source file to be analyzed
[INFO] 1/1 source file has been analyzed
[INFO] Sensor JavaXmlSensor [java] (done) | time=255ms
[INFO] Sensor HTML [web]
[INFO] Sensor HTML [web] (done) | time=5ms
[INFO] Sensor XML Sensor [xml]
[INFO] 1 source file to be analyzed
[INFO] 1/1 source file has been analyzed
[INFO] Sensor XML Sensor [xml] (done) | time=183ms
[INFO] Sensor VB.NET Project Type Information [vbnet]
[INFO] Sensor VB.NET Project Type Information [vbnet] (done) | time=1ms
[INFO] Sensor VB.NET Analysis Log [vbnet]
[INFO] Sensor VB.NET Analysis Log [vbnet] (done) | time=18ms
[INFO] Sensor VB.NET Properties [vbnet]
[INFO] Sensor VB.NET Properties [vbnet] (done) | time=0ms
[INFO] Sensor JaCoCo XML Report Importer [jacoco]
[INFO] Importing 1 report(s). Turn your logs in debug mode in order to see the exhaustive list.
[INFO] Sensor JaCoCo XML Report Importer [jacoco] (done) | time=88ms
[INFO] Sensor ThymeLeaf template sensor [securityjavafrontend]
[INFO] Sensor ThymeLeaf template sensor [securityjavafrontend] (done) | time=4ms
[INFO] Sensor Serverless configuration file sensor [security]
[INFO] 0 Serverless function entries were found in the project
[INFO] 0 Serverless function handlers were kept as entrypoints
[INFO] Sensor Serverless configuration file sensor [security] (done) | time=3ms
[INFO] Sensor AWS SAM template file sensor [security]
[INFO] Sensor AWS SAM template file sensor [security] (done) | time=2ms
[INFO] Sensor JavaSecuritySensor [security]
[INFO] Reading type hierarchy from: /workspace/source/target/sonar/ucfg2/java
[INFO] Read 662 type definitions
[INFO] Reading UCFGs from: /workspace/source/target/sonar/ucfg2/java
[INFO] 09:00:11.114469 Building Runtime Type propagation graph
[INFO] 09:00:11.210299 Running Tarjan on 4934 nodes
[INFO] 09:00:11.228455 Tarjan found 4905 components
[INFO] 09:00:11.24971 Variable type analysis: done
[INFO] 09:00:11.257775 Building Runtime Type propagation graph
[INFO] 09:00:11.298479 Running Tarjan on 4934 nodes
[INFO] 09:00:11.304511 Tarjan found 4905 components
[INFO] 09:00:11.316133 Variable type analysis: done
[INFO] Analyzing 917 ucfgs to detect vulnerabilities.
[INFO] All rules entrypoints : 0
[INFO] Retained UCFGs : 0
[INFO] Taint analysis starting. Entrypoints: 0
[INFO] Taint analysis: done.
[INFO] Sensor JavaSecuritySensor [security] (done) | time=3468ms
[INFO] Sensor CSharpSecuritySensor [security]
[INFO] Reading type hierarchy from: /workspace/source/target/ucfg_cs2
[INFO] Read 0 type definitions
[INFO] Reading UCFGs from: /workspace/source/target/ucfg_cs2
[INFO] No UCFGs have been included for analysis.
[INFO] Sensor CSharpSecuritySensor [security] (done) | time=1ms
[INFO] Sensor PhpSecuritySensor [security]
[INFO] Reading type hierarchy from: /workspace/source/target/sonar/ucfg2/php
[INFO] Read 0 type definitions
[INFO] Reading UCFGs from: /workspace/source/target/sonar/ucfg2/php
[INFO] No UCFGs have been included for analysis.
[INFO] Sensor PhpSecuritySensor [security] (done) | time=1ms
[INFO] Sensor PythonSecuritySensor [security]
[INFO] Reading type hierarchy from: /workspace/source/target/sonar/ucfg2/python
[INFO] Read 0 type definitions
[INFO] Reading UCFGs from: /workspace/source/target/sonar/ucfg2/python
[INFO] No UCFGs have been included for analysis.
[INFO] Sensor PythonSecuritySensor [security] (done) | time=2ms
[INFO] Sensor JsSecuritySensor [security]
[INFO] Reading type hierarchy from: /workspace/source/target/sonar/ucfg2/js
[INFO] Read 0 type definitions
[INFO] Reading UCFGs from: /workspace/source/target/sonar/ucfg2/js
[INFO] No UCFGs have been included for analysis.
[INFO] Sensor JsSecuritySensor [security] (done) | time=1ms
[INFO] ------------- Run sensors on project
[INFO] Sensor Zero Coverage Sensor
[INFO] Sensor Zero Coverage Sensor (done) | time=2ms
[INFO] Sensor Java CPD Block Inde**r
[INFO] Sensor Java CPD Block Inde**r (done) | time=211ms
[INFO] SCM Publisher SCM provider for this project is: git
[INFO] SCM Publisher 13 source files to be analyzed
[WARNING] Shallow clone detected, no blame information will be provided. You can convert to non-shallow with 'git fetch --unshallow'.
[INFO] SCM Publisher 0/13 source files have been analyzed (done) | time=17ms
[WARNING] Missing blame information for the following files:
[WARNING]   * pom.xml
[WARNING]   * src/main/java/org/entando/kubernetes/controller/support/common/EntandoImageResolver.java
[WARNING]   * src/main/java/org/entando/kubernetes/controller/spi/common/TrustStoreHelper.java
[WARNING]   * src/test/java/org/entando/kubernetes/controller/support/client/impl/AbstractK8SIntegrationTest.java
[WARNING]   * src/test/java/org/entando/kubernetes/controller/support/client/impl/DefaultServiceClientTest.java
[WARNING]   * src/test/java/org/entando/kubernetes/controller/MinimalDeploymentTest.java
[WARNING]   * src/test/java/org/entando/kubernetes/controller/support/common/EntandoImageResolverTest.java
[WARNING]   * src/test/java/org/entando/kubernetes/controller/spi/client/impl/DefaultKubernetesClientForControllersTest.java
[WARNING]   * src/test/java/org/entando/kubernetes/controller/support/client/impl/DefaultIngressClientTest.java
[WARNING]   * src/test/java/org/entando/kubernetes/controller/support/client/impl/DefaultCapabilityClientTest.java
[WARNING]   * src/test/java/org/entando/kubernetes/controller/support/client/impl/integrationtesthelpers/TestFixturePreparation.java
[WARNING]   * src/test/java/org/entando/kubernetes/controller/support/client/impl/DefaultPodClientTest.java
[WARNING]   * src/main/java/org/entando/kubernetes/controller/spi/common/DbmsDockerVendorStrategy.java
[WARNING] This may lead to missing/broken features in SonarCloud
[INFO] CPD E**cutor 54 files had no CPD blocks
[INFO] CPD E**cutor Calculating CPD for 84 files
[INFO] CPD E**cutor CPD calculation finished (done) | time=36ms
[INFO] Analysis report generated in 226ms, dir size=1 MB
[INFO] Analysis report compressed in 601ms, zip size=876 KB
[INFO] Analysis report uploaded in 180ms
[INFO] ANALYSIS SUCCESSFUL, you can find the results at: https://sonarcloud.io/dashboard?id=entando-k8s_entando-k8s-operator-common
[INFO] Note that you will be able to access the updated dashboard once the server has processed the submitted analysis report
[INFO] More about the report processing at https://sonarcloud.io/api/ce/task?id=AX0OOeZE-tVpxbXpmJBQ
[INFO] Analysis total time: 49.539 s
[INFO] ------------------------------------------------------------------------
[INFO] BUILD SUCCESS
[INFO] ------------------------------------------------------------------------
[INFO] Total time:  08:12 min
[INFO] Finished at: 2021-11-11T09:00:15Z
[INFO] ------------------------------------------------------------------------
Congratulations! No build failures found for entando-k8s-operator-common-master.

Showing logs for build [32mentando-k8s-entando-k8s-operato-vm9z9-20[0m stage [32mfrom-build-pack[0m and container [32mstep-build-container-build[0m
Generating tags...
 - entando/entando-k8s-operator-common -> *********/entando/entando-k8s-operator-common:6.4.15
Checking cache...
 - entando/entando-k8s-operator-common: Not found. Building
Building [entando/entando-k8s-operator-common]...
Sending build context to Docker daemon  534.5kBSending build context to Docker daemon  5.995MBSending build context to Docker daemon  13.74MBSending build context to Docker daemon  18.62MBSending build context to Docker daemon  24.65MBSending build context to Docker daemon  30.07MBSending build context to Docker daemon  37.24MBSending build context to Docker daemon  40.85MB
Step 1/9 : FROM entando/entando-ubi8-java11-base:6.4.0
 ---> e6f63e77763e
Step 2/9 : ARG VERSION
 ---> Using cache
 ---> 44ac8eeba8ed
Step 3/9 : LABEL name "Entando K8S Oerator Common" vendor "Entando" version "v${VERSION}" release "6" summary "This Docker image contains all the common libraries used by Entando controllers." description "This Docker image contains all the common libraries used by Entando controllers."
 ---> Running in f3d9801f678a
 ---> 167c8d4cac22
Step 4/9 : COPY target/generated-resources/licenses /licenses
 ---> a256c4df9f5f
Step 5/9 : COPY target/quarkus-app/lib /deployments/lib
 ---> a22440e577ef
Step 6/9 : USER ****
 ---> Running in e013537ee692
 ---> 29ea0e7a1deb
Step 7/9 : RUN chmod ug+rw -R /deployments/ && chown 185:**** -R /deployments/
 ---> Running in c86f13f72157

[91m[0m ---> 1987036169d4
Step 8/9 : USER 185
 ---> Running in 77d05b375ba2
 ---> 47e62238003c
Step 9/9 : ENTRYPOINT /deployments/run-java.sh
 ---> Running in cd74db4edf62
 ---> 27094992d686
Successfully built 27094992d686
The push refers to a repository [*********/entando/entando-k8s-operator-common]
d7da452e2a78: Preparing
8b083520db49: Preparing
3143e95616bb: Preparing
b6619a67f244: Preparing
4875783288f9: Preparing
4f8537e83640: Preparing
05e0da429dc2: Preparing
038780c13293: Preparing
4f8537e83640: Waiting
05e0da429dc2: Waiting
038780c13293: Waiting
4875783288f9: Layer already exists
b6619a67f244: Layer already exists
4f8537e83640: Layer already exists
05e0da429dc2: Layer already exists
038780c13293: Layer already exists
3143e95616bb: Pushed
d7da452e2a78: Pushed
8b083520db49: Pushed
6.4.15: digest: sha256:fde6d0763083e0f14d92c7750052167dcb747dd443cb79c83615365ef56a2936 size: 2004
There is a new version (1.34.0) of Skaffold available. Download it at https://storage.googleapis.com/skaffold/releases/latest/skaffold-linux-amd64


Showing logs for build [32mentando-k8s-entando-k8s-operato-vm9z9-20[0m stage [32mfrom-build-pack[0m and container [32mstep-promote-changelog[0m
Converted /workspace/source to an unshallow repository
Generating change log from git ref 67cd49438c333d70f8ec553c8a91280c2d7c0dc8 => 3d2bcf667c620ec887bc51dd5e2b6ee37cee4756
Associating user pietrangelo-masala in users.jenkins.io with email pietrangelo@users.noreply.github.com to git GitProvider user with login pietrangelo-masala-0 as emails match
Adding label jenkins.io/git-github-userid=pietrangelo-masala-0 to user pietrangelo-masala in users.jenkins.io
Associating user github in users.jenkins.io with email noreply@github.com to git GitProvider user with login github-0 as emails match
Adding label jenkins.io/git-github-userid=github-0 to user github in users.jenkins.io
Finding issues in commit messages using git format
WARNING: No release found for entando-k8s/entando-k8s-operator-common and tag v6.4.15 so creating a new release
Updated the release information at https://github.com/entando-k8s/entando-k8s-operator-common/releases/tag/v6.4.15
generated: /workspace/source/charts/entando-k8s-operator-common/templates/release.yaml
Created Release entando-k8s-operator-common-6-4-15 resource in namespace **
Updating PipelineActivity entando-k8s-entando-k8s-operator-common-master-20 with version 6.4.15
Updated PipelineActivities entando-k8s-entando-k8s-operator-common-master-20 with release notes URL: https://github.com/entando-k8s/entando-k8s-operator-common/releases/tag/v6.4.15
