
Showing logs for build [32mentando-entando-admin-console-p-ccj22-3[0m stage [32mfrom-build-pack[0m and container [32mcredential-initializer[0m
{"level":"info","ts":1626182962.9130008,"caller":"creds-init/main.go:44","msg":"Credentials initialized."}

Showing logs for build [32mentando-entando-admin-console-p-ccj22-3[0m stage [32mfrom-build-pack[0m and container [32mworking-dir-initializer[0m

Showing logs for build [32mentando-entando-admin-console-p-ccj22-3[0m stage [32mfrom-build-pack[0m and container [32mplace-tools[0m

Showing logs for build [32mentando-entando-admin-console-p-ccj22-3[0m stage [32mfrom-build-pack[0m and container [32mstep-git-source-entando-entando-admin-console-p-ccj22-nfxvj[0m
{"level":"info","ts":1626183010.2085142,"caller":"git/git.go:105","msg":"Successfully cloned https://github.com/entando/entando-*****-console.git @ master in path /workspace/source"}
{"level":"warn","ts":1626183010.2087088,"caller":"git/git.go:152","msg":"Unexpected error: creating symlink: symlink /tekton/home/.ssh /****/.ssh: file exists"}
{"level":"info","ts":1626183010.2885408,"caller":"git/git.go:133","msg":"Successfully initialized and updated submodules in path /workspace/source"}

Showing logs for build [32mentando-entando-admin-console-p-ccj22-3[0m stage [32mfrom-build-pack[0m and container [32mstep-setup-builder-home[0m

Showing logs for build [32mentando-entando-admin-console-p-ccj22-3[0m stage [32mfrom-build-pack[0m and container [32mstep-git-merge[0m
Using SHAs from PULL_REFS=develop:e163b86b074cb119f62dca4104b3620b74fac3e0,87:7fb878af8affcdaaecd6aff43b72139811d2dc40
DEBUG: LC_ALL=C JX_LOG_LEVEL=error git fetch origin --unshallow 7fb878af8affcdaaecd6aff43b72139811d2dc40: e163b86b074cb119f62dca4104b3620b74fac3e0:
DEBUG: ran git fetch --unshallow origin 7fb878af8affcdaaecd6aff43b72139811d2dc40: e163b86b074cb119f62dca4104b3620b74fac3e0: in 
DEBUG: LC_ALL=C JX_LOG_LEVEL=error git branch
DEBUG: LC_ALL=C JX_LOG_LEVEL=error git branch develop
DEBUG: LC_ALL=C JX_LOG_LEVEL=error git checkout develop
DEBUG: ran git checkout develop in 
DEBUG: LC_ALL=C JX_LOG_LEVEL=error git reset --hard e163b86b074cb119f62dca4104b3620b74fac3e0
DEBUG: ran git reset --hard e163b86b074cb119f62dca4104b3620b74fac3e0 in 
DEBUG: JX_LOG_LEVEL=error LC_ALL=C git clean -fd .
DEBUG: ran clean --force -d . in 
DEBUG: LC_ALL=C JX_LOG_LEVEL=error git merge 7fb878af8affcdaaecd6aff43b72139811d2dc40
DEBUG: ran git merge 7fb878af8affcdaaecd6aff43b72139811d2dc40 in 
DEBUG: LC_ALL=C JX_LOG_LEVEL=error git log --format=%H%x1f%an%x1f%ae%x1f%cn%x1f%ce%x1f%s%n%b%x1e e163b86b074cb119f62dca4104b3620b74fac3e0..HEAD
Merged SHA b7588e0b3b42ba87280c912bfeddf5c798560894 with commit message 'Merge commit '7fb878af8affcdaaecd6aff43b72139811d2dc40' into develop' into base branch develop
Merged SHA 7fb878af8affcdaaecd6aff43b72139811d2dc40 with commit message 'ENG-2471 NewGen workflow' into base branch develop

Showing logs for build [32mentando-entando-admin-console-p-ccj22-3[0m stage [32mfrom-build-pack[0m and container [32mstep-build-set-version[0m
Picked up _JAVA_OPTIONS: -XX:+UnlockExperimentalVMOptions -Dsun.zip.disableMemoryMapping=**** -XX:+UseParallelGC -XX:MinHeapFreeRatio=5 -XX:MaxHeapFreeRatio=10 -XX:GCTimeRatio=4 -XX:AdaptiveSizePolicyWeight=90 -Xms10m -Xmx8000m
[INFO] Scanning for projects...
[WARNING] 
[WARNING] Some problems were encountered while building the effective model for org.entando.entando:entando-*****-console:war:6.3.0-SNAPSHOT
[WARNING] 'dependencyManagement.dependencies.dependency.(groupId:artifactId:type:classifier)' must be unique: org.springframework:spring-tx:jar -> version (?) vs ${spring.version} @ org.entando:entando-core-parent:6.3.14, /home/jenkins/.mvnrepository/org/entando/entando-core-parent/6.3.14/entando-core-parent-6.3.14.pom, line 624, column 25
[WARNING] 
[WARNING] It is highly recommended to fix these problems because they threaten the stability of your build.
[WARNING] 
[WARNING] For this reason, future Maven versions might no longer support building such malformed projects.
[WARNING] 
[WARNING] The POM for org.eclipse.m2e:lifecycle-mapping:jar:1.0.0 is missing, no dependency information available
[WARNING] Failed to retrieve plugin descriptor for org.eclipse.m2e:lifecycle-mapping:1.0.0: Plugin org.eclipse.m2e:lifecycle-mapping:1.0.0 or one of its dependencies could not be resolved: Could not find artifact org.eclipse.m2e:lifecycle-mapping:jar:1.0.0 in nexus (http://nexus/repository/maven-group/)
[INFO] 
[INFO] -------------< org.entando.entando:entando-*****-console >--------------
[INFO] Building Entando Core: Administration Console 6.3.0-SNAPSHOT
[INFO] --------------------------------[ war ]---------------------------------
[WARNING] The POM for org.eclipse.m2e:lifecycle-mapping:jar:1.0.0 is missing, no dependency information available
[WARNING] Failed to retrieve plugin descriptor for org.eclipse.m2e:lifecycle-mapping:1.0.0: Plugin org.eclipse.m2e:lifecycle-mapping:1.0.0 or one of its dependencies could not be resolved: Failure to find org.eclipse.m2e:lifecycle-mapping:jar:1.0.0 in http://nexus/repository/maven-group/ was cached in the local repository, resolution will not be reattempted until the update interval of nexus has elapsed or updates are forced
[INFO] 
[INFO] --- versions-maven-plugin:2.8.1:set (default-cli) @ entando-*****-console ---
[INFO] Local aggregation ****: /workspace/source
[INFO] Processing change of org.entando.entando:entando-*****-console:6.3.0-SNAPSHOT -> 0.0.0-SNAPSHOT-PR-87-3
[INFO] Processing org.entando.entando:entando-*****-console
[INFO]     Updating project org.entando.entando:entando-*****-console
[INFO]         from version 6.3.0-SNAPSHOT to 0.0.0-SNAPSHOT-PR-87-3
[INFO] 
[INFO] ------------------------------------------------------------------------
[INFO] BUILD SUCCESS
[INFO] ------------------------------------------------------------------------
[INFO] Total time:  10.077 s
[INFO] Finished at: 2021-07-13T13:30:27Z
[INFO] ------------------------------------------------------------------------

Showing logs for build [32mentando-entando-admin-console-p-ccj22-3[0m stage [32mfrom-build-pack[0m and container [32mstep-build-fix-git-for-sonar[0m
M	pom.xml
Switched to a new branch 'PR-87'
Deleted branch master (was f5249dd).
From https://github.com/entando/entando-*****-console
 * [new branch]      master            -> master
 * [new tag]         pia-crs4          -> pia-crs4
 * [new tag]         v4.2.0            -> v4.2.0
 * [new tag]         v4.3.2-RC1        -> v4.3.2-RC1
 * [new tag]         v5.0.0-pre        -> v5.0.0-pre
 * [new tag]         v6.2.0-sprint1-rc -> v6.2.0-sprint1-rc
 * [new tag]         v6.2.0-sprint2-rc -> v6.2.0-sprint2-rc
 * [new tag]         v6.2.0-sprint3-rc -> v6.2.0-sprint3-rc
 * [new tag]         v6.2.0-sprint4-rc -> v6.2.0-sprint4-rc
 * [new tag]         v6.2.0-sprint5-rc -> v6.2.0-sprint5-rc

Showing logs for build [32mentando-entando-admin-console-p-ccj22-3[0m stage [32mfrom-build-pack[0m and container [32mstep-build-mvn-verify-pr[0m
Picked up _JAVA_OPTIONS: -XX:+UnlockExperimentalVMOptions -Dsun.zip.disableMemoryMapping=**** -XX:+UseParallelGC -XX:MinHeapFreeRatio=5 -XX:MaxHeapFreeRatio=10 -XX:GCTimeRatio=4 -XX:AdaptiveSizePolicyWeight=90 -Xms10m -Xmx8000m
[INFO] Scanning for projects...
[WARNING] 
[WARNING] Some problems were encountered while building the effective model for org.entando.entando:entando-*****-console:war:0.0.0-SNAPSHOT-PR-87-3
[WARNING] 'dependencyManagement.dependencies.dependency.(groupId:artifactId:type:classifier)' must be unique: org.springframework:spring-tx:jar -> version (?) vs ${spring.version} @ org.entando:entando-core-parent:6.3.14, /home/jenkins/.mvnrepository/org/entando/entando-core-parent/6.3.14/entando-core-parent-6.3.14.pom, line 624, column 25
[WARNING] 
[WARNING] It is highly recommended to fix these problems because they threaten the stability of your build.
[WARNING] 
[WARNING] For this reason, future Maven versions might no longer support building such malformed projects.
[WARNING] 
[WARNING] The POM for org.eclipse.m2e:lifecycle-mapping:jar:1.0.0 is missing, no dependency information available
[WARNING] Failed to retrieve plugin descriptor for org.eclipse.m2e:lifecycle-mapping:1.0.0: Plugin org.eclipse.m2e:lifecycle-mapping:1.0.0 or one of its dependencies could not be resolved: Failure to find org.eclipse.m2e:lifecycle-mapping:jar:1.0.0 in http://nexus/repository/maven-group/ was cached in the local repository, resolution will not be reattempted until the update interval of nexus has elapsed or updates are forced
[INFO] 
[INFO] -------------< org.entando.entando:entando-*****-console >--------------
[INFO] Building Entando Core: Administration Console 0.0.0-SNAPSHOT-PR-87-3
[INFO] --------------------------------[ war ]---------------------------------
[WARNING] The POM for com.sun.xml.bind:jaxb-impl:jar:2.2.11 is invalid, transitive dependencies (if any) will not be available, enable debug logging for more details
[INFO] 
[INFO] --- maven-checkstyle-plugin:3.1.1:check (validate) @ entando-*****-console ---
[INFO] 
[INFO] --- maven-checkstyle-plugin:3.1.1:checkstyle (validate) @ entando-*****-console ---
[INFO] 
[INFO] --- jacoco-maven-plugin:0.8.6:prepare-agent (prepare-agent) @ entando-*****-console ---
[INFO] argLine set to -javaagent:/home/jenkins/.mvnrepository/org/jacoco/org.jacoco.agent/0.8.6/org.jacoco.agent-0.8.6-runtime.jar=destfile=/workspace/source/target/jacoco.e**c
[INFO] 
[INFO] --- maven-resources-plugin:2.5:resources (default-resources) @ entando-*****-console ---
[debug] e**cute contextualize
[INFO] Using 'UTF-8' encoding to copy filtered resources.
[INFO] Copying 26 resources
[INFO] Copying 1 resource
[INFO] Copying 93 resources
[INFO] Copying 2 resources to META-INF
[INFO] 
[INFO] --- maven-compiler-plugin:3.8.1:compile (default-compile) @ entando-*****-console ---
[INFO] Changes detected - recompiling the module!
[INFO] Compiling 240 source files to /workspace/source/target/classes
[WARNING] /workspace/source/src/main/java/com/agiletec/aps*****/******/BaseAction.java:[123,33] unchecked method invocation: method sort in class java.util.Collections is applied to given types
  required: java.util.List<T>,java.util.Comparator<? super T>
  found: java.util.List<com.agiletec.aps.******.services.group.Group>,org.apache.commons.beanutils.BeanComparator
[WARNING] /workspace/source/src/main/java/com/agiletec/aps*****/******/BaseAction.java:[123,61] unchecked conversion
  required: java.util.Comparator<? super T>
  found:    org.apache.commons.beanutils.BeanComparator
[WARNING] /workspace/source/src/main/java/org/entando/entando/aps*****/api/AbstractApiFinderAction.java:[61,29] unchecked method invocation: method sort in class java.util.Collections is applied to given types
  required: java.util.List<T>,java.util.Comparator<? super T>
  found: java.util.List<org.entando.entando.aps.******.services.api.model.ApiResource>,org.apache.commons.beanutils.BeanComparator
[WARNING] /workspace/source/src/main/java/org/entando/entando/aps*****/api/AbstractApiFinderAction.java:[61,43] unchecked conversion
  required: java.util.Comparator<? super T>
  found:    org.apache.commons.beanutils.BeanComparator
[WARNING] /workspace/source/src/main/java/com/agiletec/aps*****/******/entity/AbstractApsEntityFinderAction.java:[58,66] unchecked call to EntitySearchFilter(java.lang.String,boolean,T,boolean) as a member of the raw type com.agiletec.aps.******.common.entity.model.EntitySearchFilter
[WARNING] /workspace/source/src/main/java/com/agiletec/aps*****/******/entity/AbstractApsEntityFinderAction.java:[150,41] unchecked method invocation: method sort in class java.util.Collections is applied to given types
  required: java.util.List<T>,java.util.Comparator<? super T>
  found: java.util.List<com.agiletec.aps.******.common.entity.model.IApsEntity>,org.apache.commons.beanutils.BeanComparator
[WARNING] /workspace/source/src/main/java/com/agiletec/aps*****/******/entity/AbstractApsEntityFinderAction.java:[150,60] unchecked conversion
  required: java.util.Comparator<? super T>
  found:    org.apache.commons.beanutils.BeanComparator
[WARNING] /workspace/source/src/main/java/org/entando/entando/aps*****/user/UserProfileFinderAction.java:[50,26] unchecked call to EntitySearchFilter(java.lang.String,boolean,T,boolean) as a member of the raw type com.agiletec.aps.******.common.entity.model.EntitySearchFilter
[WARNING] /workspace/source/src/main/java/org/entando/entando/aps*****/*****/DatabaseAction.java:[202,89] unchecked call to <A>getAnnotation(java.lang.Class<A>) as a member of the raw type java.lang.Class
[WARNING] /workspace/source/src/main/java/com/agiletec/aps*****/******/entity/type/EntityTypeConfigAction.java:[229,41] unchecked method invocation: method sort in class java.util.Collections is applied to given types
  required: java.util.List<T>,java.util.Comparator<? super T>
  found: java.util.List<com.agiletec.aps.******.common.entity.model.attribute.AttributeInterface>,org.apache.commons.beanutils.BeanComparator
[WARNING] /workspace/source/src/main/java/com/agiletec/aps*****/******/entity/type/EntityTypeConfigAction.java:[229,54] unchecked conversion
  required: java.util.Comparator<? super T>
  found:    org.apache.commons.beanutils.BeanComparator
[WARNING] /workspace/source/src/main/java/org/entando/entando/aps*****/tags/PageTreeTag.java:[88,57] unchecked method invocation: method getAllowedTreeRoot in interface com.agiletec.aps*****.******.ITreeNodeBaseActionHelper is applied to given types
  required: java.util.Collection<java.lang.String>
  found: java.util.Collection
[WARNING] /workspace/source/src/main/java/org/entando/entando/aps*****/tags/PageTreeTag.java:[88,79] unchecked conversion
  required: java.util.Collection<java.lang.String>
  found:    java.util.Collection
[WARNING] /workspace/source/src/main/java/com/agiletec/aps*****/portal/AbstractPortalAction.java:[125,41] unchecked method invocation: method sort in class java.util.Collections is applied to given types
  required: java.util.List<T>,java.util.Comparator<? super T>
  found: java.util.List<com.agiletec.aps.util.SelectItem>,org.apache.commons.beanutils.BeanComparator
[WARNING] /workspace/source/src/main/java/com/agiletec/aps*****/portal/AbstractPortalAction.java:[125,55] unchecked conversion
  required: java.util.Comparator<? super T>
  found:    org.apache.commons.beanutils.BeanComparator
[WARNING] /workspace/source/src/main/java/org/entando/entando/aps*****/portal/guifragment/GuiFragmentFinderAction.java:[47,65] unchecked call to FieldSearchFilter(java.lang.String,T,boolean) as a member of the raw type com.agiletec.aps.******.common.FieldSearchFilter
[WARNING] /workspace/source/src/main/java/org/entando/entando/aps*****/portal/guifragment/GuiFragmentFinderAction.java:[51,65] unchecked call to FieldSearchFilter(java.lang.String,T,boolean) as a member of the raw type com.agiletec.aps.******.common.FieldSearchFilter
[WARNING] /workspace/source/src/main/java/org/entando/entando/aps*****/portal/guifragment/GuiFragmentFinderAction.java:[55,65] unchecked call to FieldSearchFilter(java.lang.String,T,boolean) as a member of the raw type com.agiletec.aps.******.common.FieldSearchFilter
[WARNING] /workspace/source/src/main/java/org/entando/entando/aps*****/portal/guifragment/GuiFragmentFinderAction.java:[101,49] unchecked method invocation: method sort in class java.util.Collections is applied to given types
  required: java.util.List<T>,java.util.Comparator<? super T>
  found: java.util.List<com.agiletec.aps.util.SelectItem>,org.apache.commons.beanutils.BeanComparator
[WARNING] /workspace/source/src/main/java/org/entando/entando/aps*****/portal/guifragment/GuiFragmentFinderAction.java:[101,57] unchecked conversion
  required: java.util.Comparator<? super T>
  found:    org.apache.commons.beanutils.BeanComparator
[WARNING] /workspace/source/src/main/java/com/agiletec/aps*****/user/role/RoleFinderAction.java:[34,33] unchecked method invocation: method sort in class java.util.Collections is applied to given types
  required: java.util.List<T>,java.util.Comparator<? super T>
  found: java.util.List<com.agiletec.aps.******.services.role.Role>,org.apache.commons.beanutils.BeanComparator
[WARNING] /workspace/source/src/main/java/com/agiletec/aps*****/user/role/RoleFinderAction.java:[34,41] unchecked conversion
  required: java.util.Comparator<? super T>
  found:    org.apache.commons.beanutils.BeanComparator
[WARNING] /workspace/source/src/main/java/com/agiletec/aps*****/******/entity/type/CompositeAttributeConfigAction.java:[157,41] unchecked method invocation: method sort in class java.util.Collections is applied to given types
  required: java.util.List<T>,java.util.Comparator<? super T>
  found: java.util.List<com.agiletec.aps.******.common.entity.model.attribute.AttributeInterface>,org.apache.commons.beanutils.BeanComparator
[WARNING] /workspace/source/src/main/java/com/agiletec/aps*****/******/entity/type/CompositeAttributeConfigAction.java:[157,54] unchecked conversion
  required: java.util.Comparator<? super T>
  found:    org.apache.commons.beanutils.BeanComparator
[WARNING] /workspace/source/src/main/java/org/entando/entando/aps*****/api/helper/SchemaGeneratorActionHelper.java:[72,57] unchecked call to getDeclaredMethod(java.lang.String,java.lang.Class<?>...) as a member of the raw type java.lang.Class
[WARNING] /workspace/source/src/main/java/org/entando/entando/aps*****/api/helper/SchemaGeneratorActionHelper.java:[81,61] unchecked call to getDeclaredMethod(java.lang.String,java.lang.Class<?>...) as a member of the raw type java.lang.Class
[WARNING] /workspace/source/src/main/java/org/entando/entando/aps*****/api/helper/SchemaGeneratorActionHelper.java:[87,61] unchecked call to getDeclaredMethod(java.lang.String,java.lang.Class<?>...) as a member of the raw type java.lang.Class
[WARNING] /workspace/source/src/main/java/org/entando/entando/aps*****/******/services/shortcut/UserShortcutConfigDOM.java:[67,82] unchecked conversion
  required: java.util.List<org.jdom.Element>
  found:    java.util.List
[WARNING] /workspace/source/src/main/java/org/entando/entando/aps*****/api/AbstractApiAction.java:[53,29] unchecked method invocation: method sort in class java.util.Collections is applied to given types
  required: java.util.List<T>,java.util.Comparator<? super T>
  found: java.util.List<com.agiletec.aps.******.services.role.Permission>,org.apache.commons.beanutils.BeanComparator
[WARNING] /workspace/source/src/main/java/org/entando/entando/aps*****/api/AbstractApiAction.java:[53,43] unchecked conversion
  required: java.util.Comparator<? super T>
  found:    org.apache.commons.beanutils.BeanComparator
[WARNING] /workspace/source/src/main/java/org/entando/entando/aps*****/******/services/shortcut/ShortcutDefDOM.java:[92,78] unchecked conversion
  required: java.util.List<org.jdom.Element>
  found:    java.util.List
[WARNING] /workspace/source/src/main/java/org/entando/entando/aps*****/******/services/shortcut/ShortcutDefDOM.java:[103,85] unchecked conversion
  required: java.util.List<org.jdom.Element>
  found:    java.util.List
[WARNING] /workspace/source/src/main/java/org/entando/entando/aps*****/******/services/shortcut/ShortcutDefDOM.java:[131,84] unchecked conversion
  required: java.util.List<org.jdom.Element>
  found:    java.util.List
[WARNING] /workspace/source/src/main/java/com/agiletec/aps*****/******/entity/EntityActionHelper.java:[202,82] unchecked call to EntitySearchFilter(java.lang.String,boolean,T,boolean) as a member of the raw type com.agiletec.aps.******.common.entity.model.EntitySearchFilter
[WARNING] /workspace/source/src/main/java/com/agiletec/aps*****/******/entity/EntityActionHelper.java:[209,82] unchecked call to EntitySearchFilter(java.lang.String,boolean,T,T) as a member of the raw type com.agiletec.aps.******.common.entity.model.EntitySearchFilter
[WARNING] /workspace/source/src/main/java/com/agiletec/aps*****/******/entity/EntityActionHelper.java:[215,82] unchecked call to EntitySearchFilter(java.lang.String,boolean,T,boolean) as a member of the raw type com.agiletec.aps.******.common.entity.model.EntitySearchFilter
[WARNING] /workspace/source/src/main/java/com/agiletec/aps*****/******/entity/EntityActionHelper.java:[222,82] unchecked call to EntitySearchFilter(java.lang.String,boolean,T,T) as a member of the raw type com.agiletec.aps.******.common.entity.model.EntitySearchFilter
[WARNING] /workspace/source/src/main/java/org/entando/entando/aps*****/tags/EntityTypesInfoTag.java:[51,57] unchecked method invocation: method sort in class java.util.Collections is applied to given types
  required: java.util.List<T>,java.util.Comparator<? super T>
  found: java.util.List<com.agiletec.aps.******.common.entity.model.IApsEntity>,org.apache.commons.beanutils.BeanComparator
[WARNING] /workspace/source/src/main/java/org/entando/entando/aps*****/tags/EntityTypesInfoTag.java:[51,71] unchecked conversion
  required: java.util.Comparator<? super T>
  found:    org.apache.commons.beanutils.BeanComparator
[WARNING] /workspace/source/src/main/java/com/agiletec/aps*****/******/conversion/ApsTimestampTypeConverter.java:[48,72] unchecked call to getConstructor(java.lang.Class<?>...) as a member of the raw type java.lang.Class
[WARNING] /workspace/source/src/main/java/com/agiletec/aps*****/******/conversion/ApsDateTypeConverter.java:[54,72] unchecked call to getConstructor(java.lang.Class<?>...) as a member of the raw type java.lang.Class
[WARNING] /workspace/source/src/main/java/org/entando/entando/aps*****/portal/guifragment/GuiFragmentAction.java:[205,59] unchecked method invocation: method setReferences in class org.entando.entando.aps*****.portal.guifragment.GuiFragmentAction is applied to given types
  required: java.util.Map<java.lang.String,java.util.List<java.lang.Object>>
  found: java.util.Map
[WARNING] /workspace/source/src/main/java/org/entando/entando/aps*****/portal/guifragment/GuiFragmentAction.java:[205,60] unchecked conversion
  required: java.util.Map<java.lang.String,java.util.List<java.lang.Object>>
  found:    java.util.Map
[WARNING] /workspace/source/src/main/java/com/agiletec/aps*****/tags/HookPointTag.java:[66,33] unchecked method invocation: method sort in class java.util.Collections is applied to given types
  required: java.util.List<T>,java.util.Comparator<? super T>
  found: java.util.List<com.agiletec.aps*****.******.plugin.HookPointElementContainer>,org.apache.commons.beanutils.BeanComparator
[WARNING] /workspace/source/src/main/java/com/agiletec/aps*****/tags/HookPointTag.java:[66,46] unchecked conversion
  required: java.util.Comparator<? super T>
  found:    org.apache.commons.beanutils.BeanComparator
[WARNING] /workspace/source/src/main/java/com/agiletec/aps*****/user/group/GroupAction.java:[184,59] unchecked method invocation: method setReferences in class com.agiletec.aps*****.user.group.GroupAction is applied to given types
  required: java.util.Map<java.lang.String,java.util.List<java.lang.Object>>
  found: java.util.Map
[WARNING] /workspace/source/src/main/java/com/agiletec/aps*****/user/group/GroupAction.java:[184,60] unchecked conversion
  required: java.util.Map<java.lang.String,java.util.List<java.lang.Object>>
  found:    java.util.Map
[WARNING] /workspace/source/src/main/java/org/entando/entando/aps*****/api/ConsumerFinderAction.java:[49,37] unchecked call to FieldSearchFilter(java.lang.String,T,boolean) as a member of the raw type com.agiletec.aps.******.common.FieldSearchFilter
[WARNING] /workspace/source/src/main/java/org/entando/entando/aps*****/api/ConsumerFinderAction.java:[57,43] unchecked call to FieldSearchFilter(java.lang.String,T,boolean) as a member of the raw type com.agiletec.aps.******.common.FieldSearchFilter
[WARNING] /workspace/source/src/main/java/org/entando/entando/aps*****/tags/ShortcutListTag.java:[119,49] unchecked method invocation: method sort in class java.util.Collections is applied to given types
  required: java.util.List<T>,java.util.Comparator<? super T>
  found: java.util.List<com.agiletec.aps.util.SelectItem>,org.apache.commons.beanutils.BeanComparator
[WARNING] /workspace/source/src/main/java/org/entando/entando/aps*****/tags/ShortcutListTag.java:[119,64] unchecked conversion
  required: java.util.Comparator<? super T>
  found:    org.apache.commons.beanutils.BeanComparator
[WARNING] /workspace/source/src/main/java/org/entando/entando/aps*****/******/services/shortcut/ShortcutManager.java:[191,33] unchecked method invocation: method sort in class java.util.Collections is applied to given types
  required: java.util.List<T>,java.util.Comparator<? super T>
  found: java.util.List<org.entando.entando.aps*****.******.services.shortcut.model.Shortcut>,org.apache.commons.beanutils.BeanComparator
[WARNING] /workspace/source/src/main/java/org/entando/entando/aps*****/******/services/shortcut/ShortcutManager.java:[191,52] unchecked conversion
  required: java.util.Comparator<? super T>
  found:    org.apache.commons.beanutils.BeanComparator
[WARNING] /workspace/source/src/main/java/com/agiletec/aps*****/portal/PageAction.java:[770,25] unchecked method invocation: method sort in class java.util.Collections is applied to given types
  required: java.util.List<T>,java.util.Comparator<? super T>
  found: java.util.List<com.agiletec.aps.******.services.group.Group>,org.apache.commons.beanutils.BeanComparator
[WARNING] /workspace/source/src/main/java/com/agiletec/aps*****/portal/PageAction.java:[770,34] unchecked conversion
  required: java.util.Comparator<? super T>
  found:    org.apache.commons.beanutils.BeanComparator
[WARNING] /workspace/source/src/main/java/com/agiletec/aps*****/user/group/helper/GroupActionHelper.java:[57,77] unchecked conversion
  required: java.util.List<java.lang.Object>
  found:    java.util.List
[WARNING] /workspace/source/src/main/java/org/entando/entando/aps*****/api/ApiServiceFinderAction.java:[79,49] unchecked method invocation: method sort in class java.util.Collections is applied to given types
  required: java.util.List<T>,java.util.Comparator<? super T>
  found: java.util.List<org.entando.entando.aps*****.api.model.ApiSelectItem>,org.apache.commons.beanutils.BeanComparator
[WARNING] /workspace/source/src/main/java/org/entando/entando/aps*****/api/ApiServiceFinderAction.java:[79,57] unchecked conversion
  required: java.util.Comparator<? super T>
  found:    org.apache.commons.beanutils.BeanComparator
[WARNING] /workspace/source/src/main/java/org/entando/entando/aps*****/portal/model/PageModelAction.java:[342,59] unchecked method invocation: method setReferences in class org.entando.entando.aps*****.portal.model.PageModelAction is applied to given types
  required: java.util.Map<java.lang.String,java.util.List<java.lang.Object>>
  found: java.util.Map
[WARNING] /workspace/source/src/main/java/org/entando/entando/aps*****/portal/model/PageModelAction.java:[342,60] unchecked conversion
  required: java.util.Map<java.lang.String,java.util.List<java.lang.Object>>
  found:    java.util.Map
[WARNING] /workspace/source/src/main/java/com/agiletec/aps*****/******/entity/type/EntityAttributeConfigAction.java:[280,29] unchecked method invocation: method sort in class java.util.Collections is applied to given types
  required: java.util.List<T>,java.util.Comparator<? super T>
  found: java.util.List<com.agiletec.aps.******.common.entity.model.attribute.AttributeInterface>,org.apache.commons.beanutils.BeanComparator
[WARNING] /workspace/source/src/main/java/com/agiletec/aps*****/******/entity/type/EntityAttributeConfigAction.java:[280,42] unchecked conversion
  required: java.util.Comparator<? super T>
  found:    org.apache.commons.beanutils.BeanComparator
[WARNING] /workspace/source/src/main/java/com/agiletec/aps*****/category/CategoryAction.java:[87,41] unchecked method invocation: method sort in class java.util.Collections is applied to given types
  required: java.util.List<T>,java.util.Comparator<? super T>
  found: java.util.List<com.agiletec.aps*****.******.TreeNodeWrapper>,org.apache.commons.beanutils.BeanComparator
[WARNING] /workspace/source/src/main/java/com/agiletec/aps*****/category/CategoryAction.java:[87,50] unchecked conversion
  required: java.util.Comparator<? super T>
  found:    org.apache.commons.beanutils.BeanComparator
[WARNING] /workspace/source/src/main/java/com/agiletec/aps*****/user/group/GroupFinderAction.java:[34,33] unchecked method invocation: method sort in class java.util.Collections is applied to given types
  required: java.util.List<T>,java.util.Comparator<? super T>
  found: java.util.List<com.agiletec.aps.******.services.group.Group>,org.apache.commons.beanutils.BeanComparator
[WARNING] /workspace/source/src/main/java/com/agiletec/aps*****/user/group/GroupFinderAction.java:[34,42] unchecked conversion
  required: java.util.Comparator<? super T>
  found:    org.apache.commons.beanutils.BeanComparator
[WARNING] /workspace/source/src/main/java/com/agiletec/aps*****/portal/PageTreeMenuAction.java:[157,29] unchecked method invocation: method sort in class java.util.Collections is applied to given types
  required: java.util.List<T>,java.util.Comparator<? super T>
  found: java.util.List<com.agiletec.aps.util.SelectItem>,org.apache.commons.beanutils.BeanComparator
[WARNING] /workspace/source/src/main/java/com/agiletec/aps*****/portal/PageTreeMenuAction.java:[157,43] unchecked conversion
  required: java.util.Comparator<? super T>
  found:    org.apache.commons.beanutils.BeanComparator
[WARNING] /workspace/source/src/main/java/org/entando/entando/aps*****/******/RedirectMessageInterceptor.java:[93,59] unchecked conversion
  required: java.util.Collection<java.lang.String>
  found:    java.util.Collection
[WARNING] /workspace/source/src/main/java/org/entando/entando/aps*****/******/RedirectMessageInterceptor.java:[99,61] unchecked conversion
  required: java.util.Collection<java.lang.String>
  found:    java.util.Collection
[WARNING] /workspace/source/src/main/java/org/entando/entando/aps*****/******/RedirectMessageInterceptor.java:[105,65] unchecked conversion
  required: java.util.Map<java.lang.String,java.util.List<java.lang.String>>
  found:    java.util.Map
[WARNING] /workspace/source/src/main/java/org/entando/entando/aps*****/portal/model/PageModelFinderAction.java:[33,33] unchecked method invocation: method sort in class java.util.Collections is applied to given types
  required: java.util.List<T>,java.util.Comparator<? super T>
  found: java.util.List<com.agiletec.aps.******.services.pagemodel.PageModel>,org.apache.commons.beanutils.BeanComparator
[WARNING] /workspace/source/src/main/java/org/entando/entando/aps*****/portal/model/PageModelFinderAction.java:[33,42] unchecked conversion
  required: java.util.Comparator<? super T>
  found:    org.apache.commons.beanutils.BeanComparator
[WARNING] /workspace/source/src/main/java/com/agiletec/aps*****/******/entity/type/EntityTypesAction.java:[76,41] unchecked method invocation: method sort in class java.util.Collections is applied to given types
  required: java.util.List<T>,java.util.Comparator<? super T>
  found: java.util.List<com.agiletec.aps.******.common.entity.model.IApsEntity>,org.apache.commons.beanutils.BeanComparator
[WARNING] /workspace/source/src/main/java/com/agiletec/aps*****/******/entity/type/EntityTypesAction.java:[76,60] unchecked conversion
  required: java.util.Comparator<? super T>
  found:    org.apache.commons.beanutils.BeanComparator
[WARNING] /workspace/source/src/main/java/com/agiletec/aps*****/******/entity/type/EntityTypesAction.java:[146,53] unchecked call to EntitySearchFilter(java.lang.String,boolean,T,boolean) as a member of the raw type com.agiletec.aps.******.common.entity.model.EntitySearchFilter
[WARNING] /workspace/source/src/main/java/org/entando/entando/aps*****/portal/model/helper/PageModelActionHelper.java:[55,105] unchecked conversion
  required: java.util.List<java.lang.Object>
  found:    java.util.List
[INFO] /workspace/source/src/main/java/com/agiletec/aps*****/******/BaseAction.java: Some input files use or override a deprecated API.
[INFO] /workspace/source/src/main/java/com/agiletec/aps*****/******/BaseAction.java: Recompile with -Xlint:deprecation for details.
[INFO] 
[INFO] --- maven-resources-plugin:2.5:copy-resources (copy-resources-test) @ entando-*****-console ---
[debug] e**cute contextualize
[INFO] Using 'UTF-8' encoding to copy filtered resources.
[INFO] Copying 4 resources
[INFO] 
[INFO] --- maven-resources-plugin:2.5:copy-resources (copy-resources-file-test-) @ entando-*****-console ---
[debug] e**cute contextualize
[INFO] Using 'UTF-8' encoding to copy filtered resources.
[INFO] Copying 4 resources
[INFO] 
[INFO] --- maven-resources-plugin:2.5:testResources (default-testResources) @ entando-*****-console ---
[debug] e**cute contextualize
[INFO] Using 'UTF-8' encoding to copy filtered resources.
[INFO] Copying 3 resources
[INFO] 
[INFO] --- maven-compiler-plugin:3.8.1:testCompile (default-testCompile) @ entando-*****-console ---
[INFO] Changes detected - recompiling the module!
[INFO] Compiling 49 source files to /workspace/source/target/test-classes
[WARNING] /workspace/source/src/test/java/com/agiletec/aps*****/ApsAdminBaseTestCase.java:[112,22] unchecked call to HashMap(java.util.Map<? extends K,? extends V>) as a member of the raw type java.util.HashMap
[WARNING] /workspace/source/src/test/java/com/agiletec/aps*****/ApsAdminBaseTestCase.java:[113,22] unchecked method invocation: constructor <init> in class org.apache.struts2.dispatcher.Dispatcher is applied to given types
  required: javax.servlet.ServletContext,java.util.Map<java.lang.String,java.lang.String>
  found: org.springframework.mock.web.MockServletContext,java.util.Map
[WARNING] /workspace/source/src/test/java/com/agiletec/aps*****/ApsAdminBaseTestCase.java:[113,53] unchecked conversion
  required: java.util.Map<java.lang.String,java.lang.String>
  found:    java.util.Map
[WARNING] /workspace/source/src/test/java/com/agiletec/aps*****/portal/TestWidgetTypeAction.java:[608,46] unchecked call to FieldSearchFilter(java.lang.String,T,boolean) as a member of the raw type com.agiletec.aps.******.common.FieldSearchFilter
[WARNING] /workspace/source/src/test/java/com/agiletec/aps*****/category/TestCategoryAction.java:[251,95] unchecked conversion
  required: java.util.Map<java.lang.String,java.lang.Object>
  found:    java.util.Map
[WARNING] /workspace/source/src/test/java/com/agiletec/aps*****/category/TestCategoryAction.java:[260,75] unchecked conversion
  required: java.util.Map<java.lang.String,java.lang.Object>
  found:    java.util.Map
[WARNING] /workspace/source/src/test/java/com/agiletec/aps*****/category/TestCategoryAction.java:[281,95] unchecked conversion
  required: java.util.Map<java.lang.String,java.lang.Object>
  found:    java.util.Map
[WARNING] /workspace/source/src/test/java/com/agiletec/aps*****/category/TestCategoryAction.java:[291,75] unchecked conversion
  required: java.util.Map<java.lang.String,java.lang.Object>
  found:    java.util.Map
[INFO] /workspace/source/src/test/java/com/agiletec/aps*****/common/TestShortcutConfigAction.java: Some input files use or override a deprecated API.
[INFO] /workspace/source/src/test/java/com/agiletec/aps*****/common/TestShortcutConfigAction.java: Recompile with -Xlint:deprecation for details.
[INFO] 
[INFO] --- maven-surefire-plugin:3.0.0-M1:test (default-test) @ entando-*****-console ---
[INFO] 
[INFO] -------------------------------------------------------
[INFO]  T E S T S
[INFO] -------------------------------------------------------
[INFO] Running org.entando.entando.aps*****.dataobject.model.TestDataObjectModelAction
13:31:06,588 |-INFO in ch.qos.logback.classic.LoggerContext[default] - Could NOT find resource [logback-test.xml]
13:31:06,588 |-INFO in ch.qos.logback.classic.LoggerContext[default] - Could NOT find resource [logback.groovy]
13:31:06,589 |-INFO in ch.qos.logback.classic.LoggerContext[default] - Found resource [logback.xml] at [jar:file:/home/jenkins/.mvnrepository/org/entando/entando/entando-engine/6.3.54/entando-engine-6.3.54.jar!/logback.xml]
13:31:06,710 |-INFO in ch.qos.logback.core.joran.spi.ConfigurationWatchList@232899d1 - URL [jar:file:/home/jenkins/.mvnrepository/org/entando/entando/entando-engine/6.3.54/entando-engine-6.3.54.jar!/logback.xml] is not of type file
13:31:06,892 |-INFO in ch.qos.logback.classic.joran.action.ConfigurationAction - debug attribute not set
13:31:06,940 |-INFO in ch.qos.logback.core.joran.action.AppenderAction - About to instantiate appender of type [org.entando.entando.ent.logger.EntRollingFileAppender]
13:31:06,965 |-INFO in ch.qos.logback.core.joran.action.AppenderAction - Naming appender as [FILE]
13:31:07,016 |-INFO in ch.qos.logback.core.joran.action.NestedComplexPropertyIA - Assuming default type [ch.qos.logback.classic.encoder.PatternLayoutEncoder] for [encoder] property
13:31:07,064 |-INFO in c.q.l.core.rolling.SizeAndTimeBasedRollingPolicy@1377968609 - setting totalSizeCap to 2 GB
13:31:07,068 |-INFO in c.q.l.core.rolling.SizeAndTimeBasedRollingPolicy@1377968609 - Archive files will be limited to [100 MB] each.
13:31:07,128 |-INFO in c.q.l.core.rolling.SizeAndTimeBasedRollingPolicy@1377968609 - No compression will be used
13:31:07,135 |-INFO in c.q.l.core.rolling.SizeAndTimeBasedRollingPolicy@1377968609 - Will use the pattern target/log/entando-engine.%d{yyyy-MM-dd}.%i.log for the active file
13:31:07,140 |-INFO in ch.qos.logback.core.rolling.SizeAndTimeBasedFNATP@14060410 - The date pattern is 'yyyy-MM-dd' from file name pattern 'target/log/entando-engine.%d{yyyy-MM-dd}.%i.log'.
13:31:07,140 |-INFO in ch.qos.logback.core.rolling.SizeAndTimeBasedFNATP@14060410 - Roll-over at midnight.
13:31:07,170 |-INFO in ch.qos.logback.core.rolling.SizeAndTimeBasedFNATP@14060410 - Setting initial period to Tue Jul 13 13:31:07 UTC 2021
13:31:07,175 |-INFO in org.entando.entando.ent.logger.EntRollingFileAppender[FILE] - Active log file name: target/log/entando-engine.log
13:31:07,175 |-INFO in org.entando.entando.ent.logger.EntRollingFileAppender[FILE] - File property is set to [target/log/entando-engine.log]
13:31:07,175 |-INFO in org.entando.entando.ent.logger.EntRollingFileAppender[FILE] - Log Level OFF - disabled file creation
13:31:07,176 |-ERROR in org.entando.entando.ent.logger.EntRollingFileAppender[FILE] - No output stream set for the appender named "FILE".
13:31:07,176 |-INFO in ch.qos.logback.core.joran.action.AppenderAction - About to instantiate appender of type [org.entando.entando.ent.logger.EntRollingFileAppender]
13:31:07,176 |-INFO in ch.qos.logback.core.joran.action.AppenderAction - Naming appender as [JSONFILE]
13:31:07,798 |-WARN in org.entando.entando.ent.logger.EntRollingFileAppender[JSONFILE] - This appender no longer admits a layout as a sub-component, set an encoder instead.
13:31:07,798 |-WARN in org.entando.entando.ent.logger.EntRollingFileAppender[JSONFILE] - To ensure compatibility, wrapping your layout in LayoutWrappingEncoder.
13:31:07,798 |-WARN in org.entando.entando.ent.logger.EntRollingFileAppender[JSONFILE] - See also http://logback.qos.ch/codes.html#layoutInsteadOfEncoder for details
13:31:07,800 |-INFO in c.q.l.core.rolling.SizeAndTimeBasedRollingPolicy@92510173 - setting totalSizeCap to 2 GB
13:31:07,800 |-INFO in c.q.l.core.rolling.SizeAndTimeBasedRollingPolicy@92510173 - Archive files will be limited to [100 MB] each.
13:31:07,800 |-INFO in c.q.l.core.rolling.SizeAndTimeBasedRollingPolicy@92510173 - No compression will be used
13:31:07,801 |-INFO in c.q.l.core.rolling.SizeAndTimeBasedRollingPolicy@92510173 - Will use the pattern target/log/entando-engine-json.%d{yyyy-MM-dd}.%i.log for the active file
13:31:07,802 |-INFO in ch.qos.logback.core.rolling.SizeAndTimeBasedFNATP@620260ad - The date pattern is 'yyyy-MM-dd' from file name pattern 'target/log/entando-engine-json.%d{yyyy-MM-dd}.%i.log'.
13:31:07,802 |-INFO in ch.qos.logback.core.rolling.SizeAndTimeBasedFNATP@620260ad - Roll-over at midnight.
13:31:07,802 |-INFO in ch.qos.logback.core.rolling.SizeAndTimeBasedFNATP@620260ad - Setting initial period to Tue Jul 13 13:31:07 UTC 2021
13:31:07,803 |-INFO in org.entando.entando.ent.logger.EntRollingFileAppender[JSONFILE] - Active log file name: target/log/entando-engine-json.log
13:31:07,803 |-INFO in org.entando.entando.ent.logger.EntRollingFileAppender[JSONFILE] - File property is set to [target/log/entando-engine-json.log]
13:31:07,803 |-INFO in org.entando.entando.ent.logger.EntRollingFileAppender[JSONFILE] - Log Level OFF - disabled file creation
13:31:07,803 |-ERROR in org.entando.entando.ent.logger.EntRollingFileAppender[JSONFILE] - No output stream set for the appender named "JSONFILE".
13:31:07,803 |-INFO in ch.qos.logback.core.joran.action.AppenderAction - About to instantiate appender of type [ch.qos.logback.core.ConsoleAppender]
13:31:07,805 |-INFO in ch.qos.logback.core.joran.action.AppenderAction - Naming appender as [JSONSTDOUT]
13:31:07,806 |-WARN in ch.qos.logback.core.ConsoleAppender[JSONSTDOUT] - This appender no longer admits a layout as a sub-component, set an encoder instead.
13:31:07,806 |-WARN in ch.qos.logback.core.ConsoleAppender[JSONSTDOUT] - To ensure compatibility, wrapping your layout in LayoutWrappingEncoder.
13:31:07,806 |-WARN in ch.qos.logback.core.ConsoleAppender[JSONSTDOUT] - See also http://logback.qos.ch/codes.html#layoutInsteadOfEncoder for details
13:31:07,807 |-INFO in ch.qos.logback.core.joran.action.AppenderAction - About to instantiate appender of type [ch.qos.logback.core.ConsoleAppender]
13:31:07,807 |-INFO in ch.qos.logback.core.joran.action.AppenderAction - Naming appender as [STDOUT]
13:31:07,808 |-INFO in ch.qos.logback.core.joran.action.NestedComplexPropertyIA - Assuming default type [ch.qos.logback.classic.encoder.PatternLayoutEncoder] for [encoder] property
13:31:07,809 |-INFO in ch.qos.logback.classic.joran.action.RootLoggerAction - Setting level of ROOT logger to DEBUG
13:31:07,809 |-INFO in ch.qos.logback.core.joran.action.AppenderRefAction - Attaching appender named [STDOUT] to Logger[ROOT]
13:31:07,810 |-INFO in ch.qos.logback.core.joran.action.AppenderRefAction - Attaching appender named [JSONSTDOUT] to Logger[ROOT]
13:31:07,810 |-INFO in ch.qos.logback.core.joran.action.AppenderRefAction - Attaching appender named [JSONFILE] to Logger[ROOT]
13:31:07,810 |-INFO in ch.qos.logback.core.joran.action.AppenderRefAction - Attaching appender named [FILE] to Logger[ROOT]
13:31:07,810 |-INFO in ch.qos.logback.classic.joran.action.ConfigurationAction - End of configuration.
13:31:07,811 |-INFO in ch.qos.logback.classic.joran.JoranConfigurator@216c6825 - Registering current configuration as safe fallback point

[INFO ] 2021-07-13 13:31:43.896 [main] SpringObjectFactory - Setting autowire strategy to name
[INFO ] 2021-07-13 13:31:45.028 [main] SpringObjectFactory - Setting autowire strategy to name
[INFO] Tests run: 11, Failures: 0, Errors: 0, Skipped: 0, Time elapsed: 43.415 s - in org.entando.entando.aps*****.dataobject.model.TestDataObjectModelAction
[INFO] Running org.entando.entando.aps*****.dataobject.model.TestDataObjectModelFinderAction
[INFO ] 2021-07-13 13:31:50.196 [main] SpringObjectFactory - Setting autowire strategy to name
[INFO] Tests run: 3, Failures: 0, Errors: 0, Skipped: 0, Time elapsed: 0.868 s - in org.entando.entando.aps*****.dataobject.model.TestDataObjectModelFinderAction
[INFO] Running org.entando.entando.aps*****.******.TestCustomTokenInterceptor
[INFO ] 2021-07-13 13:31:50.945 [main] SpringObjectFactory - Setting autowire strategy to name
[WARN ] 2021-07-13 13:31:51.166 [main] TokenHelper - Form token GHPISKMAX84GZPKXFRVX6HU5X0K53N17 does not match the session token null.
[WARN ] 2021-07-13 13:31:51.290 [main] TokenHelper - Form token 878J99SEUA4N850AYLEM0YIBPEIL4X52 does not match the session token null.
[WARN ] 2021-07-13 13:31:51.408 [main] TokenHelper - Form token IYLSC4RDMEQBEBUEL4A70T82UUKSO0A8 does not match the session token null.
[INFO] Tests run: 3, Failures: 0, Errors: 0, Skipped: 0, Time elapsed: 0.575 s - in org.entando.entando.aps*****.******.TestCustomTokenInterceptor
[INFO] Running org.entando.entando.aps*****.******.resource.TestCustomLocalizedTextProvider
[INFO ] 2021-07-13 13:31:51.552 [main] SpringObjectFactory - Setting autowire strategy to name
[INFO] Tests run: 2, Failures: 0, Errors: 0, Skipped: 0, Time elapsed: 0.461 s - in org.entando.entando.aps*****.******.resource.TestCustomLocalizedTextProvider
[INFO] Running org.entando.entando.aps*****.******.services.activitystream.TestSocialActivityStreamDAO
2021-07-13 13:32:05.093 [main] WARN  c.a.a.s.common.AbstractSearcherDAO - no filters
2021-07-13 13:32:05.139 [main] WARN  c.a.a.s.common.AbstractSearcherDAO - no filters
2021-07-13 13:32:05.147 [main] WARN  c.a.a.s.common.AbstractSearcherDAO - no filters
[INFO] Tests run: 4, Failures: 0, Errors: 0, Skipped: 0, Time elapsed: 14.349 s - in org.entando.entando.aps*****.******.services.activitystream.TestSocialActivityStreamDAO
[INFO] Running org.entando.entando.aps*****.portal.model.TestPageModelAction
[INFO ] 2021-07-13 13:32:06.367 [main] SpringObjectFactory - Setting autowire strategy to name
[INFO] Tests run: 8, Failures: 0, Errors: 0, Skipped: 0, Time elapsed: 2.093 s - in org.entando.entando.aps*****.portal.model.TestPageModelAction
[INFO] Running org.entando.entando.aps*****.portal.model.TestPageModelFinderAction
[INFO ] 2021-07-13 13:32:08.481 [main] SpringObjectFactory - Setting autowire strategy to name
[INFO] Tests run: 2, Failures: 0, Errors: 0, Skipped: 0, Time elapsed: 0.463 s - in org.entando.entando.aps*****.portal.model.TestPageModelFinderAction
[INFO] Running org.entando.entando.aps*****.portal.guifragment.TestGuiFragmentAction
[INFO ] 2021-07-13 13:32:08.962 [main] SpringObjectFactory - Setting autowire strategy to name
[INFO] Tests run: 2, Failures: 0, Errors: 0, Skipped: 0, Time elapsed: 0.448 s - in org.entando.entando.aps*****.portal.guifragment.TestGuiFragmentAction
[INFO] Running org.entando.entando.aps*****.api.TestApiServiceFinderAction
[INFO ] 2021-07-13 13:32:09.434 [main] SpringObjectFactory - Setting autowire strategy to name
[INFO] Tests run: 1, Failures: 0, Errors: 0, Skipped: 0, Time elapsed: 0.268 s - in org.entando.entando.aps*****.api.TestApiServiceFinderAction
[INFO] Running org.entando.entando.aps*****.api.TestConsumerAction
[INFO ] 2021-07-13 13:32:09.724 [main] SpringObjectFactory - Setting autowire strategy to name
[WARN ] 2021-07-13 13:32:12.232 [main] FieldExpressionValidator - Got result of null when trying to get Boolean.
[INFO] Tests run: 6, Failures: 0, Errors: 0, Skipped: 0, Time elapsed: 3.187 s - in org.entando.entando.aps*****.api.TestConsumerAction
[INFO] Running org.entando.entando.aps*****.common.currentuser.TestCurrentUserProfileAction
[INFO ] 2021-07-13 13:32:12.890 [main] SpringObjectFactory - Setting autowire strategy to name
[INFO] Tests run: 3, Failures: 0, Errors: 0, Skipped: 0, Time elapsed: 0.963 s - in org.entando.entando.aps*****.common.currentuser.TestCurrentUserProfileAction
[INFO] Running org.entando.entando.aps*****.common.TestActivityStreamAction
[INFO ] 2021-07-13 13:32:13.850 [main] SpringObjectFactory - Setting autowire strategy to name
[INFO] Tests run: 1, Failures: 0, Errors: 0, Skipped: 0, Time elapsed: 0.25 s - in org.entando.entando.aps*****.common.TestActivityStreamAction
[INFO] Running org.entando.entando.aps*****.common.TestActivityStream
[INFO ] 2021-07-13 13:32:14.109 [main] SpringObjectFactory - Setting autowire strategy to name
[INFO] Tests run: 1, Failures: 0, Errors: 0, Skipped: 0, Time elapsed: 1.539 s - in org.entando.entando.aps*****.common.TestActivityStream
[INFO] Running org.entando.entando.aps*****.user.TestUserAuthorizationAction
[INFO ] 2021-07-13 13:32:15.715 [main] SpringObjectFactory - Setting autowire strategy to name
[INFO] Tests run: 8, Failures: 0, Errors: 0, Skipped: 0, Time elapsed: 4.855 s - in org.entando.entando.aps*****.user.TestUserAuthorizationAction
[INFO] Running org.entando.entando.aps*****.user.TestUserProfileFinderAction
[INFO ] 2021-07-13 13:32:20.514 [main] SpringObjectFactory - Setting autowire strategy to name
[INFO] Tests run: 19, Failures: 0, Errors: 0, Skipped: 0, Time elapsed: 2.467 s - in org.entando.entando.aps*****.user.TestUserProfileFinderAction
[INFO] Running org.entando.entando.aps*****.user.TestUserFinderAction
[INFO ] 2021-07-13 13:32:23.004 [main] SpringObjectFactory - Setting autowire strategy to name
[INFO] Tests run: 3, Failures: 0, Errors: 0, Skipped: 0, Time elapsed: 0.693 s - in org.entando.entando.aps*****.user.TestUserFinderAction
[INFO] Running org.entando.entando.aps*****.user.TestUserAction
[INFO ] 2021-07-13 13:32:23.687 [main] SpringObjectFactory - Setting autowire strategy to name
[INFO] Tests run: 14, Failures: 0, Errors: 0, Skipped: 0, Time elapsed: 5.153 s - in org.entando.entando.aps*****.user.TestUserAction
[INFO] Running org.entando.entando.aps*****.user.TestUserProfileAction
[INFO ] 2021-07-13 13:32:28.852 [main] SpringObjectFactory - Setting autowire strategy to name
[INFO] Tests run: 8, Failures: 0, Errors: 0, Skipped: 0, Time elapsed: 2.652 s - in org.entando.entando.aps*****.user.TestUserProfileAction
[INFO] Running org.entando.entando.aps*****.filebrowser.TestFileBrowserAction
[INFO ] 2021-07-13 13:32:31.517 [main] SpringObjectFactory - Setting autowire strategy to name
[INFO] Tests run: 10, Failures: 0, Errors: 0, Skipped: 0, Time elapsed: 1.948 s - in org.entando.entando.aps*****.filebrowser.TestFileBrowserAction
[INFO] Running org.entando.entando.aps.internalservlet.******.dispatcher.FrontServletActionRedirectResultIntegrationTest
[INFO ] 2021-07-13 13:32:33.483 [main] SpringObjectFactory - Setting autowire strategy to name
internalServletActionPath : /ExtStr2/do/Api/Service/details
internalServletFrameDest : 0
internalServletActionPath : /ExtStr2/do/Api/Service/details
internalServletFrameDest : 0
internalServletActionPath : /ExtStr2/do/Api/Service/details
internalServletFrameDest : 0
[INFO] Tests run: 3, Failures: 0, Errors: 0, Skipped: 0, Time elapsed: 0.168 s - in org.entando.entando.aps.internalservlet.******.dispatcher.FrontServletActionRedirectResultIntegrationTest
[INFO] Running com.agiletec.aps*****.*****.localestring.TestLocaleStringFinderAction
[INFO ] 2021-07-13 13:32:33.645 [main] SpringObjectFactory - Setting autowire strategy to name
[INFO] Tests run: 2, Failures: 0, Errors: 0, Skipped: 0, Time elapsed: 1.209 s - in com.agiletec.aps*****.*****.localestring.TestLocaleStringFinderAction
[INFO] Running com.agiletec.aps*****.*****.localestring.TestLocaleStringAction
[INFO ] 2021-07-13 13:32:34.872 [main] SpringObjectFactory - Setting autowire strategy to name
[INFO] Tests run: 9, Failures: 0, Errors: 0, Skipped: 0, Time elapsed: 1.648 s - in com.agiletec.aps*****.*****.localestring.TestLocaleStringAction
[INFO] Running com.agiletec.aps*****.*****.TestSystemParamsUtils
[INFO ] 2021-07-13 13:32:36.547 [main] SpringObjectFactory - Setting autowire strategy to name
[INFO] Tests run: 1, Failures: 0, Errors: 0, Skipped: 0, Time elapsed: 0.14 s - in com.agiletec.aps*****.*****.TestSystemParamsUtils
[INFO] Running com.agiletec.aps*****.*****.lang.TestLangFinderAction
[INFO ] 2021-07-13 13:32:36.634 [main] SpringObjectFactory - Setting autowire strategy to name
[INFO] Tests run: 1, Failures: 0, Errors: 0, Skipped: 0, Time elapsed: 0.258 s - in com.agiletec.aps*****.*****.lang.TestLangFinderAction
[INFO] Running com.agiletec.aps*****.*****.TestBaseAdminAction
[INFO ] 2021-07-13 13:32:36.934 [main] SpringObjectFactory - Setting autowire strategy to name
[INFO] Tests run: 5, Failures: 0, Errors: 0, Skipped: 0, Time elapsed: 7.217 s - in com.agiletec.aps*****.*****.TestBaseAdminAction
[INFO] Running com.agiletec.aps*****.category.TestCategoryAction
[INFO ] 2021-07-13 13:32:44.120 [main] SpringObjectFactory - Setting autowire strategy to name
[INFO] Tests run: 14, Failures: 0, Errors: 0, Skipped: 0, Time elapsed: 2.538 s - in com.agiletec.aps*****.category.TestCategoryAction
[INFO] Running com.agiletec.aps*****.******.entity.TestEntityManagersAction
[INFO ] 2021-07-13 13:32:46.651 [main] SpringObjectFactory - Setting autowire strategy to name
[INFO] Tests run: 7, Failures: 0, Errors: 0, Skipped: 0, Time elapsed: 7.164 s - in com.agiletec.aps*****.******.entity.TestEntityManagersAction
[INFO] Running com.agiletec.aps*****.******.services.TestShortcutManager
[INFO] Tests run: 5, Failures: 0, Errors: 0, Skipped: 0, Time elapsed: 12.9 s - in com.agiletec.aps*****.******.services.TestShortcutManager
[INFO] Running com.agiletec.aps*****.TestAdminConsoleLabelsProperties
[INFO] Tests run: 17, Failures: 0, Errors: 0, Skipped: 0, Time elapsed: 0.032 s - in com.agiletec.aps*****.TestAdminConsoleLabelsProperties
[INFO] Running com.agiletec.aps*****.portal.TestPageConfigAction
[INFO ] 2021-07-13 13:33:06.774 [main] SpringObjectFactory - Setting autowire strategy to name
[INFO] Tests run: 7, Failures: 0, Errors: 0, Skipped: 0, Time elapsed: 4.296 s - in com.agiletec.aps*****.portal.TestPageConfigAction
[INFO] Running com.agiletec.aps*****.portal.TestPageTreeAction
[INFO ] 2021-07-13 13:33:11.097 [main] SpringObjectFactory - Setting autowire strategy to name
2021-07-13 13:33:13.661 [main] WARN  c.a.a.s.TreeNodeBaseActionHelper - No selected nodes
2021-07-13 13:33:13.772 [main] WARN  c.a.a.s.TreeNodeBaseActionHelper - No selected nodes
CODES -> [pagina_11, pagina_12]
2021-07-13 13:33:14.751 [main] WARN  c.a.aps*****.portal.PageTreeAction - Missing parentPageCode parameter
[INFO] Tests run: 26, Failures: 0, Errors: 0, Skipped: 0, Time elapsed: 3.836 s - in com.agiletec.aps*****.portal.TestPageTreeAction
[INFO] Running com.agiletec.aps*****.portal.TestWidgetTypeAction
[INFO ] 2021-07-13 13:33:14.901 [main] SpringObjectFactory - Setting autowire strategy to name
[INFO] Tests run: 17, Failures: 0, Errors: 0, Skipped: 0, Time elapsed: 5.768 s - in com.agiletec.aps*****.portal.TestWidgetTypeAction
[INFO] Running com.agiletec.aps*****.portal.specialwidget.TestSimpleWidgetConfigAction
[INFO ] 2021-07-13 13:33:20.682 [main] SpringObjectFactory - Setting autowire strategy to name
2021-07-13 13:33:21.211 [main] ERROR c.a.a.p.s.SimpleWidgetConfigAction - Widget Code missin or invalid : null
[INFO] Tests run: 4, Failures: 0, Errors: 0, Skipped: 0, Time elapsed: 0.588 s - in com.agiletec.aps*****.portal.specialwidget.TestSimpleWidgetConfigAction
[INFO] Running com.agiletec.aps*****.portal.specialwidget.navigator.TestNavigatorWidgetConfigAction
[INFO ] 2021-07-13 13:33:21.268 [main] SpringObjectFactory - Setting autowire strategy to name
[INFO] Tests run: 15, Failures: 0, Errors: 0, Skipped: 0, Time elapsed: 2.058 s - in com.agiletec.aps*****.portal.specialwidget.navigator.TestNavigatorWidgetConfigAction
[INFO] Running com.agiletec.aps*****.portal.TestPageAction
[INFO ] 2021-07-13 13:33:23.349 [main] SpringObjectFactory - Setting autowire strategy to name
2021-07-13 13:33:23.354 [main] ERROR c.a.aps.******.services.page.PageDAO - Widget Type null when adding widget on frame '0' of page 'temp'
2021-07-13 13:33:23.568 [EntandoThread_NotifyingThreadName_2021-07-13-13-33-23] ERROR o.e.e.a.s.s.d.c.DataObjectMapperCacheWrapper - Error loading data object mapper
java.lang.ArrayIndexOutOfBoundsException: Index 3 out of bounds for length 1
	at org.entando.entando.aps.******.services.dataobjectmapper.cache.DataObjectMapperCacheWrapper.searchPublishedDataObjects(DataObjectMapperCacheWrapper.java:59)
	at org.entando.entando.aps.******.services.dataobjectmapper.cache.DataObjectMapperCacheWrapper.searchPublishedDataObjects(DataObjectMapperCacheWrapper.java:70)
	at org.entando.entando.aps.******.services.dataobjectmapper.cache.DataObjectMapperCacheWrapper.searchPublishedDataObjects(DataObjectMapperCacheWrapper.java:70)
	at org.entando.entando.aps.******.services.dataobjectmapper.cache.DataObjectMapperCacheWrapper.initCache(DataObjectMapperCacheWrapper.java:44)
	at org.entando.entando.aps.******.services.dataobjectmapper.DataObjectPageMapperManager.reloadDataObjectPageMapper(DataObjectPageMapperManager.java:59)
	at org.entando.entando.aps.******.services.dataobjectmapper.DataObjectPageMapperManager.updateFromPageChanged(DataObjectPageMapperManager.java:70)
	at com.agiletec.aps.******.services.page.events.PageChangedEvent.notify(PageChangedEvent.java:30)
	at com.agiletec.aps.******.common.AbstractService.update(AbstractService.java:113)
	at com.agiletec.aps.******.common.notify.NotifyManager.notify(NotifyManager.java:68)
	at com.agiletec.aps.******.common.notify.NotifyingEventThread.run(NotifyingEventThread.java:34)
2021-07-13 13:33:23.582 [EntandoThread_NotifyingThreadName_2021-07-13-13-33-23] ERROR o.e.e.a.s.s.d.DataObjectPageMapperManager - Error notifying event
org.entando.entando.ent.exception.EntException: Error loading data object mapper
	at org.entando.entando.aps.******.services.dataobjectmapper.cache.DataObjectMapperCacheWrapper.initCache(DataObjectMapperCacheWrapper.java:48)
	at org.entando.entando.aps.******.services.dataobjectmapper.DataObjectPageMapperManager.reloadDataObjectPageMapper(DataObjectPageMapperManager.java:59)
	at org.entando.entando.aps.******.services.dataobjectmapper.DataObjectPageMapperManager.updateFromPageChanged(DataObjectPageMapperManager.java:70)
	at com.agiletec.aps.******.services.page.events.PageChangedEvent.notify(PageChangedEvent.java:30)
	at com.agiletec.aps.******.common.AbstractService.update(AbstractService.java:113)
	at com.agiletec.aps.******.common.notify.NotifyManager.notify(NotifyManager.java:68)
	at com.agiletec.aps.******.common.notify.NotifyingEventThread.run(NotifyingEventThread.java:34)
Caused by: java.lang.ArrayIndexOutOfBoundsException: Index 3 out of bounds for length 1
	at org.entando.entando.aps.******.services.dataobjectmapper.cache.DataObjectMapperCacheWrapper.searchPublishedDataObjects(DataObjectMapperCacheWrapper.java:59)
	at org.entando.entando.aps.******.services.dataobjectmapper.cache.DataObjectMapperCacheWrapper.searchPublishedDataObjects(DataObjectMapperCacheWrapper.java:70)
	at org.entando.entando.aps.******.services.dataobjectmapper.cache.DataObjectMapperCacheWrapper.searchPublishedDataObjects(DataObjectMapperCacheWrapper.java:70)
	at org.entando.entando.aps.******.services.dataobjectmapper.cache.DataObjectMapperCacheWrapper.initCache(DataObjectMapperCacheWrapper.java:44)
	... 6 common frames omitted
2021-07-13 13:33:30.444 [main] ERROR c.a.aps.******.services.page.PageDAO - Widget Type null when adding widget on frame '0' of page 'temp'
2021-07-13 13:33:30.672 [EntandoThread_NotifyingThreadName_2021-07-13-13-33-30] ERROR o.e.e.a.s.s.d.c.DataObjectMapperCacheWrapper - Error loading data object mapper
java.lang.ArrayIndexOutOfBoundsException: Index 3 out of bounds for length 1
	at org.entando.entando.aps.******.services.dataobjectmapper.cache.DataObjectMapperCacheWrapper.searchPublishedDataObjects(DataObjectMapperCacheWrapper.java:59)
	at org.entando.entando.aps.******.services.dataobjectmapper.cache.DataObjectMapperCacheWrapper.searchPublishedDataObjects(DataObjectMapperCacheWrapper.java:70)
	at org.entando.entando.aps.******.services.dataobjectmapper.cache.DataObjectMapperCacheWrapper.searchPublishedDataObjects(DataObjectMapperCacheWrapper.java:70)
	at org.entando.entando.aps.******.services.dataobjectmapper.cache.DataObjectMapperCacheWrapper.initCache(DataObjectMapperCacheWrapper.java:44)
	at org.entando.entando.aps.******.services.dataobjectmapper.DataObjectPageMapperManager.reloadDataObjectPageMapper(DataObjectPageMapperManager.java:59)
	at org.entando.entando.aps.******.services.dataobjectmapper.DataObjectPageMapperManager.updateFromPageChanged(DataObjectPageMapperManager.java:70)
	at com.agiletec.aps.******.services.page.events.PageChangedEvent.notify(PageChangedEvent.java:30)
	at com.agiletec.aps.******.common.AbstractService.update(AbstractService.java:113)
	at com.agiletec.aps.******.common.notify.NotifyManager.notify(NotifyManager.java:68)
	at com.agiletec.aps.******.common.notify.NotifyingEventThread.run(NotifyingEventThread.java:34)
2021-07-13 13:33:30.674 [EntandoThread_NotifyingThreadName_2021-07-13-13-33-30] ERROR o.e.e.a.s.s.d.DataObjectPageMapperManager - Error notifying event
org.entando.entando.ent.exception.EntException: Error loading data object mapper
	at org.entando.entando.aps.******.services.dataobjectmapper.cache.DataObjectMapperCacheWrapper.initCache(DataObjectMapperCacheWrapper.java:48)
	at org.entando.entando.aps.******.services.dataobjectmapper.DataObjectPageMapperManager.reloadDataObjectPageMapper(DataObjectPageMapperManager.java:59)
	at org.entando.entando.aps.******.services.dataobjectmapper.DataObjectPageMapperManager.updateFromPageChanged(DataObjectPageMapperManager.java:70)
	at com.agiletec.aps.******.services.page.events.PageChangedEvent.notify(PageChangedEvent.java:30)
	at com.agiletec.aps.******.common.AbstractService.update(AbstractService.java:113)
	at com.agiletec.aps.******.common.notify.NotifyManager.notify(NotifyManager.java:68)
	at com.agiletec.aps.******.common.notify.NotifyingEventThread.run(NotifyingEventThread.java:34)
Caused by: java.lang.ArrayIndexOutOfBoundsException: Index 3 out of bounds for length 1
	at org.entando.entando.aps.******.services.dataobjectmapper.cache.DataObjectMapperCacheWrapper.searchPublishedDataObjects(DataObjectMapperCacheWrapper.java:59)
	at org.entando.entando.aps.******.services.dataobjectmapper.cache.DataObjectMapperCacheWrapper.searchPublishedDataObjects(DataObjectMapperCacheWrapper.java:70)
	at org.entando.entando.aps.******.services.dataobjectmapper.cache.DataObjectMapperCacheWrapper.searchPublishedDataObjects(DataObjectMapperCacheWrapper.java:70)
	at org.entando.entando.aps.******.services.dataobjectmapper.cache.DataObjectMapperCacheWrapper.initCache(DataObjectMapperCacheWrapper.java:44)
	... 6 common frames omitted
[INFO] Tests run: 26, Failures: 0, Errors: 0, Skipped: 0, Time elapsed: 8.019 s - in com.agiletec.aps*****.portal.TestPageAction
[INFO] Running com.agiletec.aps*****.portal.TestWidgetsViewerAction
[INFO ] 2021-07-13 13:33:31.469 [main] SpringObjectFactory - Setting autowire strategy to name
[INFO] Tests run: 4, Failures: 0, Errors: 0, Skipped: 0, Time elapsed: 1.031 s - in com.agiletec.aps*****.portal.TestWidgetsViewerAction
[INFO] Running com.agiletec.aps*****.common.TestDispatchForward
[INFO ] 2021-07-13 13:33:32.467 [main] SpringObjectFactory - Setting autowire strategy to name
[INFO] Tests run: 3, Failures: 0, Errors: 0, Skipped: 0, Time elapsed: 0.163 s - in com.agiletec.aps*****.common.TestDispatchForward
[INFO] Running com.agiletec.aps*****.common.TestLoginAction
[INFO ] 2021-07-13 13:33:32.665 [main] SpringObjectFactory - Setting autowire strategy to name
[INFO] Tests run: 5, Failures: 0, Errors: 0, Skipped: 0, Time elapsed: 0.368 s - in com.agiletec.aps*****.common.TestLoginAction
[INFO] Running com.agiletec.aps*****.common.TestShortcutConfigAction
[INFO ] 2021-07-13 13:33:33.023 [main] SpringObjectFactory - Setting autowire strategy to name
[INFO] Tests run: 10, Failures: 0, Errors: 0, Skipped: 0, Time elapsed: 2.876 s - in com.agiletec.aps*****.common.TestShortcutConfigAction
[INFO] Running com.agiletec.aps*****.common.TestBaseCommonAction
[INFO ] 2021-07-13 13:33:35.887 [main] SpringObjectFactory - Setting autowire strategy to name
[INFO] Tests run: 3, Failures: 0, Errors: 0, Skipped: 0, Time elapsed: 0.991 s - in com.agiletec.aps*****.common.TestBaseCommonAction
[INFO] Running com.agiletec.aps*****.user.group.TestGroupFinderAction
[INFO ] 2021-07-13 13:33:36.886 [main] SpringObjectFactory - Setting autowire strategy to name
[INFO] Tests run: 2, Failures: 0, Errors: 0, Skipped: 0, Time elapsed: 0.174 s - in com.agiletec.aps*****.user.group.TestGroupFinderAction
[INFO] Running com.agiletec.aps*****.user.group.TestGroupAction
[INFO ] 2021-07-13 13:33:37.116 [main] SpringObjectFactory - Setting autowire strategy to name
[INFO] Tests run: 11, Failures: 0, Errors: 0, Skipped: 0, Time elapsed: 2.373 s - in com.agiletec.aps*****.user.group.TestGroupAction
[INFO] Running com.agiletec.aps*****.user.role.TestRoleFinderAction
[INFO ] 2021-07-13 13:33:39.461 [main] SpringObjectFactory - Setting autowire strategy to name
[INFO] Tests run: 2, Failures: 0, Errors: 0, Skipped: 0, Time elapsed: 0.19 s - in com.agiletec.aps*****.user.role.TestRoleFinderAction
[INFO] Running com.agiletec.aps*****.user.role.TestRoleAction
[INFO ] 2021-07-13 13:33:39.643 [main] SpringObjectFactory - Setting autowire strategy to name
[INFO] Tests run: 8, Failures: 0, Errors: 0, Skipped: 0, Time elapsed: 2.033 s - in com.agiletec.aps*****.user.role.TestRoleAction
[INFO] 
[INFO] Results:
[INFO] 
[INFO] Tests run: 316, Failures: 0, Errors: 0, Skipped: 0
[INFO] 
[INFO] 
[INFO] --- maven-war-plugin:2.1.1:war (default-war) @ entando-*****-console ---
WARNING: An illegal reflective access operation has occurred
WARNING: Illegal reflective access by com.thoughtworks.xstream.core.util.Fields (file:/home/jenkins/.mvnrepository/com/thoughtworks/xstream/xstream/1.3.1/xstream-1.3.1.jar) to field java.util.Properties.defaults
WARNING: Please consider reporting this to the maintainers of com.thoughtworks.xstream.core.util.Fields
WARNING: Use --illegal-access=warn to enable warnings of further illegal reflective access operations
WARNING: All illegal access operations will be denied in a future release
[INFO] Packaging webapp
[INFO] Assembling webapp [entando-*****-console] in [/workspace/source/target/entando-*****-console-0.0.0-SNAPSHOT-PR-87-3]
[INFO] Processing war project
[INFO] Copying webapp resources [/workspace/source/src/main/webapp]
[INFO] Building jar: /workspace/source/target/entando-*****-console-0.0.0-SNAPSHOT-PR-87-3/WEB-INF/lib/entando-*****-console-0.0.0-SNAPSHOT-PR-87-3.jar
[INFO] Webapp assembled in [1408 msecs]
[INFO] Building war: /workspace/source/target/entando-*****-console-0.0.0-SNAPSHOT-PR-87-3.war
[INFO] 
[INFO] --- maven-jar-plugin:3.2.0:test-jar (build-test-jar) @ entando-*****-console ---
[INFO] Building jar: /workspace/source/target/entando-*****-console-0.0.0-SNAPSHOT-PR-87-3-tests.jar
[INFO] 
[INFO] --- maven-javadoc-plugin:3.2.0:jar (attach-javadocs) @ entando-*****-console ---
[INFO] No previous run data found, generating javadoc.
[INFO] 
4 warnings
[WARNING] Javadoc Warnings
[WARNING] /workspace/source/src/main/java/org/entando/entando/aps*****/******/tiles/EntandoStrutsTilesListener.java:29: warning - invalid usage of tag <
[WARNING] /workspace/source/src/main/java/org/entando/entando/aps*****/******/tiles/EntandoStrutsTilesListener.java:29: warning - invalid usage of tag >
[WARNING] /workspace/source/src/main/java/org/entando/entando/aps*****/******/tiles/EntandoStrutsTilesListener.java:29: warning - invalid usage of tag <
[WARNING] /workspace/source/src/main/java/org/entando/entando/aps*****/******/tiles/EntandoStrutsTilesListener.java:29: warning - invalid usage of tag >
[INFO] Building jar: /workspace/source/target/entando-*****-console-0.0.0-SNAPSHOT-PR-87-3-javadoc.jar
[INFO] 
[INFO] --- maven-assembly-plugin:2.2.1:single (package-classes) @ entando-*****-console ---
[INFO] Reading assembly descriptor: /workspace/source/src/main/assembly/classes.xml
[INFO] Building jar: /workspace/source/target/entando-*****-console-0.0.0-SNAPSHOT-PR-87-3-classes.jar
[INFO] 
[INFO] --- maven-surefire-report-plugin:3.0.0-M4:failsafe-report-only (integration-tests) @ entando-*****-console ---
[INFO] 
[INFO] --- dependency-check-maven:6.1.5:aggregate (default) @ entando-*****-console ---
[INFO] Checking for updates
[INFO] Skipping NVD check since last check was within 4 hours.
[INFO] Check for updates complete (97 ms)
[INFO] 

Dependency-Check is an open source tool performing a best effort analysis of 3rd party dependencies; false positives and false negatives may exist in the analysis performed by the tool. Use of the tool and the reporting provided constitutes acceptance for use in an AS IS condition, and there are NO warranties, implied or otherwise, with regard to the analysis or its use. Any use of the tool and the reporting provided is at the user’s risk. In no event shall the copyright holder or OWASP be held liable for any damages whatsoever arising out of or in connection with the use of this tool, the analysis performed, or the resulting report.


   About ODC: https://jeremylong.github.io/DependencyCheck/general/internals.html
   False Positives: https://jeremylong.github.io/DependencyCheck/general/suppression.html

💖 Sponsor: https://github.com/sponsors/jeremylong


[INFO] Analysis Started
[INFO] Finished Archive Analyzer (1 seconds)
[INFO] Finished File Name Analyzer (0 seconds)
[INFO] Finished Jar Analyzer (1 seconds)
[ERROR] ----------------------------------------------------
[ERROR] .NET Assembly Analyzer could not be initialized and at least one 'e**' or 'dll' was scanned. The 'dotnet' e**cutable could not be found on the path; either disable the Assembly Analyzer or add the path to dotnet core in the configuration.
[ERROR] ----------------------------------------------------
[INFO] Finished Dependency Merging Analyzer (0 seconds)
[INFO] Finished Version Filter Analyzer (0 seconds)
[INFO] Finished Hint Analyzer (0 seconds)
[INFO] Created CPE Index (3 seconds)
[INFO] Finished CPE Analyzer (9 seconds)
[INFO] Finished False Positive Analyzer (0 seconds)
[INFO] Finished NVD CVE Analyzer (0 seconds)
[INFO] Finished Sonatype OSS Index Analyzer (3 seconds)
[INFO] Finished Vulnerability Suppression Analyzer (0 seconds)
[INFO] Finished Dependency Bundling Analyzer (0 seconds)
[INFO] Analysis Complete (17 seconds)
[INFO] Writing report to: /workspace/source/target/site/dependency-check-junit.xml
[INFO] Writing report to: /workspace/source/target/site/dependency-check-report.xml
[INFO] Writing report to: /workspace/source/target/site/dependency-check-report.html
[WARNING] 

One or more dependencies were identified with known vulnerabilities in Entando Core: Administration Console:

cxf-core-3.3.10.jar (pkg:maven/org.apache.cxf/cxf-core@3.3.10, cpe:2.3:a:apache:cxf:3.3.10:*:*:*:*:*:*:*) : CVE-2021-30468
cxf-rt-bindings-soap-3.3.10.jar (pkg:maven/org.apache.cxf/cxf-rt-bindings-soap@3.3.10, cpe:2.3:a:apache:cxf:3.3.10:*:*:*:*:*:*:*) : CVE-2021-30468
cxf-rt-bindings-xml-3.3.10.jar (pkg:maven/org.apache.cxf/cxf-rt-bindings-xml@3.3.10, cpe:2.3:a:apache:cxf:3.3.10:*:*:*:*:*:*:*) : CVE-2021-30468
cxf-rt-databinding-jaxb-3.3.10.jar (pkg:maven/org.apache.cxf/cxf-rt-databinding-jaxb@3.3.10, cpe:2.3:a:apache:cxf:3.3.10:*:*:*:*:*:*:*) : CVE-2021-30468
cxf-rt-frontend-jaxrs-3.3.10.jar (pkg:maven/org.apache.cxf/cxf-rt-frontend-jaxrs@3.3.10, cpe:2.3:a:apache:cxf:3.3.10:*:*:*:*:*:*:*) : CVE-2021-30468
cxf-rt-frontend-jaxws-3.3.10.jar (pkg:maven/org.apache.cxf/cxf-rt-frontend-jaxws@3.3.10, cpe:2.3:a:apache:cxf:3.3.10:*:*:*:*:*:*:*) : CVE-2021-30468
cxf-rt-frontend-simple-3.3.10.jar (pkg:maven/org.apache.cxf/cxf-rt-frontend-simple@3.3.10, cpe:2.3:a:apache:cxf:3.3.10:*:*:*:*:*:*:*) : CVE-2021-30468
cxf-rt-rs-extension-providers-3.3.10.jar (pkg:maven/org.apache.cxf/cxf-rt-rs-extension-providers@3.3.10, cpe:2.3:a:apache:cxf:3.3.10:*:*:*:*:*:*:*) : CVE-2021-30468
cxf-rt-security-3.3.10.jar (pkg:maven/org.apache.cxf/cxf-rt-security@3.3.10, cpe:2.3:a:apache:cxf:3.3.10:*:*:*:*:*:*:*) : CVE-2021-30468
cxf-rt-transports-http-3.3.10.jar (pkg:maven/org.apache.cxf/cxf-rt-transports-http@3.3.10, cpe:2.3:a:apache:cxf:3.3.10:*:*:*:*:*:*:*) : CVE-2021-30468
cxf-rt-ws-addr-3.3.10.jar (pkg:maven/org.apache.cxf/cxf-rt-ws-addr@3.3.10, cpe:2.3:a:apache:cxf:3.3.10:*:*:*:*:*:*:*) : CVE-2021-30468
cxf-rt-ws-policy-3.3.10.jar (pkg:maven/org.apache.cxf/cxf-rt-ws-policy@3.3.10, cpe:2.3:a:apache:cxf:3.3.10:*:*:*:*:*:*:*) : CVE-2021-30468
cxf-rt-wsdl-3.3.10.jar (pkg:maven/org.apache.cxf/cxf-rt-wsdl@3.3.10, cpe:2.3:a:apache:cxf:3.3.10:*:*:*:*:*:*:*) : CVE-2021-30468
jdom-1.1.3.jar (pkg:maven/org.jdom/jdom@1.1.3, cpe:2.3:a:jdom:jdom:1.1.3:*:*:*:*:*:*:*) : CVE-2021-33813
logback-jackson-0.1.5.jar (pkg:maven/ch.qos.logback.contrib/logback-jackson@0.1.5, cpe:2.3:a:qos:logback:0.1.5:*:*:*:*:*:*:*) : CVE-2017-5929
logback-json-classic-0.1.5.jar (pkg:maven/ch.qos.logback.contrib/logback-json-classic@0.1.5, cpe:2.3:a:qos:logback:0.1.5:*:*:*:*:*:*:*) : CVE-2017-5929
logback-json-core-0.1.5.jar (pkg:maven/ch.qos.logback.contrib/logback-json-core@0.1.5, cpe:2.3:a:qos:logback:0.1.5:*:*:*:*:*:*:*) : CVE-2017-5929
spring-security-config-5.2.10.RELEASE.jar (pkg:maven/org.springframework.security/spring-security-config@5.2.10.RELEASE, cpe:2.3:a:vmware:spring_framework:5.2.10:release:*:*:*:*:*:*, cpe:2.3:a:vmware:spring_security:5.2.10:release:*:*:*:*:*:*) : CVE-2021-22118, CVE-2021-22119
spring-security-core-5.2.10.RELEASE.jar (pkg:maven/org.springframework.security/spring-security-core@5.2.10.RELEASE, cpe:2.3:a:vmware:spring_framework:5.2.10:release:*:*:*:*:*:*, cpe:2.3:a:vmware:spring_security:5.2.10:release:*:*:*:*:*:*) : CVE-2021-22118, CVE-2021-22119
spring-security-web-5.2.10.RELEASE.jar (pkg:maven/org.springframework.security/spring-security-web@5.2.10.RELEASE, cpe:2.3:a:vmware:spring_security:5.2.10:release:*:*:*:*:*:*) : CVE-2021-22119


See the dependency-check report for more details.


[INFO] 
[INFO] --- jacoco-maven-plugin:0.8.6:report (report) @ entando-*****-console ---
[INFO] Loading e**cution data file /workspace/source/target/jacoco.e**c
[INFO] Analyzed bundle 'Entando Core: Administration Console' with 211 classes
[INFO] 
[INFO] --- maven-surefire-report-plugin:3.0.0-M4:report-only (unit-tests) @ entando-*****-console ---
[WARNING] Unable to locate Test Source XRef to link to - DISABLED
[INFO] 
[INFO] --- maven-install-plugin:2.4:install (default-install) @ entando-*****-console ---
[INFO] Installing /workspace/source/target/entando-*****-console-0.0.0-SNAPSHOT-PR-87-3.war to /home/jenkins/.mvnrepository/org/entando/entando/entando-*****-console/0.0.0-SNAPSHOT-PR-87-3/entando-*****-console-0.0.0-SNAPSHOT-PR-87-3.war
[INFO] Installing /workspace/source/pom.xml to /home/jenkins/.mvnrepository/org/entando/entando/entando-*****-console/0.0.0-SNAPSHOT-PR-87-3/entando-*****-console-0.0.0-SNAPSHOT-PR-87-3.pom
[INFO] Installing /workspace/source/target/entando-*****-console-0.0.0-SNAPSHOT-PR-87-3-tests.jar to /home/jenkins/.mvnrepository/org/entando/entando/entando-*****-console/0.0.0-SNAPSHOT-PR-87-3/entando-*****-console-0.0.0-SNAPSHOT-PR-87-3-tests.jar
[INFO] Installing /workspace/source/target/entando-*****-console-0.0.0-SNAPSHOT-PR-87-3-javadoc.jar to /home/jenkins/.mvnrepository/org/entando/entando/entando-*****-console/0.0.0-SNAPSHOT-PR-87-3/entando-*****-console-0.0.0-SNAPSHOT-PR-87-3-javadoc.jar
[INFO] Installing /workspace/source/target/entando-*****-console-0.0.0-SNAPSHOT-PR-87-3-classes.jar to /home/jenkins/.mvnrepository/org/entando/entando/entando-*****-console/0.0.0-SNAPSHOT-PR-87-3/entando-*****-console-0.0.0-SNAPSHOT-PR-87-3-classes.jar
[INFO] 
[INFO] --- maven-deploy-plugin:2.8.2:deploy (default-deploy) @ entando-*****-console ---
[INFO] Using alternate deployment repository local-nexus::default::http://nexus/repository/maven-releases/
[INFO] 
[INFO] -------------< org.entando.entando:entando-*****-console >--------------
[INFO] Building Entando Core: Administration Console 0.0.0-SNAPSHOT-PR-87-3
[INFO] --------------------------------[ war ]---------------------------------
[WARNING] The POM for org.eclipse.m2e:lifecycle-mapping:jar:1.0.0 is missing, no dependency information available
[WARNING] Failed to retrieve plugin descriptor for org.eclipse.m2e:lifecycle-mapping:1.0.0: Plugin org.eclipse.m2e:lifecycle-mapping:1.0.0 or one of its dependencies could not be resolved: Failure to find org.eclipse.m2e:lifecycle-mapping:jar:1.0.0 in http://nexus/repository/maven-group/ was cached in the local repository, resolution will not be reattempted until the update interval of nexus has elapsed or updates are forced
[INFO] 
[INFO] --- sonar-maven-plugin:3.9.0.2155:sonar (default-cli) @ entando-*****-console ---
[INFO] User cache: /****/.sonar/cache
[INFO] SonarQube version: 8.8.0
[INFO] Default locale: "en_US", source code encoding: "UTF-8"
[INFO] Load global settings
[INFO] Load global settings (done) | time=211ms
[INFO] Server id: 1BD809FA-AWHW8ct9-T_TB3XqouNu
[INFO] User cache: /****/.sonar/cache
[INFO] Load/download plugins
[INFO] Load plugins index
[INFO] Load plugins index (done) | time=74ms
[INFO] Load/download plugins (done) | time=30996ms
[INFO] Loaded core extensions: developer-scanner
[INFO] Load project settings for component key: 'entando_entando-*****-console'
[INFO] Load project settings for component key: 'entando_entando-*****-console' (done) | time=64ms
[INFO] Process project properties
[INFO] E**cute project builders
[INFO] E**cute project builders (done) | time=2ms
[INFO] Project key: entando_entando-*****-console
[INFO] Base dir: /workspace/source
[INFO] Working dir: /workspace/source/target/sonar
[INFO] Load project branches
[INFO] Load project branches (done) | time=33ms
[INFO] Check ALM binding of project 'entando_entando-*****-console'
[INFO] Detected project binding: NOT_BOUND
[INFO] Check ALM binding of project 'entando_entando-*****-console' (done) | time=24ms
[INFO] Load project pull requests
[INFO] Load project pull requests (done) | time=33ms
[INFO] Load branch configuration
[INFO] Load branch configuration (done) | time=3ms
[INFO] Load quality profiles
[INFO] Load quality profiles (done) | time=84ms
[INFO] Load active rules
[INFO] Load active rules (done) | time=1772ms
[INFO] Organization key: entando
[INFO] Pull request 87 for merge into master from PR-87
[INFO] SCM collecting changed files in the branch
[WARNING] Exception caught during e**cution of command '[/usr/local/git/bin/git, config, --******, --edit]' in '/usr/local/git/bin', return code '128', error message 'fatal: Invalid path '/usr/local/git/etc': No such file or directory
'
[INFO] SCM collecting changed files in the branch (done) | time=381ms
[INFO] Indexing files...
[INFO] Project configuration:
[INFO] 958 files inde**d
[INFO] 0 files ignored because of scm ignore settings
[INFO] Quality profile for css: Sonar way
[INFO] Quality profile for java: Sonar way
[INFO] Quality profile for js: Sonar way
[INFO] Quality profile for jsp: Sonar way
[INFO] Quality profile for web: Sonar way
[INFO] Quality profile for xml: Sonar way
[INFO] ------------- Run sensors on module Entando Core: Administration Console
[INFO] Load metrics repository
[INFO] Load metrics repository (done) | time=28ms
[INFO] Sensor JavaSensor [java]
[INFO] Configured Java source version (sonar.java.source): 8
[INFO] JavaClasspath initialization
[INFO] JavaClasspath initialization (done) | time=10ms
[INFO] JavaTestClasspath initialization
[INFO] JavaTestClasspath initialization (done) | time=2ms
Jul 13, 2021 1:35:23 PM org.apache.jasper.servlet.TldScanner scanJars
INFO: At least one JAR was scanned for TLDs yet contained no TLDs. Enable debug logging for this logger for a complete list of JARs that were scanned but no TLDs were found in them. Skipping unneeded JARs during scanning can improve startup time and JSP compilation time.
[WARNING] Some JSP pages failed to transpile. Enable debug log for details.
[INFO] Java "Main" source files AST scan
[INFO] 240 source files to be analyzed
[INFO] 22/240 files analyzed, current file: src/main/java/org/entando/entando/aps/internalservlet/******/dispatcher/FrontServletActionRedirectResult.java
[INFO] 86/240 files analyzed, current file: src/main/java/org/entando/entando/aps*****/user/UserAuthsFormBean.java
[INFO] 161/240 files analyzed, current file: src/main/java/org/entando/entando/aps*****/******/services/shortcut/ShortcutManager.java
[INFO] 221/240 files analyzed, current file: src/main/java/org/entando/entando/aps*****/portal/helper/PageActionHelperDraft.java
[INFO] 240/240 source files have been analyzed
[INFO] Slowest analyzed files:
    src/main/java/com/agiletec/aps*****/******/TreeNodeBaseActionHelper.java (1515ms, 9269B)
    src/main/java/com/agiletec/aps*****/******/entity/IEntityActionHelper.java (1497ms, 2753B)
    src/main/java/com/agiletec/aps*****/******/entity/type/AbstractBaseEntityAttributeConfigAction.java (1372ms, ***71B)
    src/main/java/com/agiletec/aps*****/portal/WidgetTypeAction.java (1321ms, 30467B)
    src/main/java/com/agiletec/aps*****/******/entity/EntityActionHelper.java (1156ms, 16177B)
[INFO] Java "Main" source files AST scan (done) | time=43512ms
[INFO] Java "Test" source files AST scan
[INFO] 49 source files to be analyzed
[INFO] 49/49 source files have been analyzed
[INFO] Java "Test" source files AST scan (done) | time=4145ms
[INFO] Java "Generated" source files AST scan
[INFO] 242 source files to be analyzed
[INFO] 61/242 files analyzed, current file: /workspace/source/target/sonar/jsp/org/apache/jsp/WEB_002dINF/aps*****/jsp/api/resource_002ddetail_jsp.java
[INFO] 130/242 files analyzed, current file: /workspace/source/target/sonar/jsp/org/apache/jsp/WEB_002dINF/aps*****/jsp/common/treeBuilderCategoriesJoin_jsp.java
[INFO] 215/242 files analyzed, current file: /workspace/source/target/sonar/jsp/org/apache/jsp/WEB_002dINF/aps*****/jsp/*****/reloadEntitiesReferencesConfirm_jsp.java
[INFO] 242/242 source files have been analyzed
[INFO] Java "Generated" source files AST scan (done) | time=33764ms
[INFO] Sensor JavaSensor [java] (done) | time=86213ms
[INFO] Sensor CSS Metrics [cssfamily]
[INFO] Sensor CSS Metrics [cssfamily] (done) | time=691ms
[INFO] Sensor CSS Rules [cssfamily]
[INFO] 25 source files to be analyzed
[INFO] 2/25 files analyzed, current file: src/main/webapp/resources/*****istration/patternfly/css/patternfly.css
[INFO] 2/25 files analyzed, current file: src/main/webapp/resources/*****istration/patternfly/css/patternfly.css
[INFO] 2/25 files analyzed, current file: src/main/webapp/resources/*****istration/patternfly/css/patternfly.css
[INFO] 11/25 files analyzed, current file: src/main/webapp/resources/*****istration/css/entando-*****-console-default-theme.css
[ERROR] Failed to parse file:///workspace/source/src/main/webapp/resources/*****istration/css/jqueryui-editable.css, line 182, Unknown word
[INFO] 20/25 files analyzed, current file: src/main/webapp/resources/*****istration/patternfly/css/patternfly-additions.css
[INFO] 25/25 source files have been analyzed
[INFO] Sensor CSS Rules [cssfamily] (done) | time=60814ms
[INFO] Sensor C# Project Type Information [csharp]
[INFO] Sensor C# Project Type Information [csharp] (done) | time=2ms
[INFO] Sensor C# Properties [csharp]
[INFO] Sensor C# Properties [csharp] (done) | time=2ms
[INFO] Sensor Import of Checkstyle issues [java]
[WARNING] Checkstyle report not found: /workspace/source/target/checkstyle-result.xml
[INFO] Sensor Import of Checkstyle issues [java] (done) | time=4ms
[INFO] Sensor SurefireSensor [java]
[INFO] parsing [/workspace/source/target/surefire-reports]
[INFO] Sensor SurefireSensor [java] (done) | time=141ms
[INFO] Sensor JavaXmlSensor [java]
[INFO] 50 source files to be analyzed
[INFO] 50/50 source files have been analyzed
[INFO] Sensor JavaXmlSensor [java] (done) | time=1284ms
[INFO] Sensor HTML [web]
[INFO] Sensor HTML [web] (done) | time=2649ms
[INFO] Sensor XML Sensor [xml]
[INFO] 51 source files to be analyzed
[INFO] 51/51 source files have been analyzed
[INFO] Sensor XML Sensor [xml] (done) | time=1008ms
[INFO] Sensor VB.NET Project Type Information [vbnet]
[INFO] Sensor VB.NET Project Type Information [vbnet] (done) | time=2ms
[INFO] Sensor VB.NET Properties [vbnet]
[INFO] Sensor VB.NET Properties [vbnet] (done) | time=2ms
[INFO] Sensor JaCoCo XML Report Importer [jacoco]
[INFO] Importing 1 report(s). Turn your logs in debug mode in order to see the exhaustive list.
[INFO] Sensor JaCoCo XML Report Importer [jacoco] (done) | time=202ms
[INFO] Sensor JavaScript analysis [javascript]
[INFO] Deploying custom rules bundle jar:file:/****/.sonar/cache/d56f116051dbab33b2a9e2aee8b0502b/sonar-securityjsfrontend-plugin.jar!/js-vulnerabilities-rules-1.0.0.tgz to /workspace/source/target/sonar/.sonartmp/eslint-bridge-bundle/package/custom-rules4114001089339257586
[INFO] 86 source files to be analyzed
[INFO] 0/86 files analyzed, current file: src/main/webapp/resources/*****istration/js/generate-code-from-title.js
[INFO] 0/86 files analyzed, current file: src/main/webapp/resources/*****istration/js/generate-code-from-title.js
[INFO] 0/86 files analyzed, current file: src/main/webapp/resources/*****istration/js/generate-code-from-title.js
[INFO] 0/86 files analyzed, current file: src/main/webapp/resources/*****istration/js/generate-code-from-title.js
[INFO] 0/86 files analyzed, current file: src/main/webapp/resources/*****istration/js/generate-code-from-title.js
[INFO] 0/86 files analyzed, current file: src/main/webapp/resources/*****istration/js/generate-code-from-title.js
[INFO] 0/86 files analyzed, current file: src/main/webapp/resources/*****istration/js/generate-code-from-title.js
[INFO] 1/86 file analyzed, current file: src/main/webapp/resources/*****istration/js/entando-stream.js
[INFO] 1/86 file analyzed, current file: src/main/webapp/resources/*****istration/js/entando-stream.js
[INFO] 1/86 file analyzed, current file: src/main/webapp/resources/*****istration/js/entando-stream.js
[INFO] 1/86 file analyzed, current file: src/main/webapp/resources/*****istration/js/entando-stream.js
[INFO] 1/86 file analyzed, current file: src/main/webapp/resources/*****istration/js/entando-stream.js
[INFO] 4/86 files analyzed, current file: src/main/webapp/resources/*****istration/js/codemirror/addon/hint/entando-hint.js
[INFO] 4/86 files analyzed, current file: src/main/webapp/resources/*****istration/js/codemirror/addon/hint/entando-hint.js
[INFO] 9/86 files analyzed, current file: src/main/webapp/resources/*****istration/js/bootstrap-datepicker/locales/bootstrap-datepicker.ms.js
[INFO] 11/86 files analyzed, current file: src/main/webapp/resources/*****istration/js/pages/pageTreeMenu.js
[INFO] 11/86 files analyzed, current file: src/main/webapp/resources/*****istration/js/pages/pageTreeMenu.js
[INFO] 11/86 files analyzed, current file: src/main/webapp/resources/*****istration/js/pages/pageTreeMenu.js
[INFO] 11/86 files analyzed, current file: src/main/webapp/resources/*****istration/js/pages/pageTreeMenu.js
[INFO] 12/86 files analyzed, current file: src/main/webapp/resources/*****istration/js/entando.grid-generator.js
[INFO] 14/86 files analyzed, current file: src/main/webapp/resources/*****istration/patternfly/js/patternfly.dataTables.pfPagination.js
[INFO] 14/86 files analyzed, current file: src/main/webapp/resources/*****istration/patternfly/js/patternfly.dataTables.pfPagination.js
[INFO] 15/86 files analyzed, current file: src/main/webapp/resources/*****istration/js/entando-updater.js
[INFO] 16/86 files analyzed, current file: src/main/webapp/resources/*****istration/js/entando.alert.js
[INFO] 19/86 files analyzed, current file: src/main/webapp/resources/*****istration/patternfly/js/patternfly-functions.js
[INFO] 19/86 files analyzed, current file: src/main/webapp/resources/*****istration/patternfly/js/patternfly-functions.js
[INFO] 19/86 files analyzed, current file: src/main/webapp/resources/*****istration/patternfly/js/patternfly-functions.js
[INFO] 19/86 files analyzed, current file: src/main/webapp/resources/*****istration/patternfly/js/patternfly-functions.js
[INFO] 19/86 files analyzed, current file: src/main/webapp/resources/*****istration/patternfly/js/patternfly-functions.js
[INFO] 20/86 files analyzed, current file: src/main/webapp/resources/*****istration/js/ckeditor/plugins/entandolink/plugin.js
[INFO] 20/86 files analyzed, current file: src/main/webapp/resources/*****istration/js/ckeditor/plugins/entandolink/plugin.js
[INFO] 25/86 files analyzed, current file: src/main/webapp/resources/*****istration/patternfly/js/patternfly-settings.js
[INFO] 27/86 files analyzed, current file: src/main/webapp/resources/*****istration/js/bootstrap-swapon.js
[INFO] 29/86 files analyzed, current file: src/main/webapp/resources/*****istration/patternfly/js/patternfly.dataTables.pfEmpty.js
[INFO] 34/86 files analyzed, current file: src/main/webapp/resources/*****istration/patternfly/js/patternfly.js
[INFO] 34/86 files analyzed, current file: src/main/webapp/resources/*****istration/patternfly/js/patternfly.js
[INFO] 34/86 files analyzed, current file: src/main/webapp/resources/*****istration/patternfly/js/patternfly.js
[INFO] 34/86 files analyzed, current file: src/main/webapp/resources/*****istration/patternfly/js/patternfly.js
[INFO] 34/86 files analyzed, current file: src/main/webapp/resources/*****istration/patternfly/js/patternfly.js
[INFO] 34/86 files analyzed, current file: src/main/webapp/resources/*****istration/patternfly/js/patternfly.js
[INFO] 38/86 files analyzed, current file: src/main/webapp/resources/*****istration/js/bootstrap-datepicker/locales/bootstrap-datepicker.sk.js
[INFO] 42/86 files analyzed, current file: src/main/webapp/resources/*****istration/js/jquery.entando.js
[INFO] 43/86 files analyzed, current file: src/main/webapp/resources/*****istration/js/jquery.sticky.js
[INFO] 45/86 files analyzed, current file: src/main/webapp/resources/*****istration/js/bootstrap-datepicker/locales/bootstrap-datepicker.pt.js
[INFO] 50/86 files analyzed, current file: src/main/webapp/resources/*****istration/patternfly/js/patternfly.dataTables.pfFilter.js
[INFO] 56/86 files analyzed, current file: src/main/webapp/resources/*****istration/js/bootstrap-datepicker/locales/bootstrap-datepicker.sq.js
[INFO] 68/86 files analyzed, current file: src/main/webapp/resources/*****istration/js/shortcuts.js
[INFO] 69/86 files analyzed, current file: src/main/webapp/resources/*****istration/js/bootstrap-datepicker/bootstrap-datepicker.js
[INFO] 69/86 files analyzed, current file: src/main/webapp/resources/*****istration/js/bootstrap-datepicker/bootstrap-datepicker.js
[INFO] 69/86 files analyzed, current file: src/main/webapp/resources/*****istration/js/bootstrap-datepicker/bootstrap-datepicker.js
[INFO] 69/86 files analyzed, current file: src/main/webapp/resources/*****istration/js/bootstrap-datepicker/bootstrap-datepicker.js
[INFO] 69/86 files analyzed, current file: src/main/webapp/resources/*****istration/js/bootstrap-datepicker/bootstrap-datepicker.js
[INFO] 69/86 files analyzed, current file: src/main/webapp/resources/*****istration/js/bootstrap-datepicker/bootstrap-datepicker.js
[INFO] 78/86 files analyzed, current file: src/main/webapp/resources/*****istration/patternfly/js/patternfly.dataTables.pfSelect.js
[INFO] 83/86 files analyzed, current file: src/main/webapp/resources/*****istration/js/bootstrap-offcanvas.js
[INFO] 86/86 source files have been analyzed
[INFO] Sensor JavaScript analysis [javascript] (done) | time=580063ms
[INFO] Sensor TypeScript analysis [javascript]
[INFO] No input files found for analysis
[INFO] Sensor TypeScript analysis [javascript] (done) | time=4ms
[INFO] Sensor ThymeLeaf template sensor [securityjavafrontend]
[INFO] Sensor ThymeLeaf template sensor [securityjavafrontend] (done) | time=10ms
[INFO] Sensor Serverless configuration file sensor [securityjsfrontend]
[INFO] 0 Serverless function entries were found in the project
[INFO] 0 Serverless function handlers were kept as entrypoints
[INFO] Sensor Serverless configuration file sensor [securityjsfrontend] (done) | time=133ms
[INFO] Sensor JavaSecuritySensor [security]
[INFO] Reading type hierarchy from: /workspace/source/target/sonar/ucfg2/java
[INFO] Read 959 type definitions
[INFO] Reading UCFGs from: /workspace/source/target/sonar/ucfg2/java
[INFO] 13:47:43.324026 Building Runtime Type propagation graph
[INFO] 13:47:44.644392 Running Tarjan on 77345 nodes
[INFO] 13:47:44.797908 Tarjan found 77328 components
[INFO] 13:47:45.043608 Variable type analysis: done
[INFO] 13:47:45.051351 Building Runtime Type propagation graph
[INFO] 13:47:45.499391 Running Tarjan on 77324 nodes
[INFO] 13:47:45.617988 Tarjan found 77307 components
[INFO] 13:47:46.30641 Variable type analysis: done
[INFO] Analyzing 11027 ucfgs to detect vulnerabilities.
[INFO] All rules entrypoints : 17 Retained UCFGs : 1038
[INFO] rule: S5131, entrypoints: 2
[INFO] Running symbolic analysis
[INFO] rule: S5131 done
[INFO] rule: S3649, entrypoints: 0
[INFO] rule: S3649 done
[INFO] rule: S2076, entrypoints: 0
[INFO] rule: S2076 done
[INFO] rule: S2091, entrypoints: 0
[INFO] rule: S2091 done
[INFO] rule: S2078, entrypoints: 0
[INFO] rule: S2078 done
[INFO] rule: S2631, entrypoints: 15
[INFO] Running symbolic analysis
[INFO] rule: S2631 done
[INFO] rule: S5135, entrypoints: 0
[INFO] rule: S5135 done
[INFO] rule: S2083, entrypoints: 0
[INFO] rule: S2083 done
[INFO] rule: S5167, entrypoints: 0
[INFO] rule: S5167 done
[INFO] rule: S5144, entrypoints: 0
[INFO] rule: S5144 done
[INFO] rule: S5145, entrypoints: 0
[INFO] rule: S5145 done
[INFO] rule: S5146, entrypoints: 0
[INFO] rule: S5146 done
[INFO] rule: S5334, entrypoints: 0
[INFO] rule: S5334 done
[INFO] rule: S6096, entrypoints: 0
[INFO] rule: S6096 done
[INFO] Sensor JavaSecuritySensor [security] (done) | time=63050ms
[INFO] Sensor CSharpSecuritySensor [security]
[INFO] Reading type hierarchy from: /workspace/source/target/ucfg_cs2
[INFO] Read 0 type definitions
[INFO] Reading UCFGs from: /workspace/source/target/ucfg_cs2
[INFO] No UCFGs have been included for analysis.
[INFO] Sensor CSharpSecuritySensor [security] (done) | time=1ms
[INFO] Sensor PhpSecuritySensor [security]
[INFO] Reading type hierarchy from: /workspace/source/target/sonar/ucfg2/php
[INFO] Read 0 type definitions
[INFO] Reading UCFGs from: /workspace/source/target/sonar/ucfg2/php
[INFO] No UCFGs have been included for analysis.
[INFO] Sensor PhpSecuritySensor [security] (done) | time=1ms
[INFO] Sensor PythonSecuritySensor [security]
[INFO] Reading type hierarchy from: /workspace/source/target/sonar/ucfg2/python
[INFO] Read 0 type definitions
[INFO] Reading UCFGs from: /workspace/source/target/sonar/ucfg2/python
[INFO] No UCFGs have been included for analysis.
[INFO] Sensor PythonSecuritySensor [security] (done) | time=0ms
[INFO] Sensor JsSecuritySensor [security]
[INFO] Reading type hierarchy from: /workspace/source/target/sonar/ucfg2/js
[INFO] Read 0 type definitions
[INFO] Reading UCFGs from: /workspace/source/target/sonar/ucfg2/js
[INFO] 13:48:38.508414 Building Runtime Type propagation graph
[INFO] 13:48:38.557552 Running Tarjan on 6838 nodes
[INFO] 13:48:38.563856 Tarjan found 6838 components
[INFO] 13:48:38.575167 Variable type analysis: done
[INFO] 13:48:38.575641 Building Runtime Type propagation graph
[INFO] 13:48:38.617327 Running Tarjan on 6838 nodes
[INFO] 13:48:38.621525 Tarjan found 6838 components
[INFO] 13:48:38.630703 Variable type analysis: done
[INFO] Analyzing 1002 ucfgs to detect vulnerabilities.
[INFO] rule: S5144, entrypoints: 88
[INFO] Running symbolic analysis
[INFO] rule: S5144 done
[INFO] rule: S3649, entrypoints: 88
[INFO] Running symbolic analysis
[INFO] rule: S3649 done
[INFO] rule: S2076, entrypoints: 88
[INFO] Running symbolic analysis
[INFO] rule: S2076 done
[INFO] rule: S5334, entrypoints: 88
[INFO] Running symbolic analysis
[INFO] rule: S5334 done
[INFO] rule: S6105, entrypoints: 88
[INFO] Running symbolic analysis
[INFO] rule: S6105 done
[INFO] rule: S5696, entrypoints: 88
[INFO] Running symbolic analysis
[INFO] rule: S5696 done
[INFO] rule: S2631, entrypoints: 88
[INFO] Running symbolic analysis
[INFO] rule: S2631 done
[INFO] rule: S5146, entrypoints: 88
[INFO] Running symbolic analysis
[INFO] rule: S5146 done
[INFO] rule: S5131, entrypoints: 88
[INFO] Running symbolic analysis
[INFO] rule: S5131 done
[INFO] rule: S5147, entrypoints: 88
[INFO] Running symbolic analysis
[INFO] rule: S5147 done
[INFO] rule: S6096, entrypoints: 88
[INFO] Running symbolic analysis
[INFO] rule: S6096 done
[INFO] rule: S2083, entrypoints: 88
[INFO] Running symbolic analysis
[INFO] rule: S2083 done
[INFO] rule: S5883, entrypoints: 88
[INFO] Running symbolic analysis
[INFO] rule: S5883 done
[INFO] Sensor JsSecuritySensor [security] (done) | time=4808ms
[INFO] ------------- Run sensors on project
[INFO] Sensor Zero Coverage Sensor
[INFO] Sensor Zero Coverage Sensor (done) | time=21ms
[INFO] Sensor Java CPD Block Inde**r
[INFO] Sensor Java CPD Block Inde**r (done) | time=309ms
[INFO] CPD E**cutor 106 files had no CPD blocks
[INFO] CPD E**cutor Calculating CPD for 476 files
[INFO] CPD E**cutor CPD calculation finished (done) | time=207ms
[INFO] SCM writing changed lines
[INFO] SCM writing changed lines (done) | time=11ms
[INFO] Analysis report generated in 174ms, dir size=907 KB
[INFO] Analysis report compressed in 647ms, zip size=637 KB
[INFO] Analysis report uploaded in 441ms
[INFO] ANALYSIS SUCCESSFUL, you can find the results at: https://sonarcloud.io/dashboard?id=entando_entando-*****-console&pullRequest=87
[INFO] Note that you will be able to access the updated dashboard once the server has processed the submitted analysis report
[INFO] More about the report processing at https://sonarcloud.io/api/ce/task?id=AXqgIIlTIMQ8WWJBCGEK
[INFO] Analysis total time: 13:42.544 s
[INFO] ------------------------------------------------------------------------
[INFO] BUILD SUCCESS
[INFO] ------------------------------------------------------------------------
[INFO] Total time:  18:24 min
[INFO] Finished at: 2021-07-13T13:48:55Z
[INFO] ------------------------------------------------------------------------
Picked up _JAVA_OPTIONS: -XX:+UnlockExperimentalVMOptions -Dsun.zip.disableMemoryMapping=**** -XX:+UseParallelGC -XX:MinHeapFreeRatio=5 -XX:MaxHeapFreeRatio=10 -XX:GCTimeRatio=4 -XX:AdaptiveSizePolicyWeight=90 -Xms10m -Xmx8000m
[INFO] Scanning for projects...
[WARNING] 
[WARNING] Some problems were encountered while building the effective model for org.entando.entando:entando-*****-console:war:0.0.0-SNAPSHOT-PR-87-3
[WARNING] 'dependencyManagement.dependencies.dependency.(groupId:artifactId:type:classifier)' must be unique: org.springframework:spring-tx:jar -> version (?) vs ${spring.version} @ org.entando:entando-core-parent:6.3.14, /home/jenkins/.mvnrepository/org/entando/entando-core-parent/6.3.14/entando-core-parent-6.3.14.pom, line 624, column 25
[WARNING] 
[WARNING] It is highly recommended to fix these problems because they threaten the stability of your build.
[WARNING] 
[WARNING] For this reason, future Maven versions might no longer support building such malformed projects.
[WARNING] 
[INFO] 
[INFO] -------------< org.entando.entando:entando-*****-console >--------------
[INFO] Building Entando Core: Administration Console 0.0.0-SNAPSHOT-PR-87-3
[INFO] --------------------------------[ war ]---------------------------------
[WARNING] The POM for com.sun.xml.bind:jaxb-impl:jar:2.2.11 is invalid, transitive dependencies (if any) will not be available, enable debug logging for more details
[INFO] 
[INFO] --- maven-site-plugin:3.9.0:site (default-site) @ entando-*****-console ---
[INFO] configuring report plugin org.apache.maven.plugins:maven-project-info-reports-plugin:3.0.0
[INFO] 9 reports configured for maven-project-info-reports-plugin:3.0.0: dependency-info, distribution-management, index, ci-management, issue-management, licenses, plugins, scm, summary
[INFO] Rendering site with default locale English (en)
[WARNING] Unable to find a URL to the parent project. The parent menu will NOT be added.
[INFO] Relativizing decoration links with respect to localized project URL: http://www.entando.com/
[INFO] Rendering content with org.apache.maven.skins:maven-default-skin:jar:1.3 skin.
[INFO] Generating "Dependency Information" report --- maven-project-info-reports-plugin:3.0.0:dependency-info
[INFO] Generating "About" report         --- maven-project-info-reports-plugin:3.0.0:index
[INFO] Generating "Issue Management" report --- maven-project-info-reports-plugin:3.0.0:issue-management
[INFO] Generating "Licenses" report      --- maven-project-info-reports-plugin:3.0.0:licenses
[INFO] Generating "Plugins" report       --- maven-project-info-reports-plugin:3.0.0:plugins
[INFO] Generating "Source Code Management" report --- maven-project-info-reports-plugin:3.0.0:scm
[INFO] Generating "Summary" report       --- maven-project-info-reports-plugin:3.0.0:summary
[INFO] ------------------------------------------------------------------------
[INFO] BUILD SUCCESS
[INFO] ------------------------------------------------------------------------
[INFO] Total time:  14.396 s
[INFO] Finished at: 2021-07-13T13:49:12Z
[INFO] ------------------------------------------------------------------------
error: etcdserver: request is too large
OWASP has found dependencies with vulnerabilities for entando-*****-console-PR-87.
The following checks failed for entando-*****-console-PR-87:
OWASP Maven Dependency Check
[31m
Pipeline failed on stage 'from-build-pack' : container 'step-build-mvn-verify-pr'. The execution of the pipeline has stopped.[0m
