
Showing logs for build [32mentando-entando-portal-ui-pr-25-l75sc-2[0m stage [32mfrom-build-pack[0m and container [32mcredential-initializer[0m
{"level":"info","ts":1626441846.3586922,"caller":"creds-init/main.go:44","msg":"Credentials initialized."}

Showing logs for build [32mentando-entando-portal-ui-pr-25-l75sc-2[0m stage [32mfrom-build-pack[0m and container [32mworking-dir-initializer[0m

Showing logs for build [32mentando-entando-portal-ui-pr-25-l75sc-2[0m stage [32mfrom-build-pack[0m and container [32mplace-tools[0m

Showing logs for build [32mentando-entando-portal-ui-pr-25-l75sc-2[0m stage [32mfrom-build-pack[0m and container [32mstep-git-source-entando-entando-portal-ui-pr-25-l75sc-r5ckb[0m
{"level":"info","ts":1626441867.0883214,"caller":"git/git.go:105","msg":"Successfully cloned https://github.com/entando/entando-portal-ui.git @ master in path /workspace/source"}
{"level":"warn","ts":1626441867.0888546,"caller":"git/git.go:152","msg":"Unexpected error: creating symlink: symlink /tekton/home/.ssh /****/.ssh: file exists"}
{"level":"info","ts":1626441867.1665063,"caller":"git/git.go:133","msg":"Successfully initialized and updated submodules in path /workspace/source"}

Showing logs for build [32mentando-entando-portal-ui-pr-25-l75sc-2[0m stage [32mfrom-build-pack[0m and container [32mstep-setup-builder-home[0m

Showing logs for build [32mentando-entando-portal-ui-pr-25-l75sc-2[0m stage [32mfrom-build-pack[0m and container [32mstep-git-merge[0m
Using SHAs from PULL_REFS=develop:4cca051712395eecd6d987fb32e79d72ee3c1912,25:b599339bac18779975bb6bb337a78f624be9b05b
DEBUG: LC_ALL=C JX_LOG_LEVEL=error git fetch origin --unshallow b599339bac18779975bb6bb337a78f624be9b05b: 4cca051712395eecd6d987fb32e79d72ee3c1912:
DEBUG: ran git fetch --unshallow origin b599339bac18779975bb6bb337a78f624be9b05b: 4cca051712395eecd6d987fb32e79d72ee3c1912: in 
DEBUG: JX_LOG_LEVEL=error LC_ALL=C git branch
DEBUG: LC_ALL=C JX_LOG_LEVEL=error git branch develop
DEBUG: LC_ALL=C JX_LOG_LEVEL=error git checkout develop
DEBUG: ran git checkout develop in 
DEBUG: LC_ALL=C JX_LOG_LEVEL=error git reset --hard 4cca051712395eecd6d987fb32e79d72ee3c1912
DEBUG: ran git reset --hard 4cca051712395eecd6d987fb32e79d72ee3c1912 in 
DEBUG: LC_ALL=C JX_LOG_LEVEL=error git clean -fd .
DEBUG: ran clean --force -d . in 
DEBUG: LC_ALL=C JX_LOG_LEVEL=error git merge b599339bac18779975bb6bb337a78f624be9b05b
DEBUG: ran git merge b599339bac18779975bb6bb337a78f624be9b05b in 
DEBUG: LC_ALL=C JX_LOG_LEVEL=error git log --format=%H%x1f%an%x1f%ae%x1f%cn%x1f%ce%x1f%s%n%b%x1e 4cca051712395eecd6d987fb32e79d72ee3c1912..HEAD
Merged SHA b599339bac18779975bb6bb337a78f624be9b05b with commit message 'Update pom.xml' into base branch develop
Merged SHA 0f191181a9fa80edf64a7c89f5d7debd47872d22 with commit message 'ENG-2400 Updating core-parent and core-bom version' into base branch develop
Merged SHA 07e510dd7ddbfa9b77316e31a0fea1f7e206cf40 with commit message 'ENG-2400 Bumping minor version and updating core parent and bom' into base branch develop
Merged SHA 46880005be793270b193d8f39c88de7600c35d05 with commit message 'ENG-2400 Updating entando-core-parent to version 6.3.16' into base branch develop
Merged SHA d5c0b2c5766e2bfcd5fdfa56e973bfaee4acd361 with commit message 'ENG-2400 Updating entando-core-parent to version 6.3.15' into base branch develop

Showing logs for build [32mentando-entando-portal-ui-pr-25-l75sc-2[0m stage [32mfrom-build-pack[0m and container [32mstep-build-set-version[0m
Picked up _JAVA_OPTIONS: -XX:+UnlockExperimentalVMOptions -Dsun.zip.disableMemoryMapping=**** -XX:+UseParallelGC -XX:MinHeapFreeRatio=5 -XX:MaxHeapFreeRatio=10 -XX:GCTimeRatio=4 -XX:AdaptiveSizePolicyWeight=90 -Xms10m -Xmx8000m
[INFO] Scanning for projects...
[WARNING] 
[WARNING] Some problems were encountered while building the effective model for org.entando.entando:entando-portal-ui:war:6.4.0-SNAPSHOT
[WARNING] 'dependencyManagement.dependencies.dependency.(groupId:artifactId:type:classifier)' must be unique: org.springframework:spring-tx:jar -> version (?) vs ${spring.version} @ org.entando:entando-core-parent:6.4.6, /home/jenkins/.mvnrepository/org/entando/entando-core-parent/6.4.6/entando-core-parent-6.4.6.pom, line 622, column 25
[WARNING] 
[WARNING] It is highly recommended to fix these problems because they threaten the stability of your build.
[WARNING] 
[WARNING] For this reason, future Maven versions might no longer support building such malformed projects.
[WARNING] 
[WARNING] The POM for org.eclipse.m2e:lifecycle-mapping:jar:1.0.0 is missing, no dependency information available
[WARNING] Failed to retrieve plugin descriptor for org.eclipse.m2e:lifecycle-mapping:1.0.0: Plugin org.eclipse.m2e:lifecycle-mapping:1.0.0 or one of its dependencies could not be resolved: Could not find artifact org.eclipse.m2e:lifecycle-mapping:jar:1.0.0 in nexus (http://nexus/repository/maven-group/)
[INFO] 
[INFO] ---------------< org.entando.entando:entando-portal-ui >----------------
[INFO] Building Entando Core: Portal UI 6.4.0-SNAPSHOT
[INFO] --------------------------------[ war ]---------------------------------
[WARNING] The POM for org.eclipse.m2e:lifecycle-mapping:jar:1.0.0 is missing, no dependency information available
[WARNING] Failed to retrieve plugin descriptor for org.eclipse.m2e:lifecycle-mapping:1.0.0: Plugin org.eclipse.m2e:lifecycle-mapping:1.0.0 or one of its dependencies could not be resolved: Failure to find org.eclipse.m2e:lifecycle-mapping:jar:1.0.0 in http://nexus/repository/maven-group/ was cached in the local repository, resolution will not be reattempted until the update interval of nexus has elapsed or updates are forced
[INFO] 
[INFO] --- versions-maven-plugin:2.8.1:set (default-cli) @ entando-portal-ui ---
[INFO] Local aggregation ****: /workspace/source
[INFO] Processing change of org.entando.entando:entando-portal-ui:6.4.0-SNAPSHOT -> 0.0.0-SNAPSHOT-PR-25-2
[INFO] Processing org.entando.entando:entando-portal-ui
[INFO]     Updating project org.entando.entando:entando-portal-ui
[INFO]         from version 6.4.0-SNAPSHOT to 0.0.0-SNAPSHOT-PR-25-2
[INFO] 
[INFO] ------------------------------------------------------------------------
[INFO] BUILD SUCCESS
[INFO] ------------------------------------------------------------------------
[INFO] Total time:  20.175 s
[INFO] Finished at: 2021-07-16T13:24:51Z
[INFO] ------------------------------------------------------------------------

Showing logs for build [32mentando-entando-portal-ui-pr-25-l75sc-2[0m stage [32mfrom-build-pack[0m and container [32mstep-build-fix-git-for-sonar[0m
Switched to a new branch 'PR-25'
M	pom.xml
Deleted branch master (was 8360c91).
From https://github.com/entando/entando-portal-ui
 * [new branch]      master            -> master
 * [new tag]         pia-crs4          -> pia-crs4
 * [new tag]         v4.2.0            -> v4.2.0
 * [new tag]         v4.3.2-RC1        -> v4.3.2-RC1
 * [new tag]         v5.0.0-pre        -> v5.0.0-pre
 * [new tag]         v6.2.0-sprint1-rc -> v6.2.0-sprint1-rc
 * [new tag]         v6.2.0-sprint2-rc -> v6.2.0-sprint2-rc
 * [new tag]         v6.2.0-sprint3-rc -> v6.2.0-sprint3-rc
 * [new tag]         v6.2.0-sprint4-rc -> v6.2.0-sprint4-rc
 * [new tag]         v6.2.0-sprint5-rc -> v6.2.0-sprint5-rc

Showing logs for build [32mentando-entando-portal-ui-pr-25-l75sc-2[0m stage [32mfrom-build-pack[0m and container [32mstep-build-mvn-verify-pr[0m
Picked up _JAVA_OPTIONS: -XX:+UnlockExperimentalVMOptions -Dsun.zip.disableMemoryMapping=**** -XX:+UseParallelGC -XX:MinHeapFreeRatio=5 -XX:MaxHeapFreeRatio=10 -XX:GCTimeRatio=4 -XX:AdaptiveSizePolicyWeight=90 -Xms10m -Xmx8000m
[INFO] Scanning for projects...
[WARNING] 
[WARNING] Some problems were encountered while building the effective model for org.entando.entando:entando-portal-ui:war:0.0.0-SNAPSHOT-PR-25-2
[WARNING] 'dependencyManagement.dependencies.dependency.(groupId:artifactId:type:classifier)' must be unique: org.springframework:spring-tx:jar -> version (?) vs ${spring.version} @ org.entando:entando-core-parent:6.4.6, /home/jenkins/.mvnrepository/org/entando/entando-core-parent/6.4.6/entando-core-parent-6.4.6.pom, line 622, column 25
[WARNING] 
[WARNING] It is highly recommended to fix these problems because they threaten the stability of your build.
[WARNING] 
[WARNING] For this reason, future Maven versions might no longer support building such malformed projects.
[WARNING] 
[WARNING] The POM for org.eclipse.m2e:lifecycle-mapping:jar:1.0.0 is missing, no dependency information available
[WARNING] Failed to retrieve plugin descriptor for org.eclipse.m2e:lifecycle-mapping:1.0.0: Plugin org.eclipse.m2e:lifecycle-mapping:1.0.0 or one of its dependencies could not be resolved: Failure to find org.eclipse.m2e:lifecycle-mapping:jar:1.0.0 in http://nexus/repository/maven-group/ was cached in the local repository, resolution will not be reattempted until the update interval of nexus has elapsed or updates are forced
[INFO] 
[INFO] ---------------< org.entando.entando:entando-portal-ui >----------------
[INFO] Building Entando Core: Portal UI 0.0.0-SNAPSHOT-PR-25-2
[INFO] --------------------------------[ war ]---------------------------------
[WARNING] The POM for com.sun.xml.bind:jaxb-impl:jar:2.2.11 is invalid, transitive dependencies (if any) will not be available, enable debug logging for more details
[INFO] 
[INFO] --- maven-checkstyle-plugin:3.1.1:check (validate) @ entando-portal-ui ---
[INFO] 
[INFO] --- maven-checkstyle-plugin:3.1.1:checkstyle (validate) @ entando-portal-ui ---
[INFO] 
[INFO] --- jacoco-maven-plugin:0.8.6:prepare-agent (prepare-agent) @ entando-portal-ui ---
[INFO] argLine set to -javaagent:/home/jenkins/.mvnrepository/org/jacoco/org.jacoco.agent/0.8.6/org.jacoco.agent-0.8.6-runtime.jar=destfile=/workspace/source/target/jacoco.e**c
[INFO] 
[INFO] --- maven-resources-plugin:2.5:resources (default-resources) @ entando-portal-ui ---
[debug] e**cute contextualize
[INFO] Using 'UTF-8' encoding to copy filtered resources.
[INFO] Copying 8 resources
[INFO] Copying 1 resource
[INFO] Copying 0 resource
[INFO] Copying 0 resource to META-INF
[INFO] 
[INFO] --- maven-compiler-plugin:3.8.1:compile (default-compile) @ entando-portal-ui ---
[INFO] Changes detected - recompiling the module!
[INFO] Compiling 20 source files to /workspace/source/target/classes
[WARNING] /workspace/source/src/main/java/org/entando/entando/aps/******/services/controller/e**cutor/AbstractWidgetE**cutorService.java:[141,41] unchecked method invocation: method sort in class java.util.Collections is applied to given types
  required: java.util.List<T>,java.util.Comparator<? super T>
  found: java.util.List<com.agiletec.aps.tags.util.IFrameDecoratorContainer>,org.apache.commons.beanutils.BeanComparator
[WARNING] /workspace/source/src/main/java/org/entando/entando/aps/******/services/controller/e**cutor/AbstractWidgetE**cutorService.java:[141,55] unchecked conversion
  required: java.util.Comparator<? super T>
  found:    org.apache.commons.beanutils.BeanComparator
[WARNING] /workspace/source/src/main/java/org/entando/entando/aps/servlet/ControllerServlet.java:[141,123] unchecked cast
  required: java.util.List<org.entando.entando.aps.******.services.controller.e**cutor.E**cutorServiceInterface>
  found:    java.lang.Object
[WARNING] /workspace/source/src/main/java/org/entando/entando/aps/servlet/PreviewControllerServlet.java:[77,120] unchecked cast
  required: java.util.List<com.agiletec.aps.******.services.controller.control.ControlServiceInterface>
  found:    java.lang.Object
[INFO] /workspace/source/src/main/java/org/entando/entando/aps/******/services/controller/e**cutor/ContentNegotiationE**cutorService.java: Some input files use or override a deprecated API.
[INFO] /workspace/source/src/main/java/org/entando/entando/aps/******/services/controller/e**cutor/ContentNegotiationE**cutorService.java: Recompile with -Xlint:deprecation for details.
[INFO] 
[INFO] --- maven-resources-plugin:2.5:copy-resources (copy-resources-test) @ entando-portal-ui ---
[debug] e**cute contextualize
[INFO] Using 'UTF-8' encoding to copy filtered resources.
[INFO] Copying 4 resources
[INFO] 
[INFO] --- maven-resources-plugin:2.5:copy-resources (copy-resources-file-test-) @ entando-portal-ui ---
[debug] e**cute contextualize
[INFO] Using 'UTF-8' encoding to copy filtered resources.
[INFO] Copying 4 resources
[INFO] 
[INFO] --- maven-resources-plugin:2.5:testResources (default-testResources) @ entando-portal-ui ---
[debug] e**cute contextualize
[INFO] Using 'UTF-8' encoding to copy filtered resources.
[INFO] Copying 3 resources
[INFO] 
[INFO] --- maven-compiler-plugin:3.8.1:testCompile (default-testCompile) @ entando-portal-ui ---
[INFO] Changes detected - recompiling the module!
[INFO] Compiling 7 source files to /workspace/source/target/test-classes
[INFO] /workspace/source/src/test/java/org/entando/entando/aps/******/services/controller/AbstractTestE**cutorService.java: /workspace/source/src/test/java/org/entando/entando/aps/******/services/controller/AbstractTestE**cutorService.java uses or overrides a deprecated API.
[INFO] /workspace/source/src/test/java/org/entando/entando/aps/******/services/controller/AbstractTestE**cutorService.java: Recompile with -Xlint:deprecation for details.
[INFO] 
[INFO] --- maven-surefire-plugin:3.0.0-M1:test (default-test) @ entando-portal-ui ---
[INFO] 
[INFO] -------------------------------------------------------
[INFO]  T E S T S
[INFO] -------------------------------------------------------
[INFO] Running org.entando.entando.aps.******.services.controller.control.TestRequestValidator
13:25:20,037 |-INFO in ch.qos.logback.classic.LoggerContext[default] - Could NOT find resource [logback-test.xml]
13:25:20,038 |-INFO in ch.qos.logback.classic.LoggerContext[default] - Could NOT find resource [logback.groovy]
13:25:20,038 |-INFO in ch.qos.logback.classic.LoggerContext[default] - Found resource [logback.xml] at [jar:file:/home/jenkins/.mvnrepository/org/entando/entando/entando-engine/6.4.1/entando-engine-6.4.1.jar!/logback.xml]
13:25:20,073 |-INFO in ch.qos.logback.core.joran.spi.ConfigurationWatchList@29d29657 - URL [jar:file:/home/jenkins/.mvnrepository/org/entando/entando/entando-engine/6.4.1/entando-engine-6.4.1.jar!/logback.xml] is not of type file
13:25:20,201 |-INFO in ch.qos.logback.classic.joran.action.ConfigurationAction - debug attribute not set
13:25:20,226 |-INFO in ch.qos.logback.core.joran.action.AppenderAction - About to instantiate appender of type [org.entando.entando.ent.logger.EntRollingFileAppender]
13:25:20,245 |-INFO in ch.qos.logback.core.joran.action.AppenderAction - Naming appender as [FILE]
13:25:20,269 |-INFO in ch.qos.logback.core.joran.action.NestedComplexPropertyIA - Assuming default type [ch.qos.logback.classic.encoder.PatternLayoutEncoder] for [encoder] property
13:25:20,354 |-INFO in c.q.l.core.rolling.SizeAndTimeBasedRollingPolicy@235773503 - setting totalSizeCap to 2 GB
13:25:20,359 |-INFO in c.q.l.core.rolling.SizeAndTimeBasedRollingPolicy@235773503 - Archive files will be limited to [100 MB] each.
13:25:20,395 |-INFO in c.q.l.core.rolling.SizeAndTimeBasedRollingPolicy@235773503 - No compression will be used
13:25:20,398 |-INFO in c.q.l.core.rolling.SizeAndTimeBasedRollingPolicy@235773503 - Will use the pattern target/log/entando-engine.%d{yyyy-MM-dd}.%i.log for the active file
13:25:20,403 |-INFO in ch.qos.logback.core.rolling.SizeAndTimeBasedFNATP@516155b5 - The date pattern is 'yyyy-MM-dd' from file name pattern 'target/log/entando-engine.%d{yyyy-MM-dd}.%i.log'.
13:25:20,403 |-INFO in ch.qos.logback.core.rolling.SizeAndTimeBasedFNATP@516155b5 - Roll-over at midnight.
13:25:20,413 |-INFO in ch.qos.logback.core.rolling.SizeAndTimeBasedFNATP@516155b5 - Setting initial period to Fri Jul 16 13:25:20 UTC 2021
13:25:20,419 |-INFO in org.entando.entando.ent.logger.EntRollingFileAppender[FILE] - Active log file name: target/log/entando-engine.log
13:25:20,419 |-INFO in org.entando.entando.ent.logger.EntRollingFileAppender[FILE] - File property is set to [target/log/entando-engine.log]
13:25:20,419 |-INFO in org.entando.entando.ent.logger.EntRollingFileAppender[FILE] - Log Level OFF - disabled file creation
13:25:20,419 |-ERROR in org.entando.entando.ent.logger.EntRollingFileAppender[FILE] - No output stream set for the appender named "FILE".
13:25:20,419 |-INFO in ch.qos.logback.core.joran.action.AppenderAction - About to instantiate appender of type [org.entando.entando.ent.logger.EntRollingFileAppender]
13:25:20,419 |-INFO in ch.qos.logback.core.joran.action.AppenderAction - Naming appender as [JSONFILE]
13:25:21,021 |-WARN in org.entando.entando.ent.logger.EntRollingFileAppender[JSONFILE] - This appender no longer admits a layout as a sub-component, set an encoder instead.
13:25:21,021 |-WARN in org.entando.entando.ent.logger.EntRollingFileAppender[JSONFILE] - To ensure compatibility, wrapping your layout in LayoutWrappingEncoder.
13:25:21,021 |-WARN in org.entando.entando.ent.logger.EntRollingFileAppender[JSONFILE] - See also http://logback.qos.ch/codes.html#layoutInsteadOfEncoder for details
13:25:21,023 |-INFO in c.q.l.core.rolling.SizeAndTimeBasedRollingPolicy@2040513737 - setting totalSizeCap to 2 GB
13:25:21,023 |-INFO in c.q.l.core.rolling.SizeAndTimeBasedRollingPolicy@2040513737 - Archive files will be limited to [100 MB] each.
13:25:21,023 |-INFO in c.q.l.core.rolling.SizeAndTimeBasedRollingPolicy@2040513737 - No compression will be used
13:25:21,023 |-INFO in c.q.l.core.rolling.SizeAndTimeBasedRollingPolicy@2040513737 - Will use the pattern target/log/entando-engine-json.%d{yyyy-MM-dd}.%i.log for the active file
13:25:21,024 |-INFO in ch.qos.logback.core.rolling.SizeAndTimeBasedFNATP@44428583 - The date pattern is 'yyyy-MM-dd' from file name pattern 'target/log/entando-engine-json.%d{yyyy-MM-dd}.%i.log'.
13:25:21,024 |-INFO in ch.qos.logback.core.rolling.SizeAndTimeBasedFNATP@44428583 - Roll-over at midnight.
13:25:21,025 |-INFO in ch.qos.logback.core.rolling.SizeAndTimeBasedFNATP@44428583 - Setting initial period to Fri Jul 16 13:25:21 UTC 2021
13:25:21,025 |-INFO in org.entando.entando.ent.logger.EntRollingFileAppender[JSONFILE] - Active log file name: target/log/entando-engine-json.log
13:25:21,025 |-INFO in org.entando.entando.ent.logger.EntRollingFileAppender[JSONFILE] - File property is set to [target/log/entando-engine-json.log]
13:25:21,026 |-INFO in org.entando.entando.ent.logger.EntRollingFileAppender[JSONFILE] - Log Level OFF - disabled file creation
13:25:21,026 |-ERROR in org.entando.entando.ent.logger.EntRollingFileAppender[JSONFILE] - No output stream set for the appender named "JSONFILE".
13:25:21,026 |-INFO in ch.qos.logback.core.joran.action.AppenderAction - About to instantiate appender of type [ch.qos.logback.core.ConsoleAppender]
13:25:21,032 |-INFO in ch.qos.logback.core.joran.action.AppenderAction - Naming appender as [JSONSTDOUT]
13:25:21,033 |-WARN in ch.qos.logback.core.ConsoleAppender[JSONSTDOUT] - This appender no longer admits a layout as a sub-component, set an encoder instead.
13:25:21,033 |-WARN in ch.qos.logback.core.ConsoleAppender[JSONSTDOUT] - To ensure compatibility, wrapping your layout in LayoutWrappingEncoder.
13:25:21,033 |-WARN in ch.qos.logback.core.ConsoleAppender[JSONSTDOUT] - See also http://logback.qos.ch/codes.html#layoutInsteadOfEncoder for details
13:25:21,035 |-INFO in ch.qos.logback.core.joran.action.AppenderAction - About to instantiate appender of type [ch.qos.logback.core.ConsoleAppender]
13:25:21,035 |-INFO in ch.qos.logback.core.joran.action.AppenderAction - Naming appender as [STDOUT]
13:25:21,036 |-INFO in ch.qos.logback.core.joran.action.NestedComplexPropertyIA - Assuming default type [ch.qos.logback.classic.encoder.PatternLayoutEncoder] for [encoder] property
13:25:21,037 |-INFO in ch.qos.logback.classic.joran.action.RootLoggerAction - Setting level of ROOT logger to DEBUG
13:25:21,037 |-INFO in ch.qos.logback.core.joran.action.AppenderRefAction - Attaching appender named [STDOUT] to Logger[ROOT]
13:25:21,039 |-INFO in ch.qos.logback.core.joran.action.AppenderRefAction - Attaching appender named [JSONSTDOUT] to Logger[ROOT]
13:25:21,039 |-INFO in ch.qos.logback.core.joran.action.AppenderRefAction - Attaching appender named [JSONFILE] to Logger[ROOT]
13:25:21,039 |-INFO in ch.qos.logback.core.joran.action.AppenderRefAction - Attaching appender named [FILE] to Logger[ROOT]
13:25:21,039 |-INFO in ch.qos.logback.classic.joran.action.ConfigurationAction - End of configuration.
13:25:21,040 |-INFO in ch.qos.logback.classic.joran.JoranConfigurator@265c0752 - Registering current configuration as safe fallback point

[INFO] Tests run: 1, Failures: 0, Errors: 0, Skipped: 0, Time elapsed: 25.673 s - in org.entando.entando.aps.******.services.controller.control.TestRequestValidator
[INFO] Running org.entando.entando.aps.******.services.controller.control.TestRequestAuthorizator
2021-07-16 13:25:56.172 [main] ERROR c.a.a.s.s.c.c.RequestAuthorizator - Error while processing the request
com.agiletec.aps.******.exception.ApsSystemException: no user on session
	at com.agiletec.aps.******.services.controller.control.RequestAuthorizator.service(RequestAuthorizator.java:73)
	at org.entando.entando.aps.******.services.controller.control.TestRequestAuthorizator.testServiceFailure_2(TestRequestAuthorizator.java:83)
	at java.base/jdk.internal.reflect.NativeMethodAccessorImpl.invoke0(Native Method)
	at java.base/jdk.internal.reflect.NativeMethodAccessorImpl.invoke(NativeMethodAccessorImpl.java:62)
	at java.base/jdk.internal.reflect.DelegatingMethodAccessorImpl.invoke(DelegatingMethodAccessorImpl.java:43)
	at java.base/java.lang.reflect.Method.invoke(Method.java:566)
	at org.junit.platform.commons.util.ReflectionUtils.invokeMethod(ReflectionUtils.java:688)
	at org.junit.jupiter.engine.e**cution.MethodInvocation.proceed(MethodInvocation.java:60)
	at org.junit.jupiter.engine.e**cution.InvocationInterceptorChain$ValidatingInvocation.proceed(InvocationInterceptorChain.java:131)
	at org.junit.jupiter.engine.extension.TimeoutExtension.intercept(TimeoutExtension.java:149)
	at org.junit.jupiter.engine.extension.TimeoutExtension.interceptTestableMethod(TimeoutExtension.java:140)
	at org.junit.jupiter.engine.extension.TimeoutExtension.interceptTestMethod(TimeoutExtension.java:84)
	at org.junit.jupiter.engine.e**cution.E**cutableInvoker$ReflectiveInterceptorCall.lambda$ofVoidMethod$0(E**cutableInvoker.java:115)
	at org.junit.jupiter.engine.e**cution.E**cutableInvoker.lambda$invoke$0(E**cutableInvoker.java:105)
	at org.junit.jupiter.engine.e**cution.InvocationInterceptorChain$InterceptedInvocation.proceed(InvocationInterceptorChain.java:106)
	at org.junit.jupiter.engine.e**cution.InvocationInterceptorChain.proceed(InvocationInterceptorChain.java:64)
	at org.junit.jupiter.engine.e**cution.InvocationInterceptorChain.chainAndInvoke(InvocationInterceptorChain.java:45)
	at org.junit.jupiter.engine.e**cution.InvocationInterceptorChain.invoke(InvocationInterceptorChain.java:37)
	at org.junit.jupiter.engine.e**cution.E**cutableInvoker.invoke(E**cutableInvoker.java:104)
	at org.junit.jupiter.engine.e**cution.E**cutableInvoker.invoke(E**cutableInvoker.java:98)
	at org.junit.jupiter.engine.descriptor.TestMethodTestDescriptor.lambda$invokeTestMethod$6(TestMethodTestDescriptor.java:210)
	at org.junit.platform.engine.support.hierarchical.ThrowableCollector.e**cute(ThrowableCollector.java:73)
	at org.junit.jupiter.engine.descriptor.TestMethodTestDescriptor.invokeTestMethod(TestMethodTestDescriptor.java:206)
	at org.junit.jupiter.engine.descriptor.TestMethodTestDescriptor.e**cute(TestMethodTestDescriptor.java:131)
	at org.junit.jupiter.engine.descriptor.TestMethodTestDescriptor.e**cute(TestMethodTestDescriptor.java:65)
	at org.junit.platform.engine.support.hierarchical.NodeTestTask.lambda$e**cuteRecursively$5(NodeTestTask.java:139)
	at org.junit.platform.engine.support.hierarchical.ThrowableCollector.e**cute(ThrowableCollector.java:73)
	at org.junit.platform.engine.support.hierarchical.NodeTestTask.lambda$e**cuteRecursively$7(NodeTestTask.java:129)
	at org.junit.platform.engine.support.hierarchical.Node.around(Node.java:137)
	at org.junit.platform.engine.support.hierarchical.NodeTestTask.lambda$e**cuteRecursively$8(NodeTestTask.java:127)
	at org.junit.platform.engine.support.hierarchical.ThrowableCollector.e**cute(ThrowableCollector.java:73)
	at org.junit.platform.engine.support.hierarchical.NodeTestTask.e**cuteRecursively(NodeTestTask.java:126)
	at org.junit.platform.engine.support.hierarchical.NodeTestTask.e**cute(NodeTestTask.java:84)
	at java.base/java.util.ArrayList.forEach(ArrayList.java:1540)
	at org.junit.platform.engine.support.hierarchical.SameThreadHierarchicalTestE**cutorService.invokeAll(SameThreadHierarchicalTestE**cutorService.java:38)
	at org.junit.platform.engine.support.hierarchical.NodeTestTask.lambda$e**cuteRecursively$5(NodeTestTask.java:143)
	at org.junit.platform.engine.support.hierarchical.ThrowableCollector.e**cute(ThrowableCollector.java:73)
	at org.junit.platform.engine.support.hierarchical.NodeTestTask.lambda$e**cuteRecursively$7(NodeTestTask.java:129)
	at org.junit.platform.engine.support.hierarchical.Node.around(Node.java:137)
	at org.junit.platform.engine.support.hierarchical.NodeTestTask.lambda$e**cuteRecursively$8(NodeTestTask.java:127)
	at org.junit.platform.engine.support.hierarchical.ThrowableCollector.e**cute(ThrowableCollector.java:73)
	at org.junit.platform.engine.support.hierarchical.NodeTestTask.e**cuteRecursively(NodeTestTask.java:126)
	at org.junit.platform.engine.support.hierarchical.NodeTestTask.e**cute(NodeTestTask.java:84)
	at java.base/java.util.ArrayList.forEach(ArrayList.java:1540)
	at org.junit.platform.engine.support.hierarchical.SameThreadHierarchicalTestE**cutorService.invokeAll(SameThreadHierarchicalTestE**cutorService.java:38)
	at org.junit.platform.engine.support.hierarchical.NodeTestTask.lambda$e**cuteRecursively$5(NodeTestTask.java:143)
	at org.junit.platform.engine.support.hierarchical.ThrowableCollector.e**cute(ThrowableCollector.java:73)
	at org.junit.platform.engine.support.hierarchical.NodeTestTask.lambda$e**cuteRecursively$7(NodeTestTask.java:129)
	at org.junit.platform.engine.support.hierarchical.Node.around(Node.java:137)
	at org.junit.platform.engine.support.hierarchical.NodeTestTask.lambda$e**cuteRecursively$8(NodeTestTask.java:127)
	at org.junit.platform.engine.support.hierarchical.ThrowableCollector.e**cute(ThrowableCollector.java:73)
	at org.junit.platform.engine.support.hierarchical.NodeTestTask.e**cuteRecursively(NodeTestTask.java:126)
	at org.junit.platform.engine.support.hierarchical.NodeTestTask.e**cute(NodeTestTask.java:84)
	at org.junit.platform.engine.support.hierarchical.SameThreadHierarchicalTestE**cutorService.submit(SameThreadHierarchicalTestE**cutorService.java:32)
	at org.junit.platform.engine.support.hierarchical.HierarchicalTestE**cutor.e**cute(HierarchicalTestE**cutor.java:57)
	at org.junit.platform.engine.support.hierarchical.HierarchicalTestEngine.e**cute(HierarchicalTestEngine.java:51)
	at org.junit.platform.launcher.core.DefaultLauncher.e**cute(DefaultLauncher.java:220)
	at org.junit.platform.launcher.core.DefaultLauncher.lambda$e**cute$6(DefaultLauncher.java:188)
	at org.junit.platform.launcher.core.DefaultLauncher.withInterceptedStreams(DefaultLauncher.java:202)
	at org.junit.platform.launcher.core.DefaultLauncher.e**cute(DefaultLauncher.java:181)
	at org.junit.platform.launcher.core.DefaultLauncher.e**cute(DefaultLauncher.java:128)
	at org.apache.maven.surefire.junitplatform.JUnitPlatformProvider.invokeAllTests(JUnitPlatformProvider.java:142)
	at org.apache.maven.surefire.junitplatform.JUnitPlatformProvider.invoke(JUnitPlatformProvider.java:117)
	at org.apache.maven.surefire.booter.ForkedBooter.invokeProviderInSameClassLoader(ForkedBooter.java:384)
	at org.apache.maven.surefire.booter.ForkedBooter.runSuitesInProcess(ForkedBooter.java:345)
	at org.apache.maven.surefire.booter.ForkedBooter.e**cute(ForkedBooter.java:126)
	at org.apache.maven.surefire.booter.ForkedBooter.main(ForkedBooter.java:418)
[INFO] Tests run: 4, Failures: 0, Errors: 0, Skipped: 0, Time elapsed: 10.954 s - in org.entando.entando.aps.******.services.controller.control.TestRequestAuthorizator
[INFO] Running org.entando.entando.aps.******.services.controller.TestControllerManager
[INFO] Tests run: 3, Failures: 0, Errors: 0, Skipped: 0, Time elapsed: 10.351 s - in org.entando.entando.aps.******.services.controller.TestControllerManager
[INFO] Running org.entando.entando.aps.******.services.controller.e**cutor.TestWidgetE**cutorService
[INFO] Tests run: 1, Failures: 0, Errors: 0, Skipped: 0, Time elapsed: 10.729 s - in org.entando.entando.aps.******.services.controller.e**cutor.TestWidgetE**cutorService
[INFO] 
[INFO] Results:
[INFO] 
[INFO] Tests run: 9, Failures: 0, Errors: 0, Skipped: 0
[INFO] 
[INFO] 
[INFO] --- maven-war-plugin:2.1.1:war (default-war) @ entando-portal-ui ---
WARNING: An illegal reflective access operation has occurred
WARNING: Illegal reflective access by com.thoughtworks.xstream.core.util.Fields (file:/home/jenkins/.mvnrepository/com/thoughtworks/xstream/xstream/1.3.1/xstream-1.3.1.jar) to field java.util.Properties.defaults
WARNING: Please consider reporting this to the maintainers of com.thoughtworks.xstream.core.util.Fields
WARNING: Use --illegal-access=warn to enable warnings of further illegal reflective access operations
WARNING: All illegal access operations will be denied in a future release
[INFO] Packaging webapp
[INFO] Assembling webapp [entando-portal-ui] in [/workspace/source/target/entando-portal-ui-0.0.0-SNAPSHOT-PR-25-2]
[INFO] Processing war project
[INFO] Copying webapp resources [/workspace/source/src/main/webapp]
[INFO] Building jar: /workspace/source/target/entando-portal-ui-0.0.0-SNAPSHOT-PR-25-2/WEB-INF/lib/entando-portal-ui-0.0.0-SNAPSHOT-PR-25-2.jar
[INFO] Webapp assembled in [462 msecs]
[INFO] Building war: /workspace/source/target/entando-portal-ui-0.0.0-SNAPSHOT-PR-25-2.war
[INFO] 
[INFO] --- maven-jar-plugin:3.2.0:test-jar (build-test-jar) @ entando-portal-ui ---
[INFO] Building jar: /workspace/source/target/entando-portal-ui-0.0.0-SNAPSHOT-PR-25-2-tests.jar
[INFO] 
[INFO] --- maven-javadoc-plugin:3.2.0:jar (attach-javadocs) @ entando-portal-ui ---
[INFO] No previous run data found, generating javadoc.
[INFO] Building jar: /workspace/source/target/entando-portal-ui-0.0.0-SNAPSHOT-PR-25-2-javadoc.jar
[INFO] 
[INFO] --- maven-assembly-plugin:2.2.1:single (package-classes) @ entando-portal-ui ---
[INFO] Reading assembly descriptor: /workspace/source/src/main/assembly/classes.xml
[INFO] Building jar: /workspace/source/target/entando-portal-ui-0.0.0-SNAPSHOT-PR-25-2-classes.jar
[INFO] 
[INFO] --- maven-surefire-report-plugin:3.0.0-M4:failsafe-report-only (integration-tests) @ entando-portal-ui ---
[INFO] 
[INFO] --- dependency-check-maven:6.1.5:aggregate (default) @ entando-portal-ui ---
[INFO] Checking for updates
[INFO] Download Started for NVD CVE - Modified
[INFO] Download Complete for NVD CVE - Modified  (837 ms)
[INFO] Processing Started for NVD CVE - Modified
[INFO] Processing Complete for NVD CVE - Modified  (7948 ms)
[INFO] Begin database maintenance
[INFO] End database maintenance (902 ms)
[INFO] Check for updates complete (11022 ms)
[INFO] 

Dependency-Check is an open source tool performing a best effort analysis of 3rd party dependencies; false positives and false negatives may exist in the analysis performed by the tool. Use of the tool and the reporting provided constitutes acceptance for use in an AS IS condition, and there are NO warranties, implied or otherwise, with regard to the analysis or its use. Any use of the tool and the reporting provided is at the userâ€™s risk. In no event shall the copyright holder or OWASP be held liable for any damages whatsoever arising out of or in connection with the use of this tool, the analysis performed, or the resulting report.


   About ODC: https://jeremylong.github.io/DependencyCheck/general/internals.html
   False Positives: https://jeremylong.github.io/DependencyCheck/general/suppression.html

ðŸ’– Sponsor: https://github.com/sponsors/jeremylong


[INFO] Analysis Started
[INFO] Finished Archive Analyzer (1 seconds)
[INFO] Finished File Name Analyzer (0 seconds)
[INFO] Finished Jar Analyzer (2 seconds)
[ERROR] ----------------------------------------------------
[ERROR] .NET Assembly Analyzer could not be initialized and at least one 'e**' or 'dll' was scanned. The 'dotnet' e**cutable could not be found on the path; either disable the Assembly Analyzer or add the path to dotnet core in the configuration.
[ERROR] ----------------------------------------------------
[INFO] Finished Dependency Merging Analyzer (0 seconds)
[INFO] Finished Version Filter Analyzer (0 seconds)
[INFO] Finished Hint Analyzer (0 seconds)
[INFO] Created CPE Index (4 seconds)
[INFO] Finished CPE Analyzer (10 seconds)
[INFO] Finished False Positive Analyzer (0 seconds)
[INFO] Finished NVD CVE Analyzer (0 seconds)
[INFO] Finished Sonatype OSS Index Analyzer (3 seconds)
[INFO] Finished Vulnerability Suppression Analyzer (0 seconds)
[INFO] Finished Dependency Bundling Analyzer (0 seconds)
[INFO] Analysis Complete (21 seconds)
[INFO] Writing report to: /workspace/source/target/site/dependency-check-junit.xml
[INFO] Writing report to: /workspace/source/target/site/dependency-check-report.xml
[INFO] Writing report to: /workspace/source/target/site/dependency-check-report.html
[INFO] 
[INFO] --- jacoco-maven-plugin:0.8.6:report (report) @ entando-portal-ui ---
[INFO] Loading e**cution data file /workspace/source/target/jacoco.e**c
[INFO] Analyzed bundle 'Entando Core: Portal UI' with 18 classes
[INFO] 
[INFO] --- maven-surefire-report-plugin:3.0.0-M4:report-only (unit-tests) @ entando-portal-ui ---
[WARNING] Unable to locate Test Source XRef to link to - DISABLED
[INFO] 
[INFO] --- maven-install-plugin:2.4:install (default-install) @ entando-portal-ui ---
[INFO] Installing /workspace/source/target/entando-portal-ui-0.0.0-SNAPSHOT-PR-25-2.war to /home/jenkins/.mvnrepository/org/entando/entando/entando-portal-ui/0.0.0-SNAPSHOT-PR-25-2/entando-portal-ui-0.0.0-SNAPSHOT-PR-25-2.war
[INFO] Installing /workspace/source/pom.xml to /home/jenkins/.mvnrepository/org/entando/entando/entando-portal-ui/0.0.0-SNAPSHOT-PR-25-2/entando-portal-ui-0.0.0-SNAPSHOT-PR-25-2.pom
[INFO] Installing /workspace/source/target/entando-portal-ui-0.0.0-SNAPSHOT-PR-25-2-tests.jar to /home/jenkins/.mvnrepository/org/entando/entando/entando-portal-ui/0.0.0-SNAPSHOT-PR-25-2/entando-portal-ui-0.0.0-SNAPSHOT-PR-25-2-tests.jar
[INFO] Installing /workspace/source/target/entando-portal-ui-0.0.0-SNAPSHOT-PR-25-2-javadoc.jar to /home/jenkins/.mvnrepository/org/entando/entando/entando-portal-ui/0.0.0-SNAPSHOT-PR-25-2/entando-portal-ui-0.0.0-SNAPSHOT-PR-25-2-javadoc.jar
[INFO] Installing /workspace/source/target/entando-portal-ui-0.0.0-SNAPSHOT-PR-25-2-classes.jar to /home/jenkins/.mvnrepository/org/entando/entando/entando-portal-ui/0.0.0-SNAPSHOT-PR-25-2/entando-portal-ui-0.0.0-SNAPSHOT-PR-25-2-classes.jar
[INFO] 
[INFO] --- maven-deploy-plugin:2.8.2:deploy (default-deploy) @ entando-portal-ui ---
[INFO] Using alternate deployment repository local-nexus::default::http://nexus/repository/maven-releases/
[INFO] 
[INFO] ---------------< org.entando.entando:entando-portal-ui >----------------
[INFO] Building Entando Core: Portal UI 0.0.0-SNAPSHOT-PR-25-2
[INFO] --------------------------------[ war ]---------------------------------
[WARNING] The POM for org.eclipse.m2e:lifecycle-mapping:jar:1.0.0 is missing, no dependency information available
[WARNING] Failed to retrieve plugin descriptor for org.eclipse.m2e:lifecycle-mapping:1.0.0: Plugin org.eclipse.m2e:lifecycle-mapping:1.0.0 or one of its dependencies could not be resolved: Failure to find org.eclipse.m2e:lifecycle-mapping:jar:1.0.0 in http://nexus/repository/maven-group/ was cached in the local repository, resolution will not be reattempted until the update interval of nexus has elapsed or updates are forced
[INFO] 
[INFO] --- sonar-maven-plugin:3.9.0.2155:sonar (default-cli) @ entando-portal-ui ---
[INFO] User cache: /****/.sonar/cache
[INFO] SonarQube version: 8.8.0
[INFO] Default locale: "en_US", source code encoding: "UTF-8"
[INFO] Load global settings
[INFO] Load global settings (done) | time=371ms
[INFO] Server id: 1BD809FA-AWHW8ct9-T_TB3XqouNu
[INFO] User cache: /****/.sonar/cache
[INFO] Load/download plugins
[INFO] Load plugins index
[INFO] Load plugins index (done) | time=78ms
[INFO] Load/download plugins (done) | time=26721ms
[INFO] Loaded core extensions: developer-scanner
[INFO] Load project settings for component key: 'entando_entando-portal-ui'
[INFO] Load project settings for component key: 'entando_entando-portal-ui' (done) | time=38ms
[INFO] Process project properties
[INFO] E**cute project builders
[INFO] E**cute project builders (done) | time=2ms
[INFO] Project key: entando_entando-portal-ui
[INFO] Base dir: /workspace/source
[INFO] Working dir: /workspace/source/target/sonar
[INFO] Load project branches
[INFO] Load project branches (done) | time=33ms
[INFO] Check ALM binding of project 'entando_entando-portal-ui'
[INFO] Detected project binding: NOT_BOUND
[INFO] Check ALM binding of project 'entando_entando-portal-ui' (done) | time=18ms
[INFO] Load project pull requests
[INFO] Load project pull requests (done) | time=43ms
[INFO] Load branch configuration
[INFO] Load branch configuration (done) | time=3ms
[INFO] Load quality profiles
[INFO] Load quality profiles (done) | time=76ms
[INFO] Load active rules
[INFO] Load active rules (done) | time=1319ms
[INFO] Organization key: entando
[INFO] Pull request 25 for merge into master from PR-25
[INFO] SCM collecting changed files in the branch
[WARNING] Exception caught during e**cution of command '[/usr/local/git/bin/git, config, --******, --edit]' in '/usr/local/git/bin', return code '128', error message 'fatal: Invalid path '/usr/local/git/etc': No such file or directory
'
[INFO] SCM collecting changed files in the branch (done) | time=588ms
[INFO] Indexing files...
[INFO] Project configuration:
[INFO] 66 files inde**d
[INFO] 0 files ignored because of scm ignore settings
[INFO] Quality profile for java: Sonar way
[INFO] Quality profile for jsp: Sonar way
[INFO] Quality profile for xml: Sonar way
[INFO] ------------- Run sensors on module Entando Core: Portal UI
[INFO] Load metrics repository
[INFO] Load metrics repository (done) | time=27ms
[INFO] Sensor JavaSensor [java]
[INFO] Configured Java source version (sonar.java.source): 8
[INFO] JavaClasspath initialization
[INFO] JavaClasspath initialization (done) | time=9ms
[INFO] JavaTestClasspath initialization
[INFO] JavaTestClasspath initialization (done) | time=2ms
Jul 16, 2021 1:27:49 PM org.apache.jasper.servlet.TldScanner scanJars
INFO: At least one JAR was scanned for TLDs yet contained no TLDs. Enable debug logging for this logger for a complete list of JARs that were scanned but no TLDs were found in them. Skipping unneeded JARs during scanning can improve startup time and JSP compilation time.
[WARNING] Some JSP pages failed to transpile. Enable debug log for details.
[INFO] Java "Main" source files AST scan
[INFO] 20 source files to be analyzed
[INFO] 20/20 source files have been analyzed
[INFO] Java "Main" source files AST scan (done) | time=8915ms
[INFO] Java "Test" source files AST scan
[INFO] 7 source files to be analyzed
[INFO] 7/7 source files have been analyzed
[INFO] Java "Test" source files AST scan (done) | time=1333ms
[INFO] Java "Generated" source files AST scan
[INFO] 27 source files to be analyzed
[INFO] 27/27 source files have been analyzed
[INFO] Java "Generated" source files AST scan (done) | time=9257ms
[INFO] Sensor JavaSensor [java] (done) | time=22962ms
[INFO] Sensor CSS Rules [cssfamily]
[INFO] No CSS, PHP, HTML or VueJS files are found in the project. CSS analysis is skipped.
[INFO] Sensor CSS Rules [cssfamily] (done) | time=1ms
[INFO] Sensor C# Project Type Information [csharp]
[INFO] Sensor C# Project Type Information [csharp] (done) | time=1ms
[INFO] Sensor C# Properties [csharp]
[INFO] Sensor C# Properties [csharp] (done) | time=2ms
[INFO] Sensor Import of Checkstyle issues [java]
[WARNING] Checkstyle report not found: /workspace/source/target/checkstyle-result.xml
[INFO] Sensor Import of Checkstyle issues [java] (done) | time=2ms
[INFO] Sensor SurefireSensor [java]
[INFO] parsing [/workspace/source/target/surefire-reports]
[INFO] Sensor SurefireSensor [java] (done) | time=53ms
[INFO] Sensor JavaXmlSensor [java]
[INFO] 2 source files to be analyzed
[INFO] 2/2 source files have been analyzed
[INFO] Sensor JavaXmlSensor [java] (done) | time=170ms
[INFO] Sensor HTML [web]
[INFO] Sensor HTML [web] (done) | time=741ms
[INFO] Sensor XML Sensor [xml]
[INFO] 2 source files to be analyzed
[INFO] 2/2 source files have been analyzed
[INFO] Sensor XML Sensor [xml] (done) | time=196ms
[INFO] Sensor VB.NET Project Type Information [vbnet]
[INFO] Sensor VB.NET Project Type Information [vbnet] (done) | time=2ms
[INFO] Sensor VB.NET Properties [vbnet]
[INFO] Sensor VB.NET Properties [vbnet] (done) | time=2ms
[INFO] Sensor JaCoCo XML Report Importer [jacoco]
[INFO] Importing 1 report(s). Turn your logs in debug mode in order to see the exhaustive list.
[INFO] Sensor JaCoCo XML Report Importer [jacoco] (done) | time=63ms
[INFO] Sensor ThymeLeaf template sensor [securityjavafrontend]
[INFO] Sensor ThymeLeaf template sensor [securityjavafrontend] (done) | time=3ms
[INFO] Sensor Serverless configuration file sensor [securityjsfrontend]
[INFO] 0 Serverless function entries were found in the project
[INFO] 0 Serverless function handlers were kept as entrypoints
[INFO] Sensor Serverless configuration file sensor [securityjsfrontend] (done) | time=100ms
[INFO] Sensor JavaSecuritySensor [security]
[INFO] Reading type hierarchy from: /workspace/source/target/sonar/ucfg2/java
[INFO] Read 255 type definitions
[INFO] Reading UCFGs from: /workspace/source/target/sonar/ucfg2/java
[INFO] 13:28:13.533418 Building Runtime Type propagation graph
[INFO] 13:28:13.646737 Running Tarjan on 6899 nodes
[INFO] 13:28:13.678477 Tarjan found 6898 components
[INFO] 13:28:13.718014 Variable type analysis: done
[INFO] 13:28:13.723954 Building Runtime Type propagation graph
[INFO] 13:28:13.779584 Running Tarjan on 6899 nodes
[INFO] 13:28:13.791078 Tarjan found 6898 components
[INFO] 13:28:13.809264 Variable type analysis: done
[INFO] Analyzing 962 ucfgs to detect vulnerabilities.
[INFO] All rules entrypoints : 4 Retained UCFGs : 29
[INFO] rule: S5131, entrypoints: 0
[INFO] rule: S5131 done
[INFO] rule: S3649, entrypoints: 0
[INFO] rule: S3649 done
[INFO] rule: S2076, entrypoints: 0
[INFO] rule: S2076 done
[INFO] rule: S2091, entrypoints: 0
[INFO] rule: S2091 done
[INFO] rule: S2078, entrypoints: 0
[INFO] rule: S2078 done
[INFO] rule: S2631, entrypoints: 0
[INFO] rule: S2631 done
[INFO] rule: S5135, entrypoints: 0
[INFO] rule: S5135 done
[INFO] rule: S2083, entrypoints: 0
[INFO] rule: S2083 done
[INFO] rule: S5167, entrypoints: 0
[INFO] rule: S5167 done
[INFO] rule: S5144, entrypoints: 0
[INFO] rule: S5144 done
[INFO] rule: S5145, entrypoints: 4
[INFO] Running symbolic analysis
[INFO] rule: S5145 done
[INFO] rule: S5146, entrypoints: 0
[INFO] rule: S5146 done
[INFO] rule: S5334, entrypoints: 0
[INFO] rule: S5334 done
[INFO] rule: S6096, entrypoints: 0
[INFO] rule: S6096 done
[INFO] Sensor JavaSecuritySensor [security] (done) | time=12208ms
[INFO] Sensor CSharpSecuritySensor [security]
[INFO] Reading type hierarchy from: /workspace/source/target/ucfg_cs2
[INFO] Read 0 type definitions
[INFO] Reading UCFGs from: /workspace/source/target/ucfg_cs2
[INFO] No UCFGs have been included for analysis.
[INFO] Sensor CSharpSecuritySensor [security] (done) | time=1ms
[INFO] Sensor PhpSecuritySensor [security]
[INFO] Reading type hierarchy from: /workspace/source/target/sonar/ucfg2/php
[INFO] Read 0 type definitions
[INFO] Reading UCFGs from: /workspace/source/target/sonar/ucfg2/php
[INFO] No UCFGs have been included for analysis.
[INFO] Sensor PhpSecuritySensor [security] (done) | time=1ms
[INFO] Sensor PythonSecuritySensor [security]
[INFO] Reading type hierarchy from: /workspace/source/target/sonar/ucfg2/python
[INFO] Read 0 type definitions
[INFO] Reading UCFGs from: /workspace/source/target/sonar/ucfg2/python
[INFO] No UCFGs have been included for analysis.
[INFO] Sensor PythonSecuritySensor [security] (done) | time=1ms
[INFO] Sensor JsSecuritySensor [security]
[INFO] Reading type hierarchy from: /workspace/source/target/sonar/ucfg2/js
[INFO] Read 0 type definitions
[INFO] Reading UCFGs from: /workspace/source/target/sonar/ucfg2/js
[INFO] 13:28:24.442202 Building Runtime Type propagation graph
[INFO] 13:28:24.442456 Running Tarjan on 0 nodes
[INFO] 13:28:24.442656 Tarjan found 0 components
[INFO] 13:28:24.442832 Variable type analysis: done
[INFO] 13:28:24.443057 Building Runtime Type propagation graph
[INFO] 13:28:24.443315 Running Tarjan on 0 nodes
[INFO] 13:28:24.443527 Tarjan found 0 components
[INFO] 13:28:24.443721 Variable type analysis: done
[INFO] Analyzing 1 ucfgs to detect vulnerabilities.
[INFO] rule: S5334, entrypoints: 2
[INFO] Running symbolic analysis
[INFO] rule: S5334 done
[INFO] rule: S5883, entrypoints: 2
[INFO] Running symbolic analysis
[INFO] rule: S5883 done
[INFO] rule: S5147, entrypoints: 2
[INFO] Running symbolic analysis
[INFO] rule: S5147 done
[INFO] rule: S5144, entrypoints: 2
[INFO] Running symbolic analysis
[INFO] rule: S5144 done
[INFO] rule: S2631, entrypoints: 2
[INFO] Running symbolic analysis
[INFO] rule: S2631 done
[INFO] rule: S2076, entrypoints: 2
[INFO] Running symbolic analysis
[INFO] rule: S2076 done
[INFO] rule: S6105, entrypoints: 2
[INFO] Running symbolic analysis
[INFO] rule: S6105 done
[INFO] rule: S5696, entrypoints: 2
[INFO] Running symbolic analysis
[INFO] rule: S5696 done
[INFO] rule: S2083, entrypoints: 2
[INFO] Running symbolic analysis
[INFO] rule: S2083 done
[INFO] rule: S5131, entrypoints: 2
[INFO] Running symbolic analysis
[INFO] rule: S5131 done
[INFO] rule: S3649, entrypoints: 2
[INFO] Running symbolic analysis
[INFO] rule: S3649 done
[INFO] rule: S6096, entrypoints: 2
[INFO] Running symbolic analysis
[INFO] rule: S6096 done
[INFO] rule: S5146, entrypoints: 2
[INFO] Running symbolic analysis
[INFO] rule: S5146 done
[INFO] Sensor JsSecuritySensor [security] (done) | time=1523ms
[INFO] ------------- Run sensors on project
[INFO] Sensor Zero Coverage Sensor
[INFO] Sensor Zero Coverage Sensor (done) | time=1ms
[INFO] Sensor Java CPD Block Inde**r
[INFO] Sensor Java CPD Block Inde**r (done) | time=93ms
[INFO] SCM Publisher SCM provider for this project is: git
[INFO] SCM Publisher 1 source file to be analyzed
[INFO] SCM Publisher 0/1 source files have been analyzed (done) | time=137ms
[WARNING] Missing blame information for the following files:
[WARNING]   * pom.xml
[WARNING] This may lead to missing/broken features in SonarCloud
[INFO] CPD E**cutor 15 files had no CPD blocks
[INFO] CPD E**cutor Calculating CPD for 39 files
[INFO] CPD E**cutor CPD calculation finished (done) | time=39ms
[INFO] SCM writing changed lines
[INFO] SCM writing changed lines (done) | time=42ms
[INFO] Analysis report generated in 190ms, dir size=237 KB
[INFO] Analysis report compressed in 70ms, zip size=82 KB
[INFO] Analysis report uploaded in 141ms
[INFO] ANALYSIS SUCCESSFUL, you can find the results at: https://sonarcloud.io/dashboard?id=entando_entando-portal-ui&pullRequest=25
[INFO] Note that you will be able to access the updated dashboard once the server has processed the submitted analysis report
[INFO] More about the report processing at https://sonarcloud.io/api/ce/task?id=AXqvgQbuhLK6o3fstD7c
[INFO] Analysis total time: 46.932 s
[INFO] ------------------------------------------------------------------------
[INFO] BUILD SUCCESS
[INFO] ------------------------------------------------------------------------
[INFO] Total time:  03:30 min
[INFO] Finished at: 2021-07-16T13:28:26Z
[INFO] ------------------------------------------------------------------------
Picked up _JAVA_OPTIONS: -XX:+UnlockExperimentalVMOptions -Dsun.zip.disableMemoryMapping=**** -XX:+UseParallelGC -XX:MinHeapFreeRatio=5 -XX:MaxHeapFreeRatio=10 -XX:GCTimeRatio=4 -XX:AdaptiveSizePolicyWeight=90 -Xms10m -Xmx8000m
[INFO] Scanning for projects...
[WARNING] 
[WARNING] Some problems were encountered while building the effective model for org.entando.entando:entando-portal-ui:war:0.0.0-SNAPSHOT-PR-25-2
[WARNING] 'dependencyManagement.dependencies.dependency.(groupId:artifactId:type:classifier)' must be unique: org.springframework:spring-tx:jar -> version (?) vs ${spring.version} @ org.entando:entando-core-parent:6.4.6, /home/jenkins/.mvnrepository/org/entando/entando-core-parent/6.4.6/entando-core-parent-6.4.6.pom, line 622, column 25
[WARNING] 
[WARNING] It is highly recommended to fix these problems because they threaten the stability of your build.
[WARNING] 
[WARNING] For this reason, future Maven versions might no longer support building such malformed projects.
[WARNING] 
[INFO] 
[INFO] ---------------< org.entando.entando:entando-portal-ui >----------------
[INFO] Building Entando Core: Portal UI 0.0.0-SNAPSHOT-PR-25-2
[INFO] --------------------------------[ war ]---------------------------------
[WARNING] The POM for com.sun.xml.bind:jaxb-impl:jar:2.2.11 is invalid, transitive dependencies (if any) will not be available, enable debug logging for more details
[INFO] 
[INFO] --- maven-site-plugin:3.9.0:site (default-site) @ entando-portal-ui ---
[INFO] configuring report plugin org.apache.maven.plugins:maven-project-info-reports-plugin:3.0.0
[INFO] 9 reports configured for maven-project-info-reports-plugin:3.0.0: dependency-info, distribution-management, index, ci-management, issue-management, licenses, plugins, scm, summary
[INFO] Rendering site with default locale English (en)
[WARNING] Unable to find a URL to the parent project. The parent menu will NOT be added.
[INFO] Relativizing decoration links with respect to localized project URL: http://www.entando.com/
[INFO] Rendering content with org.apache.maven.skins:maven-default-skin:jar:1.3 skin.
[INFO] Generating "Dependency Information" report --- maven-project-info-reports-plugin:3.0.0:dependency-info
[INFO] Generating "About" report         --- maven-project-info-reports-plugin:3.0.0:index
[INFO] Generating "Issue Management" report --- maven-project-info-reports-plugin:3.0.0:issue-management
[INFO] Generating "Licenses" report      --- maven-project-info-reports-plugin:3.0.0:licenses
[INFO] Generating "Plugins" report       --- maven-project-info-reports-plugin:3.0.0:plugins
[INFO] Generating "Source Code Management" report --- maven-project-info-reports-plugin:3.0.0:scm
[INFO] Generating "Summary" report       --- maven-project-info-reports-plugin:3.0.0:summary
[INFO] ------------------------------------------------------------------------
[INFO] BUILD SUCCESS
[INFO] ------------------------------------------------------------------------
[INFO] Total time:  27.568 s
[INFO] Finished at: 2021-07-16T13:28:56Z
[INFO] ------------------------------------------------------------------------
error: etcdserver: request is too large
Congratulations! No build failures found for entando-portal-ui-PR-25.
