
Showing logs for build [32mentando-k8s-entando-k8s-custom-vhgcl-5[0m stage [32mfrom-build-pack[0m and container [32mcredential-initializer[0m
{"level":"info","ts":1627475135.694656,"caller":"creds-init/main.go:44","msg":"Credentials initialized."}

Showing logs for build [32mentando-k8s-entando-k8s-custom-vhgcl-5[0m stage [32mfrom-build-pack[0m and container [32mworking-dir-initializer[0m

Showing logs for build [32mentando-k8s-entando-k8s-custom-vhgcl-5[0m stage [32mfrom-build-pack[0m and container [32mplace-tools[0m

Showing logs for build [32mentando-k8s-entando-k8s-custom-vhgcl-5[0m stage [32mfrom-build-pack[0m and container [32mstep-git-source-entando-k8s-entando-k8s-custom-vhgcl-6jrch[0m
{"level":"info","ts":1627475164.5464957,"caller":"git/git.go:105","msg":"Successfully cloned https://github.com/entando-k8s/entando-k8s-custom-model.git @ master in path /workspace/source"}
{"level":"warn","ts":1627475164.5466535,"caller":"git/git.go:152","msg":"Unexpected error: creating symlink: symlink /tekton/home/.ssh /****/.ssh: file exists"}
{"level":"info","ts":1627475164.6266544,"caller":"git/git.go:133","msg":"Successfully initialized and updated submodules in path /workspace/source"}

Showing logs for build [32mentando-k8s-entando-k8s-custom-vhgcl-5[0m stage [32mfrom-build-pack[0m and container [32mstep-setup-builder-home[0m

Showing logs for build [32mentando-k8s-entando-k8s-custom-vhgcl-5[0m stage [32mfrom-build-pack[0m and container [32mstep-git-merge[0m
Using SHAs from PULL_REFS=master:ab9c7d95a3aa1f9aa7f0252f3de5548b42aae99c,44:d3d4d93ca4752979ac3d5abf65608e4c5c38129e
DEBUG: LC_ALL=C JX_LOG_LEVEL=error git fetch origin --unshallow d3d4d93ca4752979ac3d5abf65608e4c5c38129e: ab9c7d95a3aa1f9aa7f0252f3de5548b42aae99c:
DEBUG: ran git fetch --unshallow origin d3d4d93ca4752979ac3d5abf65608e4c5c38129e: ab9c7d95a3aa1f9aa7f0252f3de5548b42aae99c: in 
DEBUG: LC_ALL=C JX_LOG_LEVEL=error git branch
DEBUG: LC_ALL=C JX_LOG_LEVEL=error git checkout master
DEBUG: ran git checkout master in 
DEBUG: LC_ALL=C JX_LOG_LEVEL=error git reset --hard ab9c7d95a3aa1f9aa7f0252f3de5548b42aae99c
DEBUG: ran git reset --hard ab9c7d95a3aa1f9aa7f0252f3de5548b42aae99c in 
DEBUG: LC_ALL=C JX_LOG_LEVEL=error git clean -fd .
DEBUG: ran clean --force -d . in 
DEBUG: LC_ALL=C JX_LOG_LEVEL=error git merge d3d4d93ca4752979ac3d5abf65608e4c5c38129e
DEBUG: ran git merge d3d4d93ca4752979ac3d5abf65608e4c5c38129e in 
DEBUG: LC_ALL=C JX_LOG_LEVEL=error git log --format=%H%x1f%an%x1f%ae%x1f%cn%x1f%ce%x1f%s%n%b%x1e ab9c7d95a3aa1f9aa7f0252f3de5548b42aae99c..HEAD
Merged SHA d3d4d93ca4752979ac3d5abf65608e4c5c38129e with commit message 'ENG-2284 added a couple of fields to improve the installation experience' into base branch master
Merged SHA e6f35f8c2efbf3ef3e53891a8b43fd9f21d788d2 with commit message 'ENG-2284 nullsafe parameter management' into base branch master
Merged SHA e964a5d49e352c20ee5a5821a1d7e61be0f98361 with commit message 'ENG-2284 capability based design checkstyle fi**s' into base branch master
Merged SHA 48c1844323b812a7e2d29ab848986328df28984a with commit message 'ENG-2284 capability based design' into base branch master

Showing logs for build [32mentando-k8s-entando-k8s-custom-vhgcl-5[0m stage [32mfrom-build-pack[0m and container [32mstep-build-set-version[0m
Picked up _JAVA_OPTIONS: -XX:+UnlockExperimentalVMOptions -Dsun.zip.disableMemoryMapping=**** -XX:+UseParallelGC -XX:MinHeapFreeRatio=5 -XX:MaxHeapFreeRatio=10 -XX:GCTimeRatio=4 -XX:AdaptiveSizePolicyWeight=90 -Xms10m -Xmx8000m
[INFO] Scanning for projects...
[INFO] 
[INFO] ----------------< org.entando:entando-k8s-custom-model >----------------
[INFO] Building Entando Kubernetes Custom Model 6.3.0-SNAPSHOT
[INFO] --------------------------------[ jar ]---------------------------------
[INFO] 
[INFO] --- versions-maven-plugin:2.8.1:set (default-cli) @ entando-k8s-custom-model ---
[INFO] Local aggregation ****: /workspace/source
[INFO] Processing change of org.entando:entando-k8s-custom-model:6.3.0-SNAPSHOT -> 0.0.0-SNAPSHOT-PR-44-5
[INFO] Processing org.entando:entando-k8s-custom-model
[INFO]     Updating project org.entando:entando-k8s-custom-model
[INFO]         from version 6.3.0-SNAPSHOT to 0.0.0-SNAPSHOT-PR-44-5
[INFO] 
[INFO] ------------------------------------------------------------------------
[INFO] BUILD SUCCESS
[INFO] ------------------------------------------------------------------------
[INFO] Total time:  21.167 s
[INFO] Finished at: 2021-07-28T12:26:29Z
[INFO] ------------------------------------------------------------------------

Showing logs for build [32mentando-k8s-entando-k8s-custom-vhgcl-5[0m stage [32mfrom-build-pack[0m and container [32mstep-build-fix-git-for-sonar[0m
Switched to a new branch 'PR-44'
M	pom.xml
Deleted branch master (was d3d4d93).
From https://github.com/entando-k8s/entando-k8s-custom-model
 * [new branch]      master     -> master

Showing logs for build [32mentando-k8s-entando-k8s-custom-vhgcl-5[0m stage [32mfrom-build-pack[0m and container [32mstep-build-mvn-verify-pr[0m
Picked up _JAVA_OPTIONS: -XX:+UnlockExperimentalVMOptions -Dsun.zip.disableMemoryMapping=**** -XX:+UseParallelGC -XX:MinHeapFreeRatio=5 -XX:MaxHeapFreeRatio=10 -XX:GCTimeRatio=4 -XX:AdaptiveSizePolicyWeight=90 -Xms10m -Xmx8000m
[INFO] Scanning for projects...
[INFO] 
[INFO] ----------------< org.entando:entando-k8s-custom-model >----------------
[INFO] Building Entando Kubernetes Custom Model 0.0.0-SNAPSHOT-PR-44-5
[INFO] --------------------------------[ jar ]---------------------------------
[INFO] 
[INFO] --- maven-checkstyle-plugin:3.1.1:check (validate) @ entando-k8s-custom-model ---
[INFO] Starting audit...
Audit done.
[INFO] You have 0 Checkstyle violations.
[INFO] 
[INFO] --- maven-checkstyle-plugin:3.1.1:checkstyle (validate) @ entando-k8s-custom-model ---
[INFO] Starting audit...
Audit done.
[INFO] 
[INFO] --- jacoco-maven-plugin:0.8.7:prepare-agent (prepare-agent) @ entando-k8s-custom-model ---
[INFO] argLine set to -javaagent:/home/jenkins/.mvnrepository/org/jacoco/org.jacoco.agent/0.8.7/org.jacoco.agent-0.8.7-runtime.jar=destfile=/workspace/source/target/jacoco.e**c
[INFO] 
[INFO] --- maven-resources-plugin:2.6:resources (default-resources) @ entando-k8s-custom-model ---
[INFO] Using 'UTF-8' encoding to copy filtered resources.
[INFO] Copying 18 resources
[INFO] 
[INFO] --- maven-compiler-plugin:3.8.1:compile (default-compile) @ entando-k8s-custom-model ---
[INFO] Changes detected - recompiling the module!
[INFO] Compiling 108 source files to /workspace/source/target/classes
[INFO] 
[INFO] --- maven-resources-plugin:2.6:testResources (default-testResources) @ entando-k8s-custom-model ---
[INFO] Using 'UTF-8' encoding to copy filtered resources.
[INFO] Copying 3 resources
[INFO] 
[INFO] --- maven-compiler-plugin:3.8.1:testCompile (default-testCompile) @ entando-k8s-custom-model ---
[INFO] Changes detected - recompiling the module!
[INFO] Compiling 30 source files to /workspace/source/target/test-classes
[INFO] 
[INFO] --- maven-surefire-plugin:3.0.0-M1:test (default-test) @ entando-k8s-custom-model ---
[INFO] 
[INFO] -------------------------------------------------------
[INFO]  T E S T S
[INFO] -------------------------------------------------------
[INFO] Running org.entando.kubernetes.model.inprocesstest.EntandoCustomResourceStatusTest
[INFO] Tests run: 1, Failures: 0, Errors: 0, Skipped: 0, Time elapsed: 3.718 s - in org.entando.kubernetes.model.inprocesstest.EntandoCustomResourceStatusTest
[INFO] Running org.entando.kubernetes.model.inprocesstest.EntandoPluginMockedTest
Jul 28, 2021 12:27:12 PM okhttp3.mockwebserver.MockWebServer$2 e**cute
INFO: MockWebServer[34894] starting to accept connections
Jul 28, 2021 12:27:13 PM okhttp3.mockwebserver.MockWebServer$3 processOneRequest
INFO: MockWebServer[34894] received request: GET /api/v1/namespaces/entando-k8s-custom-model-cupr44 HTTP/1.1 and responded: HTTP/1.1 404 Client Error
Jul 28, 2021 12:27:13 PM okhttp3.mockwebserver.MockWebServer$3 processOneRequest
INFO: MockWebServer[34894] received request: POST /api/v1/namespaces HTTP/1.1 and responded: HTTP/1.1 200 OK
Jul 28, 2021 12:27:13 PM okhttp3.mockwebserver.MockWebServer$3 processOneRequest
INFO: MockWebServer[34894] received request: POST /apis/entando.org/v1/namespaces/entando-k8s-custom-model-cupr44/entandoplugins HTTP/1.1 and responded: HTTP/1.1 200 OK
Jul 28, 2021 12:27:13 PM okhttp3.mockwebserver.MockWebServer$3 processOneRequest
INFO: MockWebServer[34894] received request: GET /apis/entando.org/v1/namespaces/entando-k8s-custom-model-cupr44/entandoplugins/my-plugin HTTP/1.1 and responded: HTTP/1.1 200 OK
Jul 28, 2021 12:27:13 PM okhttp3.mockwebserver.MockWebServer$3 processOneRequest
INFO: MockWebServer[34894] received request: PATCH /apis/entando.org/v1/namespaces/entando-k8s-custom-model-cupr44/entandoplugins/my-plugin HTTP/1.1 and responded: HTTP/1.1 202 OK
Jul 28, 2021 12:27:13 PM okhttp3.mockwebserver.MockWebServer$3 processOneRequest
INFO: MockWebServer[34894] received request: PUT /apis/entando.org/v1/namespaces/entando-k8s-custom-model-cupr44/entandoplugins/my-plugin/status HTTP/1.1 and responded: HTTP/1.1 200 OK
Jul 28, 2021 12:27:13 PM okhttp3.mockwebserver.MockWebServer$2 acceptConnections
INFO: MockWebServer[34894] done accepting connections: Socket closed
Jul 28, 2021 12:27:13 PM okhttp3.mockwebserver.MockWebServer$2 e**cute
INFO: MockWebServer[56224] starting to accept connections
Jul 28, 2021 12:27:13 PM okhttp3.mockwebserver.MockWebServer$3 processOneRequest
INFO: MockWebServer[56224] received request: GET /api/v1/namespaces/entando-k8s-custom-model-cupr44 HTTP/1.1 and responded: HTTP/1.1 404 Client Error
Jul 28, 2021 12:27:13 PM okhttp3.mockwebserver.MockWebServer$3 processOneRequest
INFO: MockWebServer[56224] received request: POST /api/v1/namespaces HTTP/1.1 and responded: HTTP/1.1 200 OK
Jul 28, 2021 12:27:13 PM okhttp3.mockwebserver.MockWebServer$3 processOneRequest
INFO: MockWebServer[56224] received request: POST /apis/entando.org/v1/namespaces/entando-k8s-custom-model-cupr44/entandoplugins HTTP/1.1 and responded: HTTP/1.1 200 OK
Jul 28, 2021 12:27:13 PM okhttp3.mockwebserver.MockWebServer$3 processOneRequest
INFO: MockWebServer[56224] received request: GET /apis/entando.org/v1/namespaces/entando-k8s-custom-model-cupr44/entandoplugins/my-plugin HTTP/1.1 and responded: HTTP/1.1 200 OK
Jul 28, 2021 12:27:13 PM okhttp3.mockwebserver.MockWebServer$2 acceptConnections
INFO: MockWebServer[56224] done accepting connections: Socket closed
Jul 28, 2021 12:27:13 PM okhttp3.mockwebserver.MockWebServer$2 e**cute
INFO: MockWebServer[36523] starting to accept connections
Jul 28, 2021 12:27:13 PM okhttp3.mockwebserver.MockWebServer$3 processOneRequest
INFO: MockWebServer[36523] received request: GET /api/v1/namespaces/entando-k8s-custom-model-cupr44 HTTP/1.1 and responded: HTTP/1.1 404 Client Error
Jul 28, 2021 12:27:13 PM okhttp3.mockwebserver.MockWebServer$3 processOneRequest
INFO: MockWebServer[36523] received request: POST /api/v1/namespaces HTTP/1.1 and responded: HTTP/1.1 200 OK
Jul 28, 2021 12:27:13 PM okhttp3.mockwebserver.MockWebServer$2 acceptConnections
INFO: MockWebServer[36523] done accepting connections: Socket closed
[INFO] Tests run: 3, Failures: 0, Errors: 0, Skipped: 0, Time elapsed: 1.425 s - in org.entando.kubernetes.model.inprocesstest.EntandoPluginMockedTest
[INFO] Running org.entando.kubernetes.model.inprocesstest.ProvidedCapabilityMockedTest
Jul 28, 2021 12:27:13 PM okhttp3.mockwebserver.MockWebServer$2 e**cute
INFO: MockWebServer[36709] starting to accept connections
Jul 28, 2021 12:27:13 PM okhttp3.mockwebserver.MockWebServer$3 processOneRequest
INFO: MockWebServer[36709] received request: GET /api/v1/namespaces/entando-k8s-custom-model-cupr44 HTTP/1.1 and responded: HTTP/1.1 404 Client Error
Jul 28, 2021 12:27:13 PM okhttp3.mockwebserver.MockWebServer$3 processOneRequest
INFO: MockWebServer[36709] received request: POST /api/v1/namespaces HTTP/1.1 and responded: HTTP/1.1 200 OK
Jul 28, 2021 12:27:13 PM okhttp3.mockwebserver.MockWebServer$3 processOneRequest
INFO: MockWebServer[36709] received request: POST /apis/entando.org/v1/namespaces/entando-k8s-custom-model-cupr44/providedcapabilities HTTP/1.1 and responded: HTTP/1.1 200 OK
Jul 28, 2021 12:27:13 PM okhttp3.mockwebserver.MockWebServer$3 processOneRequest
INFO: MockWebServer[36709] received request: GET /apis/entando.org/v1/namespaces/entando-k8s-custom-model-cupr44/providedcapabilities/my-capability HTTP/1.1 and responded: HTTP/1.1 200 OK
Jul 28, 2021 12:27:14 PM okhttp3.mockwebserver.MockWebServer$3 processOneRequest
INFO: MockWebServer[36709] received request: GET /apis/entando.org/v1/namespaces/entando-k8s-custom-model-cupr44/providedcapabilities/my-capability HTTP/1.1 and responded: HTTP/1.1 200 OK
Jul 28, 2021 12:27:14 PM okhttp3.mockwebserver.MockWebServer$3 processOneRequest
INFO: MockWebServer[36709] received request: PATCH /apis/entando.org/v1/namespaces/entando-k8s-custom-model-cupr44/providedcapabilities/my-capability HTTP/1.1 and responded: HTTP/1.1 202 OK
Jul 28, 2021 12:27:14 PM okhttp3.mockwebserver.MockWebServer$2 acceptConnections
INFO: MockWebServer[36709] done accepting connections: Socket closed
Jul 28, 2021 12:27:14 PM okhttp3.mockwebserver.MockWebServer$2 e**cute
INFO: MockWebServer[52621] starting to accept connections
Jul 28, 2021 12:27:14 PM okhttp3.mockwebserver.MockWebServer$3 processOneRequest
INFO: MockWebServer[52621] received request: GET /api/v1/namespaces/entando-k8s-custom-model-cupr44 HTTP/1.1 and responded: HTTP/1.1 404 Client Error
Jul 28, 2021 12:27:14 PM okhttp3.mockwebserver.MockWebServer$3 processOneRequest
INFO: MockWebServer[52621] received request: POST /api/v1/namespaces HTTP/1.1 and responded: HTTP/1.1 200 OK
Jul 28, 2021 12:27:14 PM okhttp3.mockwebserver.MockWebServer$3 processOneRequest
INFO: MockWebServer[52621] received request: POST /apis/entando.org/v1/namespaces/entando-k8s-custom-model-cupr44/providedcapabilities HTTP/1.1 and responded: HTTP/1.1 200 OK
Jul 28, 2021 12:27:14 PM okhttp3.mockwebserver.MockWebServer$3 processOneRequest
INFO: MockWebServer[52621] received request: GET /apis/entando.org/v1/namespaces/entando-k8s-custom-model-cupr44/providedcapabilities/my-capability HTTP/1.1 and responded: HTTP/1.1 200 OK
Jul 28, 2021 12:27:14 PM okhttp3.mockwebserver.MockWebServer$2 acceptConnections
INFO: MockWebServer[52621] done accepting connections: Socket closed
[INFO] Tests run: 2, Failures: 0, Errors: 0, Skipped: 0, Time elapsed: 0.493 s - in org.entando.kubernetes.model.inprocesstest.ProvidedCapabilityMockedTest
[INFO] Running org.entando.kubernetes.model.inprocesstest.EntandoKeycloakServerMockedTest
Jul 28, 2021 12:27:14 PM okhttp3.mockwebserver.MockWebServer$2 e**cute
INFO: MockWebServer[34786] starting to accept connections
Jul 28, 2021 12:27:14 PM okhttp3.mockwebserver.MockWebServer$3 processOneRequest
INFO: MockWebServer[34786] received request: GET /api/v1/namespaces/entando-k8s-custom-model-cupr44 HTTP/1.1 and responded: HTTP/1.1 404 Client Error
Jul 28, 2021 12:27:14 PM okhttp3.mockwebserver.MockWebServer$3 processOneRequest
INFO: MockWebServer[34786] received request: POST /api/v1/namespaces HTTP/1.1 and responded: HTTP/1.1 200 OK
Jul 28, 2021 12:27:14 PM okhttp3.mockwebserver.MockWebServer$3 processOneRequest
INFO: MockWebServer[34786] received request: POST /apis/entando.org/v1/namespaces/entando-k8s-custom-model-cupr44/entandokeycloakservers HTTP/1.1 and responded: HTTP/1.1 200 OK
Jul 28, 2021 12:27:14 PM okhttp3.mockwebserver.MockWebServer$3 processOneRequest
INFO: MockWebServer[34786] received request: GET /apis/entando.org/v1/namespaces/entando-k8s-custom-model-cupr44/entandokeycloakservers/my-keycloak HTTP/1.1 and responded: HTTP/1.1 200 OK
Jul 28, 2021 12:27:14 PM okhttp3.mockwebserver.MockWebServer$2 acceptConnections
INFO: MockWebServer[34786] done accepting connections: Socket closed
Jul 28, 2021 12:27:14 PM okhttp3.mockwebserver.MockWebServer$2 e**cute
INFO: MockWebServer[55068] starting to accept connections
Jul 28, 2021 12:27:14 PM okhttp3.mockwebserver.MockWebServer$3 processOneRequest
INFO: MockWebServer[55068] received request: GET /api/v1/namespaces/entando-k8s-custom-model-cupr44 HTTP/1.1 and responded: HTTP/1.1 404 Client Error
Jul 28, 2021 12:27:14 PM okhttp3.mockwebserver.MockWebServer$3 processOneRequest
INFO: MockWebServer[55068] received request: POST /api/v1/namespaces HTTP/1.1 and responded: HTTP/1.1 200 OK
Jul 28, 2021 12:27:14 PM okhttp3.mockwebserver.MockWebServer$3 processOneRequest
INFO: MockWebServer[55068] received request: POST /apis/entando.org/v1/namespaces/entando-k8s-custom-model-cupr44/entandokeycloakservers HTTP/1.1 and responded: HTTP/1.1 200 OK
Jul 28, 2021 12:27:14 PM okhttp3.mockwebserver.MockWebServer$3 processOneRequest
INFO: MockWebServer[55068] received request: GET /apis/entando.org/v1/namespaces/entando-k8s-custom-model-cupr44/entandokeycloakservers/my-keycloak HTTP/1.1 and responded: HTTP/1.1 200 OK
Jul 28, 2021 12:27:14 PM okhttp3.mockwebserver.MockWebServer$3 processOneRequest
INFO: MockWebServer[55068] received request: PATCH /apis/entando.org/v1/namespaces/entando-k8s-custom-model-cupr44/entandokeycloakservers/my-keycloak HTTP/1.1 and responded: HTTP/1.1 202 OK
Jul 28, 2021 12:27:14 PM okhttp3.mockwebserver.MockWebServer$3 processOneRequest
INFO: MockWebServer[55068] received request: PUT /apis/entando.org/v1/namespaces/entando-k8s-custom-model-cupr44/entandokeycloakservers/my-keycloak/status HTTP/1.1 and responded: HTTP/1.1 200 OK
Jul 28, 2021 12:27:14 PM okhttp3.mockwebserver.MockWebServer$2 acceptConnections
INFO: MockWebServer[55068] done accepting connections: Socket closed
Jul 28, 2021 12:27:14 PM okhttp3.mockwebserver.MockWebServer$2 e**cute
INFO: MockWebServer[35960] starting to accept connections
Jul 28, 2021 12:27:14 PM okhttp3.mockwebserver.MockWebServer$3 processOneRequest
INFO: MockWebServer[35960] received request: GET /api/v1/namespaces/entando-k8s-custom-model-cupr44 HTTP/1.1 and responded: HTTP/1.1 404 Client Error
Jul 28, 2021 12:27:14 PM okhttp3.mockwebserver.MockWebServer$3 processOneRequest
INFO: MockWebServer[35960] received request: POST /api/v1/namespaces HTTP/1.1 and responded: HTTP/1.1 200 OK
Jul 28, 2021 12:27:14 PM okhttp3.mockwebserver.MockWebServer$2 acceptConnections
INFO: MockWebServer[35960] done accepting connections: Socket closed
[INFO] Tests run: 3, Failures: 0, Errors: 0, Skipped: 0, Time elapsed: 0.525 s - in org.entando.kubernetes.model.inprocesstest.EntandoKeycloakServerMockedTest
[INFO] Running org.entando.kubernetes.model.inprocesstest.EntandoDeBundleMockedTest
Jul 28, 2021 12:27:14 PM okhttp3.mockwebserver.MockWebServer$2 e**cute
INFO: MockWebServer[56647] starting to accept connections
Jul 28, 2021 12:27:14 PM okhttp3.mockwebserver.MockWebServer$3 processOneRequest
INFO: MockWebServer[56647] received request: GET /api/v1/namespaces/entando-k8s-custom-model-cupr44 HTTP/1.1 and responded: HTTP/1.1 404 Client Error
Jul 28, 2021 12:27:14 PM okhttp3.mockwebserver.MockWebServer$3 processOneRequest
INFO: MockWebServer[56647] received request: POST /api/v1/namespaces HTTP/1.1 and responded: HTTP/1.1 200 OK
Jul 28, 2021 12:27:14 PM okhttp3.mockwebserver.MockWebServer$3 processOneRequest
INFO: MockWebServer[56647] received request: POST /apis/entando.org/v1/namespaces/entando-k8s-custom-model-cupr44/entandodebundles HTTP/1.1 and responded: HTTP/1.1 200 OK
Jul 28, 2021 12:27:14 PM okhttp3.mockwebserver.MockWebServer$3 processOneRequest
INFO: MockWebServer[56647] received request: GET /apis/entando.org/v1/namespaces/entando-k8s-custom-model-cupr44/entandodebundles/my-bundle HTTP/1.1 and responded: HTTP/1.1 200 OK
Jul 28, 2021 12:27:15 PM okhttp3.mockwebserver.MockWebServer$3 processOneRequest
INFO: MockWebServer[56647] received request: PATCH /apis/entando.org/v1/namespaces/entando-k8s-custom-model-cupr44/entandodebundles/my-bundle HTTP/1.1 and responded: HTTP/1.1 202 OK
Jul 28, 2021 12:27:15 PM okhttp3.mockwebserver.MockWebServer$2 acceptConnections
INFO: MockWebServer[56647] done accepting connections: Socket closed
Jul 28, 2021 12:27:15 PM okhttp3.mockwebserver.MockWebServer$2 e**cute
INFO: MockWebServer[56072] starting to accept connections
Jul 28, 2021 12:27:15 PM okhttp3.mockwebserver.MockWebServer$3 processOneRequest
INFO: MockWebServer[56072] received request: GET /api/v1/namespaces/entando-k8s-custom-model-cupr44 HTTP/1.1 and responded: HTTP/1.1 404 Client Error
Jul 28, 2021 12:27:15 PM okhttp3.mockwebserver.MockWebServer$3 processOneRequest
INFO: MockWebServer[56072] received request: POST /api/v1/namespaces HTTP/1.1 and responded: HTTP/1.1 200 OK
Jul 28, 2021 12:27:15 PM okhttp3.mockwebserver.MockWebServer$3 processOneRequest
INFO: MockWebServer[56072] received request: POST /apis/entando.org/v1/namespaces/entando-k8s-custom-model-cupr44/entandodebundles HTTP/1.1 and responded: HTTP/1.1 200 OK
Jul 28, 2021 12:27:15 PM okhttp3.mockwebserver.MockWebServer$3 processOneRequest
INFO: MockWebServer[56072] received request: GET /apis/entando.org/v1/namespaces/entando-k8s-custom-model-cupr44/entandodebundles/my-bundle HTTP/1.1 and responded: HTTP/1.1 200 OK
Jul 28, 2021 12:27:15 PM okhttp3.mockwebserver.MockWebServer$2 acceptConnections
INFO: MockWebServer[56072] done accepting connections: Socket closed
Jul 28, 2021 12:27:15 PM okhttp3.mockwebserver.MockWebServer$2 e**cute
INFO: MockWebServer[58472] starting to accept connections
Jul 28, 2021 12:27:15 PM okhttp3.mockwebserver.MockWebServer$3 processOneRequest
INFO: MockWebServer[58472] received request: GET /api/v1/namespaces/entando-k8s-custom-model-cupr44 HTTP/1.1 and responded: HTTP/1.1 404 Client Error
Jul 28, 2021 12:27:15 PM okhttp3.mockwebserver.MockWebServer$3 processOneRequest
INFO: MockWebServer[58472] received request: POST /api/v1/namespaces HTTP/1.1 and responded: HTTP/1.1 200 OK
Jul 28, 2021 12:27:15 PM okhttp3.mockwebserver.MockWebServer$2 acceptConnections
INFO: MockWebServer[58472] done accepting connections: Socket closed
[INFO] Tests run: 3, Failures: 0, Errors: 0, Skipped: 0, Time elapsed: 0.441 s - in org.entando.kubernetes.model.inprocesstest.EntandoDeBundleMockedTest
[INFO] Running org.entando.kubernetes.model.inprocesstest.EntandoAppPluginLinkMockedTest
Jul 28, 2021 12:27:15 PM okhttp3.mockwebserver.MockWebServer$2 e**cute
INFO: MockWebServer[57015] starting to accept connections
Jul 28, 2021 12:27:15 PM okhttp3.mockwebserver.MockWebServer$3 processOneRequest
INFO: MockWebServer[57015] received request: GET /api/v1/namespaces/entando-k8s-custom-model-cupr44 HTTP/1.1 and responded: HTTP/1.1 404 Client Error
Jul 28, 2021 12:27:15 PM okhttp3.mockwebserver.MockWebServer$3 processOneRequest
INFO: MockWebServer[57015] received request: POST /api/v1/namespaces HTTP/1.1 and responded: HTTP/1.1 200 OK
Jul 28, 2021 12:27:15 PM okhttp3.mockwebserver.MockWebServer$3 processOneRequest
INFO: MockWebServer[57015] received request: POST /apis/entando.org/v1/namespaces/entando-k8s-custom-model-cupr44/entandoapppluginlinks HTTP/1.1 and responded: HTTP/1.1 200 OK
Jul 28, 2021 12:27:15 PM okhttp3.mockwebserver.MockWebServer$3 processOneRequest
INFO: MockWebServer[57015] received request: GET /apis/entando.org/v1/namespaces/entando-k8s-custom-model-cupr44/entandoapppluginlinks/my-app-plugin-link HTTP/1.1 and responded: HTTP/1.1 200 OK
Jul 28, 2021 12:27:15 PM okhttp3.mockwebserver.MockWebServer$3 processOneRequest
INFO: MockWebServer[57015] received request: GET /apis/entando.org/v1/namespaces/entando-k8s-custom-model-cupr44/entandoapppluginlinks/my-app-plugin-link HTTP/1.1 and responded: HTTP/1.1 200 OK
Jul 28, 2021 12:27:15 PM okhttp3.mockwebserver.MockWebServer$3 processOneRequest
INFO: MockWebServer[57015] received request: PATCH /apis/entando.org/v1/namespaces/entando-k8s-custom-model-cupr44/entandoapppluginlinks/my-app-plugin-link HTTP/1.1 and responded: HTTP/1.1 202 OK
Jul 28, 2021 12:27:15 PM okhttp3.mockwebserver.MockWebServer$2 acceptConnections
INFO: MockWebServer[57015] done accepting connections: Socket closed
Jul 28, 2021 12:27:15 PM okhttp3.mockwebserver.MockWebServer$2 e**cute
INFO: MockWebServer[52988] starting to accept connections
Jul 28, 2021 12:27:15 PM okhttp3.mockwebserver.MockWebServer$3 processOneRequest
INFO: MockWebServer[52988] received request: GET /api/v1/namespaces/entando-k8s-custom-model-cupr44 HTTP/1.1 and responded: HTTP/1.1 404 Client Error
Jul 28, 2021 12:27:15 PM okhttp3.mockwebserver.MockWebServer$3 processOneRequest
INFO: MockWebServer[52988] received request: POST /api/v1/namespaces HTTP/1.1 and responded: HTTP/1.1 200 OK
Jul 28, 2021 12:27:15 PM okhttp3.mockwebserver.MockWebServer$3 processOneRequest
INFO: MockWebServer[52988] received request: POST /apis/entando.org/v1/namespaces/entando-k8s-custom-model-cupr44/entandoapppluginlinks HTTP/1.1 and responded: HTTP/1.1 200 OK
Jul 28, 2021 12:27:15 PM okhttp3.mockwebserver.MockWebServer$3 processOneRequest
INFO: MockWebServer[52988] received request: GET /apis/entando.org/v1/namespaces/entando-k8s-custom-model-cupr44/entandoapppluginlinks/my-app-plugin-link HTTP/1.1 and responded: HTTP/1.1 200 OK
Jul 28, 2021 12:27:15 PM okhttp3.mockwebserver.MockWebServer$2 acceptConnections
INFO: MockWebServer[52988] done accepting connections: Socket closed
Jul 28, 2021 12:27:15 PM okhttp3.mockwebserver.MockWebServer$2 e**cute
INFO: MockWebServer[57781] starting to accept connections
Jul 28, 2021 12:27:15 PM okhttp3.mockwebserver.MockWebServer$3 processOneRequest
INFO: MockWebServer[57781] received request: GET /api/v1/namespaces/entando-k8s-custom-model-cupr44 HTTP/1.1 and responded: HTTP/1.1 404 Client Error
Jul 28, 2021 12:27:15 PM okhttp3.mockwebserver.MockWebServer$3 processOneRequest
INFO: MockWebServer[57781] received request: POST /api/v1/namespaces HTTP/1.1 and responded: HTTP/1.1 200 OK
Jul 28, 2021 12:27:15 PM okhttp3.mockwebserver.MockWebServer$2 acceptConnections
INFO: MockWebServer[57781] done accepting connections: Socket closed
[INFO] Tests run: 3, Failures: 0, Errors: 0, Skipped: 0, Time elapsed: 0.487 s - in org.entando.kubernetes.model.inprocesstest.EntandoAppPluginLinkMockedTest
[INFO] Running org.entando.kubernetes.model.inprocesstest.EntandoCompositeAppMockedTest
Jul 28, 2021 12:27:15 PM okhttp3.mockwebserver.MockWebServer$2 e**cute
INFO: MockWebServer[37142] starting to accept connections
Jul 28, 2021 12:27:15 PM okhttp3.mockwebserver.MockWebServer$3 processOneRequest
INFO: MockWebServer[37142] received request: GET /api/v1/namespaces/entando-k8s-custom-model-cupr44 HTTP/1.1 and responded: HTTP/1.1 404 Client Error
Jul 28, 2021 12:27:15 PM okhttp3.mockwebserver.MockWebServer$3 processOneRequest
INFO: MockWebServer[37142] received request: POST /api/v1/namespaces HTTP/1.1 and responded: HTTP/1.1 200 OK
Jul 28, 2021 12:27:15 PM okhttp3.mockwebserver.MockWebServer$3 processOneRequest
INFO: MockWebServer[37142] received request: POST /apis/entando.org/v1/namespaces/entando-k8s-custom-model-cupr44/entandocompositeapps HTTP/1.1 and responded: HTTP/1.1 200 OK
Jul 28, 2021 12:27:15 PM okhttp3.mockwebserver.MockWebServer$3 processOneRequest
INFO: MockWebServer[37142] received request: GET /apis/entando.org/v1/namespaces/entando-k8s-custom-model-cupr44/entandocompositeapps/my-comnposite-app HTTP/1.1 and responded: HTTP/1.1 200 OK
Jul 28, 2021 12:27:16 PM okhttp3.mockwebserver.MockWebServer$2 acceptConnections
INFO: MockWebServer[37142] done accepting connections: Socket closed
Jul 28, 2021 12:27:16 PM okhttp3.mockwebserver.MockWebServer$2 e**cute
INFO: MockWebServer[40384] starting to accept connections
Jul 28, 2021 12:27:16 PM okhttp3.mockwebserver.MockWebServer$3 processOneRequest
INFO: MockWebServer[40384] received request: GET /api/v1/namespaces/entando-k8s-custom-model-cupr44 HTTP/1.1 and responded: HTTP/1.1 404 Client Error
Jul 28, 2021 12:27:16 PM okhttp3.mockwebserver.MockWebServer$3 processOneRequest
INFO: MockWebServer[40384] received request: POST /api/v1/namespaces HTTP/1.1 and responded: HTTP/1.1 200 OK
Jul 28, 2021 12:27:16 PM okhttp3.mockwebserver.MockWebServer$3 processOneRequest
INFO: MockWebServer[40384] received request: POST /apis/entando.org/v1/namespaces/entando-k8s-custom-model-cupr44/entandocompositeapps HTTP/1.1 and responded: HTTP/1.1 200 OK
Jul 28, 2021 12:27:16 PM okhttp3.mockwebserver.MockWebServer$3 processOneRequest
INFO: MockWebServer[40384] received request: GET /apis/entando.org/v1/namespaces/entando-k8s-custom-model-cupr44/entandocompositeapps/my-comnposite-app HTTP/1.1 and responded: HTTP/1.1 200 OK
Jul 28, 2021 12:27:16 PM okhttp3.mockwebserver.MockWebServer$3 processOneRequest
INFO: MockWebServer[40384] received request: PATCH /apis/entando.org/v1/namespaces/entando-k8s-custom-model-cupr44/entandocompositeapps/my-comnposite-app HTTP/1.1 and responded: HTTP/1.1 202 OK
Jul 28, 2021 12:27:16 PM okhttp3.mockwebserver.MockWebServer$3 processOneRequest
INFO: MockWebServer[40384] received request: PUT /apis/entando.org/v1/namespaces/entando-k8s-custom-model-cupr44/entandocompositeapps/my-comnposite-app/status HTTP/1.1 and responded: HTTP/1.1 200 OK
Jul 28, 2021 12:27:16 PM okhttp3.mockwebserver.MockWebServer$2 acceptConnections
INFO: MockWebServer[40384] done accepting connections: Socket closed
[INFO] Tests run: 2, Failures: 0, Errors: 0, Skipped: 0, Time elapsed: 0.485 s - in org.entando.kubernetes.model.inprocesstest.EntandoCompositeAppMockedTest
[INFO] Running org.entando.kubernetes.model.inprocesstest.EntandoAppMockedTest
Jul 28, 2021 12:27:16 PM okhttp3.mockwebserver.MockWebServer$2 e**cute
INFO: MockWebServer[57965] starting to accept connections
Jul 28, 2021 12:27:16 PM okhttp3.mockwebserver.MockWebServer$3 processOneRequest
INFO: MockWebServer[57965] received request: GET /api/v1/namespaces/entando-k8s-custom-model-cupr44 HTTP/1.1 and responded: HTTP/1.1 404 Client Error
Jul 28, 2021 12:27:16 PM okhttp3.mockwebserver.MockWebServer$3 processOneRequest
INFO: MockWebServer[57965] received request: POST /api/v1/namespaces HTTP/1.1 and responded: HTTP/1.1 200 OK
Jul 28, 2021 12:27:16 PM okhttp3.mockwebserver.MockWebServer$3 processOneRequest
INFO: MockWebServer[57965] received request: POST /apis/entando.org/v1/namespaces/entando-k8s-custom-model-cupr44/entandoapps HTTP/1.1 and responded: HTTP/1.1 200 OK
Jul 28, 2021 12:27:16 PM okhttp3.mockwebserver.MockWebServer$3 processOneRequest
INFO: MockWebServer[57965] received request: GET /apis/entando.org/v1/namespaces/entando-k8s-custom-model-cupr44/entandoapps/my-app HTTP/1.1 and responded: HTTP/1.1 200 OK
Jul 28, 2021 12:27:16 PM okhttp3.mockwebserver.MockWebServer$3 processOneRequest
INFO: MockWebServer[57965] received request: PATCH /apis/entando.org/v1/namespaces/entando-k8s-custom-model-cupr44/entandoapps/my-app HTTP/1.1 and responded: HTTP/1.1 202 OK
Jul 28, 2021 12:27:16 PM okhttp3.mockwebserver.MockWebServer$2 acceptConnections
INFO: MockWebServer[57965] done accepting connections: Socket closed
Jul 28, 2021 12:27:16 PM okhttp3.mockwebserver.MockWebServer$2 e**cute
INFO: MockWebServer[55188] starting to accept connections
Jul 28, 2021 12:27:16 PM okhttp3.mockwebserver.MockWebServer$3 processOneRequest
INFO: MockWebServer[55188] received request: GET /api/v1/namespaces/entando-k8s-custom-model-cupr44 HTTP/1.1 and responded: HTTP/1.1 404 Client Error
Jul 28, 2021 12:27:16 PM okhttp3.mockwebserver.MockWebServer$3 processOneRequest
INFO: MockWebServer[55188] received request: POST /api/v1/namespaces HTTP/1.1 and responded: HTTP/1.1 200 OK
Jul 28, 2021 12:27:16 PM okhttp3.mockwebserver.MockWebServer$3 processOneRequest
INFO: MockWebServer[55188] received request: POST /apis/entando.org/v1/namespaces/entando-k8s-custom-model-cupr44/entandoapps HTTP/1.1 and responded: HTTP/1.1 200 OK
Jul 28, 2021 12:27:16 PM okhttp3.mockwebserver.MockWebServer$3 processOneRequest
INFO: MockWebServer[55188] received request: GET /apis/entando.org/v1/namespaces/entando-k8s-custom-model-cupr44/entandoapps/my-app HTTP/1.1 and responded: HTTP/1.1 200 OK
Jul 28, 2021 12:27:16 PM okhttp3.mockwebserver.MockWebServer$2 acceptConnections
INFO: MockWebServer[55188] done accepting connections: Socket closed
Jul 28, 2021 12:27:16 PM okhttp3.mockwebserver.MockWebServer$2 e**cute
INFO: MockWebServer[41513] starting to accept connections
Jul 28, 2021 12:27:16 PM okhttp3.mockwebserver.MockWebServer$3 processOneRequest
INFO: MockWebServer[41513] received request: GET /api/v1/namespaces/entando-k8s-custom-model-cupr44 HTTP/1.1 and responded: HTTP/1.1 404 Client Error
Jul 28, 2021 12:27:16 PM okhttp3.mockwebserver.MockWebServer$3 processOneRequest
INFO: MockWebServer[41513] received request: POST /api/v1/namespaces HTTP/1.1 and responded: HTTP/1.1 200 OK
Jul 28, 2021 12:27:16 PM okhttp3.mockwebserver.MockWebServer$2 acceptConnections
INFO: MockWebServer[41513] done accepting connections: Socket closed
[INFO] Tests run: 3, Failures: 0, Errors: 0, Skipped: 0, Time elapsed: 0.461 s - in org.entando.kubernetes.model.inprocesstest.EntandoAppMockedTest
[INFO] Running org.entando.kubernetes.model.inprocesstest.EntandoDatabaseServiceMockedTest
Jul 28, 2021 12:27:16 PM okhttp3.mockwebserver.MockWebServer$2 e**cute
INFO: MockWebServer[41891] starting to accept connections
Jul 28, 2021 12:27:16 PM okhttp3.mockwebserver.MockWebServer$3 processOneRequest
INFO: MockWebServer[41891] received request: GET /api/v1/namespaces/entando-k8s-custom-model-cupr44 HTTP/1.1 and responded: HTTP/1.1 404 Client Error
Jul 28, 2021 12:27:16 PM okhttp3.mockwebserver.MockWebServer$3 processOneRequest
INFO: MockWebServer[41891] received request: POST /api/v1/namespaces HTTP/1.1 and responded: HTTP/1.1 200 OK
Jul 28, 2021 12:27:16 PM okhttp3.mockwebserver.MockWebServer$3 processOneRequest
INFO: MockWebServer[41891] received request: POST /apis/entando.org/v1/namespaces/entando-k8s-custom-model-cupr44/entandodatabaseservices HTTP/1.1 and responded: HTTP/1.1 200 OK
Jul 28, 2021 12:27:16 PM okhttp3.mockwebserver.MockWebServer$3 processOneRequest
INFO: MockWebServer[41891] received request: GET /apis/entando.org/v1/namespaces/entando-k8s-custom-model-cupr44/entandodatabaseservices/my-external-database HTTP/1.1 and responded: HTTP/1.1 200 OK
Jul 28, 2021 12:27:16 PM okhttp3.mockwebserver.MockWebServer$2 acceptConnections
INFO: MockWebServer[41891] done accepting connections: Socket closed
Jul 28, 2021 12:27:16 PM okhttp3.mockwebserver.MockWebServer$2 e**cute
INFO: MockWebServer[33886] starting to accept connections
Jul 28, 2021 12:27:16 PM okhttp3.mockwebserver.MockWebServer$3 processOneRequest
INFO: MockWebServer[33886] received request: GET /api/v1/namespaces/entando-k8s-custom-model-cupr44 HTTP/1.1 and responded: HTTP/1.1 404 Client Error
Jul 28, 2021 12:27:16 PM okhttp3.mockwebserver.MockWebServer$3 processOneRequest
INFO: MockWebServer[33886] received request: POST /api/v1/namespaces HTTP/1.1 and responded: HTTP/1.1 200 OK
Jul 28, 2021 12:27:17 PM okhttp3.mockwebserver.MockWebServer$3 processOneRequest
INFO: MockWebServer[33886] received request: POST /apis/entando.org/v1/namespaces/entando-k8s-custom-model-cupr44/entandodatabaseservices HTTP/1.1 and responded: HTTP/1.1 200 OK
Jul 28, 2021 12:27:17 PM okhttp3.mockwebserver.MockWebServer$3 processOneRequest
INFO: MockWebServer[33886] received request: GET /apis/entando.org/v1/namespaces/entando-k8s-custom-model-cupr44/entandodatabaseservices/my-external-database HTTP/1.1 and responded: HTTP/1.1 200 OK
Jul 28, 2021 12:27:17 PM okhttp3.mockwebserver.MockWebServer$3 processOneRequest
INFO: MockWebServer[33886] received request: PATCH /apis/entando.org/v1/namespaces/entando-k8s-custom-model-cupr44/entandodatabaseservices/my-external-database HTTP/1.1 and responded: HTTP/1.1 202 OK
Jul 28, 2021 12:27:17 PM okhttp3.mockwebserver.MockWebServer$2 acceptConnections
INFO: MockWebServer[33886] done accepting connections: Socket closed
Jul 28, 2021 12:27:17 PM okhttp3.mockwebserver.MockWebServer$2 e**cute
INFO: MockWebServer[59393] starting to accept connections
Jul 28, 2021 12:27:17 PM okhttp3.mockwebserver.MockWebServer$3 processOneRequest
INFO: MockWebServer[59393] received request: GET /api/v1/namespaces/entando-k8s-custom-model-cupr44 HTTP/1.1 and responded: HTTP/1.1 404 Client Error
Jul 28, 2021 12:27:17 PM okhttp3.mockwebserver.MockWebServer$3 processOneRequest
INFO: MockWebServer[59393] received request: POST /api/v1/namespaces HTTP/1.1 and responded: HTTP/1.1 200 OK
Jul 28, 2021 12:27:17 PM okhttp3.mockwebserver.MockWebServer$2 acceptConnections
INFO: MockWebServer[59393] done accepting connections: Socket closed
[INFO] Tests run: 3, Failures: 0, Errors: 0, Skipped: 0, Time elapsed: 0.443 s - in org.entando.kubernetes.model.inprocesstest.EntandoDatabaseServiceMockedTest
[INFO] Running org.entando.kubernetes.model.NamedEnumTest
[INFO] Tests run: 1, Failures: 0, Errors: 0, Skipped: 0, Time elapsed: 0.001 s - in org.entando.kubernetes.model.NamedEnumTest
[INFO] Running org.entando.kubernetes.model.interprocesstest.EntandoKeycloakServerIntegratedTest
[INFO] Tests run: 2, Failures: 0, Errors: 0, Skipped: 0, Time elapsed: 1.166 s - in org.entando.kubernetes.model.interprocesstest.EntandoKeycloakServerIntegratedTest
[INFO] Running org.entando.kubernetes.model.interprocesstest.EntandoAppPluginLinkIntegratedTest
[INFO] Tests run: 2, Failures: 0, Errors: 0, Skipped: 0, Time elapsed: 0.765 s - in org.entando.kubernetes.model.interprocesstest.EntandoAppPluginLinkIntegratedTest
[INFO] Running org.entando.kubernetes.model.interprocesstest.EntandoDatabaseServiceIntegratedTest
[INFO] Tests run: 2, Failures: 0, Errors: 0, Skipped: 0, Time elapsed: 0.749 s - in org.entando.kubernetes.model.interprocesstest.EntandoDatabaseServiceIntegratedTest
[INFO] Running org.entando.kubernetes.model.interprocesstest.ProvidedCapabilityIntegratedTest
[INFO] Tests run: 2, Failures: 0, Errors: 0, Skipped: 0, Time elapsed: 0.713 s - in org.entando.kubernetes.model.interprocesstest.ProvidedCapabilityIntegratedTest
[INFO] Running org.entando.kubernetes.model.interprocesstest.EntandoPluginIntegratedTest
[INFO] Tests run: 2, Failures: 0, Errors: 0, Skipped: 0, Time elapsed: 0.812 s - in org.entando.kubernetes.model.interprocesstest.EntandoPluginIntegratedTest
[INFO] Running org.entando.kubernetes.model.interprocesstest.EntandoAppIntegratedTest
[INFO] Tests run: 2, Failures: 0, Errors: 0, Skipped: 0, Time elapsed: 0.683 s - in org.entando.kubernetes.model.interprocesstest.EntandoAppIntegratedTest
[INFO] Running org.entando.kubernetes.model.interprocesstest.EntandoDeBundleIntegratedTest
[INFO] Tests run: 2, Failures: 0, Errors: 0, Skipped: 0, Time elapsed: 0.616 s - in org.entando.kubernetes.model.interprocesstest.EntandoDeBundleIntegratedTest
[INFO] Running org.entando.kubernetes.model.interprocesstest.EntandoCompositeAppIntegratedTest
[INFO] Tests run: 2, Failures: 0, Errors: 0, Skipped: 0, Time elapsed: 0.674 s - in org.entando.kubernetes.model.interprocesstest.EntandoCompositeAppIntegratedTest
[INFO] 
[INFO] Results:
[INFO] 
[INFO] Tests run: 40, Failures: 0, Errors: 0, Skipped: 0
[INFO] 
[INFO] 
[INFO] --- maven-jar-plugin:3.2.0:jar (default-jar) @ entando-k8s-custom-model ---
[INFO] Building jar: /workspace/source/target/entando-k8s-custom-model-0.0.0-SNAPSHOT-PR-44-5.jar
[INFO] 
[INFO] --- maven-jar-plugin:3.2.0:test-jar (build-test-jar) @ entando-k8s-custom-model ---
[INFO] Building jar: /workspace/source/target/entando-k8s-custom-model-0.0.0-SNAPSHOT-PR-44-5-tests.jar
[INFO] 
[INFO] --- maven-javadoc-plugin:3.2.0:jar (attach-javadocs) @ entando-k8s-custom-model ---
[INFO] Skipping javadoc generation
[INFO] 
[INFO] --- maven-surefire-report-plugin:3.0.0-M4:failsafe-report-only (integration-tests) @ entando-k8s-custom-model ---
[INFO] 
[INFO] --- dependency-check-maven:6.1.5:aggregate (default) @ entando-k8s-custom-model ---
[INFO] Checking for updates
[INFO] Download Started for NVD CVE - Modified
[INFO] Download Complete for NVD CVE - Modified  (1230 ms)
[INFO] Processing Started for NVD CVE - Modified
WARNING: An illegal reflective access operation has occurred
WARNING: Illegal reflective access by com.fasterxml.jackson.module.afterburner.util.MyClassLoader (file:/home/jenkins/.mvnrepository/com/fasterxml/jackson/module/jackson-module-afterburner/2.12.2/jackson-module-afterburner-2.12.2.jar) to method java.lang.ClassLoader.findLoadedClass(java.lang.String)
WARNING: Please consider reporting this to the maintainers of com.fasterxml.jackson.module.afterburner.util.MyClassLoader
WARNING: Use --illegal-access=warn to enable warnings of further illegal reflective access operations
WARNING: All illegal access operations will be denied in a future release
[INFO] Processing Complete for NVD CVE - Modified  (28465 ms)
[INFO] Begin database maintenance
[INFO] Cleaned up 17 orphaned NVD records
[INFO] End database maintenance (1141 ms)
[INFO] Check for updates complete (31810 ms)
[INFO] 

Dependency-Check is an open source tool performing a best effort analysis of 3rd party dependencies; false positives and false negatives may exist in the analysis performed by the tool. Use of the tool and the reporting provided constitutes acceptance for use in an AS IS condition, and there are NO warranties, implied or otherwise, with regard to the analysis or its use. Any use of the tool and the reporting provided is at the userâ€™s risk. In no event shall the copyright holder or OWASP be held liable for any damages whatsoever arising out of or in connection with the use of this tool, the analysis performed, or the resulting report.


   About ODC: https://jeremylong.github.io/DependencyCheck/general/internals.html
   False Positives: https://jeremylong.github.io/DependencyCheck/general/suppression.html

ðŸ’– Sponsor: https://github.com/sponsors/jeremylong


[INFO] Analysis Started
[INFO] Finished Archive Analyzer (1 seconds)
[INFO] Finished File Name Analyzer (0 seconds)
[INFO] Finished Jar Analyzer (1 seconds)
[INFO] Finished Dependency Merging Analyzer (0 seconds)
[INFO] Finished Version Filter Analyzer (0 seconds)
[INFO] Finished Hint Analyzer (0 seconds)
[INFO] Created CPE Index (4 seconds)
[INFO] Finished CPE Analyzer (9 seconds)
[INFO] Finished False Positive Analyzer (0 seconds)
[INFO] Finished NVD CVE Analyzer (0 seconds)
[INFO] Finished Sonatype OSS Index Analyzer (1 seconds)
[INFO] Finished Vulnerability Suppression Analyzer (0 seconds)
[INFO] Finished Dependency Bundling Analyzer (0 seconds)
[INFO] Analysis Complete (14 seconds)
[INFO] Writing report to: /workspace/source/target/site/dependency-check-junit.xml
[INFO] Writing report to: /workspace/source/target/site/dependency-check-report.xml
[INFO] Writing report to: /workspace/source/target/site/dependency-check-report.html
[WARNING] 

One or more dependencies were identified with known vulnerabilities in Entando Kubernetes Custom Model:

commons-compress-1.20.jar (pkg:maven/org.apache.commons/commons-compress@1.20, cpe:2.3:a:apache:commons-compress:1.20:*:*:*:*:*:*:*, cpe:2.3:a:apache:commons_compress:1.20:*:*:*:*:*:*:*) : CVE-2021-35515, CVE-2021-35516, CVE-2021-35517, CVE-2021-36090


See the dependency-check report for more details.


[INFO] 
[INFO] --- jacoco-maven-plugin:0.8.7:report (report) @ entando-k8s-custom-model ---
[INFO] Loading e**cution data file /workspace/source/target/jacoco.e**c
[INFO] Analyzed bundle 'Entando Kubernetes Custom Model' with 116 classes
[INFO] 
[INFO] --- maven-surefire-report-plugin:3.0.0-M4:report-only (unit-tests) @ entando-k8s-custom-model ---
[WARNING] Unable to locate Test Source XRef to link to - DISABLED
[INFO] 
[INFO] --- maven-install-plugin:2.4:install (default-install) @ entando-k8s-custom-model ---
[INFO] Installing /workspace/source/target/entando-k8s-custom-model-0.0.0-SNAPSHOT-PR-44-5.jar to /home/jenkins/.mvnrepository/org/entando/entando-k8s-custom-model/0.0.0-SNAPSHOT-PR-44-5/entando-k8s-custom-model-0.0.0-SNAPSHOT-PR-44-5.jar
[INFO] Installing /workspace/source/pom.xml to /home/jenkins/.mvnrepository/org/entando/entando-k8s-custom-model/0.0.0-SNAPSHOT-PR-44-5/entando-k8s-custom-model-0.0.0-SNAPSHOT-PR-44-5.pom
[INFO] Installing /workspace/source/target/entando-k8s-custom-model-0.0.0-SNAPSHOT-PR-44-5-tests.jar to /home/jenkins/.mvnrepository/org/entando/entando-k8s-custom-model/0.0.0-SNAPSHOT-PR-44-5/entando-k8s-custom-model-0.0.0-SNAPSHOT-PR-44-5-tests.jar
[INFO] 
[INFO] --- maven-deploy-plugin:2.8.2:deploy (default-deploy) @ entando-k8s-custom-model ---
[INFO] Using alternate deployment repository local-nexus::default::http://nexus/repository/maven-releases/
[INFO] 
[INFO] ----------------< org.entando:entando-k8s-custom-model >----------------
[INFO] Building Entando Kubernetes Custom Model 0.0.0-SNAPSHOT-PR-44-5
[INFO] --------------------------------[ jar ]---------------------------------
[INFO] 
[INFO] --- sonar-maven-plugin:3.9.0.2155:sonar (default-cli) @ entando-k8s-custom-model ---
[INFO] User cache: /****/.sonar/cache
[INFO] SonarQube version: 8.9.1
[INFO] Default locale: "en_US", source code encoding: "UTF-8"
[INFO] Load global settings
[INFO] Load global settings (done) | time=419ms
[INFO] Server id: 1BD809FA-AWHW8ct9-T_TB3XqouNu
[INFO] User cache: /****/.sonar/cache
[INFO] Load/download plugins
[INFO] Load plugins index
[INFO] Load plugins index (done) | time=81ms
[INFO] Load/download plugins (done) | time=25770ms
[INFO] Loaded core extensions: developer-scanner
[INFO] Load project settings for component key: 'entando-k8s_entando-k8s-custom-model'
[INFO] Load project settings for component key: 'entando-k8s_entando-k8s-custom-model' (done) | time=32ms
[INFO] Process project properties
[INFO] E**cute project builders
[INFO] E**cute project builders (done) | time=2ms
[INFO] Project key: entando-k8s_entando-k8s-custom-model
[INFO] Base dir: /workspace/source
[INFO] Working dir: /workspace/source/target/sonar
[INFO] Load project branches
[INFO] Load project branches (done) | time=28ms
[INFO] Check ALM binding of project 'entando-k8s_entando-k8s-custom-model'
[INFO] Detected project binding: BOUND
[INFO] Check ALM binding of project 'entando-k8s_entando-k8s-custom-model' (done) | time=27ms
[INFO] Load project pull requests
[INFO] Load project pull requests (done) | time=33ms
[INFO] Load branch configuration
[INFO] Load branch configuration (done) | time=1026ms
[INFO] Load quality profiles
[INFO] Load quality profiles (done) | time=92ms
[INFO] Load active rules
[INFO] Load active rules (done) | time=1440ms
[INFO] Organization key: entando-k8s
[INFO] Pull request 44 for merge into master from ENG-2284_capability_based_design
[INFO] SCM collecting changed files in the branch
[WARNING] Exception caught during e**cution of command '[/usr/local/git/bin/git, config, --******, --edit]' in '/usr/local/git/bin', return code '128', error message 'fatal: Invalid path '/usr/local/git/etc': No such file or directory
'
[INFO] SCM collecting changed files in the branch (done) | time=470ms
[INFO] Indexing files...
[INFO] Project configuration:
[INFO] 139 files inde**d
[INFO] 0 files ignored because of scm ignore settings
[INFO] Quality profile for java: Entando Sonar Way Java
[INFO] Quality profile for xml: Sonar way
[INFO] ------------- Run sensors on module Entando Kubernetes Custom Model
[INFO] Load metrics repository
[INFO] Load metrics repository (done) | time=33ms
[INFO] Sensor JavaSensor [java]
[INFO] Configured Java source version (sonar.java.source): 11
[INFO] JavaClasspath initialization
[INFO] JavaClasspath initialization (done) | time=10ms
[INFO] JavaTestClasspath initialization
[INFO] JavaTestClasspath initialization (done) | time=2ms
[INFO] Java "Main" source files AST scan
[INFO] 108 source files to be analyzed
[INFO] 45/108 files analyzed, current file: src/main/java/org/entando/kubernetes/model/common/ServerStatus.java
[INFO] 108/108 source files have been analyzed
[INFO] Java "Main" source files AST scan (done) | time=17907ms
[INFO] Java "Test" source files AST scan
[INFO] 30 source files to be analyzed
[INFO] 30/30 source files have been analyzed
[INFO] Java "Test" source files AST scan (done) | time=3422ms
[INFO] No "Generated" source files to scan.
[INFO] Sensor JavaSensor [java] (done) | time=22102ms
[INFO] Sensor CSS Rules [cssfamily]
[INFO] No CSS, PHP, HTML or VueJS files are found in the project. CSS analysis is skipped.
[INFO] Sensor CSS Rules [cssfamily] (done) | time=2ms
[INFO] Sensor C# Project Type Information [csharp]
[INFO] Sensor C# Project Type Information [csharp] (done) | time=1ms
[INFO] Sensor C# Properties [csharp]
[INFO] Sensor C# Properties [csharp] (done) | time=2ms
[INFO] Sensor Import of Checkstyle issues [java]
[INFO] Importing /workspace/source/target/checkstyle-result.xml
[INFO] Sensor Import of Checkstyle issues [java] (done) | time=80ms
[INFO] Sensor SurefireSensor [java]
[INFO] parsing [/workspace/source/target/surefire-reports]
[INFO] Sensor SurefireSensor [java] (done) | time=90ms
[INFO] Sensor JavaXmlSensor [java]
[INFO] 1 source file to be analyzed
[INFO] 1/1 source file has been analyzed
[INFO] Sensor JavaXmlSensor [java] (done) | time=434ms
[INFO] Sensor HTML [web]
[INFO] Sensor HTML [web] (done) | time=5ms
[INFO] Sensor XML Sensor [xml]
[INFO] 1 source file to be analyzed
[INFO] 1/1 source file has been analyzed
[INFO] Sensor XML Sensor [xml] (done) | time=185ms
[INFO] Sensor VB.NET Project Type Information [vbnet]
[INFO] Sensor VB.NET Project Type Information [vbnet] (done) | time=2ms
[INFO] Sensor VB.NET Properties [vbnet]
[INFO] Sensor VB.NET Properties [vbnet] (done) | time=12ms
[INFO] Sensor JaCoCo XML Report Importer [jacoco]
[INFO] Importing 1 report(s). Turn your logs in debug mode in order to see the exhaustive list.
[INFO] Sensor JaCoCo XML Report Importer [jacoco] (done) | time=76ms
[INFO] Sensor ThymeLeaf template sensor [securityjavafrontend]
[INFO] Sensor ThymeLeaf template sensor [securityjavafrontend] (done) | time=5ms
[INFO] Sensor Serverless configuration file sensor [securityjsfrontend]
[INFO] 0 Serverless function entries were found in the project
[INFO] 0 Serverless function handlers were kept as entrypoints
[INFO] Sensor Serverless configuration file sensor [securityjsfrontend] (done) | time=92ms
[INFO] Sensor JavaSecuritySensor [security]
[INFO] Reading type hierarchy from: /workspace/source/target/sonar/ucfg2/java
[INFO] Read 185 type definitions
[INFO] Reading UCFGs from: /workspace/source/target/sonar/ucfg2/java
[INFO] 12:29:27.24486 Building Runtime Type propagation graph
[INFO] 12:29:27.286088 Running Tarjan on 2434 nodes
[INFO] 12:29:27.29906 Tarjan found 2416 components
[INFO] 12:29:27.317412 Variable type analysis: done
[INFO] 12:29:27.322987 Building Runtime Type propagation graph
[INFO] 12:29:27.342481 Running Tarjan on 2434 nodes
[INFO] 12:29:27.345453 Tarjan found 2416 components
[INFO] 12:29:27.351948 Variable type analysis: done
[INFO] Analyzing 674 ucfgs to detect vulnerabilities.
[INFO] All rules entrypoints : 0 Retained UCFGs : 0
[INFO] rule: S5131, entrypoints: 0
[INFO] rule: S5131 done
[INFO] rule: S3649, entrypoints: 0
[INFO] rule: S3649 done
[INFO] rule: S2076, entrypoints: 0
[INFO] rule: S2076 done
[INFO] rule: S2091, entrypoints: 0
[INFO] rule: S2091 done
[INFO] rule: S2078, entrypoints: 0
[INFO] rule: S2078 done
[INFO] rule: S2631, entrypoints: 0
[INFO] rule: S2631 done
[INFO] rule: S5135, entrypoints: 0
[INFO] rule: S5135 done
[INFO] rule: S2083, entrypoints: 0
[INFO] rule: S2083 done
[INFO] rule: S5167, entrypoints: 0
[INFO] rule: S5167 done
[INFO] rule: S5144, entrypoints: 0
[INFO] rule: S5144 done
[INFO] rule: S5145, entrypoints: 0
[INFO] rule: S5145 done
[INFO] rule: S5146, entrypoints: 0
[INFO] rule: S5146 done
[INFO] rule: S5334, entrypoints: 0
[INFO] rule: S5334 done
[INFO] rule: S6096, entrypoints: 0
[INFO] rule: S6096 done
[INFO] Sensor JavaSecuritySensor [security] (done) | time=3049ms
[INFO] Sensor CSharpSecuritySensor [security]
[INFO] Reading type hierarchy from: /workspace/source/target/ucfg_cs2
[INFO] Read 0 type definitions
[INFO] Reading UCFGs from: /workspace/source/target/ucfg_cs2
[INFO] No UCFGs have been included for analysis.
[INFO] Sensor CSharpSecuritySensor [security] (done) | time=1ms
[INFO] Sensor PhpSecuritySensor [security]
[INFO] Reading type hierarchy from: /workspace/source/target/sonar/ucfg2/php
[INFO] Read 0 type definitions
[INFO] Reading UCFGs from: /workspace/source/target/sonar/ucfg2/php
[INFO] No UCFGs have been included for analysis.
[INFO] Sensor PhpSecuritySensor [security] (done) | time=1ms
[INFO] Sensor PythonSecuritySensor [security]
[INFO] Reading type hierarchy from: /workspace/source/target/sonar/ucfg2/python
[INFO] Read 0 type definitions
[INFO] Reading UCFGs from: /workspace/source/target/sonar/ucfg2/python
[INFO] No UCFGs have been included for analysis.
[INFO] Sensor PythonSecuritySensor [security] (done) | time=2ms
[INFO] Sensor JsSecuritySensor [security]
[INFO] Reading type hierarchy from: /workspace/source/target/sonar/ucfg2/js
[INFO] Read 0 type definitions
[INFO] Reading UCFGs from: /workspace/source/target/sonar/ucfg2/js
[INFO] 12:29:29.753308 Building Runtime Type propagation graph
[INFO] 12:29:29.753828 Running Tarjan on 0 nodes
[INFO] 12:29:29.754219 Tarjan found 0 components
[INFO] 12:29:29.754564 Variable type analysis: done
[INFO] 12:29:29.754889 Building Runtime Type propagation graph
[INFO] 12:29:29.755322 Running Tarjan on 0 nodes
[INFO] 12:29:29.755608 Tarjan found 0 components
[INFO] 12:29:29.755909 Variable type analysis: done
[INFO] Analyzing 1 ucfgs to detect vulnerabilities.
[INFO] rule: S6096, entrypoints: 2
[INFO] Running symbolic analysis
[INFO] rule: S6096 done
[INFO] rule: S5131, entrypoints: 2
[INFO] Running symbolic analysis
[INFO] rule: S5131 done
[INFO] rule: S2076, entrypoints: 2
[INFO] Running symbolic analysis
[INFO] rule: S2076 done
[INFO] rule: S5334, entrypoints: 2
[INFO] Running symbolic analysis
[INFO] rule: S5334 done
[INFO] rule: S2083, entrypoints: 2
[INFO] Running symbolic analysis
[INFO] rule: S2083 done
[INFO] rule: S5883, entrypoints: 2
[INFO] Running symbolic analysis
[INFO] rule: S5883 done
[INFO] rule: S5144, entrypoints: 2
[INFO] Running symbolic analysis
[INFO] rule: S5144 done
[INFO] rule: S5146, entrypoints: 2
[INFO] Running symbolic analysis
[INFO] rule: S5146 done
[INFO] rule: S2631, entrypoints: 2
[INFO] Running symbolic analysis
[INFO] rule: S2631 done
[INFO] rule: S5696, entrypoints: 2
[INFO] Running symbolic analysis
[INFO] rule: S5696 done
[INFO] rule: S3649, entrypoints: 2
[INFO] Running symbolic analysis
[INFO] rule: S3649 done
[INFO] rule: S5147, entrypoints: 2
[INFO] Running symbolic analysis
[INFO] rule: S5147 done
[INFO] rule: S6105, entrypoints: 2
[INFO] Running symbolic analysis
[INFO] rule: S6105 done
[INFO] Sensor JsSecuritySensor [security] (done) | time=1304ms
[INFO] ------------- Run sensors on project
[INFO] Sensor Zero Coverage Sensor
[INFO] Sensor Zero Coverage Sensor (done) | time=1ms
[INFO] Sensor Java CPD Block Inde**r
[INFO] Sensor Java CPD Block Inde**r (done) | time=164ms
[INFO] SCM Publisher SCM provider for this project is: git
[INFO] SCM Publisher 101 source files to be analyzed
[INFO] SCM Publisher 100/101 source files have been analyzed (done) | time=1968ms
[WARNING] Missing blame information for the following files:
[WARNING]   * pom.xml
[WARNING] This may lead to missing/broken features in SonarCloud
[INFO] CPD E**cutor 34 files had no CPD blocks
[INFO] CPD E**cutor Calculating CPD for 74 files
[INFO] CPD E**cutor CPD calculation finished (done) | time=27ms
[INFO] SCM writing changed lines
[WARNING] File '/workspace/source/src/test/java/org/entando/kubernetes/model/inprocesstest/EntandoCompositeAppMockedTest.java' was detected as changed but without having changed lines
[INFO] SCM writing changed lines (done) | time=334ms
[INFO] Analysis report generated in 476ms, dir size=786 KB
[INFO] Analysis report compressed in 260ms, zip size=397 KB
[INFO] Analysis report uploaded in 250ms
[INFO] ANALYSIS SUCCESSFUL, you can find the results at: https://sonarcloud.io/dashboard?id=entando-k8s_entando-k8s-custom-model&pullRequest=44
[INFO] Note that you will be able to access the updated dashboard once the server has processed the submitted analysis report
[INFO] More about the report processing at https://sonarcloud.io/api/ce/task?id=AXrtF3AVJ4m2SlILDt0S
[INFO] Analysis total time: 39.950 s
[INFO] ------------------------------------------------------------------------
[INFO] BUILD SUCCESS
[INFO] ------------------------------------------------------------------------
[INFO] Total time:  02:58 min
[INFO] Finished at: 2021-07-28T12:29:34Z
[INFO] ------------------------------------------------------------------------
Picked up _JAVA_OPTIONS: -XX:+UnlockExperimentalVMOptions -Dsun.zip.disableMemoryMapping=**** -XX:+UseParallelGC -XX:MinHeapFreeRatio=5 -XX:MaxHeapFreeRatio=10 -XX:GCTimeRatio=4 -XX:AdaptiveSizePolicyWeight=90 -Xms10m -Xmx8000m
[INFO] Scanning for projects...
[INFO] 
[INFO] ----------------< org.entando:entando-k8s-custom-model >----------------
[INFO] Building Entando Kubernetes Custom Model 0.0.0-SNAPSHOT-PR-44-5
[INFO] --------------------------------[ jar ]---------------------------------
[INFO] 
[INFO] --- maven-site-plugin:3.9.0:site (default-site) @ entando-k8s-custom-model ---
[INFO] configuring report plugin org.apache.maven.plugins:maven-project-info-reports-plugin:3.0.0
[INFO] 9 reports configured for maven-project-info-reports-plugin:3.0.0: dependency-info, distribution-management, index, ci-management, issue-management, licenses, plugins, scm, summary
[INFO] Rendering site with default locale English (en)
[WARNING] Unable to find a URL to the parent project. The parent menu will NOT be added.
[INFO] Relativizing decoration links with respect to localized project URL: https://central.entando.com
[INFO] Rendering content with org.apache.maven.skins:maven-default-skin:jar:1.3 skin.
[INFO] Generating "Dependency Information" report --- maven-project-info-reports-plugin:3.0.0:dependency-info
[INFO] Generating "About" report         --- maven-project-info-reports-plugin:3.0.0:index
[INFO] Generating "Issue Management" report --- maven-project-info-reports-plugin:3.0.0:issue-management
[INFO] Generating "Licenses" report      --- maven-project-info-reports-plugin:3.0.0:licenses
[INFO] Generating "Plugins" report       --- maven-project-info-reports-plugin:3.0.0:plugins
[INFO] Generating "Source Code Management" report --- maven-project-info-reports-plugin:3.0.0:scm
[INFO] Generating "Summary" report       --- maven-project-info-reports-plugin:3.0.0:summary
[INFO] 
[INFO] --- allure-maven:2.10.0:report (default) @ entando-k8s-custom-model ---
[INFO] Allure installation directory /workspace/source/.allure
[INFO] Try to finding out allure 2.14.0
[INFO] Downloading allure commandline...
[INFO] Proxy is not specified.
[INFO] Downloading allure commandline complete
[INFO] Generate Allure report (report) with version 2.14.0
[INFO] Generate Allure report to /workspace/source/target/site/allure-reports
[ERROR] Directory /workspace/source/target/allure-results not found.
[WARNING] Allure report was skipped because there is no results directories found.
[INFO] ------------------------------------------------------------------------
[INFO] BUILD SUCCESS
[INFO] ------------------------------------------------------------------------
[INFO] Total time:  44.494 s
[INFO] Finished at: 2021-07-28T12:30:20Z
[INFO] ------------------------------------------------------------------------
error: etcdserver: request is too large
OWASP has found dependencies with vulnerabilities for entando-k8s-custom-model-PR-44.
The following checks failed for entando-k8s-custom-model-PR-44:
OWASP Maven Dependency Check
[31m
Pipeline failed on stage 'from-build-pack' : container 'step-build-mvn-verify-pr'. The execution of the pipeline has stopped.[0m
